INSERT INTO `weishangcheng`.`ecs_sessions` (sesskey, expiry, ip, data) VALUES ('31514c92856c983c280c95b187996839', '1460124703', '192.168.1.18', 'a:0:{}')

SELECT code, value FROM `weishangcheng`.`ecs_shop_config` WHERE parent_id > 0

UPDATE `weishangcheng`.`ecs_sessions` SET expiry = '1460124703', ip = '192.168.1.18', userid = '0', adminid = '0', user_name='0', user_rank='0', discount='0', email='0', data = 'a:0:{}' WHERE sesskey = '31514c92856c983c280c95b187996839' LIMIT 1

DELETE FROM `weishangcheng`.`ecs_sessions_data` WHERE expiry < 1460122903

SELECT userid, adminid, user_name, user_rank, discount, email, data, expiry FROM `weishangcheng`.`ecs_sessions` WHERE sesskey = '31514c92856c983c280c95b187996839'

SELECT code, value FROM `weishangcheng`.`ecs_shop_config` WHERE parent_id > 0

DELETE FROM `weishangcheng`.`ecs_sessions` WHERE expiry < 1460122904

SELECT userid, adminid, user_name, user_rank, discount, email, data, expiry FROM `weishangcheng`.`ecs_sessions` WHERE sesskey = '31514c92856c983c280c95b187996839'

SELECT code, value FROM `weishangcheng`.`ecs_shop_config` WHERE parent_id > 0

SELECT `ec_salt` FROM `weishangcheng`.`ecs_admin_user`WHERE user_name = 'admin'

SELECT user_id, user_name, password, last_login, action_list, last_login,suppliers_id,ec_salt FROM `weishangcheng`.`ecs_admin_user` WHERE user_name = 'admin' AND password = 'c9f41843a2652fc42c9f42883f91185c'

UPDATE `weishangcheng`.`ecs_admin_user` SET last_login='1460095908', last_ip='192.168.1.18' WHERE user_id='1'

SELECT DISTINCT session_id FROM `weishangcheng`.`ecs_cart` AS c, `weishangcheng`.`ecs_sessions` AS s WHERE c.session_id = s.sesskey 

DELETE FROM `weishangcheng`.`ecs_cart` WHERE session_id NOT  IN ('') 

UPDATE `weishangcheng`.`ecs_sessions` SET expiry = '1460124708', ip = '192.168.1.18', userid = '0', adminid = '1', user_name='0', user_rank='0', discount='0', email='0', data = 'a:5:{s:10:\"admin_name\";s:5:\"admin\";s:11:\"action_list\";s:3:\"all\";s:10:\"last_check\";s:1:\"0\";s:12:\"suppliers_id\";s:1:\"0\";s:10:\"shop_guide\";b:1;}' WHERE sesskey = '31514c92856c983c280c95b187996839' LIMIT 1

DELETE FROM `weishangcheng`.`ecs_sessions_data` WHERE expiry < 1460122908

DELETE FROM `weishangcheng`.`ecs_sessions` WHERE expiry < 1460122908

SELECT userid, adminid, user_name, user_rank, discount, email, data, expiry FROM `weishangcheng`.`ecs_sessions` WHERE sesskey = '31514c92856c983c280c95b187996839'

SELECT code, value FROM `weishangcheng`.`ecs_shop_config` WHERE parent_id > 0

DELETE FROM `weishangcheng`.`ecs_sessions` WHERE expiry < 1460122908

SELECT userid, adminid, user_name, user_rank, discount, email, data, expiry FROM `weishangcheng`.`ecs_sessions` WHERE sesskey = '31514c92856c983c280c95b187996839'

SELECT code, value FROM `weishangcheng`.`ecs_shop_config` WHERE parent_id > 0

UPDATE `weishangcheng`.`ecs_sessions` SET expiry = '1460124708', ip = '192.168.1.18', userid = '0', adminid = '1', user_name='0', user_rank='0', discount='0', email='0', data = 'a:4:{s:10:\"admin_name\";s:5:\"admin\";s:11:\"action_list\";s:3:\"all\";s:10:\"last_check\";s:1:\"0\";s:12:\"suppliers_id\";s:1:\"0\";}' WHERE sesskey = '31514c92856c983c280c95b187996839' LIMIT 1

DELETE FROM `weishangcheng`.`ecs_sessions` WHERE expiry < 1460122908

SELECT userid, adminid, user_name, user_rank, discount, email, data, expiry FROM `weishangcheng`.`ecs_sessions` WHERE sesskey = '31514c92856c983c280c95b187996839'

SELECT code, value FROM `weishangcheng`.`ecs_shop_config` WHERE parent_id > 0

SELECT region_id, region_name FROM `weishangcheng`.`ecs_region` WHERE region_type = '0' AND parent_id = '0'

SELECT region_id, region_name FROM `weishangcheng`.`ecs_region` WHERE region_type = '1' AND parent_id = '1'

SELECT region_id, region_name FROM `weishangcheng`.`ecs_region` WHERE region_type = '2' AND parent_id = '2'

SELECT value from `weishangcheng`.`ecs_shop_config` WHERE code='shop_name'

SELECT value from `weishangcheng`.`ecs_shop_config` WHERE code='shop_title'

DELETE FROM `weishangcheng`.`ecs_sessions_data` WHERE expiry < 1460122908

DELETE FROM `weishangcheng`.`ecs_sessions` WHERE expiry < 1460122908

SELECT userid, adminid, user_name, user_rank, discount, email, data, expiry FROM `weishangcheng`.`ecs_sessions` WHERE sesskey = '31514c92856c983c280c95b187996839'

SELECT code, value FROM `weishangcheng`.`ecs_shop_config` WHERE parent_id > 0

SHOW TABLES LIKE 'ecs\_%'

DELETE FROM `weishangcheng`.`ecs_sessions_data` WHERE expiry < 1460122912

DELETE FROM `weishangcheng`.`ecs_sessions` WHERE expiry < 1460122912

SELECT userid, adminid, user_name, user_rank, discount, email, data, expiry FROM `weishangcheng`.`ecs_sessions` WHERE sesskey = '31514c92856c983c280c95b187996839'

SELECT code, value FROM `weishangcheng`.`ecs_shop_config` WHERE parent_id > 0

UPDATE `weishangcheng`.`ecs_sessions` SET expiry = '1460124712', ip = '192.168.1.18', userid = '0', adminid = '1', user_name='0', user_rank='0', discount='0', email='0', data = 'a:4:{s:10:\"admin_name\";s:5:\"admin\";s:11:\"action_list\";s:3:\"all\";s:10:\"last_check\";i:1460095912;s:12:\"suppliers_id\";s:1:\"0\";}' WHERE sesskey = '31514c92856c983c280c95b187996839' LIMIT 1

DELETE FROM `weishangcheng`.`ecs_sessions` WHERE expiry < 1460122912

SELECT userid, adminid, user_name, user_rank, discount, email, data, expiry FROM `weishangcheng`.`ecs_sessions` WHERE sesskey = '31514c92856c983c280c95b187996839'

SELECT code, value FROM `weishangcheng`.`ecs_shop_config` WHERE parent_id > 0

DELETE FROM `weishangcheng`.`ecs_template` WHERE 1  AND theme <> 'default' 

SELECT userid, adminid, user_name, user_rank, discount, email, data, expiry FROM `weishangcheng`.`ecs_sessions` WHERE sesskey = '31514c92856c983c280c95b187996839'

SELECT code, value FROM `weishangcheng`.`ecs_shop_config` WHERE parent_id > 0

SELECT bonus_type_id, COUNT(*) AS sent_count FROM `weishangcheng`.`ecs_user_bonus` GROUP BY bonus_type_id

SELECT bonus_type_id, COUNT(*) AS used_count FROM `weishangcheng`.`ecs_user_bonus` WHERE used_time > 0 GROUP BY bonus_type_id

SELECT COUNT(*) FROM `weishangcheng`.`ecs_bonus_type`

SELECT * FROM `weishangcheng`.`ecs_bonus_type` ORDER BY type_id DESC LIMIT 15

DELETE FROM `weishangcheng`.`ecs_sessions_data` WHERE expiry < 1460122940

DELETE FROM `weishangcheng`.`ecs_sessions` WHERE expiry < 1460122940

SELECT userid, adminid, user_name, user_rank, discount, email, data, expiry FROM `weishangcheng`.`ecs_sessions` WHERE sesskey = '31514c92856c983c280c95b187996839'

SELECT code, value FROM `weishangcheng`.`ecs_shop_config` WHERE parent_id > 0

SELECT c.*, COUNT(s.cat_id) AS has_children, COUNT(a.article_id) AS aricle_num  FROM `weishangcheng`.`ecs_article_cat` AS c LEFT JOIN `weishangcheng`.`ecs_article_cat` AS s ON s.parent_id=c.cat_id LEFT JOIN `weishangcheng`.`ecs_article` AS a ON a.cat_id=c.cat_id GROUP BY c.cat_id  ORDER BY parent_id, sort_order ASC

DELETE FROM `weishangcheng`.`ecs_sessions` WHERE expiry < 1460122944

SELECT userid, adminid, user_name, user_rank, discount, email, data, expiry FROM `weishangcheng`.`ecs_sessions` WHERE sesskey = '31514c92856c983c280c95b187996839'

SELECT code, value FROM `weishangcheng`.`ecs_shop_config` WHERE parent_id > 0

SELECT rank_id, rank_name, min_points FROM `weishangcheng`.`ecs_user_rank` ORDER BY min_points ASC 

SELECT COUNT(*) FROM `weishangcheng`.`ecs_users` WHERE 1 

SELECT user_id, user_name,sex,birthday,mobile_phone,email, is_validated, user_money, frozen_money, rank_points, pay_points, reg_time  FROM `weishangcheng`.`ecs_users` WHERE 1  ORDER by user_id DESC LIMIT 0,15

UPDATE `weishangcheng`.`ecs_sessions` SET expiry = '1460124745', ip = '192.168.1.18', userid = '0', adminid = '1', user_name='0', user_rank='0', discount='0', email='0', data = 'a:5:{s:10:\"admin_name\";s:5:\"admin\";s:11:\"action_list\";s:3:\"all\";s:10:\"last_check\";i:1460095912;s:12:\"suppliers_id\";s:1:\"0\";s:9:\"user_list\";a:0:{}}' WHERE sesskey = '31514c92856c983c280c95b187996839' LIMIT 1

SELECT userid, adminid, user_name, user_rank, discount, email, data, expiry FROM `weishangcheng`.`ecs_sessions` WHERE sesskey = '31514c92856c983c280c95b187996839'

SELECT code, value FROM `weishangcheng`.`ecs_shop_config` WHERE parent_id > 0

SELECT agency_id FROM `weishangcheng`.`ecs_admin_user` WHERE user_id = '1'

SELECT COUNT(*) FROM `weishangcheng`.`ecs_order_info` AS o WHERE 1 

SELECT o.order_id, o.order_sn, o.add_time, o.order_status, o.shipping_status, o.order_amount, o.money_paid,o.pay_status, o.consignee, o.address, o.email, o.tel, o.extension_code, o.extension_id, (   o.goods_amount + o.tax + o.shipping_fee + o.insure_fee + o.pay_fee + o.pack_fee + o.card_fee ) AS total_fee, IFNULL(u.user_name, '匿名用户') AS buyer  FROM `weishangcheng`.`ecs_order_info` AS o  LEFT JOIN `weishangcheng`.`ecs_users` AS u ON u.user_id=o.user_id WHERE 1  ORDER BY add_time DESC  LIMIT 0,15

DELETE FROM `weishangcheng`.`ecs_sessions` WHERE expiry < 1460122946

SELECT userid, adminid, user_name, user_rank, discount, email, data, expiry FROM `weishangcheng`.`ecs_sessions` WHERE sesskey = '31514c92856c983c280c95b187996839'

SELECT code, value FROM `weishangcheng`.`ecs_shop_config` WHERE parent_id > 0

SELECT suppliers_id, suppliers_name, suppliers_desc
            FROM `weishangcheng`.`ecs_suppliers`
            WHERE  is_check = 1 

SELECT c.cat_id, c.cat_name, c.measure_unit, c.parent_id, c.is_show, c.show_in_nav, c.grade, c.sort_order, COUNT(s.cat_id) AS has_children FROM `weishangcheng`.`ecs_category` AS c LEFT JOIN `weishangcheng`.`ecs_category` AS s ON s.parent_id=c.cat_id GROUP BY c.cat_id ORDER BY c.parent_id, c.sort_order ASC

SELECT cat_id, COUNT(*) AS goods_num  FROM `weishangcheng`.`ecs_goods` WHERE is_delete = 0 AND is_on_sale = 1  GROUP BY cat_id

SELECT gc.cat_id, COUNT(*) AS goods_num  FROM `weishangcheng`.`ecs_goods_cat` AS gc , `weishangcheng`.`ecs_goods` AS g  WHERE g.goods_id = gc.goods_id AND g.is_delete = 0 AND g.is_on_sale = 1  GROUP BY gc.cat_id

SELECT brand_id, brand_name FROM `weishangcheng`.`ecs_brand` ORDER BY sort_order

SELECT suppliers_id, suppliers_name, suppliers_desc
            FROM `weishangcheng`.`ecs_suppliers`
            WHERE  is_check = 1 

SELECT COUNT(*) FROM `weishangcheng`.`ecs_goods` AS g WHERE is_delete='0'  AND is_real='1'

SELECT goods_id, goods_name, goods_type, goods_sn, shop_price, is_on_sale, is_best, is_new, is_hot, sort_order, goods_number, integral,  (promote_price > 0 AND promote_start_date <= '1460102399' AND promote_end_date >= '1460102399') AS is_promote  FROM `weishangcheng`.`ecs_goods` AS g WHERE is_delete='0'  AND is_real='1' ORDER BY goods_id DESC  LIMIT 0,15

SELECT DISTINCT cat_id
            FROM `weishangcheng`.`ecs_attribute`
            WHERE attr_type = 1

SELECT userid, adminid, user_name, user_rank, discount, email, data, expiry FROM `weishangcheng`.`ecs_sessions` WHERE sesskey = '31514c92856c983c280c95b187996839'

SELECT code, value FROM `weishangcheng`.`ecs_shop_config` WHERE parent_id > 0

SELECT * FROM `weishangcheng`.`ecs_shop_config` WHERE type<>'hidden'   AND (parent_id<>'5' AND id<>'5') ORDER BY parent_id, sort_order, id

SELECT region_id, region_name FROM `weishangcheng`.`ecs_region` WHERE region_type = '0' AND parent_id = '0'

SELECT region_id, region_name FROM `weishangcheng`.`ecs_region` WHERE region_type = '1' AND parent_id = '1'

SELECT region_id, region_name FROM `weishangcheng`.`ecs_region` WHERE region_type = '2' AND parent_id = '2'

DELETE FROM `weishangcheng`.`ecs_sessions_data` WHERE expiry < 1460122947

SELECT userid, adminid, user_name, user_rank, discount, email, data, expiry FROM `weishangcheng`.`ecs_sessions` WHERE sesskey = '31514c92856c983c280c95b187996839'

SELECT code, value FROM `weishangcheng`.`ecs_shop_config` WHERE parent_id > 0

SELECT message_id, sender_id, receiver_id, sent_time, readed, deleted, title, message, user_name FROM `weishangcheng`.`ecs_admin_message` AS a, `weishangcheng`.`ecs_admin_user` AS b WHERE a.sender_id = b.user_id AND a.receiver_id = '1' AND a.readed = 0 AND deleted = 0 ORDER BY a.sent_time DESC

SELECT pay_id, is_cod FROM `weishangcheng`.`ecs_payment` WHERE enabled = 1

SELECT COUNT(*) FROM `weishangcheng`.`ecs_order_info` WHERE 1  AND order_status  IN ('1','5')  AND shipping_status  IN ('1','2')  AND pay_status  IN ('2','1')  

SELECT pay_id FROM `weishangcheng`.`ecs_payment` WHERE is_cod = 1

SELECT COUNT(*) FROM `weishangcheng`.`ecs_order_info` WHERE 1  AND   order_status  IN ('1','5','6')  AND   shipping_status  IN ('0','3','5')  AND ( pay_status  IN ('2','1')  OR pay_id  IN ('') ) 

SELECT pay_id FROM `weishangcheng`.`ecs_payment` WHERE is_cod = 0

SELECT COUNT(*) FROM `weishangcheng`.`ecs_order_info` WHERE 1  AND   order_status  IN ('1','5')  AND   pay_status = '0' AND ( shipping_status  IN ('1','2')  OR pay_id  IN ('') ) 

SELECT COUNT(*) FROM `weishangcheng`.`ecs_order_info` WHERE 1  AND order_status = '0' 

SELECT COUNT(*) FROM `weishangcheng`.`ecs_order_info` WHERE  shipping_status=4

SELECT COUNT(*) AS oCount, IFNULL(SUM(order_amount), 0) AS oAmount FROM `weishangcheng`.`ecs_order_info`

SELECT COUNT(*) FROM `weishangcheng`.`ecs_goods` WHERE is_delete = 0 AND is_alone_sale = 1 AND is_real = 1

SELECT COUNT(*) FROM `weishangcheng`.`ecs_goods` WHERE is_delete = 0 AND is_alone_sale = 1 AND is_real=0 AND extension_code='virtual_card'

SELECT COUNT(*) FROM `weishangcheng`.`ecs_goods` WHERE is_delete = 0 AND is_new = 1 AND is_real = 1

SELECT COUNT(*) FROM `weishangcheng`.`ecs_goods` WHERE is_delete = 0 AND is_new = 1 AND is_real=0 AND extension_code='virtual_card'

SELECT COUNT(*) FROM `weishangcheng`.`ecs_goods` WHERE is_delete = 0 AND is_best = 1 AND is_real = 1

SELECT COUNT(*) FROM `weishangcheng`.`ecs_goods` WHERE is_delete = 0 AND is_best = 1 AND is_real=0 AND extension_code='virtual_card'

SELECT COUNT(*) FROM `weishangcheng`.`ecs_goods` WHERE is_delete = 0 AND is_hot = 1 AND is_real = 1

SELECT COUNT(*) FROM `weishangcheng`.`ecs_goods` WHERE is_delete = 0 AND is_hot = 1 AND is_real=0 AND extension_code='virtual_card'

SELECT COUNT(*) FROM `weishangcheng`.`ecs_goods` WHERE is_delete = 0 AND promote_price>0 AND promote_start_date <= '1460095949' AND promote_end_date >= '1460095949' AND is_real = 1

SELECT COUNT(*) FROM `weishangcheng`.`ecs_goods` WHERE is_delete = 0 AND promote_price>0 AND promote_start_date <= '1460095949' AND promote_end_date >= '1460095949' AND is_real=0 AND extension_code='virtual_card'

SELECT COUNT(*) FROM `weishangcheng`.`ecs_goods` WHERE is_delete = 0 AND goods_number <= warn_number AND is_real = 1

SELECT COUNT(*) FROM `weishangcheng`.`ecs_goods` WHERE is_delete = 0 AND goods_number <= warn_number AND is_real=0 AND extension_code='virtual_card'

SELECT COUNT(*) FROM `weishangcheng`.`ecs_stats` WHERE access_time > 1460016000

SELECT count(*) FROM `weishangcheng`.`ecs_sessions`

SELECT COUNT(f.msg_id) FROM `weishangcheng`.`ecs_feedback` AS f LEFT JOIN `weishangcheng`.`ecs_feedback` AS r ON r.parent_id=f.msg_id WHERE f.parent_id=0 AND ISNULL(r.msg_id) 

SELECT COUNT(*) FROM `weishangcheng`.`ecs_comment` WHERE status = 0 AND parent_id = 0

SELECT COUNT(*) FROM `weishangcheng`.`ecs_booking_goods` WHERE is_dispose = 0

SELECT COUNT(*) FROM `weishangcheng`.`ecs_user_account` WHERE process_type = 1 AND is_paid = 0 

DELETE FROM `weishangcheng`.`ecs_sessions_data` WHERE expiry < 1460122949

SELECT userid, adminid, user_name, user_rank, discount, email, data, expiry FROM `weishangcheng`.`ecs_sessions` WHERE sesskey = '31514c92856c983c280c95b187996839'

SELECT code, value FROM `weishangcheng`.`ecs_shop_config` WHERE parent_id > 0

SELECT userid, adminid, user_name, user_rank, discount, email, data, expiry FROM `weishangcheng`.`ecs_sessions` WHERE sesskey = '31514c92856c983c280c95b187996839'

SELECT code, value FROM `weishangcheng`.`ecs_shop_config` WHERE parent_id > 0

SELECT COUNT(*) AS oCount, IFNULL(SUM(order_amount), 0) AS oAmount FROM `weishangcheng`.`ecs_order_info`

SELECT COUNT(*) FROM `weishangcheng`.`ecs_goods` WHERE is_delete = 0 AND is_alone_sale = 1 AND is_real = 1

SELECT COUNT(*) FROM `weishangcheng`.`ecs_users`

SELECT value FROM `weishangcheng`.`ecs_shop_config` WHERE code = 'template'

SELECT value FROM `weishangcheng`.`ecs_shop_config` WHERE code = 'stylename'

SELECT userid, adminid, user_name, user_rank, discount, email, data, expiry FROM `weishangcheng`.`ecs_sessions` WHERE sesskey = '31514c92856c983c280c95b187996839'

SELECT code, value FROM `weishangcheng`.`ecs_shop_config` WHERE parent_id > 0

SELECT bonus_type_id, COUNT(*) AS sent_count FROM `weishangcheng`.`ecs_user_bonus` GROUP BY bonus_type_id

SELECT bonus_type_id, COUNT(*) AS used_count FROM `weishangcheng`.`ecs_user_bonus` WHERE used_time > 0 GROUP BY bonus_type_id

SELECT COUNT(*) FROM `weishangcheng`.`ecs_bonus_type`

SELECT * FROM `weishangcheng`.`ecs_bonus_type` ORDER BY type_id DESC LIMIT 15

DELETE FROM `weishangcheng`.`ecs_sessions` WHERE expiry < 1460122950

SELECT userid, adminid, user_name, user_rank, discount, email, data, expiry FROM `weishangcheng`.`ecs_sessions` WHERE sesskey = '31514c92856c983c280c95b187996839'

SELECT code, value FROM `weishangcheng`.`ecs_shop_config` WHERE parent_id > 0

SELECT COUNT(*) FROM `weishangcheng`.`ecs_goods_activity` WHERE act_type = '1' 

SELECT * FROM `weishangcheng`.`ecs_goods_activity` WHERE act_type = '1'   ORDER BY act_id DESC  LIMIT 0, 15

SELECT userid, adminid, user_name, user_rank, discount, email, data, expiry FROM `weishangcheng`.`ecs_sessions` WHERE sesskey = '31514c92856c983c280c95b187996839'

SELECT code, value FROM `weishangcheng`.`ecs_shop_config` WHERE parent_id > 0

SELECT COUNT(*) FROM `weishangcheng`.`ecs_favourable_activity` WHERE 1 

SELECT * FROM `weishangcheng`.`ecs_favourable_activity` WHERE 1   ORDER BY act_id DESC  LIMIT 0, 15

DELETE FROM `weishangcheng`.`ecs_sessions` WHERE expiry < 1460122952

DELETE FROM `weishangcheng`.`ecs_sessions` WHERE expiry < 1460122952

SELECT userid, adminid, user_name, user_rank, discount, email, data, expiry FROM `weishangcheng`.`ecs_sessions` WHERE sesskey = '31514c92856c983c280c95b187996839'

SELECT code, value FROM `weishangcheng`.`ecs_shop_config` WHERE parent_id > 0

SELECT COUNT(*) FROM `weishangcheng`.`ecs_exchange_goods` AS eg LEFT JOIN `weishangcheng`.`ecs_goods` AS g ON g.goods_id = eg.goods_id WHERE 1 

SELECT eg.* , g.goods_name FROM `weishangcheng`.`ecs_exchange_goods` AS eg LEFT JOIN `weishangcheng`.`ecs_goods` AS g ON g.goods_id = eg.goods_id WHERE 1  ORDER by eg.goods_id DESC LIMIT 15

DELETE FROM `weishangcheng`.`ecs_sessions_data` WHERE expiry < 1460122952

DELETE FROM `weishangcheng`.`ecs_sessions` WHERE expiry < 1460122952

SELECT userid, adminid, user_name, user_rank, discount, email, data, expiry FROM `weishangcheng`.`ecs_sessions` WHERE sesskey = '31514c92856c983c280c95b187996839'

SELECT code, value FROM `weishangcheng`.`ecs_shop_config` WHERE parent_id > 0

SHOW TABLES LIKE 'ecs\_%'

SELECT userid, adminid, user_name, user_rank, discount, email, data, expiry FROM `weishangcheng`.`ecs_sessions` WHERE sesskey = '31514c92856c983c280c95b187996839'

SELECT code, value FROM `weishangcheng`.`ecs_shop_config` WHERE parent_id > 0

DELETE FROM `weishangcheng`.`ecs_template` WHERE 1  AND theme <> 'default' 

DELETE FROM `weishangcheng`.`ecs_sessions` WHERE expiry < 1460122954

INSERT INTO `weishangcheng`.`ecs_sessions` (sesskey, expiry, ip, data) VALUES ('ca3bbef677f18610c87e2e80b166d3a6', '1460127110', '192.168.1.18', 'a:0:{}')

SELECT code, value FROM `weishangcheng`.`ecs_shop_config` WHERE parent_id > 0

UPDATE `weishangcheng`.`ecs_sessions` SET expiry = '1460127110', ip = '192.168.1.18', userid = '0', adminid = '0', user_name='0', user_rank='0', discount='0', email='0', data = 'a:0:{}' WHERE sesskey = 'ca3bbef677f18610c87e2e80b166d3a6' LIMIT 1

DELETE FROM `weishangcheng`.`ecs_sessions` WHERE expiry < 1460125310

SELECT userid, adminid, user_name, user_rank, discount, email, data, expiry FROM `weishangcheng`.`ecs_sessions` WHERE sesskey = 'ca3bbef677f18610c87e2e80b166d3a6'

SELECT code, value FROM `weishangcheng`.`ecs_shop_config` WHERE parent_id > 0

DELETE FROM `weishangcheng`.`ecs_sessions` WHERE expiry < 1460125310

SELECT userid, adminid, user_name, user_rank, discount, email, data, expiry FROM `weishangcheng`.`ecs_sessions` WHERE sesskey = 'ca3bbef677f18610c87e2e80b166d3a6'

SELECT code, value FROM `weishangcheng`.`ecs_shop_config` WHERE parent_id > 0

SELECT `ec_salt` FROM `weishangcheng`.`ecs_admin_user`WHERE user_name = 'admin'

SELECT user_id, user_name, password, last_login, action_list, last_login,suppliers_id,ec_salt FROM `weishangcheng`.`ecs_admin_user` WHERE user_name = 'admin' AND password = 'ce9155ff0f99fa8f54431473da0904bd'

DELETE FROM `weishangcheng`.`ecs_sessions_data` WHERE expiry < 1460125314

DELETE FROM `weishangcheng`.`ecs_sessions` WHERE expiry < 1460125314

SELECT userid, adminid, user_name, user_rank, discount, email, data, expiry FROM `weishangcheng`.`ecs_sessions` WHERE sesskey = 'ca3bbef677f18610c87e2e80b166d3a6'

SELECT code, value FROM `weishangcheng`.`ecs_shop_config` WHERE parent_id > 0

SELECT `ec_salt` FROM `weishangcheng`.`ecs_admin_user`WHERE user_name = 'admin'

SELECT user_id, user_name, password, last_login, action_list, last_login,suppliers_id,ec_salt FROM `weishangcheng`.`ecs_admin_user` WHERE user_name = 'admin' AND password = 'c9f41843a2652fc42c9f42883f91185c'

UPDATE `weishangcheng`.`ecs_admin_user` SET last_login='1460098318', last_ip='192.168.1.18' WHERE user_id='1'

SELECT DISTINCT session_id FROM `weishangcheng`.`ecs_cart` AS c, `weishangcheng`.`ecs_sessions` AS s WHERE c.session_id = s.sesskey 

DELETE FROM `weishangcheng`.`ecs_cart` WHERE session_id NOT  IN ('') 

UPDATE `weishangcheng`.`ecs_sessions` SET expiry = '1460127118', ip = '192.168.1.18', userid = '0', adminid = '1', user_name='0', user_rank='0', discount='0', email='0', data = 'a:4:{s:10:\"admin_name\";s:5:\"admin\";s:11:\"action_list\";s:3:\"all\";s:10:\"last_check\";s:10:\"1460095908\";s:12:\"suppliers_id\";s:1:\"0\";}' WHERE sesskey = 'ca3bbef677f18610c87e2e80b166d3a6' LIMIT 1

DELETE FROM `weishangcheng`.`ecs_sessions_data` WHERE expiry < 1460125318

DELETE FROM `weishangcheng`.`ecs_sessions` WHERE expiry < 1460125318

SELECT userid, adminid, user_name, user_rank, discount, email, data, expiry FROM `weishangcheng`.`ecs_sessions` WHERE sesskey = 'ca3bbef677f18610c87e2e80b166d3a6'

SELECT code, value FROM `weishangcheng`.`ecs_shop_config` WHERE parent_id > 0

DELETE FROM `weishangcheng`.`ecs_sessions_data` WHERE expiry < 1460125318

DELETE FROM `weishangcheng`.`ecs_sessions` WHERE expiry < 1460125318

SELECT userid, adminid, user_name, user_rank, discount, email, data, expiry FROM `weishangcheng`.`ecs_sessions` WHERE sesskey = 'ca3bbef677f18610c87e2e80b166d3a6'

SELECT code, value FROM `weishangcheng`.`ecs_shop_config` WHERE parent_id > 0

DELETE FROM `weishangcheng`.`ecs_template` WHERE 1  AND theme <> 'default' 

DELETE FROM `weishangcheng`.`ecs_sessions_data` WHERE expiry < 1460125322

DELETE FROM `weishangcheng`.`ecs_sessions` WHERE expiry < 1460125322

SELECT userid, adminid, user_name, user_rank, discount, email, data, expiry FROM `weishangcheng`.`ecs_sessions` WHERE sesskey = 'ca3bbef677f18610c87e2e80b166d3a6'

SELECT code, value FROM `weishangcheng`.`ecs_shop_config` WHERE parent_id > 0

SELECT COUNT(*) FROM `weishangcheng`.`ecs_order_info` WHERE add_time >= '1460095908'

SELECT COUNT(*) FROM `weishangcheng`.`ecs_order_info` WHERE pay_time >= 1460095908

UPDATE `weishangcheng`.`ecs_sessions` SET expiry = '1460127122', ip = '192.168.1.18', userid = '0', adminid = '1', user_name='0', user_rank='0', discount='0', email='0', data = 'a:4:{s:10:\"admin_name\";s:5:\"admin\";s:11:\"action_list\";s:3:\"all\";s:10:\"last_check\";i:1460098322;s:12:\"suppliers_id\";s:1:\"0\";}' WHERE sesskey = 'ca3bbef677f18610c87e2e80b166d3a6' LIMIT 1

DELETE FROM `weishangcheng`.`ecs_sessions` WHERE expiry < 1460125322

SELECT userid, adminid, user_name, user_rank, discount, email, data, expiry FROM `weishangcheng`.`ecs_sessions` WHERE sesskey = 'ca3bbef677f18610c87e2e80b166d3a6'

SELECT code, value FROM `weishangcheng`.`ecs_shop_config` WHERE parent_id > 0

DELETE FROM `weishangcheng`.`ecs_sessions` WHERE expiry < 1460125324

SELECT userid, adminid, user_name, user_rank, discount, email, data, expiry FROM `weishangcheng`.`ecs_sessions` WHERE sesskey = 'ca3bbef677f18610c87e2e80b166d3a6'

SELECT code, value FROM `weishangcheng`.`ecs_shop_config` WHERE parent_id > 0

SELECT code FROM `weishangcheng`.`ecs_plugins`

SELECT template_id, template_code FROM `weishangcheng`.`ecs_mail_templates` WHERE  type = 'template'

SELECT template_subject, template_content, is_html FROM `weishangcheng`.`ecs_mail_templates` WHERE template_id='1'

DELETE FROM `weishangcheng`.`ecs_sessions_data` WHERE expiry < 1460125325

SELECT userid, adminid, user_name, user_rank, discount, email, data, expiry FROM `weishangcheng`.`ecs_sessions` WHERE sesskey = 'ca3bbef677f18610c87e2e80b166d3a6'

SELECT code, value FROM `weishangcheng`.`ecs_shop_config` WHERE parent_id > 0

DELETE FROM `weishangcheng`.`ecs_template` WHERE 1  AND theme <> 'default' 

DELETE FROM `weishangcheng`.`ecs_sessions` WHERE expiry < 1460125326

SELECT userid, adminid, user_name, user_rank, discount, email, data, expiry FROM `weishangcheng`.`ecs_sessions` WHERE sesskey = 'ca3bbef677f18610c87e2e80b166d3a6'

SELECT code, value FROM `weishangcheng`.`ecs_shop_config` WHERE parent_id > 0

INSERT INTO `weishangcheng`.`ecs_sessions` (sesskey, expiry, ip, data) VALUES ('730e436231e27b2adff19539e6d23c27', '1460127313', '192.168.1.18', 'a:0:{}')

SELECT code, value FROM `weishangcheng`.`ecs_shop_config` WHERE parent_id > 0

UPDATE `weishangcheng`.`ecs_sessions` SET expiry = '1460127313', ip = '192.168.1.18', userid = '0', adminid = '0', user_name='0', user_rank='0', discount='0', email='0', data = 'a:1:{s:10:\"last_check\";i:1460098513;}' WHERE sesskey = '730e436231e27b2adff19539e6d23c27' LIMIT 1

INSERT INTO `weishangcheng`.`ecs_sessions` (sesskey, expiry, ip, data) VALUES ('d99e2447b1df1289b0a49158778e7e0a', '1460127493', '192.168.1.18', 'a:0:{}')

SELECT code, value FROM `weishangcheng`.`ecs_shop_config` WHERE parent_id > 0

UPDATE `weishangcheng`.`ecs_sessions` SET expiry = '1460127493', ip = '192.168.1.18', userid = '0', adminid = '0', user_name='0', user_rank='0', discount='0', email='0', data = 'a:1:{s:10:\"last_check\";i:1460098693;}' WHERE sesskey = 'd99e2447b1df1289b0a49158778e7e0a' LIMIT 1

INSERT INTO `weishangcheng`.`ecs_sessions` (sesskey, expiry, ip, data) VALUES ('8aa09788bc13e568bbec4782ca6ec14c', '1460127674', '192.168.1.18', 'a:0:{}')

SELECT code, value FROM `weishangcheng`.`ecs_shop_config` WHERE parent_id > 0

UPDATE `weishangcheng`.`ecs_sessions` SET expiry = '1460127674', ip = '192.168.1.18', userid = '0', adminid = '0', user_name='0', user_rank='0', discount='0', email='0', data = 'a:1:{s:10:\"last_check\";i:1460098874;}' WHERE sesskey = '8aa09788bc13e568bbec4782ca6ec14c' LIMIT 1

DELETE FROM `weishangcheng`.`ecs_sessions_data` WHERE expiry < 1460125874

DELETE FROM `weishangcheng`.`ecs_sessions` WHERE expiry < 1460125874

INSERT INTO `weishangcheng`.`ecs_sessions` (sesskey, expiry, ip, data) VALUES ('21893a2741b53bc028f99dc938da28c7', '1460127855', '192.168.1.18', 'a:0:{}')

SELECT code, value FROM `weishangcheng`.`ecs_shop_config` WHERE parent_id > 0

UPDATE `weishangcheng`.`ecs_sessions` SET expiry = '1460127855', ip = '192.168.1.18', userid = '0', adminid = '0', user_name='0', user_rank='0', discount='0', email='0', data = 'a:1:{s:10:\"last_check\";i:1460099055;}' WHERE sesskey = '21893a2741b53bc028f99dc938da28c7' LIMIT 1

INSERT INTO `weishangcheng`.`ecs_sessions` (sesskey, expiry, ip, data) VALUES ('8bed72df4deae16063f69f10ad5de0c2', '1460128035', '192.168.1.18', 'a:0:{}')

SELECT code, value FROM `weishangcheng`.`ecs_shop_config` WHERE parent_id > 0

UPDATE `weishangcheng`.`ecs_sessions` SET expiry = '1460128035', ip = '192.168.1.18', userid = '0', adminid = '0', user_name='0', user_rank='0', discount='0', email='0', data = 'a:1:{s:10:\"last_check\";i:1460099235;}' WHERE sesskey = '8bed72df4deae16063f69f10ad5de0c2' LIMIT 1

DELETE FROM `weishangcheng`.`ecs_sessions_data` WHERE expiry < 1460126235

INSERT INTO `weishangcheng`.`ecs_sessions` (sesskey, expiry, ip, data) VALUES ('7e6fb14b0dae1aa124ad43fe92950580', '1460128215', '192.168.1.18', 'a:0:{}')

SELECT code, value FROM `weishangcheng`.`ecs_shop_config` WHERE parent_id > 0

UPDATE `weishangcheng`.`ecs_sessions` SET expiry = '1460128215', ip = '192.168.1.18', userid = '0', adminid = '0', user_name='0', user_rank='0', discount='0', email='0', data = 'a:1:{s:10:\"last_check\";i:1460099415;}' WHERE sesskey = '7e6fb14b0dae1aa124ad43fe92950580' LIMIT 1

INSERT INTO `weishangcheng`.`ecs_sessions` (sesskey, expiry, ip, data) VALUES ('18b3b1c33a55601419a84d2e43399e17', '1460128395', '192.168.1.18', 'a:0:{}')

SELECT code, value FROM `weishangcheng`.`ecs_shop_config` WHERE parent_id > 0

UPDATE `weishangcheng`.`ecs_sessions` SET expiry = '1460128395', ip = '192.168.1.18', userid = '0', adminid = '0', user_name='0', user_rank='0', discount='0', email='0', data = 'a:1:{s:10:\"last_check\";i:1460099595;}' WHERE sesskey = '18b3b1c33a55601419a84d2e43399e17' LIMIT 1

INSERT INTO `weishangcheng`.`ecs_sessions` (sesskey, expiry, ip, data) VALUES ('ad36c37cbec3ef7a62933027e42ab6cc', '1460128576', '192.168.1.18', 'a:0:{}')

SELECT code, value FROM `weishangcheng`.`ecs_shop_config` WHERE parent_id > 0

UPDATE `weishangcheng`.`ecs_sessions` SET expiry = '1460128576', ip = '192.168.1.18', userid = '0', adminid = '0', user_name='0', user_rank='0', discount='0', email='0', data = 'a:1:{s:10:\"last_check\";i:1460099776;}' WHERE sesskey = 'ad36c37cbec3ef7a62933027e42ab6cc' LIMIT 1

DELETE FROM `weishangcheng`.`ecs_sessions` WHERE expiry < 1460126776

