INSERT INTO `wsc20`.`ecs_sessions` (sesskey, expiry, ip, data) VALUES ('b41fc841e82e4f08c520be29602ad0b1', '1464091836', '192.168.1.18', 'a:0:{}')

SELECT code, value FROM `wsc20`.`ecs_shop_config` WHERE parent_id > 0

UPDATE `wsc20`.`ecs_sessions` SET expiry = '1464091837', ip = '192.168.1.18', userid = '0', adminid = '0', user_name='0', user_rank='0', discount='0', email='0', data = 'a:0:{}' WHERE sesskey = 'b41fc841e82e4f08c520be29602ad0b1' LIMIT 1

SELECT userid, adminid, user_name, user_rank, discount, email, data, expiry FROM `wsc20`.`ecs_sessions` WHERE sesskey = 'b41fc841e82e4f08c520be29602ad0b1'

SELECT code, value FROM `wsc20`.`ecs_shop_config` WHERE parent_id > 0

SELECT userid, adminid, user_name, user_rank, discount, email, data, expiry FROM `wsc20`.`ecs_sessions` WHERE sesskey = 'b41fc841e82e4f08c520be29602ad0b1'

SELECT code, value FROM `wsc20`.`ecs_shop_config` WHERE parent_id > 0

SELECT `ec_salt` FROM `wsc20`.`ecs_admin_user`WHERE user_name = 'admin'

SELECT user_id, user_name, password, last_login, action_list, last_login,suppliers_id,ec_salt FROM `wsc20`.`ecs_admin_user` WHERE user_name = 'admin' AND password = 'c628bc777e64fb252b7806b90242c24e'

SELECT userid, adminid, user_name, user_rank, discount, email, data, expiry FROM `wsc20`.`ecs_sessions` WHERE sesskey = 'b41fc841e82e4f08c520be29602ad0b1'

SELECT code, value FROM `wsc20`.`ecs_shop_config` WHERE parent_id > 0

DELETE FROM `wsc20`.`ecs_sessions_data` WHERE expiry < 1464090046

DELETE FROM `wsc20`.`ecs_sessions` WHERE expiry < 1464090046

SELECT userid, adminid, user_name, user_rank, discount, email, data, expiry FROM `wsc20`.`ecs_sessions` WHERE sesskey = 'b41fc841e82e4f08c520be29602ad0b1'

SELECT code, value FROM `wsc20`.`ecs_shop_config` WHERE parent_id > 0

DELETE FROM `wsc20`.`ecs_sessions` WHERE expiry < 1464090046

SELECT userid, adminid, user_name, user_rank, discount, email, data, expiry FROM `wsc20`.`ecs_sessions` WHERE sesskey = 'b41fc841e82e4f08c520be29602ad0b1'

SELECT code, value FROM `wsc20`.`ecs_shop_config` WHERE parent_id > 0

SELECT `ec_salt` FROM `wsc20`.`ecs_admin_user`WHERE user_name = 'admin'

SELECT user_id, user_name, password, last_login, action_list, last_login,suppliers_id,ec_salt FROM `wsc20`.`ecs_admin_user` WHERE user_name = 'admin' AND password = 'f5665a35948d42fd1df7d6caba55eec3'

UPDATE `wsc20`.`ecs_admin_user` SET last_login='1464063050', last_ip='192.168.1.18' WHERE user_id='1'

SELECT DISTINCT session_id FROM `wsc20`.`ecs_cart` AS c, `wsc20`.`ecs_sessions` AS s WHERE c.session_id = s.sesskey 

DELETE FROM `wsc20`.`ecs_cart` WHERE session_id NOT  IN ('') 

UPDATE `wsc20`.`ecs_sessions` SET expiry = '1464091850', ip = '192.168.1.18', userid = '0', adminid = '1', user_name='0', user_rank='0', discount='0', email='0', data = 'a:4:{s:10:\"admin_name\";s:5:\"admin\";s:11:\"action_list\";s:3:\"all\";s:10:\"last_check\";s:10:\"1463867575\";s:12:\"suppliers_id\";s:1:\"0\";}' WHERE sesskey = 'b41fc841e82e4f08c520be29602ad0b1' LIMIT 1

DELETE FROM `wsc20`.`ecs_sessions` WHERE expiry < 1464090050

SELECT userid, adminid, user_name, user_rank, discount, email, data, expiry FROM `wsc20`.`ecs_sessions` WHERE sesskey = 'b41fc841e82e4f08c520be29602ad0b1'

SELECT code, value FROM `wsc20`.`ecs_shop_config` WHERE parent_id > 0

DELETE FROM `wsc20`.`ecs_sessions` WHERE expiry < 1464090050

SELECT userid, adminid, user_name, user_rank, discount, email, data, expiry FROM `wsc20`.`ecs_sessions` WHERE sesskey = 'b41fc841e82e4f08c520be29602ad0b1'

SELECT code, value FROM `wsc20`.`ecs_shop_config` WHERE parent_id > 0

SELECT message_id, sender_id, receiver_id, sent_time, readed, deleted, title, message, user_name FROM `wsc20`.`ecs_admin_message` AS a, `wsc20`.`ecs_admin_user` AS b WHERE a.sender_id = b.user_id AND a.receiver_id = '1' AND a.readed = 0 AND deleted = 0 ORDER BY a.sent_time DESC

SELECT pay_id, is_cod FROM `wsc20`.`ecs_payment` WHERE enabled = 1

SELECT COUNT(*) FROM `wsc20`.`ecs_order_info` WHERE 1  AND order_status  IN ('1','5')  AND shipping_status  IN ('1','2')  AND pay_status  IN ('2','1')  

SELECT pay_id FROM `wsc20`.`ecs_payment` WHERE is_cod = 1

SELECT COUNT(*) FROM `wsc20`.`ecs_order_info` WHERE 1  AND   order_status  IN ('1','5','6')  AND   shipping_status  IN ('0','3','5')  AND ( pay_status  IN ('2','1')  OR pay_id  IN ('') ) 

SELECT pay_id FROM `wsc20`.`ecs_payment` WHERE is_cod = 0

SELECT COUNT(*) FROM `wsc20`.`ecs_order_info` WHERE 1  AND   order_status  IN ('1','5')  AND   pay_status = '0' AND ( shipping_status  IN ('1','2')  OR pay_id  IN ('') ) 

SELECT COUNT(*) FROM `wsc20`.`ecs_order_info` WHERE 1  AND order_status = '0' 

SELECT COUNT(*) FROM `wsc20`.`ecs_order_info` WHERE  shipping_status=4

SELECT COUNT(*) AS oCount, IFNULL(SUM(order_amount), 0) AS oAmount FROM `wsc20`.`ecs_order_info`

SELECT COUNT(*) FROM `wsc20`.`ecs_goods` WHERE is_delete = 0 AND is_alone_sale = 1 AND is_real = 1

SELECT COUNT(*) FROM `wsc20`.`ecs_goods` WHERE is_delete = 0 AND is_alone_sale = 1 AND is_real=0 AND extension_code='virtual_card'

SELECT COUNT(*) FROM `wsc20`.`ecs_goods` WHERE is_delete = 0 AND is_new = 1 AND is_real = 1

SELECT COUNT(*) FROM `wsc20`.`ecs_goods` WHERE is_delete = 0 AND is_new = 1 AND is_real=0 AND extension_code='virtual_card'

SELECT COUNT(*) FROM `wsc20`.`ecs_goods` WHERE is_delete = 0 AND is_best = 1 AND is_real = 1

SELECT COUNT(*) FROM `wsc20`.`ecs_goods` WHERE is_delete = 0 AND is_best = 1 AND is_real=0 AND extension_code='virtual_card'

SELECT COUNT(*) FROM `wsc20`.`ecs_goods` WHERE is_delete = 0 AND is_hot = 1 AND is_real = 1

SELECT COUNT(*) FROM `wsc20`.`ecs_goods` WHERE is_delete = 0 AND is_hot = 1 AND is_real=0 AND extension_code='virtual_card'

SELECT COUNT(*) FROM `wsc20`.`ecs_goods` WHERE is_delete = 0 AND promote_price>0 AND promote_start_date <= '1464063050' AND promote_end_date >= '1464063050' AND is_real = 1

SELECT COUNT(*) FROM `wsc20`.`ecs_goods` WHERE is_delete = 0 AND promote_price>0 AND promote_start_date <= '1464063050' AND promote_end_date >= '1464063050' AND is_real=0 AND extension_code='virtual_card'

SELECT COUNT(*) FROM `wsc20`.`ecs_goods` WHERE is_delete = 0 AND goods_number <= warn_number AND is_real = 1

SELECT COUNT(*) FROM `wsc20`.`ecs_goods` WHERE is_delete = 0 AND goods_number <= warn_number AND is_real=0 AND extension_code='virtual_card'

SELECT COUNT(*) FROM `wsc20`.`ecs_stats` WHERE access_time > 1463990400

SELECT count(*) FROM `wsc20`.`ecs_sessions`

SELECT COUNT(f.msg_id) FROM `wsc20`.`ecs_feedback` AS f LEFT JOIN `wsc20`.`ecs_feedback` AS r ON r.parent_id=f.msg_id WHERE f.parent_id=0 AND ISNULL(r.msg_id) 

SELECT COUNT(*) FROM `wsc20`.`ecs_comment` WHERE status = 0 AND parent_id = 0

SELECT COUNT(*) FROM `wsc20`.`ecs_booking_goods` WHERE is_dispose = 0

SELECT COUNT(*) FROM `wsc20`.`ecs_user_account` WHERE process_type = 1 AND is_paid = 0 

DELETE FROM `wsc20`.`ecs_sessions` WHERE expiry < 1464090050

SELECT userid, adminid, user_name, user_rank, discount, email, data, expiry FROM `wsc20`.`ecs_sessions` WHERE sesskey = 'b41fc841e82e4f08c520be29602ad0b1'

SELECT code, value FROM `wsc20`.`ecs_shop_config` WHERE parent_id > 0

SELECT COUNT(*) AS oCount, IFNULL(SUM(order_amount), 0) AS oAmount FROM `wsc20`.`ecs_order_info`

SELECT COUNT(*) FROM `wsc20`.`ecs_goods` WHERE is_delete = 0 AND is_alone_sale = 1 AND is_real = 1

SELECT COUNT(*) FROM `wsc20`.`ecs_users`

SELECT value FROM `wsc20`.`ecs_shop_config` WHERE code = 'template'

SELECT value FROM `wsc20`.`ecs_shop_config` WHERE code = 'stylename'

SELECT userid, adminid, user_name, user_rank, discount, email, data, expiry FROM `wsc20`.`ecs_sessions` WHERE sesskey = 'b41fc841e82e4f08c520be29602ad0b1'

SELECT code, value FROM `wsc20`.`ecs_shop_config` WHERE parent_id > 0

SELECT userid, adminid, user_name, user_rank, discount, email, data, expiry FROM `wsc20`.`ecs_sessions` WHERE sesskey = 'b41fc841e82e4f08c520be29602ad0b1'

SELECT code, value FROM `wsc20`.`ecs_shop_config` WHERE parent_id > 0

SELECT COUNT(*) FROM `wsc20`.`ecs_order_info` WHERE add_time >= '1463867575'

SELECT COUNT(*) FROM `wsc20`.`ecs_order_info` WHERE pay_time >= 1463867575

UPDATE `wsc20`.`ecs_sessions` SET expiry = '1464091853', ip = '192.168.1.18', userid = '0', adminid = '1', user_name='0', user_rank='0', discount='0', email='0', data = 'a:4:{s:10:\"admin_name\";s:5:\"admin\";s:11:\"action_list\";s:3:\"all\";s:10:\"last_check\";i:1464063053;s:12:\"suppliers_id\";s:1:\"0\";}' WHERE sesskey = 'b41fc841e82e4f08c520be29602ad0b1' LIMIT 1

DELETE FROM `wsc20`.`ecs_sessions_data` WHERE expiry < 1464090053

DELETE FROM `wsc20`.`ecs_sessions_data` WHERE expiry < 1464090053

SELECT userid, adminid, user_name, user_rank, discount, email, data, expiry FROM `wsc20`.`ecs_sessions` WHERE sesskey = 'b41fc841e82e4f08c520be29602ad0b1'

SELECT code, value FROM `wsc20`.`ecs_shop_config` WHERE parent_id > 0

SELECT COUNT(*) FROM `wsc20`.`ecs_order_info` WHERE add_time >= '1464063053'

SELECT COUNT(*) FROM `wsc20`.`ecs_order_info` WHERE pay_time >= 1464063053

UPDATE `wsc20`.`ecs_sessions` SET expiry = '1464092033', ip = '192.168.1.18', userid = '0', adminid = '1', user_name='0', user_rank='0', discount='0', email='0', data = 'a:4:{s:10:\"admin_name\";s:5:\"admin\";s:11:\"action_list\";s:3:\"all\";s:10:\"last_check\";i:1464063233;s:12:\"suppliers_id\";s:1:\"0\";}' WHERE sesskey = 'b41fc841e82e4f08c520be29602ad0b1' LIMIT 1

DELETE FROM `wsc20`.`ecs_sessions_data` WHERE expiry < 1464090233

SELECT userid, adminid, user_name, user_rank, discount, email, data, expiry FROM `wsc20`.`ecs_sessions` WHERE sesskey = 'b41fc841e82e4f08c520be29602ad0b1'

SELECT code, value FROM `wsc20`.`ecs_shop_config` WHERE parent_id > 0

SELECT COUNT(*) FROM `wsc20`.`ecs_order_info` WHERE add_time >= '1464063233'

SELECT COUNT(*) FROM `wsc20`.`ecs_order_info` WHERE pay_time >= 1464063233

UPDATE `wsc20`.`ecs_sessions` SET expiry = '1464092216', ip = '192.168.1.18', userid = '0', adminid = '1', user_name='0', user_rank='0', discount='0', email='0', data = 'a:4:{s:10:\"admin_name\";s:5:\"admin\";s:11:\"action_list\";s:3:\"all\";s:10:\"last_check\";i:1464063416;s:12:\"suppliers_id\";s:1:\"0\";}' WHERE sesskey = 'b41fc841e82e4f08c520be29602ad0b1' LIMIT 1

DELETE FROM `wsc20`.`ecs_sessions` WHERE expiry < 1464090416

SELECT userid, adminid, user_name, user_rank, discount, email, data, expiry FROM `wsc20`.`ecs_sessions` WHERE sesskey = 'b41fc841e82e4f08c520be29602ad0b1'

SELECT code, value FROM `wsc20`.`ecs_shop_config` WHERE parent_id > 0

SELECT COUNT(*) FROM `wsc20`.`ecs_order_info` WHERE add_time >= '1464063416'

SELECT COUNT(*) FROM `wsc20`.`ecs_order_info` WHERE pay_time >= 1464063416

UPDATE `wsc20`.`ecs_sessions` SET expiry = '1464092399', ip = '192.168.1.18', userid = '0', adminid = '1', user_name='0', user_rank='0', discount='0', email='0', data = 'a:4:{s:10:\"admin_name\";s:5:\"admin\";s:11:\"action_list\";s:3:\"all\";s:10:\"last_check\";i:1464063599;s:12:\"suppliers_id\";s:1:\"0\";}' WHERE sesskey = 'b41fc841e82e4f08c520be29602ad0b1' LIMIT 1

SELECT userid, adminid, user_name, user_rank, discount, email, data, expiry FROM `wsc20`.`ecs_sessions` WHERE sesskey = 'b41fc841e82e4f08c520be29602ad0b1'

SELECT code, value FROM `wsc20`.`ecs_shop_config` WHERE parent_id > 0

SELECT COUNT(*) FROM `wsc20`.`ecs_order_info` WHERE add_time >= '1464063599'

SELECT COUNT(*) FROM `wsc20`.`ecs_order_info` WHERE pay_time >= 1464063599

UPDATE `wsc20`.`ecs_sessions` SET expiry = '1464092582', ip = '192.168.1.18', userid = '0', adminid = '1', user_name='0', user_rank='0', discount='0', email='0', data = 'a:4:{s:10:\"admin_name\";s:5:\"admin\";s:11:\"action_list\";s:3:\"all\";s:10:\"last_check\";i:1464063782;s:12:\"suppliers_id\";s:1:\"0\";}' WHERE sesskey = 'b41fc841e82e4f08c520be29602ad0b1' LIMIT 1

DELETE FROM `wsc20`.`ecs_sessions` WHERE expiry < 1464090782

SELECT userid, adminid, user_name, user_rank, discount, email, data, expiry FROM `wsc20`.`ecs_sessions` WHERE sesskey = 'b41fc841e82e4f08c520be29602ad0b1'

SELECT code, value FROM `wsc20`.`ecs_shop_config` WHERE parent_id > 0

SELECT COUNT(*) FROM `wsc20`.`ecs_order_info` WHERE add_time >= '1464063782'

SELECT COUNT(*) FROM `wsc20`.`ecs_order_info` WHERE pay_time >= 1464063782

UPDATE `wsc20`.`ecs_sessions` SET expiry = '1464092764', ip = '192.168.1.18', userid = '0', adminid = '1', user_name='0', user_rank='0', discount='0', email='0', data = 'a:4:{s:10:\"admin_name\";s:5:\"admin\";s:11:\"action_list\";s:3:\"all\";s:10:\"last_check\";i:1464063964;s:12:\"suppliers_id\";s:1:\"0\";}' WHERE sesskey = 'b41fc841e82e4f08c520be29602ad0b1' LIMIT 1

DELETE FROM `wsc20`.`ecs_sessions_data` WHERE expiry < 1464090964

DELETE FROM `wsc20`.`ecs_sessions` WHERE expiry < 1464090964

SELECT userid, adminid, user_name, user_rank, discount, email, data, expiry FROM `wsc20`.`ecs_sessions` WHERE sesskey = 'b41fc841e82e4f08c520be29602ad0b1'

SELECT code, value FROM `wsc20`.`ecs_shop_config` WHERE parent_id > 0

SELECT COUNT(*) FROM `wsc20`.`ecs_order_info` WHERE add_time >= '1464063964'

SELECT COUNT(*) FROM `wsc20`.`ecs_order_info` WHERE pay_time >= 1464063964

UPDATE `wsc20`.`ecs_sessions` SET expiry = '1464092947', ip = '192.168.1.18', userid = '0', adminid = '1', user_name='0', user_rank='0', discount='0', email='0', data = 'a:4:{s:10:\"admin_name\";s:5:\"admin\";s:11:\"action_list\";s:3:\"all\";s:10:\"last_check\";i:1464064147;s:12:\"suppliers_id\";s:1:\"0\";}' WHERE sesskey = 'b41fc841e82e4f08c520be29602ad0b1' LIMIT 1

SELECT userid, adminid, user_name, user_rank, discount, email, data, expiry FROM `wsc20`.`ecs_sessions` WHERE sesskey = 'b41fc841e82e4f08c520be29602ad0b1'

SELECT code, value FROM `wsc20`.`ecs_shop_config` WHERE parent_id > 0

SELECT COUNT(*) FROM `wsc20`.`ecs_order_info` WHERE add_time >= '1464064147'

SELECT COUNT(*) FROM `wsc20`.`ecs_order_info` WHERE pay_time >= 1464064147

UPDATE `wsc20`.`ecs_sessions` SET expiry = '1464093130', ip = '192.168.1.18', userid = '0', adminid = '1', user_name='0', user_rank='0', discount='0', email='0', data = 'a:4:{s:10:\"admin_name\";s:5:\"admin\";s:11:\"action_list\";s:3:\"all\";s:10:\"last_check\";i:1464064330;s:12:\"suppliers_id\";s:1:\"0\";}' WHERE sesskey = 'b41fc841e82e4f08c520be29602ad0b1' LIMIT 1

DELETE FROM `wsc20`.`ecs_sessions` WHERE expiry < 1464091330

SELECT userid, adminid, user_name, user_rank, discount, email, data, expiry FROM `wsc20`.`ecs_sessions` WHERE sesskey = 'b41fc841e82e4f08c520be29602ad0b1'

SELECT code, value FROM `wsc20`.`ecs_shop_config` WHERE parent_id > 0

SELECT COUNT(*) FROM `wsc20`.`ecs_order_info` WHERE add_time >= '1464064330'

SELECT COUNT(*) FROM `wsc20`.`ecs_order_info` WHERE pay_time >= 1464064330

UPDATE `wsc20`.`ecs_sessions` SET expiry = '1464093313', ip = '192.168.1.18', userid = '0', adminid = '1', user_name='0', user_rank='0', discount='0', email='0', data = 'a:4:{s:10:\"admin_name\";s:5:\"admin\";s:11:\"action_list\";s:3:\"all\";s:10:\"last_check\";i:1464064513;s:12:\"suppliers_id\";s:1:\"0\";}' WHERE sesskey = 'b41fc841e82e4f08c520be29602ad0b1' LIMIT 1

SELECT userid, adminid, user_name, user_rank, discount, email, data, expiry FROM `wsc20`.`ecs_sessions` WHERE sesskey = 'b41fc841e82e4f08c520be29602ad0b1'

SELECT code, value FROM `wsc20`.`ecs_shop_config` WHERE parent_id > 0

SELECT COUNT(*) FROM `wsc20`.`ecs_order_info` WHERE add_time >= '1464064513'

SELECT COUNT(*) FROM `wsc20`.`ecs_order_info` WHERE pay_time >= 1464064513

UPDATE `wsc20`.`ecs_sessions` SET expiry = '1464093495', ip = '192.168.1.18', userid = '0', adminid = '1', user_name='0', user_rank='0', discount='0', email='0', data = 'a:4:{s:10:\"admin_name\";s:5:\"admin\";s:11:\"action_list\";s:3:\"all\";s:10:\"last_check\";i:1464064695;s:12:\"suppliers_id\";s:1:\"0\";}' WHERE sesskey = 'b41fc841e82e4f08c520be29602ad0b1' LIMIT 1

SELECT userid, adminid, user_name, user_rank, discount, email, data, expiry FROM `wsc20`.`ecs_sessions` WHERE sesskey = 'b41fc841e82e4f08c520be29602ad0b1'

SELECT code, value FROM `wsc20`.`ecs_shop_config` WHERE parent_id > 0

SELECT COUNT(*) FROM `wsc20`.`ecs_order_info` WHERE add_time >= '1464064695'

SELECT COUNT(*) FROM `wsc20`.`ecs_order_info` WHERE pay_time >= 1464064695

UPDATE `wsc20`.`ecs_sessions` SET expiry = '1464093678', ip = '192.168.1.18', userid = '0', adminid = '1', user_name='0', user_rank='0', discount='0', email='0', data = 'a:4:{s:10:\"admin_name\";s:5:\"admin\";s:11:\"action_list\";s:3:\"all\";s:10:\"last_check\";i:1464064878;s:12:\"suppliers_id\";s:1:\"0\";}' WHERE sesskey = 'b41fc841e82e4f08c520be29602ad0b1' LIMIT 1

DELETE FROM `wsc20`.`ecs_sessions` WHERE expiry < 1464091878

SELECT userid, adminid, user_name, user_rank, discount, email, data, expiry FROM `wsc20`.`ecs_sessions` WHERE sesskey = 'b41fc841e82e4f08c520be29602ad0b1'

SELECT code, value FROM `wsc20`.`ecs_shop_config` WHERE parent_id > 0

SELECT COUNT(*) FROM `wsc20`.`ecs_order_info` WHERE add_time >= '1464064878'

SELECT COUNT(*) FROM `wsc20`.`ecs_order_info` WHERE pay_time >= 1464064878

UPDATE `wsc20`.`ecs_sessions` SET expiry = '1464093861', ip = '192.168.1.18', userid = '0', adminid = '1', user_name='0', user_rank='0', discount='0', email='0', data = 'a:4:{s:10:\"admin_name\";s:5:\"admin\";s:11:\"action_list\";s:3:\"all\";s:10:\"last_check\";i:1464065061;s:12:\"suppliers_id\";s:1:\"0\";}' WHERE sesskey = 'b41fc841e82e4f08c520be29602ad0b1' LIMIT 1

SELECT userid, adminid, user_name, user_rank, discount, email, data, expiry FROM `wsc20`.`ecs_sessions` WHERE sesskey = 'b41fc841e82e4f08c520be29602ad0b1'

SELECT code, value FROM `wsc20`.`ecs_shop_config` WHERE parent_id > 0

SELECT COUNT(*) FROM `wsc20`.`ecs_order_info` WHERE add_time >= '1464065061'

SELECT COUNT(*) FROM `wsc20`.`ecs_order_info` WHERE pay_time >= 1464065061

UPDATE `wsc20`.`ecs_sessions` SET expiry = '1464094044', ip = '192.168.1.18', userid = '0', adminid = '1', user_name='0', user_rank='0', discount='0', email='0', data = 'a:4:{s:10:\"admin_name\";s:5:\"admin\";s:11:\"action_list\";s:3:\"all\";s:10:\"last_check\";i:1464065244;s:12:\"suppliers_id\";s:1:\"0\";}' WHERE sesskey = 'b41fc841e82e4f08c520be29602ad0b1' LIMIT 1

DELETE FROM `wsc20`.`ecs_sessions` WHERE expiry < 1464092244

SELECT userid, adminid, user_name, user_rank, discount, email, data, expiry FROM `wsc20`.`ecs_sessions` WHERE sesskey = 'b41fc841e82e4f08c520be29602ad0b1'

SELECT code, value FROM `wsc20`.`ecs_shop_config` WHERE parent_id > 0

SELECT COUNT(*) FROM `wsc20`.`ecs_order_info` WHERE add_time >= '1464065244'

SELECT COUNT(*) FROM `wsc20`.`ecs_order_info` WHERE pay_time >= 1464065244

UPDATE `wsc20`.`ecs_sessions` SET expiry = '1464094227', ip = '192.168.1.18', userid = '0', adminid = '1', user_name='0', user_rank='0', discount='0', email='0', data = 'a:4:{s:10:\"admin_name\";s:5:\"admin\";s:11:\"action_list\";s:3:\"all\";s:10:\"last_check\";i:1464065427;s:12:\"suppliers_id\";s:1:\"0\";}' WHERE sesskey = 'b41fc841e82e4f08c520be29602ad0b1' LIMIT 1

SELECT userid, adminid, user_name, user_rank, discount, email, data, expiry FROM `wsc20`.`ecs_sessions` WHERE sesskey = 'b41fc841e82e4f08c520be29602ad0b1'

SELECT code, value FROM `wsc20`.`ecs_shop_config` WHERE parent_id > 0

SELECT COUNT(*) FROM `wsc20`.`ecs_order_info` WHERE add_time >= '1464065427'

SELECT COUNT(*) FROM `wsc20`.`ecs_order_info` WHERE pay_time >= 1464065427

UPDATE `wsc20`.`ecs_sessions` SET expiry = '1464094409', ip = '192.168.1.18', userid = '0', adminid = '1', user_name='0', user_rank='0', discount='0', email='0', data = 'a:4:{s:10:\"admin_name\";s:5:\"admin\";s:11:\"action_list\";s:3:\"all\";s:10:\"last_check\";i:1464065609;s:12:\"suppliers_id\";s:1:\"0\";}' WHERE sesskey = 'b41fc841e82e4f08c520be29602ad0b1' LIMIT 1

SELECT userid, adminid, user_name, user_rank, discount, email, data, expiry FROM `wsc20`.`ecs_sessions` WHERE sesskey = 'b41fc841e82e4f08c520be29602ad0b1'

SELECT code, value FROM `wsc20`.`ecs_shop_config` WHERE parent_id > 0

SELECT COUNT(*) FROM `wsc20`.`ecs_order_info` WHERE add_time >= '1464065609'

SELECT COUNT(*) FROM `wsc20`.`ecs_order_info` WHERE pay_time >= 1464065609

UPDATE `wsc20`.`ecs_sessions` SET expiry = '1464094592', ip = '192.168.1.18', userid = '0', adminid = '1', user_name='0', user_rank='0', discount='0', email='0', data = 'a:4:{s:10:\"admin_name\";s:5:\"admin\";s:11:\"action_list\";s:3:\"all\";s:10:\"last_check\";i:1464065792;s:12:\"suppliers_id\";s:1:\"0\";}' WHERE sesskey = 'b41fc841e82e4f08c520be29602ad0b1' LIMIT 1

DELETE FROM `wsc20`.`ecs_sessions` WHERE expiry < 1464092792

SELECT userid, adminid, user_name, user_rank, discount, email, data, expiry FROM `wsc20`.`ecs_sessions` WHERE sesskey = 'b41fc841e82e4f08c520be29602ad0b1'

SELECT code, value FROM `wsc20`.`ecs_shop_config` WHERE parent_id > 0

SELECT COUNT(*) FROM `wsc20`.`ecs_order_info` WHERE add_time >= '1464065792'

SELECT COUNT(*) FROM `wsc20`.`ecs_order_info` WHERE pay_time >= 1464065792

UPDATE `wsc20`.`ecs_sessions` SET expiry = '1464094775', ip = '192.168.1.18', userid = '0', adminid = '1', user_name='0', user_rank='0', discount='0', email='0', data = 'a:4:{s:10:\"admin_name\";s:5:\"admin\";s:11:\"action_list\";s:3:\"all\";s:10:\"last_check\";i:1464065975;s:12:\"suppliers_id\";s:1:\"0\";}' WHERE sesskey = 'b41fc841e82e4f08c520be29602ad0b1' LIMIT 1

SELECT userid, adminid, user_name, user_rank, discount, email, data, expiry FROM `wsc20`.`ecs_sessions` WHERE sesskey = 'b41fc841e82e4f08c520be29602ad0b1'

SELECT code, value FROM `wsc20`.`ecs_shop_config` WHERE parent_id > 0

SELECT COUNT(*) FROM `wsc20`.`ecs_order_info` WHERE add_time >= '1464065975'

SELECT COUNT(*) FROM `wsc20`.`ecs_order_info` WHERE pay_time >= 1464065975

UPDATE `wsc20`.`ecs_sessions` SET expiry = '1464094955', ip = '192.168.1.18', userid = '0', adminid = '1', user_name='0', user_rank='0', discount='0', email='0', data = 'a:4:{s:10:\"admin_name\";s:5:\"admin\";s:11:\"action_list\";s:3:\"all\";s:10:\"last_check\";i:1464066155;s:12:\"suppliers_id\";s:1:\"0\";}' WHERE sesskey = 'b41fc841e82e4f08c520be29602ad0b1' LIMIT 1

