INSERT INTO `wsc20`.`ecs_sessions` (sesskey, expiry, ip, data) VALUES ('dde95ea9a8b7ca232276f357792220b9', '1461310606', '192.168.1.18', 'a:0:{}')

SELECT code, value FROM `wsc20`.`ecs_shop_config` WHERE parent_id > 0

UPDATE `wsc20`.`ecs_sessions` SET expiry = '1461310606', ip = '192.168.1.18', userid = '0', adminid = '0', user_name='0', user_rank='0', discount='0', email='0', data = 'a:0:{}' WHERE sesskey = 'dde95ea9a8b7ca232276f357792220b9' LIMIT 1

DELETE FROM `wsc20`.`ecs_sessions` WHERE expiry < 1461308806

SELECT userid, adminid, user_name, user_rank, discount, email, data, expiry FROM `wsc20`.`ecs_sessions` WHERE sesskey = 'dde95ea9a8b7ca232276f357792220b9'

SELECT code, value FROM `wsc20`.`ecs_shop_config` WHERE parent_id > 0

SELECT `ec_salt` FROM `wsc20`.`ecs_admin_user`WHERE user_name = 'admin'

SELECT user_id, user_name, password, last_login, action_list, last_login,suppliers_id,ec_salt FROM `wsc20`.`ecs_admin_user` WHERE user_name = 'admin' AND password = 'f5665a35948d42fd1df7d6caba55eec3'

UPDATE `wsc20`.`ecs_admin_user` SET last_login='1461281815', last_ip='192.168.1.18' WHERE user_id='1'

SELECT DISTINCT session_id FROM `wsc20`.`ecs_cart` AS c, `wsc20`.`ecs_sessions` AS s WHERE c.session_id = s.sesskey 

DELETE FROM `wsc20`.`ecs_cart` WHERE session_id NOT  IN ('') 

UPDATE `wsc20`.`ecs_sessions` SET expiry = '1461310615', ip = '192.168.1.18', userid = '0', adminid = '1', user_name='0', user_rank='0', discount='0', email='0', data = 'a:4:{s:10:\"admin_name\";s:5:\"admin\";s:11:\"action_list\";s:3:\"all\";s:10:\"last_check\";s:10:\"1461204971\";s:12:\"suppliers_id\";s:1:\"0\";}' WHERE sesskey = 'dde95ea9a8b7ca232276f357792220b9' LIMIT 1

SELECT userid, adminid, user_name, user_rank, discount, email, data, expiry FROM `wsc20`.`ecs_sessions` WHERE sesskey = 'dde95ea9a8b7ca232276f357792220b9'

SELECT code, value FROM `wsc20`.`ecs_shop_config` WHERE parent_id > 0

DELETE FROM `wsc20`.`ecs_sessions` WHERE expiry < 1461308816

SELECT userid, adminid, user_name, user_rank, discount, email, data, expiry FROM `wsc20`.`ecs_sessions` WHERE sesskey = 'dde95ea9a8b7ca232276f357792220b9'

SELECT code, value FROM `wsc20`.`ecs_shop_config` WHERE parent_id > 0

SELECT message_id, sender_id, receiver_id, sent_time, readed, deleted, title, message, user_name FROM `wsc20`.`ecs_admin_message` AS a, `wsc20`.`ecs_admin_user` AS b WHERE a.sender_id = b.user_id AND a.receiver_id = '1' AND a.readed = 0 AND deleted = 0 ORDER BY a.sent_time DESC

SELECT pay_id, is_cod FROM `wsc20`.`ecs_payment` WHERE enabled = 1

SELECT COUNT(*) FROM `wsc20`.`ecs_order_info` WHERE 1  AND order_status  IN ('1','5')  AND shipping_status  IN ('1','2')  AND pay_status  IN ('2','1')  

SELECT pay_id FROM `wsc20`.`ecs_payment` WHERE is_cod = 1

SELECT COUNT(*) FROM `wsc20`.`ecs_order_info` WHERE 1  AND   order_status  IN ('1','5','6')  AND   shipping_status  IN ('0','3','5')  AND ( pay_status  IN ('2','1')  OR pay_id  IN ('') ) 

SELECT pay_id FROM `wsc20`.`ecs_payment` WHERE is_cod = 0

SELECT COUNT(*) FROM `wsc20`.`ecs_order_info` WHERE 1  AND   order_status  IN ('1','5')  AND   pay_status = '0' AND ( shipping_status  IN ('1','2')  OR pay_id  IN ('') ) 

SELECT COUNT(*) FROM `wsc20`.`ecs_order_info` WHERE 1  AND order_status = '0' 

SELECT COUNT(*) FROM `wsc20`.`ecs_order_info` WHERE  shipping_status=4

SELECT COUNT(*) AS oCount, IFNULL(SUM(order_amount), 0) AS oAmount FROM `wsc20`.`ecs_order_info`

SELECT COUNT(*) FROM `wsc20`.`ecs_goods` WHERE is_delete = 0 AND is_alone_sale = 1 AND is_real = 1

SELECT COUNT(*) FROM `wsc20`.`ecs_goods` WHERE is_delete = 0 AND is_alone_sale = 1 AND is_real=0 AND extension_code='virtual_card'

SELECT COUNT(*) FROM `wsc20`.`ecs_goods` WHERE is_delete = 0 AND is_new = 1 AND is_real = 1

SELECT COUNT(*) FROM `wsc20`.`ecs_goods` WHERE is_delete = 0 AND is_new = 1 AND is_real=0 AND extension_code='virtual_card'

SELECT COUNT(*) FROM `wsc20`.`ecs_goods` WHERE is_delete = 0 AND is_best = 1 AND is_real = 1

SELECT COUNT(*) FROM `wsc20`.`ecs_goods` WHERE is_delete = 0 AND is_best = 1 AND is_real=0 AND extension_code='virtual_card'

SELECT COUNT(*) FROM `wsc20`.`ecs_goods` WHERE is_delete = 0 AND is_hot = 1 AND is_real = 1

SELECT COUNT(*) FROM `wsc20`.`ecs_goods` WHERE is_delete = 0 AND is_hot = 1 AND is_real=0 AND extension_code='virtual_card'

SELECT COUNT(*) FROM `wsc20`.`ecs_goods` WHERE is_delete = 0 AND promote_price>0 AND promote_start_date <= '1461281816' AND promote_end_date >= '1461281816' AND is_real = 1

SELECT COUNT(*) FROM `wsc20`.`ecs_goods` WHERE is_delete = 0 AND promote_price>0 AND promote_start_date <= '1461281816' AND promote_end_date >= '1461281816' AND is_real=0 AND extension_code='virtual_card'

SELECT COUNT(*) FROM `wsc20`.`ecs_goods` WHERE is_delete = 0 AND goods_number <= warn_number AND is_real = 1

SELECT COUNT(*) FROM `wsc20`.`ecs_goods` WHERE is_delete = 0 AND goods_number <= warn_number AND is_real=0 AND extension_code='virtual_card'

SELECT COUNT(*) FROM `wsc20`.`ecs_stats` WHERE access_time > 1461225600

SELECT count(*) FROM `wsc20`.`ecs_sessions`

SELECT COUNT(f.msg_id) FROM `wsc20`.`ecs_feedback` AS f LEFT JOIN `wsc20`.`ecs_feedback` AS r ON r.parent_id=f.msg_id WHERE f.parent_id=0 AND ISNULL(r.msg_id) 

SELECT COUNT(*) FROM `wsc20`.`ecs_comment` WHERE status = 0 AND parent_id = 0

SELECT COUNT(*) FROM `wsc20`.`ecs_booking_goods` WHERE is_dispose = 0

SELECT COUNT(*) FROM `wsc20`.`ecs_user_account` WHERE process_type = 1 AND is_paid = 0 

DELETE FROM `wsc20`.`ecs_sessions_data` WHERE expiry < 1461308816

SELECT userid, adminid, user_name, user_rank, discount, email, data, expiry FROM `wsc20`.`ecs_sessions` WHERE sesskey = 'dde95ea9a8b7ca232276f357792220b9'

SELECT code, value FROM `wsc20`.`ecs_shop_config` WHERE parent_id > 0

SELECT userid, adminid, user_name, user_rank, discount, email, data, expiry FROM `wsc20`.`ecs_sessions` WHERE sesskey = 'dde95ea9a8b7ca232276f357792220b9'

SELECT code, value FROM `wsc20`.`ecs_shop_config` WHERE parent_id > 0

SELECT COUNT(*) AS oCount, IFNULL(SUM(order_amount), 0) AS oAmount FROM `wsc20`.`ecs_order_info`

SELECT COUNT(*) FROM `wsc20`.`ecs_goods` WHERE is_delete = 0 AND is_alone_sale = 1 AND is_real = 1

SELECT COUNT(*) FROM `wsc20`.`ecs_users`

SELECT value FROM `wsc20`.`ecs_shop_config` WHERE code = 'template'

SELECT value FROM `wsc20`.`ecs_shop_config` WHERE code = 'stylename'

DELETE FROM `wsc20`.`ecs_sessions_data` WHERE expiry < 1461308817

SELECT userid, adminid, user_name, user_rank, discount, email, data, expiry FROM `wsc20`.`ecs_sessions` WHERE sesskey = 'dde95ea9a8b7ca232276f357792220b9'

SELECT code, value FROM `wsc20`.`ecs_shop_config` WHERE parent_id > 0

SELECT COUNT(*) FROM `wsc20`.`ecs_order_info` WHERE add_time >= '1461204971'

SELECT COUNT(*) FROM `wsc20`.`ecs_order_info` WHERE pay_time >= 1461204971

UPDATE `wsc20`.`ecs_sessions` SET expiry = '1461310619', ip = '192.168.1.18', userid = '0', adminid = '1', user_name='0', user_rank='0', discount='0', email='0', data = 'a:4:{s:10:\"admin_name\";s:5:\"admin\";s:11:\"action_list\";s:3:\"all\";s:10:\"last_check\";i:1461281819;s:12:\"suppliers_id\";s:1:\"0\";}' WHERE sesskey = 'dde95ea9a8b7ca232276f357792220b9' LIMIT 1

DELETE FROM `wsc20`.`ecs_sessions` WHERE expiry < 1461308820

SELECT userid, adminid, user_name, user_rank, discount, email, data, expiry FROM `wsc20`.`ecs_sessions` WHERE sesskey = 'dde95ea9a8b7ca232276f357792220b9'

SELECT code, value FROM `wsc20`.`ecs_shop_config` WHERE parent_id > 0

SELECT COUNT(*) FROM `wsc20`.`ecs_order_info` WHERE add_time >= '1461281819'

SELECT COUNT(*) FROM `wsc20`.`ecs_order_info` WHERE pay_time >= 1461281819

UPDATE `wsc20`.`ecs_sessions` SET expiry = '1461310797', ip = '192.168.1.18', userid = '0', adminid = '1', user_name='0', user_rank='0', discount='0', email='0', data = 'a:4:{s:10:\"admin_name\";s:5:\"admin\";s:11:\"action_list\";s:3:\"all\";s:10:\"last_check\";i:1461281997;s:12:\"suppliers_id\";s:1:\"0\";}' WHERE sesskey = 'dde95ea9a8b7ca232276f357792220b9' LIMIT 1

SELECT userid, adminid, user_name, user_rank, discount, email, data, expiry FROM `wsc20`.`ecs_sessions` WHERE sesskey = 'dde95ea9a8b7ca232276f357792220b9'

SELECT code, value FROM `wsc20`.`ecs_shop_config` WHERE parent_id > 0

SELECT COUNT(*) FROM `wsc20`.`ecs_order_info` WHERE add_time >= '1461281997'

SELECT COUNT(*) FROM `wsc20`.`ecs_order_info` WHERE pay_time >= 1461281997

UPDATE `wsc20`.`ecs_sessions` SET expiry = '1461310977', ip = '192.168.1.18', userid = '0', adminid = '1', user_name='0', user_rank='0', discount='0', email='0', data = 'a:4:{s:10:\"admin_name\";s:5:\"admin\";s:11:\"action_list\";s:3:\"all\";s:10:\"last_check\";i:1461282177;s:12:\"suppliers_id\";s:1:\"0\";}' WHERE sesskey = 'dde95ea9a8b7ca232276f357792220b9' LIMIT 1

SELECT userid, adminid, user_name, user_rank, discount, email, data, expiry FROM `wsc20`.`ecs_sessions` WHERE sesskey = 'dde95ea9a8b7ca232276f357792220b9'

SELECT code, value FROM `wsc20`.`ecs_shop_config` WHERE parent_id > 0

SELECT COUNT(*) FROM `wsc20`.`ecs_order_info` WHERE add_time >= '1461282177'

SELECT COUNT(*) FROM `wsc20`.`ecs_order_info` WHERE pay_time >= 1461282177

UPDATE `wsc20`.`ecs_sessions` SET expiry = '1461311157', ip = '192.168.1.18', userid = '0', adminid = '1', user_name='0', user_rank='0', discount='0', email='0', data = 'a:4:{s:10:\"admin_name\";s:5:\"admin\";s:11:\"action_list\";s:3:\"all\";s:10:\"last_check\";i:1461282357;s:12:\"suppliers_id\";s:1:\"0\";}' WHERE sesskey = 'dde95ea9a8b7ca232276f357792220b9' LIMIT 1

SELECT userid, adminid, user_name, user_rank, discount, email, data, expiry FROM `wsc20`.`ecs_sessions` WHERE sesskey = 'dde95ea9a8b7ca232276f357792220b9'

SELECT code, value FROM `wsc20`.`ecs_shop_config` WHERE parent_id > 0

SELECT COUNT(*) FROM `wsc20`.`ecs_order_info` WHERE add_time >= '1461282357'

SELECT COUNT(*) FROM `wsc20`.`ecs_order_info` WHERE pay_time >= 1461282357

UPDATE `wsc20`.`ecs_sessions` SET expiry = '1461311337', ip = '192.168.1.18', userid = '0', adminid = '1', user_name='0', user_rank='0', discount='0', email='0', data = 'a:4:{s:10:\"admin_name\";s:5:\"admin\";s:11:\"action_list\";s:3:\"all\";s:10:\"last_check\";i:1461282537;s:12:\"suppliers_id\";s:1:\"0\";}' WHERE sesskey = 'dde95ea9a8b7ca232276f357792220b9' LIMIT 1

DELETE FROM `wsc20`.`ecs_sessions_data` WHERE expiry < 1461309537

SELECT userid, adminid, user_name, user_rank, discount, email, data, expiry FROM `wsc20`.`ecs_sessions` WHERE sesskey = 'dde95ea9a8b7ca232276f357792220b9'

SELECT code, value FROM `wsc20`.`ecs_shop_config` WHERE parent_id > 0

SELECT COUNT(*) FROM `wsc20`.`ecs_order_info` WHERE add_time >= '1461282537'

SELECT COUNT(*) FROM `wsc20`.`ecs_order_info` WHERE pay_time >= 1461282537

UPDATE `wsc20`.`ecs_sessions` SET expiry = '1461311517', ip = '192.168.1.18', userid = '0', adminid = '1', user_name='0', user_rank='0', discount='0', email='0', data = 'a:4:{s:10:\"admin_name\";s:5:\"admin\";s:11:\"action_list\";s:3:\"all\";s:10:\"last_check\";i:1461282717;s:12:\"suppliers_id\";s:1:\"0\";}' WHERE sesskey = 'dde95ea9a8b7ca232276f357792220b9' LIMIT 1

SELECT userid, adminid, user_name, user_rank, discount, email, data, expiry FROM `wsc20`.`ecs_sessions` WHERE sesskey = 'dde95ea9a8b7ca232276f357792220b9'

SELECT code, value FROM `wsc20`.`ecs_shop_config` WHERE parent_id > 0

SELECT COUNT(*) FROM `wsc20`.`ecs_order_info` WHERE add_time >= '1461282717'

SELECT COUNT(*) FROM `wsc20`.`ecs_order_info` WHERE pay_time >= 1461282717

UPDATE `wsc20`.`ecs_sessions` SET expiry = '1461311697', ip = '192.168.1.18', userid = '0', adminid = '1', user_name='0', user_rank='0', discount='0', email='0', data = 'a:4:{s:10:\"admin_name\";s:5:\"admin\";s:11:\"action_list\";s:3:\"all\";s:10:\"last_check\";i:1461282897;s:12:\"suppliers_id\";s:1:\"0\";}' WHERE sesskey = 'dde95ea9a8b7ca232276f357792220b9' LIMIT 1

SELECT userid, adminid, user_name, user_rank, discount, email, data, expiry FROM `wsc20`.`ecs_sessions` WHERE sesskey = 'dde95ea9a8b7ca232276f357792220b9'

SELECT code, value FROM `wsc20`.`ecs_shop_config` WHERE parent_id > 0

SELECT COUNT(*) FROM `wsc20`.`ecs_order_info` WHERE add_time >= '1461282897'

SELECT COUNT(*) FROM `wsc20`.`ecs_order_info` WHERE pay_time >= 1461282897

UPDATE `wsc20`.`ecs_sessions` SET expiry = '1461311877', ip = '192.168.1.18', userid = '0', adminid = '1', user_name='0', user_rank='0', discount='0', email='0', data = 'a:4:{s:10:\"admin_name\";s:5:\"admin\";s:11:\"action_list\";s:3:\"all\";s:10:\"last_check\";i:1461283077;s:12:\"suppliers_id\";s:1:\"0\";}' WHERE sesskey = 'dde95ea9a8b7ca232276f357792220b9' LIMIT 1

DELETE FROM `wsc20`.`ecs_sessions_data` WHERE expiry < 1461310077

SELECT userid, adminid, user_name, user_rank, discount, email, data, expiry FROM `wsc20`.`ecs_sessions` WHERE sesskey = 'dde95ea9a8b7ca232276f357792220b9'

SELECT code, value FROM `wsc20`.`ecs_shop_config` WHERE parent_id > 0

SELECT COUNT(*) FROM `wsc20`.`ecs_order_info` WHERE add_time >= '1461283077'

SELECT COUNT(*) FROM `wsc20`.`ecs_order_info` WHERE pay_time >= 1461283077

UPDATE `wsc20`.`ecs_sessions` SET expiry = '1461312057', ip = '192.168.1.18', userid = '0', adminid = '1', user_name='0', user_rank='0', discount='0', email='0', data = 'a:4:{s:10:\"admin_name\";s:5:\"admin\";s:11:\"action_list\";s:3:\"all\";s:10:\"last_check\";i:1461283257;s:12:\"suppliers_id\";s:1:\"0\";}' WHERE sesskey = 'dde95ea9a8b7ca232276f357792220b9' LIMIT 1

DELETE FROM `wsc20`.`ecs_sessions_data` WHERE expiry < 1461310257

SELECT userid, adminid, user_name, user_rank, discount, email, data, expiry FROM `wsc20`.`ecs_sessions` WHERE sesskey = 'dde95ea9a8b7ca232276f357792220b9'

SELECT code, value FROM `wsc20`.`ecs_shop_config` WHERE parent_id > 0

SELECT COUNT(*) FROM `wsc20`.`ecs_order_info` WHERE add_time >= '1461283257'

SELECT COUNT(*) FROM `wsc20`.`ecs_order_info` WHERE pay_time >= 1461283257

UPDATE `wsc20`.`ecs_sessions` SET expiry = '1461312237', ip = '192.168.1.18', userid = '0', adminid = '1', user_name='0', user_rank='0', discount='0', email='0', data = 'a:4:{s:10:\"admin_name\";s:5:\"admin\";s:11:\"action_list\";s:3:\"all\";s:10:\"last_check\";i:1461283437;s:12:\"suppliers_id\";s:1:\"0\";}' WHERE sesskey = 'dde95ea9a8b7ca232276f357792220b9' LIMIT 1

DELETE FROM `wsc20`.`ecs_sessions_data` WHERE expiry < 1461310437

SELECT userid, adminid, user_name, user_rank, discount, email, data, expiry FROM `wsc20`.`ecs_sessions` WHERE sesskey = 'dde95ea9a8b7ca232276f357792220b9'

SELECT code, value FROM `wsc20`.`ecs_shop_config` WHERE parent_id > 0

SELECT COUNT(*) FROM `wsc20`.`ecs_order_info` WHERE add_time >= '1461283437'

SELECT COUNT(*) FROM `wsc20`.`ecs_order_info` WHERE pay_time >= 1461283437

UPDATE `wsc20`.`ecs_sessions` SET expiry = '1461312418', ip = '192.168.1.18', userid = '0', adminid = '1', user_name='0', user_rank='0', discount='0', email='0', data = 'a:4:{s:10:\"admin_name\";s:5:\"admin\";s:11:\"action_list\";s:3:\"all\";s:10:\"last_check\";i:1461283618;s:12:\"suppliers_id\";s:1:\"0\";}' WHERE sesskey = 'dde95ea9a8b7ca232276f357792220b9' LIMIT 1

DELETE FROM `wsc20`.`ecs_sessions` WHERE expiry < 1461310618

SELECT userid, adminid, user_name, user_rank, discount, email, data, expiry FROM `wsc20`.`ecs_sessions` WHERE sesskey = 'dde95ea9a8b7ca232276f357792220b9'

SELECT code, value FROM `wsc20`.`ecs_shop_config` WHERE parent_id > 0

SELECT COUNT(*) FROM `wsc20`.`ecs_order_info` WHERE add_time >= '1461283618'

SELECT COUNT(*) FROM `wsc20`.`ecs_order_info` WHERE pay_time >= 1461283618

UPDATE `wsc20`.`ecs_sessions` SET expiry = '1461312598', ip = '192.168.1.18', userid = '0', adminid = '1', user_name='0', user_rank='0', discount='0', email='0', data = 'a:4:{s:10:\"admin_name\";s:5:\"admin\";s:11:\"action_list\";s:3:\"all\";s:10:\"last_check\";i:1461283798;s:12:\"suppliers_id\";s:1:\"0\";}' WHERE sesskey = 'dde95ea9a8b7ca232276f357792220b9' LIMIT 1

DELETE FROM `wsc20`.`ecs_sessions` WHERE expiry < 1461310798

SELECT userid, adminid, user_name, user_rank, discount, email, data, expiry FROM `wsc20`.`ecs_sessions` WHERE sesskey = 'dde95ea9a8b7ca232276f357792220b9'

SELECT code, value FROM `wsc20`.`ecs_shop_config` WHERE parent_id > 0

SELECT COUNT(*) FROM `wsc20`.`ecs_order_info` WHERE add_time >= '1461283798'

SELECT COUNT(*) FROM `wsc20`.`ecs_order_info` WHERE pay_time >= 1461283798

UPDATE `wsc20`.`ecs_sessions` SET expiry = '1461312779', ip = '192.168.1.18', userid = '0', adminid = '1', user_name='0', user_rank='0', discount='0', email='0', data = 'a:4:{s:10:\"admin_name\";s:5:\"admin\";s:11:\"action_list\";s:3:\"all\";s:10:\"last_check\";i:1461283979;s:12:\"suppliers_id\";s:1:\"0\";}' WHERE sesskey = 'dde95ea9a8b7ca232276f357792220b9' LIMIT 1

DELETE FROM `wsc20`.`ecs_sessions_data` WHERE expiry < 1461310979

SELECT userid, adminid, user_name, user_rank, discount, email, data, expiry FROM `wsc20`.`ecs_sessions` WHERE sesskey = 'dde95ea9a8b7ca232276f357792220b9'

SELECT code, value FROM `wsc20`.`ecs_shop_config` WHERE parent_id > 0

SELECT COUNT(*) FROM `wsc20`.`ecs_order_info` WHERE add_time >= '1461283979'

SELECT COUNT(*) FROM `wsc20`.`ecs_order_info` WHERE pay_time >= 1461283979

UPDATE `wsc20`.`ecs_sessions` SET expiry = '1461312959', ip = '192.168.1.18', userid = '0', adminid = '1', user_name='0', user_rank='0', discount='0', email='0', data = 'a:4:{s:10:\"admin_name\";s:5:\"admin\";s:11:\"action_list\";s:3:\"all\";s:10:\"last_check\";i:1461284159;s:12:\"suppliers_id\";s:1:\"0\";}' WHERE sesskey = 'dde95ea9a8b7ca232276f357792220b9' LIMIT 1

DELETE FROM `wsc20`.`ecs_sessions_data` WHERE expiry < 1461311159

SELECT userid, adminid, user_name, user_rank, discount, email, data, expiry FROM `wsc20`.`ecs_sessions` WHERE sesskey = 'dde95ea9a8b7ca232276f357792220b9'

SELECT code, value FROM `wsc20`.`ecs_shop_config` WHERE parent_id > 0

SELECT COUNT(*) FROM `wsc20`.`ecs_order_info` WHERE add_time >= '1461284159'

SELECT COUNT(*) FROM `wsc20`.`ecs_order_info` WHERE pay_time >= 1461284159

UPDATE `wsc20`.`ecs_sessions` SET expiry = '1461313139', ip = '192.168.1.18', userid = '0', adminid = '1', user_name='0', user_rank='0', discount='0', email='0', data = 'a:4:{s:10:\"admin_name\";s:5:\"admin\";s:11:\"action_list\";s:3:\"all\";s:10:\"last_check\";i:1461284339;s:12:\"suppliers_id\";s:1:\"0\";}' WHERE sesskey = 'dde95ea9a8b7ca232276f357792220b9' LIMIT 1

SELECT userid, adminid, user_name, user_rank, discount, email, data, expiry FROM `wsc20`.`ecs_sessions` WHERE sesskey = 'dde95ea9a8b7ca232276f357792220b9'

SELECT code, value FROM `wsc20`.`ecs_shop_config` WHERE parent_id > 0

SELECT COUNT(*) FROM `wsc20`.`ecs_order_info` WHERE add_time >= '1461284339'

SELECT COUNT(*) FROM `wsc20`.`ecs_order_info` WHERE pay_time >= 1461284339

UPDATE `wsc20`.`ecs_sessions` SET expiry = '1461313319', ip = '192.168.1.18', userid = '0', adminid = '1', user_name='0', user_rank='0', discount='0', email='0', data = 'a:4:{s:10:\"admin_name\";s:5:\"admin\";s:11:\"action_list\";s:3:\"all\";s:10:\"last_check\";i:1461284519;s:12:\"suppliers_id\";s:1:\"0\";}' WHERE sesskey = 'dde95ea9a8b7ca232276f357792220b9' LIMIT 1

DELETE FROM `wsc20`.`ecs_sessions_data` WHERE expiry < 1461311519

SELECT userid, adminid, user_name, user_rank, discount, email, data, expiry FROM `wsc20`.`ecs_sessions` WHERE sesskey = 'dde95ea9a8b7ca232276f357792220b9'

SELECT code, value FROM `wsc20`.`ecs_shop_config` WHERE parent_id > 0

SELECT COUNT(*) FROM `wsc20`.`ecs_order_info` WHERE add_time >= '1461284519'

SELECT COUNT(*) FROM `wsc20`.`ecs_order_info` WHERE pay_time >= 1461284519

UPDATE `wsc20`.`ecs_sessions` SET expiry = '1461313499', ip = '192.168.1.18', userid = '0', adminid = '1', user_name='0', user_rank='0', discount='0', email='0', data = 'a:4:{s:10:\"admin_name\";s:5:\"admin\";s:11:\"action_list\";s:3:\"all\";s:10:\"last_check\";i:1461284699;s:12:\"suppliers_id\";s:1:\"0\";}' WHERE sesskey = 'dde95ea9a8b7ca232276f357792220b9' LIMIT 1

SELECT userid, adminid, user_name, user_rank, discount, email, data, expiry FROM `wsc20`.`ecs_sessions` WHERE sesskey = 'dde95ea9a8b7ca232276f357792220b9'

SELECT code, value FROM `wsc20`.`ecs_shop_config` WHERE parent_id > 0

SELECT COUNT(*) FROM `wsc20`.`ecs_order_info` WHERE add_time >= '1461284699'

SELECT COUNT(*) FROM `wsc20`.`ecs_order_info` WHERE pay_time >= 1461284699

UPDATE `wsc20`.`ecs_sessions` SET expiry = '1461313679', ip = '192.168.1.18', userid = '0', adminid = '1', user_name='0', user_rank='0', discount='0', email='0', data = 'a:4:{s:10:\"admin_name\";s:5:\"admin\";s:11:\"action_list\";s:3:\"all\";s:10:\"last_check\";i:1461284879;s:12:\"suppliers_id\";s:1:\"0\";}' WHERE sesskey = 'dde95ea9a8b7ca232276f357792220b9' LIMIT 1

SELECT userid, adminid, user_name, user_rank, discount, email, data, expiry FROM `wsc20`.`ecs_sessions` WHERE sesskey = 'dde95ea9a8b7ca232276f357792220b9'

SELECT code, value FROM `wsc20`.`ecs_shop_config` WHERE parent_id > 0

SELECT COUNT(*) FROM `wsc20`.`ecs_order_info` WHERE add_time >= '1461284879'

SELECT COUNT(*) FROM `wsc20`.`ecs_order_info` WHERE pay_time >= 1461284879

UPDATE `wsc20`.`ecs_sessions` SET expiry = '1461313859', ip = '192.168.1.18', userid = '0', adminid = '1', user_name='0', user_rank='0', discount='0', email='0', data = 'a:4:{s:10:\"admin_name\";s:5:\"admin\";s:11:\"action_list\";s:3:\"all\";s:10:\"last_check\";i:1461285059;s:12:\"suppliers_id\";s:1:\"0\";}' WHERE sesskey = 'dde95ea9a8b7ca232276f357792220b9' LIMIT 1

DELETE FROM `wsc20`.`ecs_sessions_data` WHERE expiry < 1461312059

SELECT userid, adminid, user_name, user_rank, discount, email, data, expiry FROM `wsc20`.`ecs_sessions` WHERE sesskey = 'dde95ea9a8b7ca232276f357792220b9'

SELECT code, value FROM `wsc20`.`ecs_shop_config` WHERE parent_id > 0

SELECT COUNT(*) FROM `wsc20`.`ecs_order_info` WHERE add_time >= '1461285059'

SELECT COUNT(*) FROM `wsc20`.`ecs_order_info` WHERE pay_time >= 1461285059

UPDATE `wsc20`.`ecs_sessions` SET expiry = '1461314039', ip = '192.168.1.18', userid = '0', adminid = '1', user_name='0', user_rank='0', discount='0', email='0', data = 'a:4:{s:10:\"admin_name\";s:5:\"admin\";s:11:\"action_list\";s:3:\"all\";s:10:\"last_check\";i:1461285239;s:12:\"suppliers_id\";s:1:\"0\";}' WHERE sesskey = 'dde95ea9a8b7ca232276f357792220b9' LIMIT 1

DELETE FROM `wsc20`.`ecs_sessions_data` WHERE expiry < 1461312239

SELECT userid, adminid, user_name, user_rank, discount, email, data, expiry FROM `wsc20`.`ecs_sessions` WHERE sesskey = 'dde95ea9a8b7ca232276f357792220b9'

SELECT code, value FROM `wsc20`.`ecs_shop_config` WHERE parent_id > 0

SELECT COUNT(*) FROM `wsc20`.`ecs_order_info` WHERE add_time >= '1461285239'

SELECT COUNT(*) FROM `wsc20`.`ecs_order_info` WHERE pay_time >= 1461285239

UPDATE `wsc20`.`ecs_sessions` SET expiry = '1461314219', ip = '192.168.1.18', userid = '0', adminid = '1', user_name='0', user_rank='0', discount='0', email='0', data = 'a:4:{s:10:\"admin_name\";s:5:\"admin\";s:11:\"action_list\";s:3:\"all\";s:10:\"last_check\";i:1461285419;s:12:\"suppliers_id\";s:1:\"0\";}' WHERE sesskey = 'dde95ea9a8b7ca232276f357792220b9' LIMIT 1

SELECT userid, adminid, user_name, user_rank, discount, email, data, expiry FROM `wsc20`.`ecs_sessions` WHERE sesskey = 'dde95ea9a8b7ca232276f357792220b9'

SELECT code, value FROM `wsc20`.`ecs_shop_config` WHERE parent_id > 0

SELECT COUNT(*) FROM `wsc20`.`ecs_order_info` WHERE add_time >= '1461285419'

SELECT COUNT(*) FROM `wsc20`.`ecs_order_info` WHERE pay_time >= 1461285419

UPDATE `wsc20`.`ecs_sessions` SET expiry = '1461314399', ip = '192.168.1.18', userid = '0', adminid = '1', user_name='0', user_rank='0', discount='0', email='0', data = 'a:4:{s:10:\"admin_name\";s:5:\"admin\";s:11:\"action_list\";s:3:\"all\";s:10:\"last_check\";i:1461285599;s:12:\"suppliers_id\";s:1:\"0\";}' WHERE sesskey = 'dde95ea9a8b7ca232276f357792220b9' LIMIT 1

SELECT userid, adminid, user_name, user_rank, discount, email, data, expiry FROM `wsc20`.`ecs_sessions` WHERE sesskey = 'dde95ea9a8b7ca232276f357792220b9'

SELECT code, value FROM `wsc20`.`ecs_shop_config` WHERE parent_id > 0

SELECT COUNT(*) FROM `wsc20`.`ecs_order_info` WHERE add_time >= '1461285599'

SELECT COUNT(*) FROM `wsc20`.`ecs_order_info` WHERE pay_time >= 1461285599

UPDATE `wsc20`.`ecs_sessions` SET expiry = '1461314579', ip = '192.168.1.18', userid = '0', adminid = '1', user_name='0', user_rank='0', discount='0', email='0', data = 'a:4:{s:10:\"admin_name\";s:5:\"admin\";s:11:\"action_list\";s:3:\"all\";s:10:\"last_check\";i:1461285779;s:12:\"suppliers_id\";s:1:\"0\";}' WHERE sesskey = 'dde95ea9a8b7ca232276f357792220b9' LIMIT 1

SELECT userid, adminid, user_name, user_rank, discount, email, data, expiry FROM `wsc20`.`ecs_sessions` WHERE sesskey = 'dde95ea9a8b7ca232276f357792220b9'

SELECT code, value FROM `wsc20`.`ecs_shop_config` WHERE parent_id > 0

SELECT COUNT(*) FROM `wsc20`.`ecs_order_info` WHERE add_time >= '1461285779'

SELECT COUNT(*) FROM `wsc20`.`ecs_order_info` WHERE pay_time >= 1461285779

UPDATE `wsc20`.`ecs_sessions` SET expiry = '1461314759', ip = '192.168.1.18', userid = '0', adminid = '1', user_name='0', user_rank='0', discount='0', email='0', data = 'a:4:{s:10:\"admin_name\";s:5:\"admin\";s:11:\"action_list\";s:3:\"all\";s:10:\"last_check\";i:1461285959;s:12:\"suppliers_id\";s:1:\"0\";}' WHERE sesskey = 'dde95ea9a8b7ca232276f357792220b9' LIMIT 1

SELECT userid, adminid, user_name, user_rank, discount, email, data, expiry FROM `wsc20`.`ecs_sessions` WHERE sesskey = 'dde95ea9a8b7ca232276f357792220b9'

SELECT code, value FROM `wsc20`.`ecs_shop_config` WHERE parent_id > 0

SELECT COUNT(*) FROM `wsc20`.`ecs_order_info` WHERE add_time >= '1461285959'

SELECT COUNT(*) FROM `wsc20`.`ecs_order_info` WHERE pay_time >= 1461285959

UPDATE `wsc20`.`ecs_sessions` SET expiry = '1461314939', ip = '192.168.1.18', userid = '0', adminid = '1', user_name='0', user_rank='0', discount='0', email='0', data = 'a:4:{s:10:\"admin_name\";s:5:\"admin\";s:11:\"action_list\";s:3:\"all\";s:10:\"last_check\";i:1461286139;s:12:\"suppliers_id\";s:1:\"0\";}' WHERE sesskey = 'dde95ea9a8b7ca232276f357792220b9' LIMIT 1

DELETE FROM `wsc20`.`ecs_sessions_data` WHERE expiry < 1461313139

SELECT userid, adminid, user_name, user_rank, discount, email, data, expiry FROM `wsc20`.`ecs_sessions` WHERE sesskey = 'dde95ea9a8b7ca232276f357792220b9'

SELECT code, value FROM `wsc20`.`ecs_shop_config` WHERE parent_id > 0

SELECT COUNT(*) FROM `wsc20`.`ecs_order_info` WHERE add_time >= '1461286139'

SELECT COUNT(*) FROM `wsc20`.`ecs_order_info` WHERE pay_time >= 1461286139

UPDATE `wsc20`.`ecs_sessions` SET expiry = '1461315119', ip = '192.168.1.18', userid = '0', adminid = '1', user_name='0', user_rank='0', discount='0', email='0', data = 'a:4:{s:10:\"admin_name\";s:5:\"admin\";s:11:\"action_list\";s:3:\"all\";s:10:\"last_check\";i:1461286319;s:12:\"suppliers_id\";s:1:\"0\";}' WHERE sesskey = 'dde95ea9a8b7ca232276f357792220b9' LIMIT 1

SELECT userid, adminid, user_name, user_rank, discount, email, data, expiry FROM `wsc20`.`ecs_sessions` WHERE sesskey = 'dde95ea9a8b7ca232276f357792220b9'

SELECT code, value FROM `wsc20`.`ecs_shop_config` WHERE parent_id > 0

SELECT COUNT(*) FROM `wsc20`.`ecs_order_info` WHERE add_time >= '1461286319'

SELECT COUNT(*) FROM `wsc20`.`ecs_order_info` WHERE pay_time >= 1461286319

UPDATE `wsc20`.`ecs_sessions` SET expiry = '1461315299', ip = '192.168.1.18', userid = '0', adminid = '1', user_name='0', user_rank='0', discount='0', email='0', data = 'a:4:{s:10:\"admin_name\";s:5:\"admin\";s:11:\"action_list\";s:3:\"all\";s:10:\"last_check\";i:1461286499;s:12:\"suppliers_id\";s:1:\"0\";}' WHERE sesskey = 'dde95ea9a8b7ca232276f357792220b9' LIMIT 1

SELECT userid, adminid, user_name, user_rank, discount, email, data, expiry FROM `wsc20`.`ecs_sessions` WHERE sesskey = 'dde95ea9a8b7ca232276f357792220b9'

SELECT code, value FROM `wsc20`.`ecs_shop_config` WHERE parent_id > 0

SELECT COUNT(*) FROM `wsc20`.`ecs_order_info` WHERE add_time >= '1461286499'

SELECT COUNT(*) FROM `wsc20`.`ecs_order_info` WHERE pay_time >= 1461286499

UPDATE `wsc20`.`ecs_sessions` SET expiry = '1461315479', ip = '192.168.1.18', userid = '0', adminid = '1', user_name='0', user_rank='0', discount='0', email='0', data = 'a:4:{s:10:\"admin_name\";s:5:\"admin\";s:11:\"action_list\";s:3:\"all\";s:10:\"last_check\";i:1461286679;s:12:\"suppliers_id\";s:1:\"0\";}' WHERE sesskey = 'dde95ea9a8b7ca232276f357792220b9' LIMIT 1

SELECT userid, adminid, user_name, user_rank, discount, email, data, expiry FROM `wsc20`.`ecs_sessions` WHERE sesskey = 'dde95ea9a8b7ca232276f357792220b9'

SELECT code, value FROM `wsc20`.`ecs_shop_config` WHERE parent_id > 0

SELECT COUNT(*) FROM `wsc20`.`ecs_order_info` WHERE add_time >= '1461286679'

SELECT COUNT(*) FROM `wsc20`.`ecs_order_info` WHERE pay_time >= 1461286679

UPDATE `wsc20`.`ecs_sessions` SET expiry = '1461315659', ip = '192.168.1.18', userid = '0', adminid = '1', user_name='0', user_rank='0', discount='0', email='0', data = 'a:4:{s:10:\"admin_name\";s:5:\"admin\";s:11:\"action_list\";s:3:\"all\";s:10:\"last_check\";i:1461286859;s:12:\"suppliers_id\";s:1:\"0\";}' WHERE sesskey = 'dde95ea9a8b7ca232276f357792220b9' LIMIT 1

SELECT userid, adminid, user_name, user_rank, discount, email, data, expiry FROM `wsc20`.`ecs_sessions` WHERE sesskey = 'dde95ea9a8b7ca232276f357792220b9'

SELECT code, value FROM `wsc20`.`ecs_shop_config` WHERE parent_id > 0

SELECT COUNT(*) FROM `wsc20`.`ecs_order_info` WHERE add_time >= '1461286859'

SELECT COUNT(*) FROM `wsc20`.`ecs_order_info` WHERE pay_time >= 1461286859

UPDATE `wsc20`.`ecs_sessions` SET expiry = '1461315839', ip = '192.168.1.18', userid = '0', adminid = '1', user_name='0', user_rank='0', discount='0', email='0', data = 'a:4:{s:10:\"admin_name\";s:5:\"admin\";s:11:\"action_list\";s:3:\"all\";s:10:\"last_check\";i:1461287039;s:12:\"suppliers_id\";s:1:\"0\";}' WHERE sesskey = 'dde95ea9a8b7ca232276f357792220b9' LIMIT 1

DELETE FROM `wsc20`.`ecs_sessions_data` WHERE expiry < 1461314039

SELECT userid, adminid, user_name, user_rank, discount, email, data, expiry FROM `wsc20`.`ecs_sessions` WHERE sesskey = 'dde95ea9a8b7ca232276f357792220b9'

SELECT code, value FROM `wsc20`.`ecs_shop_config` WHERE parent_id > 0

SELECT COUNT(*) FROM `wsc20`.`ecs_order_info` WHERE add_time >= '1461287039'

SELECT COUNT(*) FROM `wsc20`.`ecs_order_info` WHERE pay_time >= 1461287039

UPDATE `wsc20`.`ecs_sessions` SET expiry = '1461316019', ip = '192.168.1.18', userid = '0', adminid = '1', user_name='0', user_rank='0', discount='0', email='0', data = 'a:4:{s:10:\"admin_name\";s:5:\"admin\";s:11:\"action_list\";s:3:\"all\";s:10:\"last_check\";i:1461287219;s:12:\"suppliers_id\";s:1:\"0\";}' WHERE sesskey = 'dde95ea9a8b7ca232276f357792220b9' LIMIT 1

SELECT userid, adminid, user_name, user_rank, discount, email, data, expiry FROM `wsc20`.`ecs_sessions` WHERE sesskey = 'dde95ea9a8b7ca232276f357792220b9'

SELECT code, value FROM `wsc20`.`ecs_shop_config` WHERE parent_id > 0

SELECT COUNT(*) FROM `wsc20`.`ecs_order_info` WHERE add_time >= '1461287219'

SELECT COUNT(*) FROM `wsc20`.`ecs_order_info` WHERE pay_time >= 1461287219

UPDATE `wsc20`.`ecs_sessions` SET expiry = '1461316199', ip = '192.168.1.18', userid = '0', adminid = '1', user_name='0', user_rank='0', discount='0', email='0', data = 'a:4:{s:10:\"admin_name\";s:5:\"admin\";s:11:\"action_list\";s:3:\"all\";s:10:\"last_check\";i:1461287399;s:12:\"suppliers_id\";s:1:\"0\";}' WHERE sesskey = 'dde95ea9a8b7ca232276f357792220b9' LIMIT 1

DELETE FROM `wsc20`.`ecs_sessions_data` WHERE expiry < 1461314399

SELECT userid, adminid, user_name, user_rank, discount, email, data, expiry FROM `wsc20`.`ecs_sessions` WHERE sesskey = 'dde95ea9a8b7ca232276f357792220b9'

SELECT code, value FROM `wsc20`.`ecs_shop_config` WHERE parent_id > 0

SELECT COUNT(*) FROM `wsc20`.`ecs_order_info` WHERE add_time >= '1461287399'

SELECT COUNT(*) FROM `wsc20`.`ecs_order_info` WHERE pay_time >= 1461287399

UPDATE `wsc20`.`ecs_sessions` SET expiry = '1461316379', ip = '192.168.1.18', userid = '0', adminid = '1', user_name='0', user_rank='0', discount='0', email='0', data = 'a:4:{s:10:\"admin_name\";s:5:\"admin\";s:11:\"action_list\";s:3:\"all\";s:10:\"last_check\";i:1461287579;s:12:\"suppliers_id\";s:1:\"0\";}' WHERE sesskey = 'dde95ea9a8b7ca232276f357792220b9' LIMIT 1

SELECT userid, adminid, user_name, user_rank, discount, email, data, expiry FROM `wsc20`.`ecs_sessions` WHERE sesskey = 'dde95ea9a8b7ca232276f357792220b9'

SELECT code, value FROM `wsc20`.`ecs_shop_config` WHERE parent_id > 0

SELECT COUNT(*) FROM `wsc20`.`ecs_order_info` WHERE add_time >= '1461287579'

SELECT COUNT(*) FROM `wsc20`.`ecs_order_info` WHERE pay_time >= 1461287579

UPDATE `wsc20`.`ecs_sessions` SET expiry = '1461316559', ip = '192.168.1.18', userid = '0', adminid = '1', user_name='0', user_rank='0', discount='0', email='0', data = 'a:4:{s:10:\"admin_name\";s:5:\"admin\";s:11:\"action_list\";s:3:\"all\";s:10:\"last_check\";i:1461287759;s:12:\"suppliers_id\";s:1:\"0\";}' WHERE sesskey = 'dde95ea9a8b7ca232276f357792220b9' LIMIT 1

DELETE FROM `wsc20`.`ecs_sessions_data` WHERE expiry < 1461314759

SELECT userid, adminid, user_name, user_rank, discount, email, data, expiry FROM `wsc20`.`ecs_sessions` WHERE sesskey = 'dde95ea9a8b7ca232276f357792220b9'

SELECT code, value FROM `wsc20`.`ecs_shop_config` WHERE parent_id > 0

SELECT COUNT(*) FROM `wsc20`.`ecs_order_info` WHERE add_time >= '1461287759'

SELECT COUNT(*) FROM `wsc20`.`ecs_order_info` WHERE pay_time >= 1461287759

UPDATE `wsc20`.`ecs_sessions` SET expiry = '1461316740', ip = '192.168.1.18', userid = '0', adminid = '1', user_name='0', user_rank='0', discount='0', email='0', data = 'a:4:{s:10:\"admin_name\";s:5:\"admin\";s:11:\"action_list\";s:3:\"all\";s:10:\"last_check\";i:1461287940;s:12:\"suppliers_id\";s:1:\"0\";}' WHERE sesskey = 'dde95ea9a8b7ca232276f357792220b9' LIMIT 1

DELETE FROM `wsc20`.`ecs_sessions` WHERE expiry < 1461314940

SELECT userid, adminid, user_name, user_rank, discount, email, data, expiry FROM `wsc20`.`ecs_sessions` WHERE sesskey = 'dde95ea9a8b7ca232276f357792220b9'

SELECT code, value FROM `wsc20`.`ecs_shop_config` WHERE parent_id > 0

SELECT COUNT(*) FROM `wsc20`.`ecs_order_info` WHERE add_time >= '1461287940'

SELECT COUNT(*) FROM `wsc20`.`ecs_order_info` WHERE pay_time >= 1461287940

UPDATE `wsc20`.`ecs_sessions` SET expiry = '1461316920', ip = '192.168.1.18', userid = '0', adminid = '1', user_name='0', user_rank='0', discount='0', email='0', data = 'a:4:{s:10:\"admin_name\";s:5:\"admin\";s:11:\"action_list\";s:3:\"all\";s:10:\"last_check\";i:1461288120;s:12:\"suppliers_id\";s:1:\"0\";}' WHERE sesskey = 'dde95ea9a8b7ca232276f357792220b9' LIMIT 1

DELETE FROM `wsc20`.`ecs_sessions` WHERE expiry < 1461315120

SELECT userid, adminid, user_name, user_rank, discount, email, data, expiry FROM `wsc20`.`ecs_sessions` WHERE sesskey = 'dde95ea9a8b7ca232276f357792220b9'

SELECT code, value FROM `wsc20`.`ecs_shop_config` WHERE parent_id > 0

SELECT COUNT(*) FROM `wsc20`.`ecs_order_info` WHERE add_time >= '1461288120'

SELECT COUNT(*) FROM `wsc20`.`ecs_order_info` WHERE pay_time >= 1461288120

UPDATE `wsc20`.`ecs_sessions` SET expiry = '1461317101', ip = '192.168.1.18', userid = '0', adminid = '1', user_name='0', user_rank='0', discount='0', email='0', data = 'a:4:{s:10:\"admin_name\";s:5:\"admin\";s:11:\"action_list\";s:3:\"all\";s:10:\"last_check\";i:1461288301;s:12:\"suppliers_id\";s:1:\"0\";}' WHERE sesskey = 'dde95ea9a8b7ca232276f357792220b9' LIMIT 1

SELECT userid, adminid, user_name, user_rank, discount, email, data, expiry FROM `wsc20`.`ecs_sessions` WHERE sesskey = 'dde95ea9a8b7ca232276f357792220b9'

SELECT code, value FROM `wsc20`.`ecs_shop_config` WHERE parent_id > 0

SELECT COUNT(*) FROM `wsc20`.`ecs_order_info` WHERE add_time >= '1461288301'

SELECT COUNT(*) FROM `wsc20`.`ecs_order_info` WHERE pay_time >= 1461288301

UPDATE `wsc20`.`ecs_sessions` SET expiry = '1461317281', ip = '192.168.1.18', userid = '0', adminid = '1', user_name='0', user_rank='0', discount='0', email='0', data = 'a:4:{s:10:\"admin_name\";s:5:\"admin\";s:11:\"action_list\";s:3:\"all\";s:10:\"last_check\";i:1461288481;s:12:\"suppliers_id\";s:1:\"0\";}' WHERE sesskey = 'dde95ea9a8b7ca232276f357792220b9' LIMIT 1

DELETE FROM `wsc20`.`ecs_sessions_data` WHERE expiry < 1461315481

SELECT userid, adminid, user_name, user_rank, discount, email, data, expiry FROM `wsc20`.`ecs_sessions` WHERE sesskey = 'dde95ea9a8b7ca232276f357792220b9'

SELECT code, value FROM `wsc20`.`ecs_shop_config` WHERE parent_id > 0

SELECT COUNT(*) FROM `wsc20`.`ecs_order_info` WHERE add_time >= '1461288481'

SELECT COUNT(*) FROM `wsc20`.`ecs_order_info` WHERE pay_time >= 1461288481

UPDATE `wsc20`.`ecs_sessions` SET expiry = '1461317461', ip = '192.168.1.18', userid = '0', adminid = '1', user_name='0', user_rank='0', discount='0', email='0', data = 'a:4:{s:10:\"admin_name\";s:5:\"admin\";s:11:\"action_list\";s:3:\"all\";s:10:\"last_check\";i:1461288661;s:12:\"suppliers_id\";s:1:\"0\";}' WHERE sesskey = 'dde95ea9a8b7ca232276f357792220b9' LIMIT 1

SELECT userid, adminid, user_name, user_rank, discount, email, data, expiry FROM `wsc20`.`ecs_sessions` WHERE sesskey = 'dde95ea9a8b7ca232276f357792220b9'

SELECT code, value FROM `wsc20`.`ecs_shop_config` WHERE parent_id > 0

SELECT COUNT(*) FROM `wsc20`.`ecs_order_info` WHERE add_time >= '1461288661'

SELECT COUNT(*) FROM `wsc20`.`ecs_order_info` WHERE pay_time >= 1461288661

UPDATE `wsc20`.`ecs_sessions` SET expiry = '1461317641', ip = '192.168.1.18', userid = '0', adminid = '1', user_name='0', user_rank='0', discount='0', email='0', data = 'a:4:{s:10:\"admin_name\";s:5:\"admin\";s:11:\"action_list\";s:3:\"all\";s:10:\"last_check\";i:1461288841;s:12:\"suppliers_id\";s:1:\"0\";}' WHERE sesskey = 'dde95ea9a8b7ca232276f357792220b9' LIMIT 1

SELECT userid, adminid, user_name, user_rank, discount, email, data, expiry FROM `wsc20`.`ecs_sessions` WHERE sesskey = 'dde95ea9a8b7ca232276f357792220b9'

SELECT code, value FROM `wsc20`.`ecs_shop_config` WHERE parent_id > 0

SELECT COUNT(*) FROM `wsc20`.`ecs_order_info` WHERE add_time >= '1461288841'

SELECT COUNT(*) FROM `wsc20`.`ecs_order_info` WHERE pay_time >= 1461288841

UPDATE `wsc20`.`ecs_sessions` SET expiry = '1461317821', ip = '192.168.1.18', userid = '0', adminid = '1', user_name='0', user_rank='0', discount='0', email='0', data = 'a:4:{s:10:\"admin_name\";s:5:\"admin\";s:11:\"action_list\";s:3:\"all\";s:10:\"last_check\";i:1461289021;s:12:\"suppliers_id\";s:1:\"0\";}' WHERE sesskey = 'dde95ea9a8b7ca232276f357792220b9' LIMIT 1

SELECT userid, adminid, user_name, user_rank, discount, email, data, expiry FROM `wsc20`.`ecs_sessions` WHERE sesskey = 'dde95ea9a8b7ca232276f357792220b9'

SELECT code, value FROM `wsc20`.`ecs_shop_config` WHERE parent_id > 0

SELECT COUNT(*) FROM `wsc20`.`ecs_order_info` WHERE add_time >= '1461289021'

SELECT COUNT(*) FROM `wsc20`.`ecs_order_info` WHERE pay_time >= 1461289021

UPDATE `wsc20`.`ecs_sessions` SET expiry = '1461318002', ip = '192.168.1.18', userid = '0', adminid = '1', user_name='0', user_rank='0', discount='0', email='0', data = 'a:4:{s:10:\"admin_name\";s:5:\"admin\";s:11:\"action_list\";s:3:\"all\";s:10:\"last_check\";i:1461289202;s:12:\"suppliers_id\";s:1:\"0\";}' WHERE sesskey = 'dde95ea9a8b7ca232276f357792220b9' LIMIT 1

DELETE FROM `wsc20`.`ecs_sessions` WHERE expiry < 1461316202

SELECT userid, adminid, user_name, user_rank, discount, email, data, expiry FROM `wsc20`.`ecs_sessions` WHERE sesskey = 'dde95ea9a8b7ca232276f357792220b9'

SELECT code, value FROM `wsc20`.`ecs_shop_config` WHERE parent_id > 0

SELECT COUNT(*) FROM `wsc20`.`ecs_order_info` WHERE add_time >= '1461289202'

SELECT COUNT(*) FROM `wsc20`.`ecs_order_info` WHERE pay_time >= 1461289202

UPDATE `wsc20`.`ecs_sessions` SET expiry = '1461318182', ip = '192.168.1.18', userid = '0', adminid = '1', user_name='0', user_rank='0', discount='0', email='0', data = 'a:4:{s:10:\"admin_name\";s:5:\"admin\";s:11:\"action_list\";s:3:\"all\";s:10:\"last_check\";i:1461289382;s:12:\"suppliers_id\";s:1:\"0\";}' WHERE sesskey = 'dde95ea9a8b7ca232276f357792220b9' LIMIT 1

DELETE FROM `wsc20`.`ecs_sessions` WHERE expiry < 1461316382

SELECT userid, adminid, user_name, user_rank, discount, email, data, expiry FROM `wsc20`.`ecs_sessions` WHERE sesskey = 'dde95ea9a8b7ca232276f357792220b9'

SELECT code, value FROM `wsc20`.`ecs_shop_config` WHERE parent_id > 0

SELECT COUNT(*) FROM `wsc20`.`ecs_order_info` WHERE add_time >= '1461289382'

SELECT COUNT(*) FROM `wsc20`.`ecs_order_info` WHERE pay_time >= 1461289382

UPDATE `wsc20`.`ecs_sessions` SET expiry = '1461318362', ip = '192.168.1.18', userid = '0', adminid = '1', user_name='0', user_rank='0', discount='0', email='0', data = 'a:4:{s:10:\"admin_name\";s:5:\"admin\";s:11:\"action_list\";s:3:\"all\";s:10:\"last_check\";i:1461289562;s:12:\"suppliers_id\";s:1:\"0\";}' WHERE sesskey = 'dde95ea9a8b7ca232276f357792220b9' LIMIT 1

DELETE FROM `wsc20`.`ecs_sessions` WHERE expiry < 1461316562

SELECT userid, adminid, user_name, user_rank, discount, email, data, expiry FROM `wsc20`.`ecs_sessions` WHERE sesskey = 'dde95ea9a8b7ca232276f357792220b9'

SELECT code, value FROM `wsc20`.`ecs_shop_config` WHERE parent_id > 0

SELECT COUNT(*) FROM `wsc20`.`ecs_order_info` WHERE add_time >= '1461289562'

SELECT COUNT(*) FROM `wsc20`.`ecs_order_info` WHERE pay_time >= 1461289562

UPDATE `wsc20`.`ecs_sessions` SET expiry = '1461318542', ip = '192.168.1.18', userid = '0', adminid = '1', user_name='0', user_rank='0', discount='0', email='0', data = 'a:4:{s:10:\"admin_name\";s:5:\"admin\";s:11:\"action_list\";s:3:\"all\";s:10:\"last_check\";i:1461289742;s:12:\"suppliers_id\";s:1:\"0\";}' WHERE sesskey = 'dde95ea9a8b7ca232276f357792220b9' LIMIT 1

DELETE FROM `wsc20`.`ecs_sessions_data` WHERE expiry < 1461316742

DELETE FROM `wsc20`.`ecs_sessions` WHERE expiry < 1461316742

SELECT userid, adminid, user_name, user_rank, discount, email, data, expiry FROM `wsc20`.`ecs_sessions` WHERE sesskey = 'dde95ea9a8b7ca232276f357792220b9'

SELECT code, value FROM `wsc20`.`ecs_shop_config` WHERE parent_id > 0

SELECT COUNT(*) FROM `wsc20`.`ecs_order_info` WHERE add_time >= '1461289742'

SELECT COUNT(*) FROM `wsc20`.`ecs_order_info` WHERE pay_time >= 1461289742

UPDATE `wsc20`.`ecs_sessions` SET expiry = '1461318722', ip = '192.168.1.18', userid = '0', adminid = '1', user_name='0', user_rank='0', discount='0', email='0', data = 'a:4:{s:10:\"admin_name\";s:5:\"admin\";s:11:\"action_list\";s:3:\"all\";s:10:\"last_check\";i:1461289922;s:12:\"suppliers_id\";s:1:\"0\";}' WHERE sesskey = 'dde95ea9a8b7ca232276f357792220b9' LIMIT 1

DELETE FROM `wsc20`.`ecs_sessions_data` WHERE expiry < 1461316922

DELETE FROM `wsc20`.`ecs_sessions` WHERE expiry < 1461316922

SELECT userid, adminid, user_name, user_rank, discount, email, data, expiry FROM `wsc20`.`ecs_sessions` WHERE sesskey = 'dde95ea9a8b7ca232276f357792220b9'

SELECT code, value FROM `wsc20`.`ecs_shop_config` WHERE parent_id > 0

SELECT COUNT(*) FROM `wsc20`.`ecs_order_info` WHERE add_time >= '1461289922'

SELECT COUNT(*) FROM `wsc20`.`ecs_order_info` WHERE pay_time >= 1461289922

UPDATE `wsc20`.`ecs_sessions` SET expiry = '1461318902', ip = '192.168.1.18', userid = '0', adminid = '1', user_name='0', user_rank='0', discount='0', email='0', data = 'a:4:{s:10:\"admin_name\";s:5:\"admin\";s:11:\"action_list\";s:3:\"all\";s:10:\"last_check\";i:1461290102;s:12:\"suppliers_id\";s:1:\"0\";}' WHERE sesskey = 'dde95ea9a8b7ca232276f357792220b9' LIMIT 1

DELETE FROM `wsc20`.`ecs_sessions` WHERE expiry < 1461317102

SELECT userid, adminid, user_name, user_rank, discount, email, data, expiry FROM `wsc20`.`ecs_sessions` WHERE sesskey = 'dde95ea9a8b7ca232276f357792220b9'

SELECT code, value FROM `wsc20`.`ecs_shop_config` WHERE parent_id > 0

SELECT COUNT(*) FROM `wsc20`.`ecs_order_info` WHERE add_time >= '1461290102'

SELECT COUNT(*) FROM `wsc20`.`ecs_order_info` WHERE pay_time >= 1461290102

UPDATE `wsc20`.`ecs_sessions` SET expiry = '1461319082', ip = '192.168.1.18', userid = '0', adminid = '1', user_name='0', user_rank='0', discount='0', email='0', data = 'a:4:{s:10:\"admin_name\";s:5:\"admin\";s:11:\"action_list\";s:3:\"all\";s:10:\"last_check\";i:1461290282;s:12:\"suppliers_id\";s:1:\"0\";}' WHERE sesskey = 'dde95ea9a8b7ca232276f357792220b9' LIMIT 1

DELETE FROM `wsc20`.`ecs_sessions_data` WHERE expiry < 1461317282

DELETE FROM `wsc20`.`ecs_sessions` WHERE expiry < 1461317282

SELECT userid, adminid, user_name, user_rank, discount, email, data, expiry FROM `wsc20`.`ecs_sessions` WHERE sesskey = 'dde95ea9a8b7ca232276f357792220b9'

SELECT code, value FROM `wsc20`.`ecs_shop_config` WHERE parent_id > 0

SELECT COUNT(*) FROM `wsc20`.`ecs_order_info` WHERE add_time >= '1461290282'

SELECT COUNT(*) FROM `wsc20`.`ecs_order_info` WHERE pay_time >= 1461290282

UPDATE `wsc20`.`ecs_sessions` SET expiry = '1461319263', ip = '192.168.1.18', userid = '0', adminid = '1', user_name='0', user_rank='0', discount='0', email='0', data = 'a:4:{s:10:\"admin_name\";s:5:\"admin\";s:11:\"action_list\";s:3:\"all\";s:10:\"last_check\";i:1461290463;s:12:\"suppliers_id\";s:1:\"0\";}' WHERE sesskey = 'dde95ea9a8b7ca232276f357792220b9' LIMIT 1

SELECT userid, adminid, user_name, user_rank, discount, email, data, expiry FROM `wsc20`.`ecs_sessions` WHERE sesskey = 'dde95ea9a8b7ca232276f357792220b9'

SELECT code, value FROM `wsc20`.`ecs_shop_config` WHERE parent_id > 0

SELECT COUNT(*) FROM `wsc20`.`ecs_order_info` WHERE add_time >= '1461290463'

SELECT COUNT(*) FROM `wsc20`.`ecs_order_info` WHERE pay_time >= 1461290463

UPDATE `wsc20`.`ecs_sessions` SET expiry = '1461319443', ip = '192.168.1.18', userid = '0', adminid = '1', user_name='0', user_rank='0', discount='0', email='0', data = 'a:4:{s:10:\"admin_name\";s:5:\"admin\";s:11:\"action_list\";s:3:\"all\";s:10:\"last_check\";i:1461290643;s:12:\"suppliers_id\";s:1:\"0\";}' WHERE sesskey = 'dde95ea9a8b7ca232276f357792220b9' LIMIT 1

SELECT userid, adminid, user_name, user_rank, discount, email, data, expiry FROM `wsc20`.`ecs_sessions` WHERE sesskey = 'dde95ea9a8b7ca232276f357792220b9'

SELECT code, value FROM `wsc20`.`ecs_shop_config` WHERE parent_id > 0

SELECT COUNT(*) FROM `wsc20`.`ecs_order_info` WHERE add_time >= '1461290643'

SELECT COUNT(*) FROM `wsc20`.`ecs_order_info` WHERE pay_time >= 1461290643

UPDATE `wsc20`.`ecs_sessions` SET expiry = '1461319624', ip = '192.168.1.18', userid = '0', adminid = '1', user_name='0', user_rank='0', discount='0', email='0', data = 'a:4:{s:10:\"admin_name\";s:5:\"admin\";s:11:\"action_list\";s:3:\"all\";s:10:\"last_check\";i:1461290824;s:12:\"suppliers_id\";s:1:\"0\";}' WHERE sesskey = 'dde95ea9a8b7ca232276f357792220b9' LIMIT 1

DELETE FROM `wsc20`.`ecs_sessions` WHERE expiry < 1461317824

SELECT userid, adminid, user_name, user_rank, discount, email, data, expiry FROM `wsc20`.`ecs_sessions` WHERE sesskey = 'dde95ea9a8b7ca232276f357792220b9'

SELECT code, value FROM `wsc20`.`ecs_shop_config` WHERE parent_id > 0

SELECT COUNT(*) FROM `wsc20`.`ecs_order_info` WHERE add_time >= '1461290824'

SELECT COUNT(*) FROM `wsc20`.`ecs_order_info` WHERE pay_time >= 1461290824

UPDATE `wsc20`.`ecs_sessions` SET expiry = '1461319804', ip = '192.168.1.18', userid = '0', adminid = '1', user_name='0', user_rank='0', discount='0', email='0', data = 'a:4:{s:10:\"admin_name\";s:5:\"admin\";s:11:\"action_list\";s:3:\"all\";s:10:\"last_check\";i:1461291004;s:12:\"suppliers_id\";s:1:\"0\";}' WHERE sesskey = 'dde95ea9a8b7ca232276f357792220b9' LIMIT 1

DELETE FROM `wsc20`.`ecs_sessions` WHERE expiry < 1461318004

SELECT userid, adminid, user_name, user_rank, discount, email, data, expiry FROM `wsc20`.`ecs_sessions` WHERE sesskey = 'dde95ea9a8b7ca232276f357792220b9'

SELECT code, value FROM `wsc20`.`ecs_shop_config` WHERE parent_id > 0

SELECT COUNT(*) FROM `wsc20`.`ecs_order_info` WHERE add_time >= '1461291004'

SELECT COUNT(*) FROM `wsc20`.`ecs_order_info` WHERE pay_time >= 1461291004

UPDATE `wsc20`.`ecs_sessions` SET expiry = '1461319984', ip = '192.168.1.18', userid = '0', adminid = '1', user_name='0', user_rank='0', discount='0', email='0', data = 'a:4:{s:10:\"admin_name\";s:5:\"admin\";s:11:\"action_list\";s:3:\"all\";s:10:\"last_check\";i:1461291184;s:12:\"suppliers_id\";s:1:\"0\";}' WHERE sesskey = 'dde95ea9a8b7ca232276f357792220b9' LIMIT 1

DELETE FROM `wsc20`.`ecs_sessions` WHERE expiry < 1461318184

SELECT userid, adminid, user_name, user_rank, discount, email, data, expiry FROM `wsc20`.`ecs_sessions` WHERE sesskey = 'dde95ea9a8b7ca232276f357792220b9'

SELECT code, value FROM `wsc20`.`ecs_shop_config` WHERE parent_id > 0

SELECT COUNT(*) FROM `wsc20`.`ecs_order_info` WHERE add_time >= '1461291184'

SELECT COUNT(*) FROM `wsc20`.`ecs_order_info` WHERE pay_time >= 1461291184

UPDATE `wsc20`.`ecs_sessions` SET expiry = '1461320164', ip = '192.168.1.18', userid = '0', adminid = '1', user_name='0', user_rank='0', discount='0', email='0', data = 'a:4:{s:10:\"admin_name\";s:5:\"admin\";s:11:\"action_list\";s:3:\"all\";s:10:\"last_check\";i:1461291364;s:12:\"suppliers_id\";s:1:\"0\";}' WHERE sesskey = 'dde95ea9a8b7ca232276f357792220b9' LIMIT 1

DELETE FROM `wsc20`.`ecs_sessions` WHERE expiry < 1461318364

SELECT userid, adminid, user_name, user_rank, discount, email, data, expiry FROM `wsc20`.`ecs_sessions` WHERE sesskey = 'dde95ea9a8b7ca232276f357792220b9'

SELECT code, value FROM `wsc20`.`ecs_shop_config` WHERE parent_id > 0

SELECT COUNT(*) FROM `wsc20`.`ecs_order_info` WHERE add_time >= '1461291364'

SELECT COUNT(*) FROM `wsc20`.`ecs_order_info` WHERE pay_time >= 1461291364

UPDATE `wsc20`.`ecs_sessions` SET expiry = '1461320344', ip = '192.168.1.18', userid = '0', adminid = '1', user_name='0', user_rank='0', discount='0', email='0', data = 'a:4:{s:10:\"admin_name\";s:5:\"admin\";s:11:\"action_list\";s:3:\"all\";s:10:\"last_check\";i:1461291544;s:12:\"suppliers_id\";s:1:\"0\";}' WHERE sesskey = 'dde95ea9a8b7ca232276f357792220b9' LIMIT 1

DELETE FROM `wsc20`.`ecs_sessions_data` WHERE expiry < 1461318544

DELETE FROM `wsc20`.`ecs_sessions` WHERE expiry < 1461318544

SELECT userid, adminid, user_name, user_rank, discount, email, data, expiry FROM `wsc20`.`ecs_sessions` WHERE sesskey = 'dde95ea9a8b7ca232276f357792220b9'

SELECT code, value FROM `wsc20`.`ecs_shop_config` WHERE parent_id > 0

SELECT COUNT(*) FROM `wsc20`.`ecs_order_info` WHERE add_time >= '1461291544'

SELECT COUNT(*) FROM `wsc20`.`ecs_order_info` WHERE pay_time >= 1461291544

UPDATE `wsc20`.`ecs_sessions` SET expiry = '1461320524', ip = '192.168.1.18', userid = '0', adminid = '1', user_name='0', user_rank='0', discount='0', email='0', data = 'a:4:{s:10:\"admin_name\";s:5:\"admin\";s:11:\"action_list\";s:3:\"all\";s:10:\"last_check\";i:1461291724;s:12:\"suppliers_id\";s:1:\"0\";}' WHERE sesskey = 'dde95ea9a8b7ca232276f357792220b9' LIMIT 1

DELETE FROM `wsc20`.`ecs_sessions_data` WHERE expiry < 1461318724

DELETE FROM `wsc20`.`ecs_sessions` WHERE expiry < 1461318724

SELECT userid, adminid, user_name, user_rank, discount, email, data, expiry FROM `wsc20`.`ecs_sessions` WHERE sesskey = 'dde95ea9a8b7ca232276f357792220b9'

SELECT code, value FROM `wsc20`.`ecs_shop_config` WHERE parent_id > 0

SELECT COUNT(*) FROM `wsc20`.`ecs_order_info` WHERE add_time >= '1461291724'

SELECT COUNT(*) FROM `wsc20`.`ecs_order_info` WHERE pay_time >= 1461291724

UPDATE `wsc20`.`ecs_sessions` SET expiry = '1461320704', ip = '192.168.1.18', userid = '0', adminid = '1', user_name='0', user_rank='0', discount='0', email='0', data = 'a:4:{s:10:\"admin_name\";s:5:\"admin\";s:11:\"action_list\";s:3:\"all\";s:10:\"last_check\";i:1461291904;s:12:\"suppliers_id\";s:1:\"0\";}' WHERE sesskey = 'dde95ea9a8b7ca232276f357792220b9' LIMIT 1

DELETE FROM `wsc20`.`ecs_sessions` WHERE expiry < 1461318904

SELECT userid, adminid, user_name, user_rank, discount, email, data, expiry FROM `wsc20`.`ecs_sessions` WHERE sesskey = 'dde95ea9a8b7ca232276f357792220b9'

SELECT code, value FROM `wsc20`.`ecs_shop_config` WHERE parent_id > 0

SELECT COUNT(*) FROM `wsc20`.`ecs_order_info` WHERE add_time >= '1461291904'

SELECT COUNT(*) FROM `wsc20`.`ecs_order_info` WHERE pay_time >= 1461291904

UPDATE `wsc20`.`ecs_sessions` SET expiry = '1461320884', ip = '192.168.1.18', userid = '0', adminid = '1', user_name='0', user_rank='0', discount='0', email='0', data = 'a:4:{s:10:\"admin_name\";s:5:\"admin\";s:11:\"action_list\";s:3:\"all\";s:10:\"last_check\";i:1461292084;s:12:\"suppliers_id\";s:1:\"0\";}' WHERE sesskey = 'dde95ea9a8b7ca232276f357792220b9' LIMIT 1

DELETE FROM `wsc20`.`ecs_sessions` WHERE expiry < 1461319084

SELECT userid, adminid, user_name, user_rank, discount, email, data, expiry FROM `wsc20`.`ecs_sessions` WHERE sesskey = 'dde95ea9a8b7ca232276f357792220b9'

SELECT code, value FROM `wsc20`.`ecs_shop_config` WHERE parent_id > 0

SELECT COUNT(*) FROM `wsc20`.`ecs_order_info` WHERE add_time >= '1461292084'

SELECT COUNT(*) FROM `wsc20`.`ecs_order_info` WHERE pay_time >= 1461292084

UPDATE `wsc20`.`ecs_sessions` SET expiry = '1461321064', ip = '192.168.1.18', userid = '0', adminid = '1', user_name='0', user_rank='0', discount='0', email='0', data = 'a:4:{s:10:\"admin_name\";s:5:\"admin\";s:11:\"action_list\";s:3:\"all\";s:10:\"last_check\";i:1461292264;s:12:\"suppliers_id\";s:1:\"0\";}' WHERE sesskey = 'dde95ea9a8b7ca232276f357792220b9' LIMIT 1

DELETE FROM `wsc20`.`ecs_sessions` WHERE expiry < 1461319264

SELECT userid, adminid, user_name, user_rank, discount, email, data, expiry FROM `wsc20`.`ecs_sessions` WHERE sesskey = 'dde95ea9a8b7ca232276f357792220b9'

SELECT code, value FROM `wsc20`.`ecs_shop_config` WHERE parent_id > 0

SELECT COUNT(*) FROM `wsc20`.`ecs_order_info` WHERE add_time >= '1461292264'

SELECT COUNT(*) FROM `wsc20`.`ecs_order_info` WHERE pay_time >= 1461292264

UPDATE `wsc20`.`ecs_sessions` SET expiry = '1461321244', ip = '192.168.1.18', userid = '0', adminid = '1', user_name='0', user_rank='0', discount='0', email='0', data = 'a:4:{s:10:\"admin_name\";s:5:\"admin\";s:11:\"action_list\";s:3:\"all\";s:10:\"last_check\";i:1461292444;s:12:\"suppliers_id\";s:1:\"0\";}' WHERE sesskey = 'dde95ea9a8b7ca232276f357792220b9' LIMIT 1

DELETE FROM `wsc20`.`ecs_sessions` WHERE expiry < 1461319444

SELECT userid, adminid, user_name, user_rank, discount, email, data, expiry FROM `wsc20`.`ecs_sessions` WHERE sesskey = 'dde95ea9a8b7ca232276f357792220b9'

SELECT code, value FROM `wsc20`.`ecs_shop_config` WHERE parent_id > 0

SELECT COUNT(*) FROM `wsc20`.`ecs_order_info` WHERE add_time >= '1461292444'

SELECT COUNT(*) FROM `wsc20`.`ecs_order_info` WHERE pay_time >= 1461292444

UPDATE `wsc20`.`ecs_sessions` SET expiry = '1461321424', ip = '192.168.1.18', userid = '0', adminid = '1', user_name='0', user_rank='0', discount='0', email='0', data = 'a:4:{s:10:\"admin_name\";s:5:\"admin\";s:11:\"action_list\";s:3:\"all\";s:10:\"last_check\";i:1461292624;s:12:\"suppliers_id\";s:1:\"0\";}' WHERE sesskey = 'dde95ea9a8b7ca232276f357792220b9' LIMIT 1

DELETE FROM `wsc20`.`ecs_sessions_data` WHERE expiry < 1461319624

DELETE FROM `wsc20`.`ecs_sessions` WHERE expiry < 1461319624

