SELECT userid, adminid, user_name, user_rank, discount, email, data, expiry FROM `wsc20`.`ecs_sessions` WHERE sesskey = '3a4b6d7dc5f932d9288dd8788d59e7b3'

SELECT code, value FROM `wsc20`.`ecs_shop_config` WHERE parent_id > 0

UPDATE `wsc20`.`ecs_sessions` SET expiry = '1460955049', ip = '192.168.1.18', userid = '0', adminid = '1', user_name='0', user_rank='0', discount='0', email='0', data = 'a:5:{s:10:\"admin_name\";s:5:\"admin\";s:11:\"action_list\";s:3:\"all\";s:10:\"last_check\";i:1460926019;s:12:\"suppliers_id\";s:1:\"0\";s:9:\"user_list\";a:0:{}}' WHERE sesskey = '3a4b6d7dc5f932d9288dd8788d59e7b3' LIMIT 1

SELECT userid, adminid, user_name, user_rank, discount, email, data, expiry FROM `wsc20`.`ecs_sessions` WHERE sesskey = '3a4b6d7dc5f932d9288dd8788d59e7b3'

SELECT code, value FROM `wsc20`.`ecs_shop_config` WHERE parent_id > 0

SELECT `ec_salt` FROM `wsc20`.`ecs_admin_user`WHERE user_name = 'admin'

SELECT user_id, user_name, password, last_login, action_list, last_login,suppliers_id,ec_salt FROM `wsc20`.`ecs_admin_user` WHERE user_name = 'admin' AND password = 'f5665a35948d42fd1df7d6caba55eec3'

UPDATE `wsc20`.`ecs_admin_user` SET last_login='1460926253', last_ip='192.168.1.18' WHERE user_id='1'

SELECT DISTINCT session_id FROM `wsc20`.`ecs_cart` AS c, `wsc20`.`ecs_sessions` AS s WHERE c.session_id = s.sesskey 

DELETE FROM `wsc20`.`ecs_cart` WHERE session_id NOT  IN ('') 

UPDATE `wsc20`.`ecs_sessions` SET expiry = '1460955053', ip = '192.168.1.18', userid = '0', adminid = '1', user_name='0', user_rank='0', discount='0', email='0', data = 'a:5:{s:10:\"admin_name\";s:5:\"admin\";s:11:\"action_list\";s:3:\"all\";s:10:\"last_check\";s:10:\"1460926018\";s:12:\"suppliers_id\";s:1:\"0\";s:9:\"user_list\";a:0:{}}' WHERE sesskey = '3a4b6d7dc5f932d9288dd8788d59e7b3' LIMIT 1

DELETE FROM `wsc20`.`ecs_sessions_data` WHERE expiry < 1460953253

SELECT userid, adminid, user_name, user_rank, discount, email, data, expiry FROM `wsc20`.`ecs_sessions` WHERE sesskey = '3a4b6d7dc5f932d9288dd8788d59e7b3'

SELECT code, value FROM `wsc20`.`ecs_shop_config` WHERE parent_id > 0

DELETE FROM `wsc20`.`ecs_sessions` WHERE expiry < 1460953254

SELECT userid, adminid, user_name, user_rank, discount, email, data, expiry FROM `wsc20`.`ecs_sessions` WHERE sesskey = '3a4b6d7dc5f932d9288dd8788d59e7b3'

SELECT code, value FROM `wsc20`.`ecs_shop_config` WHERE parent_id > 0

SELECT message_id, sender_id, receiver_id, sent_time, readed, deleted, title, message, user_name FROM `wsc20`.`ecs_admin_message` AS a, `wsc20`.`ecs_admin_user` AS b WHERE a.sender_id = b.user_id AND a.receiver_id = '1' AND a.readed = 0 AND deleted = 0 ORDER BY a.sent_time DESC

SELECT pay_id, is_cod FROM `wsc20`.`ecs_payment` WHERE enabled = 1

SELECT COUNT(*) FROM `wsc20`.`ecs_order_info` WHERE 1  AND order_status  IN ('1','5')  AND shipping_status  IN ('1','2')  AND pay_status  IN ('2','1')  

SELECT pay_id FROM `wsc20`.`ecs_payment` WHERE is_cod = 1

SELECT COUNT(*) FROM `wsc20`.`ecs_order_info` WHERE 1  AND   order_status  IN ('1','5','6')  AND   shipping_status  IN ('0','3','5')  AND ( pay_status  IN ('2','1')  OR pay_id  IN ('') ) 

SELECT pay_id FROM `wsc20`.`ecs_payment` WHERE is_cod = 0

SELECT COUNT(*) FROM `wsc20`.`ecs_order_info` WHERE 1  AND   order_status  IN ('1','5')  AND   pay_status = '0' AND ( shipping_status  IN ('1','2')  OR pay_id  IN ('') ) 

SELECT COUNT(*) FROM `wsc20`.`ecs_order_info` WHERE 1  AND order_status = '0' 

SELECT COUNT(*) FROM `wsc20`.`ecs_order_info` WHERE  shipping_status=4

SELECT COUNT(*) AS oCount, IFNULL(SUM(order_amount), 0) AS oAmount FROM `wsc20`.`ecs_order_info`

SELECT COUNT(*) FROM `wsc20`.`ecs_goods` WHERE is_delete = 0 AND is_alone_sale = 1 AND is_real = 1

SELECT COUNT(*) FROM `wsc20`.`ecs_goods` WHERE is_delete = 0 AND is_alone_sale = 1 AND is_real=0 AND extension_code='virtual_card'

SELECT COUNT(*) FROM `wsc20`.`ecs_goods` WHERE is_delete = 0 AND is_new = 1 AND is_real = 1

SELECT COUNT(*) FROM `wsc20`.`ecs_goods` WHERE is_delete = 0 AND is_new = 1 AND is_real=0 AND extension_code='virtual_card'

SELECT COUNT(*) FROM `wsc20`.`ecs_goods` WHERE is_delete = 0 AND is_best = 1 AND is_real = 1

SELECT COUNT(*) FROM `wsc20`.`ecs_goods` WHERE is_delete = 0 AND is_best = 1 AND is_real=0 AND extension_code='virtual_card'

SELECT COUNT(*) FROM `wsc20`.`ecs_goods` WHERE is_delete = 0 AND is_hot = 1 AND is_real = 1

SELECT COUNT(*) FROM `wsc20`.`ecs_goods` WHERE is_delete = 0 AND is_hot = 1 AND is_real=0 AND extension_code='virtual_card'

SELECT COUNT(*) FROM `wsc20`.`ecs_goods` WHERE is_delete = 0 AND promote_price>0 AND promote_start_date <= '1460926254' AND promote_end_date >= '1460926254' AND is_real = 1

SELECT COUNT(*) FROM `wsc20`.`ecs_goods` WHERE is_delete = 0 AND promote_price>0 AND promote_start_date <= '1460926254' AND promote_end_date >= '1460926254' AND is_real=0 AND extension_code='virtual_card'

SELECT COUNT(*) FROM `wsc20`.`ecs_goods` WHERE is_delete = 0 AND goods_number <= warn_number AND is_real = 1

SELECT COUNT(*) FROM `wsc20`.`ecs_goods` WHERE is_delete = 0 AND goods_number <= warn_number AND is_real=0 AND extension_code='virtual_card'

SELECT COUNT(*) FROM `wsc20`.`ecs_stats` WHERE access_time > 1460880000

SELECT count(*) FROM `wsc20`.`ecs_sessions`

SELECT COUNT(f.msg_id) FROM `wsc20`.`ecs_feedback` AS f LEFT JOIN `wsc20`.`ecs_feedback` AS r ON r.parent_id=f.msg_id WHERE f.parent_id=0 AND ISNULL(r.msg_id) 

SELECT COUNT(*) FROM `wsc20`.`ecs_comment` WHERE status = 0 AND parent_id = 0

SELECT COUNT(*) FROM `wsc20`.`ecs_booking_goods` WHERE is_dispose = 0

SELECT COUNT(*) FROM `wsc20`.`ecs_user_account` WHERE process_type = 1 AND is_paid = 0 

DELETE FROM `wsc20`.`ecs_sessions_data` WHERE expiry < 1460953254

DELETE FROM `wsc20`.`ecs_sessions` WHERE expiry < 1460953254

SELECT userid, adminid, user_name, user_rank, discount, email, data, expiry FROM `wsc20`.`ecs_sessions` WHERE sesskey = '3a4b6d7dc5f932d9288dd8788d59e7b3'

SELECT code, value FROM `wsc20`.`ecs_shop_config` WHERE parent_id > 0

SELECT userid, adminid, user_name, user_rank, discount, email, data, expiry FROM `wsc20`.`ecs_sessions` WHERE sesskey = '3a4b6d7dc5f932d9288dd8788d59e7b3'

SELECT code, value FROM `wsc20`.`ecs_shop_config` WHERE parent_id > 0

SELECT COUNT(*) AS oCount, IFNULL(SUM(order_amount), 0) AS oAmount FROM `wsc20`.`ecs_order_info`

SELECT COUNT(*) FROM `wsc20`.`ecs_goods` WHERE is_delete = 0 AND is_alone_sale = 1 AND is_real = 1

SELECT COUNT(*) FROM `wsc20`.`ecs_users`

SELECT value FROM `wsc20`.`ecs_shop_config` WHERE code = 'template'

SELECT value FROM `wsc20`.`ecs_shop_config` WHERE code = 'stylename'

SELECT userid, adminid, user_name, user_rank, discount, email, data, expiry FROM `wsc20`.`ecs_sessions` WHERE sesskey = '3a4b6d7dc5f932d9288dd8788d59e7b3'

SELECT code, value FROM `wsc20`.`ecs_shop_config` WHERE parent_id > 0

SELECT COUNT(*) FROM `wsc20`.`ecs_order_info` WHERE add_time >= '1460926018'

SELECT COUNT(*) FROM `wsc20`.`ecs_order_info` WHERE pay_time >= 1460926018

UPDATE `wsc20`.`ecs_sessions` SET expiry = '1460955056', ip = '192.168.1.18', userid = '0', adminid = '1', user_name='0', user_rank='0', discount='0', email='0', data = 'a:5:{s:10:\"admin_name\";s:5:\"admin\";s:11:\"action_list\";s:3:\"all\";s:10:\"last_check\";i:1460926256;s:12:\"suppliers_id\";s:1:\"0\";s:9:\"user_list\";a:0:{}}' WHERE sesskey = '3a4b6d7dc5f932d9288dd8788d59e7b3' LIMIT 1

DELETE FROM `wsc20`.`ecs_sessions` WHERE expiry < 1460953256

SELECT userid, adminid, user_name, user_rank, discount, email, data, expiry FROM `wsc20`.`ecs_sessions` WHERE sesskey = '3a4b6d7dc5f932d9288dd8788d59e7b3'

SELECT code, value FROM `wsc20`.`ecs_shop_config` WHERE parent_id > 0

DELETE FROM `wsc20`.`ecs_template` WHERE 1  AND theme <> 'default' 

DELETE FROM `wsc20`.`ecs_sessions_data` WHERE expiry < 1460953257

DELETE FROM `wsc20`.`ecs_sessions` WHERE expiry < 1460953258

SELECT userid, adminid, user_name, user_rank, discount, email, data, expiry FROM `wsc20`.`ecs_sessions` WHERE sesskey = '3a4b6d7dc5f932d9288dd8788d59e7b3'

SELECT code, value FROM `wsc20`.`ecs_shop_config` WHERE parent_id > 0

SELECT userid, adminid, user_name, user_rank, discount, email, data, expiry FROM `wsc20`.`ecs_sessions` WHERE sesskey = '3a4b6d7dc5f932d9288dd8788d59e7b3'

SELECT code, value FROM `wsc20`.`ecs_shop_config` WHERE parent_id > 0

SHOW TABLES LIKE 'ecs\_%'

DELETE FROM `wsc20`.`ecs_sessions_data` WHERE expiry < 1460953267

SELECT userid, adminid, user_name, user_rank, discount, email, data, expiry FROM `wsc20`.`ecs_sessions` WHERE sesskey = '3a4b6d7dc5f932d9288dd8788d59e7b3'

SELECT code, value FROM `wsc20`.`ecs_shop_config` WHERE parent_id > 0

DELETE FROM `wsc20`.`ecs_template` WHERE 1  AND theme <> 'default' 

DELETE FROM `wsc20`.`ecs_sessions` WHERE expiry < 1460953270

SELECT userid, adminid, user_name, user_rank, discount, email, data, expiry FROM `wsc20`.`ecs_sessions` WHERE sesskey = '3a4b6d7dc5f932d9288dd8788d59e7b3'

SELECT code, value FROM `wsc20`.`ecs_shop_config` WHERE parent_id > 0

SELECT FLOOR((access_time - 1460275200) / (24 * 3600)) AS sn, access_time, COUNT(*) AS access_count FROM `wsc20`.`ecs_stats` WHERE access_time >= '1460275200' AND access_time <= 1460966400 GROUP BY sn

SELECT COUNT(*) AS access_count, area FROM `wsc20`.`ecs_stats` WHERE access_time >= '1460275200' AND access_time < 1460966400 GROUP BY area ORDER BY access_count DESC LIMIT 20

SELECT COUNT(*) AS access_count, referer_domain FROM `wsc20`.`ecs_stats` WHERE access_time >= '1460275200' AND access_time <= 1460966400 GROUP BY referer_domain ORDER BY access_count DESC LIMIT 20

DELETE FROM `wsc20`.`ecs_sessions` WHERE expiry < 1460953270

SELECT userid, adminid, user_name, user_rank, discount, email, data, expiry FROM `wsc20`.`ecs_sessions` WHERE sesskey = '3a4b6d7dc5f932d9288dd8788d59e7b3'

SELECT code, value FROM `wsc20`.`ecs_shop_config` WHERE parent_id > 0

SELECT bonus_type_id, COUNT(*) AS sent_count FROM `wsc20`.`ecs_user_bonus` GROUP BY bonus_type_id

SELECT bonus_type_id, COUNT(*) AS used_count FROM `wsc20`.`ecs_user_bonus` WHERE used_time > 0 GROUP BY bonus_type_id

SELECT COUNT(*) FROM `wsc20`.`ecs_bonus_type`

SELECT * FROM `wsc20`.`ecs_bonus_type` ORDER BY type_id DESC LIMIT 15

SELECT userid, adminid, user_name, user_rank, discount, email, data, expiry FROM `wsc20`.`ecs_sessions` WHERE sesskey = '3a4b6d7dc5f932d9288dd8788d59e7b3'

SELECT code, value FROM `wsc20`.`ecs_shop_config` WHERE parent_id > 0

SELECT c.*, COUNT(s.cat_id) AS has_children, COUNT(a.article_id) AS aricle_num  FROM `wsc20`.`ecs_article_cat` AS c LEFT JOIN `wsc20`.`ecs_article_cat` AS s ON s.parent_id=c.cat_id LEFT JOIN `wsc20`.`ecs_article` AS a ON a.cat_id=c.cat_id GROUP BY c.cat_id  ORDER BY parent_id, sort_order ASC

DELETE FROM `wsc20`.`ecs_sessions` WHERE expiry < 1460953272

SELECT userid, adminid, user_name, user_rank, discount, email, data, expiry FROM `wsc20`.`ecs_sessions` WHERE sesskey = '3a4b6d7dc5f932d9288dd8788d59e7b3'

SELECT code, value FROM `wsc20`.`ecs_shop_config` WHERE parent_id > 0

SELECT COUNT(*) FROM `wsc20`.`ecs_ad` AS ad WHERE 1 

SELECT ad.*, COUNT(o.order_id) AS ad_stats, p.position_name FROM `wsc20`.`ecs_ad`AS ad LEFT JOIN `wsc20`.`ecs_ad_position` AS p ON p.position_id = ad.position_id LEFT JOIN `wsc20`.`ecs_order_info` AS o ON o.from_ad = ad.ad_id WHERE 1  GROUP BY ad.ad_id ORDER by ad.ad_name DESC LIMIT 15

SELECT userid, adminid, user_name, user_rank, discount, email, data, expiry FROM `wsc20`.`ecs_sessions` WHERE sesskey = '3a4b6d7dc5f932d9288dd8788d59e7b3'

SELECT code, value FROM `wsc20`.`ecs_shop_config` WHERE parent_id > 0

SELECT COUNT(*) FROM `wsc20`.`ecs_ad_position`

SELECT * FROM `wsc20`.`ecs_ad_position` ORDER BY position_id DESC LIMIT 15

UPDATE `wsc20`.`ecs_sessions` SET expiry = '1460955078', ip = '192.168.1.18', userid = '0', adminid = '1', user_name='0', user_rank='0', discount='0', email='0', data = 'a:5:{s:10:\"admin_name\";s:5:\"admin\";s:11:\"action_list\";s:3:\"all\";s:10:\"last_check\";i:1460926256;s:12:\"suppliers_id\";s:1:\"0\";s:9:\"user_list\";a:0:{}}' WHERE sesskey = '3a4b6d7dc5f932d9288dd8788d59e7b3' LIMIT 1

DELETE FROM `wsc20`.`ecs_sessions` WHERE expiry < 1460953278

SELECT userid, adminid, user_name, user_rank, discount, email, data, expiry FROM `wsc20`.`ecs_sessions` WHERE sesskey = '3a4b6d7dc5f932d9288dd8788d59e7b3'

SELECT code, value FROM `wsc20`.`ecs_shop_config` WHERE parent_id > 0

SELECT * FROM `wsc20`.`ecs_ad_position` WHERE position_id='255'

DELETE FROM `wsc20`.`ecs_sessions` WHERE expiry < 1460953280

SELECT userid, adminid, user_name, user_rank, discount, email, data, expiry FROM `wsc20`.`ecs_sessions` WHERE sesskey = '3a4b6d7dc5f932d9288dd8788d59e7b3'

SELECT code, value FROM `wsc20`.`ecs_shop_config` WHERE parent_id > 0

SELECT COUNT(*) FROM `wsc20`.`ecs_ad_position` WHERE position_name = '手机端首页Banner广告位' AND position_id <> '255'

UPDATE `wsc20`.`ecs_ad_position` SET position_name    = '手机端首页Banner广告位', ad_width         = '360', ad_height        = '168', position_desc    = '', position_style   = '{foreach from=$ads item=ad}<div class=\"swiper-slide\">{$ad}</div>{/foreach}' WHERE position_id = '255'

INSERT INTO `wsc20`.`ecs_admin_log` (log_time, user_id, log_info, ip_address)  VALUES ('1460926296', 1, '编辑广告位置: 手机端首页Banner广告位', '192.168.1.18')

UPDATE `wsc20`.`ecs_sessions` SET expiry = '1460955096', ip = '192.168.1.18', userid = '0', adminid = '1', user_name='0', user_rank='0', discount='0', email='0', data = 'a:5:{s:10:\"admin_name\";s:5:\"admin\";s:11:\"action_list\";s:3:\"all\";s:10:\"last_check\";i:1460926256;s:12:\"suppliers_id\";s:1:\"0\";s:9:\"user_list\";a:0:{}}' WHERE sesskey = '3a4b6d7dc5f932d9288dd8788d59e7b3' LIMIT 1

DELETE FROM `wsc20`.`ecs_sessions` WHERE expiry < 1460953296

SELECT userid, adminid, user_name, user_rank, discount, email, data, expiry FROM `wsc20`.`ecs_sessions` WHERE sesskey = '3a4b6d7dc5f932d9288dd8788d59e7b3'

SELECT code, value FROM `wsc20`.`ecs_shop_config` WHERE parent_id > 0

SELECT COUNT(*) FROM `wsc20`.`ecs_ad_position`

SELECT * FROM `wsc20`.`ecs_ad_position` ORDER BY position_id DESC LIMIT 15

DELETE FROM `wsc20`.`ecs_sessions_data` WHERE expiry < 1460953300

DELETE FROM `wsc20`.`ecs_sessions` WHERE expiry < 1460953300

