SELECT userid, adminid, user_name, user_rank, discount, email, data, expiry FROM `wsc20`.`ecs_sessions` WHERE sesskey = '9351625fca37b94abee2e3b5313cb0d0'

INSERT INTO `wsc20`.`ecs_sessions` (sesskey, expiry, ip, data) VALUES ('9351625fca37b94abee2e3b5313cb0d0', '1461582071', '192.168.1.16', 'a:0:{}')

SELECT code, value FROM `wsc20`.`ecs_shop_config` WHERE parent_id > 0

UPDATE `wsc20`.`ecs_sessions` SET expiry = '1461582071', ip = '192.168.1.16', userid = '0', adminid = '0', user_name='0', user_rank='0', discount='0', email='0', data = 'a:0:{}' WHERE sesskey = '9351625fca37b94abee2e3b5313cb0d0' LIMIT 1

SELECT userid, adminid, user_name, user_rank, discount, email, data, expiry FROM `wsc20`.`ecs_sessions` WHERE sesskey = '9351625fca37b94abee2e3b5313cb0d0'

SELECT code, value FROM `wsc20`.`ecs_shop_config` WHERE parent_id > 0

DELETE FROM `wsc20`.`ecs_sessions` WHERE expiry < 1461580272

SELECT userid, adminid, user_name, user_rank, discount, email, data, expiry FROM `wsc20`.`ecs_sessions` WHERE sesskey = '9351625fca37b94abee2e3b5313cb0d0'

SELECT code, value FROM `wsc20`.`ecs_shop_config` WHERE parent_id > 0

SELECT `ec_salt` FROM `wsc20`.`ecs_admin_user`WHERE user_name = 'admin'

SELECT user_id, user_name, password, last_login, action_list, last_login,suppliers_id,ec_salt FROM `wsc20`.`ecs_admin_user` WHERE user_name = 'admin' AND password = 'c628bc777e64fb252b7806b90242c24e'

SELECT userid, adminid, user_name, user_rank, discount, email, data, expiry FROM `wsc20`.`ecs_sessions` WHERE sesskey = '9351625fca37b94abee2e3b5313cb0d0'

SELECT code, value FROM `wsc20`.`ecs_shop_config` WHERE parent_id > 0

SELECT `ec_salt` FROM `wsc20`.`ecs_admin_user`WHERE user_name = 'admin'

SELECT user_id, user_name, password, last_login, action_list, last_login,suppliers_id,ec_salt FROM `wsc20`.`ecs_admin_user` WHERE user_name = 'admin' AND password = 'f5665a35948d42fd1df7d6caba55eec3'

UPDATE `wsc20`.`ecs_admin_user` SET last_login='1461553284', last_ip='192.168.1.16' WHERE user_id='1'

SELECT DISTINCT session_id FROM `wsc20`.`ecs_cart` AS c, `wsc20`.`ecs_sessions` AS s WHERE c.session_id = s.sesskey 

DELETE FROM `wsc20`.`ecs_cart` WHERE session_id NOT  IN ('') 

UPDATE `wsc20`.`ecs_sessions` SET expiry = '1461582084', ip = '192.168.1.16', userid = '0', adminid = '1', user_name='0', user_rank='0', discount='0', email='0', data = 'a:4:{s:10:\"admin_name\";s:5:\"admin\";s:11:\"action_list\";s:3:\"all\";s:10:\"last_check\";s:10:\"1461369374\";s:12:\"suppliers_id\";s:1:\"0\";}' WHERE sesskey = '9351625fca37b94abee2e3b5313cb0d0' LIMIT 1

DELETE FROM `wsc20`.`ecs_sessions` WHERE expiry < 1461580284

SELECT userid, adminid, user_name, user_rank, discount, email, data, expiry FROM `wsc20`.`ecs_sessions` WHERE sesskey = '9351625fca37b94abee2e3b5313cb0d0'

SELECT code, value FROM `wsc20`.`ecs_shop_config` WHERE parent_id > 0

DELETE FROM `wsc20`.`ecs_sessions` WHERE expiry < 1461580284

SELECT userid, adminid, user_name, user_rank, discount, email, data, expiry FROM `wsc20`.`ecs_sessions` WHERE sesskey = '9351625fca37b94abee2e3b5313cb0d0'

SELECT code, value FROM `wsc20`.`ecs_shop_config` WHERE parent_id > 0

SELECT message_id, sender_id, receiver_id, sent_time, readed, deleted, title, message, user_name FROM `wsc20`.`ecs_admin_message` AS a, `wsc20`.`ecs_admin_user` AS b WHERE a.sender_id = b.user_id AND a.receiver_id = '1' AND a.readed = 0 AND deleted = 0 ORDER BY a.sent_time DESC

SELECT pay_id, is_cod FROM `wsc20`.`ecs_payment` WHERE enabled = 1

SELECT COUNT(*) FROM `wsc20`.`ecs_order_info` WHERE 1  AND order_status  IN ('1','5')  AND shipping_status  IN ('1','2')  AND pay_status  IN ('2','1')  

SELECT pay_id FROM `wsc20`.`ecs_payment` WHERE is_cod = 1

SELECT COUNT(*) FROM `wsc20`.`ecs_order_info` WHERE 1  AND   order_status  IN ('1','5','6')  AND   shipping_status  IN ('0','3','5')  AND ( pay_status  IN ('2','1')  OR pay_id  IN ('') ) 

SELECT pay_id FROM `wsc20`.`ecs_payment` WHERE is_cod = 0

SELECT COUNT(*) FROM `wsc20`.`ecs_order_info` WHERE 1  AND   order_status  IN ('1','5')  AND   pay_status = '0' AND ( shipping_status  IN ('1','2')  OR pay_id  IN ('') ) 

SELECT COUNT(*) FROM `wsc20`.`ecs_order_info` WHERE 1  AND order_status = '0' 

SELECT COUNT(*) FROM `wsc20`.`ecs_order_info` WHERE  shipping_status=4

SELECT COUNT(*) AS oCount, IFNULL(SUM(order_amount), 0) AS oAmount FROM `wsc20`.`ecs_order_info`

SELECT COUNT(*) FROM `wsc20`.`ecs_goods` WHERE is_delete = 0 AND is_alone_sale = 1 AND is_real = 1

SELECT COUNT(*) FROM `wsc20`.`ecs_goods` WHERE is_delete = 0 AND is_alone_sale = 1 AND is_real=0 AND extension_code='virtual_card'

SELECT COUNT(*) FROM `wsc20`.`ecs_goods` WHERE is_delete = 0 AND is_new = 1 AND is_real = 1

SELECT COUNT(*) FROM `wsc20`.`ecs_goods` WHERE is_delete = 0 AND is_new = 1 AND is_real=0 AND extension_code='virtual_card'

SELECT COUNT(*) FROM `wsc20`.`ecs_goods` WHERE is_delete = 0 AND is_best = 1 AND is_real = 1

SELECT COUNT(*) FROM `wsc20`.`ecs_goods` WHERE is_delete = 0 AND is_best = 1 AND is_real=0 AND extension_code='virtual_card'

SELECT COUNT(*) FROM `wsc20`.`ecs_goods` WHERE is_delete = 0 AND is_hot = 1 AND is_real = 1

SELECT COUNT(*) FROM `wsc20`.`ecs_goods` WHERE is_delete = 0 AND is_hot = 1 AND is_real=0 AND extension_code='virtual_card'

SELECT COUNT(*) FROM `wsc20`.`ecs_goods` WHERE is_delete = 0 AND promote_price>0 AND promote_start_date <= '1461553284' AND promote_end_date >= '1461553284' AND is_real = 1

SELECT COUNT(*) FROM `wsc20`.`ecs_goods` WHERE is_delete = 0 AND promote_price>0 AND promote_start_date <= '1461553284' AND promote_end_date >= '1461553284' AND is_real=0 AND extension_code='virtual_card'

SELECT COUNT(*) FROM `wsc20`.`ecs_goods` WHERE is_delete = 0 AND goods_number <= warn_number AND is_real = 1

SELECT COUNT(*) FROM `wsc20`.`ecs_goods` WHERE is_delete = 0 AND goods_number <= warn_number AND is_real=0 AND extension_code='virtual_card'

SELECT COUNT(*) FROM `wsc20`.`ecs_stats` WHERE access_time > 1461484800

SELECT count(*) FROM `wsc20`.`ecs_sessions`

SELECT COUNT(f.msg_id) FROM `wsc20`.`ecs_feedback` AS f LEFT JOIN `wsc20`.`ecs_feedback` AS r ON r.parent_id=f.msg_id WHERE f.parent_id=0 AND ISNULL(r.msg_id) 

SELECT COUNT(*) FROM `wsc20`.`ecs_comment` WHERE status = 0 AND parent_id = 0

SELECT COUNT(*) FROM `wsc20`.`ecs_booking_goods` WHERE is_dispose = 0

SELECT COUNT(*) FROM `wsc20`.`ecs_user_account` WHERE process_type = 1 AND is_paid = 0 

DELETE FROM `wsc20`.`ecs_sessions` WHERE expiry < 1461580284

SELECT userid, adminid, user_name, user_rank, discount, email, data, expiry FROM `wsc20`.`ecs_sessions` WHERE sesskey = '9351625fca37b94abee2e3b5313cb0d0'

SELECT code, value FROM `wsc20`.`ecs_shop_config` WHERE parent_id > 0

SELECT COUNT(*) AS oCount, IFNULL(SUM(order_amount), 0) AS oAmount FROM `wsc20`.`ecs_order_info`

SELECT COUNT(*) FROM `wsc20`.`ecs_goods` WHERE is_delete = 0 AND is_alone_sale = 1 AND is_real = 1

SELECT COUNT(*) FROM `wsc20`.`ecs_users`

SELECT value FROM `wsc20`.`ecs_shop_config` WHERE code = 'template'

SELECT value FROM `wsc20`.`ecs_shop_config` WHERE code = 'stylename'

SELECT userid, adminid, user_name, user_rank, discount, email, data, expiry FROM `wsc20`.`ecs_sessions` WHERE sesskey = '9351625fca37b94abee2e3b5313cb0d0'

SELECT code, value FROM `wsc20`.`ecs_shop_config` WHERE parent_id > 0

SELECT userid, adminid, user_name, user_rank, discount, email, data, expiry FROM `wsc20`.`ecs_sessions` WHERE sesskey = '9351625fca37b94abee2e3b5313cb0d0'

SELECT code, value FROM `wsc20`.`ecs_shop_config` WHERE parent_id > 0

SELECT COUNT(*) FROM `wsc20`.`ecs_order_info` WHERE add_time >= '1461369374'

SELECT COUNT(*) FROM `wsc20`.`ecs_order_info` WHERE pay_time >= 1461369374

UPDATE `wsc20`.`ecs_sessions` SET expiry = '1461582087', ip = '192.168.1.16', userid = '0', adminid = '1', user_name='0', user_rank='0', discount='0', email='0', data = 'a:4:{s:10:\"admin_name\";s:5:\"admin\";s:11:\"action_list\";s:3:\"all\";s:10:\"last_check\";i:1461553287;s:12:\"suppliers_id\";s:1:\"0\";}' WHERE sesskey = '9351625fca37b94abee2e3b5313cb0d0' LIMIT 1

DELETE FROM `wsc20`.`ecs_sessions_data` WHERE expiry < 1461580287

DELETE FROM `wsc20`.`ecs_sessions_data` WHERE expiry < 1461580287

SELECT userid, adminid, user_name, user_rank, discount, email, data, expiry FROM `wsc20`.`ecs_sessions` WHERE sesskey = '9351625fca37b94abee2e3b5313cb0d0'

SELECT code, value FROM `wsc20`.`ecs_shop_config` WHERE parent_id > 0

SELECT c.*, COUNT(s.cat_id) AS has_children, COUNT(a.article_id) AS aricle_num  FROM `wsc20`.`ecs_article_cat` AS c LEFT JOIN `wsc20`.`ecs_article_cat` AS s ON s.parent_id=c.cat_id LEFT JOIN `wsc20`.`ecs_article` AS a ON a.cat_id=c.cat_id GROUP BY c.cat_id  ORDER BY parent_id, sort_order ASC

SELECT userid, adminid, user_name, user_rank, discount, email, data, expiry FROM `wsc20`.`ecs_sessions` WHERE sesskey = '9351625fca37b94abee2e3b5313cb0d0'

SELECT code, value FROM `wsc20`.`ecs_shop_config` WHERE parent_id > 0

SELECT COUNT(*) FROM `wsc20`.`ecs_ad_position`

SELECT * FROM `wsc20`.`ecs_ad_position` ORDER BY position_id DESC LIMIT 15

DELETE FROM `wsc20`.`ecs_sessions` WHERE expiry < 1461580288

SELECT userid, adminid, user_name, user_rank, discount, email, data, expiry FROM `wsc20`.`ecs_sessions` WHERE sesskey = '9351625fca37b94abee2e3b5313cb0d0'

SELECT code, value FROM `wsc20`.`ecs_shop_config` WHERE parent_id > 0

SELECT * FROM `wsc20`.`ecs_ad_position` WHERE position_id='255'

DELETE FROM `wsc20`.`ecs_sessions_data` WHERE expiry < 1461580291

SELECT userid, adminid, user_name, user_rank, discount, email, data, expiry FROM `wsc20`.`ecs_sessions` WHERE sesskey = '9351625fca37b94abee2e3b5313cb0d0'

SELECT code, value FROM `wsc20`.`ecs_shop_config` WHERE parent_id > 0

SELECT COUNT(*) FROM `wsc20`.`ecs_order_info` WHERE add_time >= '1461553287'

SELECT COUNT(*) FROM `wsc20`.`ecs_order_info` WHERE pay_time >= 1461553287

UPDATE `wsc20`.`ecs_sessions` SET expiry = '1461582271', ip = '192.168.1.16', userid = '0', adminid = '1', user_name='0', user_rank='0', discount='0', email='0', data = 'a:4:{s:10:\"admin_name\";s:5:\"admin\";s:11:\"action_list\";s:3:\"all\";s:10:\"last_check\";i:1461553471;s:12:\"suppliers_id\";s:1:\"0\";}' WHERE sesskey = '9351625fca37b94abee2e3b5313cb0d0' LIMIT 1

DELETE FROM `wsc20`.`ecs_sessions_data` WHERE expiry < 1461580471

SELECT userid, adminid, user_name, user_rank, discount, email, data, expiry FROM `wsc20`.`ecs_sessions` WHERE sesskey = '9351625fca37b94abee2e3b5313cb0d0'

SELECT code, value FROM `wsc20`.`ecs_shop_config` WHERE parent_id > 0

SELECT COUNT(*) FROM `wsc20`.`ecs_order_info` WHERE add_time >= '1461553471'

SELECT COUNT(*) FROM `wsc20`.`ecs_order_info` WHERE pay_time >= 1461553471

UPDATE `wsc20`.`ecs_sessions` SET expiry = '1461582451', ip = '192.168.1.16', userid = '0', adminid = '1', user_name='0', user_rank='0', discount='0', email='0', data = 'a:4:{s:10:\"admin_name\";s:5:\"admin\";s:11:\"action_list\";s:3:\"all\";s:10:\"last_check\";i:1461553651;s:12:\"suppliers_id\";s:1:\"0\";}' WHERE sesskey = '9351625fca37b94abee2e3b5313cb0d0' LIMIT 1

SELECT userid, adminid, user_name, user_rank, discount, email, data, expiry FROM `wsc20`.`ecs_sessions` WHERE sesskey = '9351625fca37b94abee2e3b5313cb0d0'

SELECT code, value FROM `wsc20`.`ecs_shop_config` WHERE parent_id > 0

SELECT COUNT(*) FROM `wsc20`.`ecs_order_info` WHERE add_time >= '1461553651'

SELECT COUNT(*) FROM `wsc20`.`ecs_order_info` WHERE pay_time >= 1461553651

UPDATE `wsc20`.`ecs_sessions` SET expiry = '1461582631', ip = '192.168.1.16', userid = '0', adminid = '1', user_name='0', user_rank='0', discount='0', email='0', data = 'a:4:{s:10:\"admin_name\";s:5:\"admin\";s:11:\"action_list\";s:3:\"all\";s:10:\"last_check\";i:1461553831;s:12:\"suppliers_id\";s:1:\"0\";}' WHERE sesskey = '9351625fca37b94abee2e3b5313cb0d0' LIMIT 1

DELETE FROM `wsc20`.`ecs_sessions_data` WHERE expiry < 1461580831

SELECT userid, adminid, user_name, user_rank, discount, email, data, expiry FROM `wsc20`.`ecs_sessions` WHERE sesskey = '9351625fca37b94abee2e3b5313cb0d0'

SELECT code, value FROM `wsc20`.`ecs_shop_config` WHERE parent_id > 0

SELECT COUNT(*) FROM `wsc20`.`ecs_order_info` WHERE add_time >= '1461553831'

SELECT COUNT(*) FROM `wsc20`.`ecs_order_info` WHERE pay_time >= 1461553831

UPDATE `wsc20`.`ecs_sessions` SET expiry = '1461582811', ip = '192.168.1.16', userid = '0', adminid = '1', user_name='0', user_rank='0', discount='0', email='0', data = 'a:4:{s:10:\"admin_name\";s:5:\"admin\";s:11:\"action_list\";s:3:\"all\";s:10:\"last_check\";i:1461554011;s:12:\"suppliers_id\";s:1:\"0\";}' WHERE sesskey = '9351625fca37b94abee2e3b5313cb0d0' LIMIT 1

INSERT INTO `wsc20`.`ecs_sessions` (sesskey, expiry, ip, data) VALUES ('7ecc5b9159264e0a68b137dd6e561302', '1461582912', '192.168.1.18', 'a:0:{}')

SELECT code, value FROM `wsc20`.`ecs_shop_config` WHERE parent_id > 0

UPDATE `wsc20`.`ecs_sessions` SET expiry = '1461582912', ip = '192.168.1.18', userid = '0', adminid = '0', user_name='0', user_rank='0', discount='0', email='0', data = 'a:0:{}' WHERE sesskey = '7ecc5b9159264e0a68b137dd6e561302' LIMIT 1

DELETE FROM `wsc20`.`ecs_sessions` WHERE expiry < 1461581112

SELECT userid, adminid, user_name, user_rank, discount, email, data, expiry FROM `wsc20`.`ecs_sessions` WHERE sesskey = '7ecc5b9159264e0a68b137dd6e561302'

SELECT code, value FROM `wsc20`.`ecs_shop_config` WHERE parent_id > 0

SELECT `ec_salt` FROM `wsc20`.`ecs_admin_user`WHERE user_name = 'admin'

SELECT user_id, user_name, password, last_login, action_list, last_login,suppliers_id,ec_salt FROM `wsc20`.`ecs_admin_user` WHERE user_name = 'admin' AND password = 'f5665a35948d42fd1df7d6caba55eec3'

UPDATE `wsc20`.`ecs_admin_user` SET last_login='1461554117', last_ip='192.168.1.18' WHERE user_id='1'

SELECT DISTINCT session_id FROM `wsc20`.`ecs_cart` AS c, `wsc20`.`ecs_sessions` AS s WHERE c.session_id = s.sesskey 

DELETE FROM `wsc20`.`ecs_cart` WHERE session_id NOT  IN ('') 

UPDATE `wsc20`.`ecs_sessions` SET expiry = '1461582917', ip = '192.168.1.18', userid = '0', adminid = '1', user_name='0', user_rank='0', discount='0', email='0', data = 'a:4:{s:10:\"admin_name\";s:5:\"admin\";s:11:\"action_list\";s:3:\"all\";s:10:\"last_check\";s:10:\"1461553284\";s:12:\"suppliers_id\";s:1:\"0\";}' WHERE sesskey = '7ecc5b9159264e0a68b137dd6e561302' LIMIT 1

DELETE FROM `wsc20`.`ecs_sessions_data` WHERE expiry < 1461581117

SELECT userid, adminid, user_name, user_rank, discount, email, data, expiry FROM `wsc20`.`ecs_sessions` WHERE sesskey = '7ecc5b9159264e0a68b137dd6e561302'

SELECT code, value FROM `wsc20`.`ecs_shop_config` WHERE parent_id > 0

SELECT userid, adminid, user_name, user_rank, discount, email, data, expiry FROM `wsc20`.`ecs_sessions` WHERE sesskey = '7ecc5b9159264e0a68b137dd6e561302'

SELECT code, value FROM `wsc20`.`ecs_shop_config` WHERE parent_id > 0

SELECT message_id, sender_id, receiver_id, sent_time, readed, deleted, title, message, user_name FROM `wsc20`.`ecs_admin_message` AS a, `wsc20`.`ecs_admin_user` AS b WHERE a.sender_id = b.user_id AND a.receiver_id = '1' AND a.readed = 0 AND deleted = 0 ORDER BY a.sent_time DESC

SELECT pay_id, is_cod FROM `wsc20`.`ecs_payment` WHERE enabled = 1

SELECT COUNT(*) FROM `wsc20`.`ecs_order_info` WHERE 1  AND order_status  IN ('1','5')  AND shipping_status  IN ('1','2')  AND pay_status  IN ('2','1')  

SELECT pay_id FROM `wsc20`.`ecs_payment` WHERE is_cod = 1

SELECT COUNT(*) FROM `wsc20`.`ecs_order_info` WHERE 1  AND   order_status  IN ('1','5','6')  AND   shipping_status  IN ('0','3','5')  AND ( pay_status  IN ('2','1')  OR pay_id  IN ('') ) 

SELECT pay_id FROM `wsc20`.`ecs_payment` WHERE is_cod = 0

SELECT COUNT(*) FROM `wsc20`.`ecs_order_info` WHERE 1  AND   order_status  IN ('1','5')  AND   pay_status = '0' AND ( shipping_status  IN ('1','2')  OR pay_id  IN ('') ) 

SELECT COUNT(*) FROM `wsc20`.`ecs_order_info` WHERE 1  AND order_status = '0' 

SELECT COUNT(*) FROM `wsc20`.`ecs_order_info` WHERE  shipping_status=4

SELECT COUNT(*) AS oCount, IFNULL(SUM(order_amount), 0) AS oAmount FROM `wsc20`.`ecs_order_info`

SELECT COUNT(*) FROM `wsc20`.`ecs_goods` WHERE is_delete = 0 AND is_alone_sale = 1 AND is_real = 1

SELECT COUNT(*) FROM `wsc20`.`ecs_goods` WHERE is_delete = 0 AND is_alone_sale = 1 AND is_real=0 AND extension_code='virtual_card'

SELECT COUNT(*) FROM `wsc20`.`ecs_goods` WHERE is_delete = 0 AND is_new = 1 AND is_real = 1

SELECT COUNT(*) FROM `wsc20`.`ecs_goods` WHERE is_delete = 0 AND is_new = 1 AND is_real=0 AND extension_code='virtual_card'

SELECT COUNT(*) FROM `wsc20`.`ecs_goods` WHERE is_delete = 0 AND is_best = 1 AND is_real = 1

SELECT COUNT(*) FROM `wsc20`.`ecs_goods` WHERE is_delete = 0 AND is_best = 1 AND is_real=0 AND extension_code='virtual_card'

SELECT COUNT(*) FROM `wsc20`.`ecs_goods` WHERE is_delete = 0 AND is_hot = 1 AND is_real = 1

SELECT COUNT(*) FROM `wsc20`.`ecs_goods` WHERE is_delete = 0 AND is_hot = 1 AND is_real=0 AND extension_code='virtual_card'

SELECT COUNT(*) FROM `wsc20`.`ecs_goods` WHERE is_delete = 0 AND promote_price>0 AND promote_start_date <= '1461554117' AND promote_end_date >= '1461554117' AND is_real = 1

SELECT COUNT(*) FROM `wsc20`.`ecs_goods` WHERE is_delete = 0 AND promote_price>0 AND promote_start_date <= '1461554117' AND promote_end_date >= '1461554117' AND is_real=0 AND extension_code='virtual_card'

SELECT COUNT(*) FROM `wsc20`.`ecs_goods` WHERE is_delete = 0 AND goods_number <= warn_number AND is_real = 1

SELECT COUNT(*) FROM `wsc20`.`ecs_goods` WHERE is_delete = 0 AND goods_number <= warn_number AND is_real=0 AND extension_code='virtual_card'

SELECT COUNT(*) FROM `wsc20`.`ecs_stats` WHERE access_time > 1461484800

SELECT count(*) FROM `wsc20`.`ecs_sessions`

SELECT COUNT(f.msg_id) FROM `wsc20`.`ecs_feedback` AS f LEFT JOIN `wsc20`.`ecs_feedback` AS r ON r.parent_id=f.msg_id WHERE f.parent_id=0 AND ISNULL(r.msg_id) 

SELECT COUNT(*) FROM `wsc20`.`ecs_comment` WHERE status = 0 AND parent_id = 0

SELECT COUNT(*) FROM `wsc20`.`ecs_booking_goods` WHERE is_dispose = 0

SELECT COUNT(*) FROM `wsc20`.`ecs_user_account` WHERE process_type = 1 AND is_paid = 0 

SELECT userid, adminid, user_name, user_rank, discount, email, data, expiry FROM `wsc20`.`ecs_sessions` WHERE sesskey = '7ecc5b9159264e0a68b137dd6e561302'

SELECT code, value FROM `wsc20`.`ecs_shop_config` WHERE parent_id > 0

SELECT userid, adminid, user_name, user_rank, discount, email, data, expiry FROM `wsc20`.`ecs_sessions` WHERE sesskey = '7ecc5b9159264e0a68b137dd6e561302'

SELECT code, value FROM `wsc20`.`ecs_shop_config` WHERE parent_id > 0

SELECT COUNT(*) AS oCount, IFNULL(SUM(order_amount), 0) AS oAmount FROM `wsc20`.`ecs_order_info`

SELECT COUNT(*) FROM `wsc20`.`ecs_goods` WHERE is_delete = 0 AND is_alone_sale = 1 AND is_real = 1

SELECT COUNT(*) FROM `wsc20`.`ecs_users`

SELECT value FROM `wsc20`.`ecs_shop_config` WHERE code = 'template'

SELECT value FROM `wsc20`.`ecs_shop_config` WHERE code = 'stylename'

SELECT userid, adminid, user_name, user_rank, discount, email, data, expiry FROM `wsc20`.`ecs_sessions` WHERE sesskey = '7ecc5b9159264e0a68b137dd6e561302'

SELECT code, value FROM `wsc20`.`ecs_shop_config` WHERE parent_id > 0

SELECT COUNT(*) FROM `wsc20`.`ecs_order_info` WHERE add_time >= '1461553284'

SELECT COUNT(*) FROM `wsc20`.`ecs_order_info` WHERE pay_time >= 1461553284

UPDATE `wsc20`.`ecs_sessions` SET expiry = '1461582918', ip = '192.168.1.18', userid = '0', adminid = '1', user_name='0', user_rank='0', discount='0', email='0', data = 'a:4:{s:10:\"admin_name\";s:5:\"admin\";s:11:\"action_list\";s:3:\"all\";s:10:\"last_check\";i:1461554118;s:12:\"suppliers_id\";s:1:\"0\";}' WHERE sesskey = '7ecc5b9159264e0a68b137dd6e561302' LIMIT 1

DELETE FROM `wsc20`.`ecs_sessions_data` WHERE expiry < 1461581118

DELETE FROM `wsc20`.`ecs_sessions` WHERE expiry < 1461581118

DELETE FROM `wsc20`.`ecs_sessions_data` WHERE expiry < 1461581118

DELETE FROM `wsc20`.`ecs_sessions` WHERE expiry < 1461581118

SELECT userid, adminid, user_name, user_rank, discount, email, data, expiry FROM `wsc20`.`ecs_sessions` WHERE sesskey = '7ecc5b9159264e0a68b137dd6e561302'

SELECT code, value FROM `wsc20`.`ecs_shop_config` WHERE parent_id > 0

SELECT c.*, COUNT(s.cat_id) AS has_children, COUNT(a.article_id) AS aricle_num  FROM `wsc20`.`ecs_article_cat` AS c LEFT JOIN `wsc20`.`ecs_article_cat` AS s ON s.parent_id=c.cat_id LEFT JOIN `wsc20`.`ecs_article` AS a ON a.cat_id=c.cat_id GROUP BY c.cat_id  ORDER BY parent_id, sort_order ASC

DELETE FROM `wsc20`.`ecs_sessions` WHERE expiry < 1461581120

DELETE FROM `wsc20`.`ecs_sessions` WHERE expiry < 1461581120

SELECT userid, adminid, user_name, user_rank, discount, email, data, expiry FROM `wsc20`.`ecs_sessions` WHERE sesskey = '7ecc5b9159264e0a68b137dd6e561302'

SELECT code, value FROM `wsc20`.`ecs_shop_config` WHERE parent_id > 0

SELECT COUNT(*) FROM `wsc20`.`ecs_ad_position`

SELECT * FROM `wsc20`.`ecs_ad_position` ORDER BY position_id DESC LIMIT 15

SELECT userid, adminid, user_name, user_rank, discount, email, data, expiry FROM `wsc20`.`ecs_sessions` WHERE sesskey = '7ecc5b9159264e0a68b137dd6e561302'

SELECT code, value FROM `wsc20`.`ecs_shop_config` WHERE parent_id > 0

SELECT * FROM `wsc20`.`ecs_ad_position` WHERE position_id='255'

DELETE FROM `wsc20`.`ecs_sessions_data` WHERE expiry < 1461581122

DELETE FROM `wsc20`.`ecs_sessions` WHERE expiry < 1461581122

SELECT userid, adminid, user_name, user_rank, discount, email, data, expiry FROM `wsc20`.`ecs_sessions` WHERE sesskey = '9351625fca37b94abee2e3b5313cb0d0'

SELECT code, value FROM `wsc20`.`ecs_shop_config` WHERE parent_id > 0

SELECT COUNT(*) FROM `wsc20`.`ecs_order_info` WHERE add_time >= '1461554011'

SELECT COUNT(*) FROM `wsc20`.`ecs_order_info` WHERE pay_time >= 1461554011

UPDATE `wsc20`.`ecs_sessions` SET expiry = '1461582991', ip = '192.168.1.16', userid = '0', adminid = '1', user_name='0', user_rank='0', discount='0', email='0', data = 'a:4:{s:10:\"admin_name\";s:5:\"admin\";s:11:\"action_list\";s:3:\"all\";s:10:\"last_check\";i:1461554191;s:12:\"suppliers_id\";s:1:\"0\";}' WHERE sesskey = '9351625fca37b94abee2e3b5313cb0d0' LIMIT 1

SELECT userid, adminid, user_name, user_rank, discount, email, data, expiry FROM `wsc20`.`ecs_sessions` WHERE sesskey = '9351625fca37b94abee2e3b5313cb0d0'

SELECT code, value FROM `wsc20`.`ecs_shop_config` WHERE parent_id > 0

SELECT COUNT(*) FROM `wsc20`.`ecs_order_info` WHERE add_time >= '1461554191'

SELECT COUNT(*) FROM `wsc20`.`ecs_order_info` WHERE pay_time >= 1461554191

UPDATE `wsc20`.`ecs_sessions` SET expiry = '1461583171', ip = '192.168.1.16', userid = '0', adminid = '1', user_name='0', user_rank='0', discount='0', email='0', data = 'a:4:{s:10:\"admin_name\";s:5:\"admin\";s:11:\"action_list\";s:3:\"all\";s:10:\"last_check\";i:1461554371;s:12:\"suppliers_id\";s:1:\"0\";}' WHERE sesskey = '9351625fca37b94abee2e3b5313cb0d0' LIMIT 1

SELECT userid, adminid, user_name, user_rank, discount, email, data, expiry FROM `wsc20`.`ecs_sessions` WHERE sesskey = '9351625fca37b94abee2e3b5313cb0d0'

SELECT code, value FROM `wsc20`.`ecs_shop_config` WHERE parent_id > 0

SELECT COUNT(*) FROM `wsc20`.`ecs_order_info` WHERE add_time >= '1461554371'

SELECT COUNT(*) FROM `wsc20`.`ecs_order_info` WHERE pay_time >= 1461554371

UPDATE `wsc20`.`ecs_sessions` SET expiry = '1461583351', ip = '192.168.1.16', userid = '0', adminid = '1', user_name='0', user_rank='0', discount='0', email='0', data = 'a:4:{s:10:\"admin_name\";s:5:\"admin\";s:11:\"action_list\";s:3:\"all\";s:10:\"last_check\";i:1461554551;s:12:\"suppliers_id\";s:1:\"0\";}' WHERE sesskey = '9351625fca37b94abee2e3b5313cb0d0' LIMIT 1

SELECT userid, adminid, user_name, user_rank, discount, email, data, expiry FROM `wsc20`.`ecs_sessions` WHERE sesskey = '9351625fca37b94abee2e3b5313cb0d0'

SELECT code, value FROM `wsc20`.`ecs_shop_config` WHERE parent_id > 0

SELECT COUNT(*) FROM `wsc20`.`ecs_order_info` WHERE add_time >= '1461554551'

SELECT COUNT(*) FROM `wsc20`.`ecs_order_info` WHERE pay_time >= 1461554551

UPDATE `wsc20`.`ecs_sessions` SET expiry = '1461583531', ip = '192.168.1.16', userid = '0', adminid = '1', user_name='0', user_rank='0', discount='0', email='0', data = 'a:4:{s:10:\"admin_name\";s:5:\"admin\";s:11:\"action_list\";s:3:\"all\";s:10:\"last_check\";i:1461554731;s:12:\"suppliers_id\";s:1:\"0\";}' WHERE sesskey = '9351625fca37b94abee2e3b5313cb0d0' LIMIT 1

DELETE FROM `wsc20`.`ecs_sessions_data` WHERE expiry < 1461581731

SELECT userid, adminid, user_name, user_rank, discount, email, data, expiry FROM `wsc20`.`ecs_sessions` WHERE sesskey = '9351625fca37b94abee2e3b5313cb0d0'

SELECT code, value FROM `wsc20`.`ecs_shop_config` WHERE parent_id > 0

SELECT COUNT(*) FROM `wsc20`.`ecs_order_info` WHERE add_time >= '1461554731'

SELECT COUNT(*) FROM `wsc20`.`ecs_order_info` WHERE pay_time >= 1461554731

UPDATE `wsc20`.`ecs_sessions` SET expiry = '1461583711', ip = '192.168.1.16', userid = '0', adminid = '1', user_name='0', user_rank='0', discount='0', email='0', data = 'a:4:{s:10:\"admin_name\";s:5:\"admin\";s:11:\"action_list\";s:3:\"all\";s:10:\"last_check\";i:1461554911;s:12:\"suppliers_id\";s:1:\"0\";}' WHERE sesskey = '9351625fca37b94abee2e3b5313cb0d0' LIMIT 1

SELECT userid, adminid, user_name, user_rank, discount, email, data, expiry FROM `wsc20`.`ecs_sessions` WHERE sesskey = '9351625fca37b94abee2e3b5313cb0d0'

SELECT code, value FROM `wsc20`.`ecs_shop_config` WHERE parent_id > 0

SELECT COUNT(*) FROM `wsc20`.`ecs_order_info` WHERE add_time >= '1461554911'

SELECT COUNT(*) FROM `wsc20`.`ecs_order_info` WHERE pay_time >= 1461554911

UPDATE `wsc20`.`ecs_sessions` SET expiry = '1461583891', ip = '192.168.1.16', userid = '0', adminid = '1', user_name='0', user_rank='0', discount='0', email='0', data = 'a:4:{s:10:\"admin_name\";s:5:\"admin\";s:11:\"action_list\";s:3:\"all\";s:10:\"last_check\";i:1461555091;s:12:\"suppliers_id\";s:1:\"0\";}' WHERE sesskey = '9351625fca37b94abee2e3b5313cb0d0' LIMIT 1

SELECT userid, adminid, user_name, user_rank, discount, email, data, expiry FROM `wsc20`.`ecs_sessions` WHERE sesskey = '9351625fca37b94abee2e3b5313cb0d0'

SELECT code, value FROM `wsc20`.`ecs_shop_config` WHERE parent_id > 0

SELECT COUNT(*) FROM `wsc20`.`ecs_order_info` WHERE add_time >= '1461555091'

SELECT COUNT(*) FROM `wsc20`.`ecs_order_info` WHERE pay_time >= 1461555091

UPDATE `wsc20`.`ecs_sessions` SET expiry = '1461584071', ip = '192.168.1.16', userid = '0', adminid = '1', user_name='0', user_rank='0', discount='0', email='0', data = 'a:4:{s:10:\"admin_name\";s:5:\"admin\";s:11:\"action_list\";s:3:\"all\";s:10:\"last_check\";i:1461555271;s:12:\"suppliers_id\";s:1:\"0\";}' WHERE sesskey = '9351625fca37b94abee2e3b5313cb0d0' LIMIT 1

DELETE FROM `wsc20`.`ecs_sessions_data` WHERE expiry < 1461582271

SELECT userid, adminid, user_name, user_rank, discount, email, data, expiry FROM `wsc20`.`ecs_sessions` WHERE sesskey = '9351625fca37b94abee2e3b5313cb0d0'

SELECT code, value FROM `wsc20`.`ecs_shop_config` WHERE parent_id > 0

SELECT COUNT(*) FROM `wsc20`.`ecs_order_info` WHERE add_time >= '1461555271'

SELECT COUNT(*) FROM `wsc20`.`ecs_order_info` WHERE pay_time >= 1461555271

UPDATE `wsc20`.`ecs_sessions` SET expiry = '1461584251', ip = '192.168.1.16', userid = '0', adminid = '1', user_name='0', user_rank='0', discount='0', email='0', data = 'a:4:{s:10:\"admin_name\";s:5:\"admin\";s:11:\"action_list\";s:3:\"all\";s:10:\"last_check\";i:1461555451;s:12:\"suppliers_id\";s:1:\"0\";}' WHERE sesskey = '9351625fca37b94abee2e3b5313cb0d0' LIMIT 1

DELETE FROM `wsc20`.`ecs_sessions_data` WHERE expiry < 1461582451

SELECT userid, adminid, user_name, user_rank, discount, email, data, expiry FROM `wsc20`.`ecs_sessions` WHERE sesskey = '9351625fca37b94abee2e3b5313cb0d0'

SELECT code, value FROM `wsc20`.`ecs_shop_config` WHERE parent_id > 0

SELECT COUNT(*) FROM `wsc20`.`ecs_order_info` WHERE add_time >= '1461555451'

SELECT COUNT(*) FROM `wsc20`.`ecs_order_info` WHERE pay_time >= 1461555451

UPDATE `wsc20`.`ecs_sessions` SET expiry = '1461584431', ip = '192.168.1.16', userid = '0', adminid = '1', user_name='0', user_rank='0', discount='0', email='0', data = 'a:4:{s:10:\"admin_name\";s:5:\"admin\";s:11:\"action_list\";s:3:\"all\";s:10:\"last_check\";i:1461555631;s:12:\"suppliers_id\";s:1:\"0\";}' WHERE sesskey = '9351625fca37b94abee2e3b5313cb0d0' LIMIT 1

DELETE FROM `wsc20`.`ecs_sessions_data` WHERE expiry < 1461582631

SELECT userid, adminid, user_name, user_rank, discount, email, data, expiry FROM `wsc20`.`ecs_sessions` WHERE sesskey = '9351625fca37b94abee2e3b5313cb0d0'

SELECT code, value FROM `wsc20`.`ecs_shop_config` WHERE parent_id > 0

SELECT COUNT(*) FROM `wsc20`.`ecs_order_info` WHERE add_time >= '1461555631'

SELECT COUNT(*) FROM `wsc20`.`ecs_order_info` WHERE pay_time >= 1461555631

UPDATE `wsc20`.`ecs_sessions` SET expiry = '1461584790', ip = '192.168.1.16', userid = '0', adminid = '1', user_name='0', user_rank='0', discount='0', email='0', data = 'a:4:{s:10:\"admin_name\";s:5:\"admin\";s:11:\"action_list\";s:3:\"all\";s:10:\"last_check\";i:1461555990;s:12:\"suppliers_id\";s:1:\"0\";}' WHERE sesskey = '9351625fca37b94abee2e3b5313cb0d0' LIMIT 1

DELETE FROM `wsc20`.`ecs_sessions` WHERE expiry < 1461582990

SELECT userid, adminid, user_name, user_rank, discount, email, data, expiry FROM `wsc20`.`ecs_sessions` WHERE sesskey = '9351625fca37b94abee2e3b5313cb0d0'

SELECT code, value FROM `wsc20`.`ecs_shop_config` WHERE parent_id > 0

SELECT COUNT(*) FROM `wsc20`.`ecs_order_info` WHERE add_time >= '1461555990'

SELECT COUNT(*) FROM `wsc20`.`ecs_order_info` WHERE pay_time >= 1461555990

UPDATE `wsc20`.`ecs_sessions` SET expiry = '1461584970', ip = '192.168.1.16', userid = '0', adminid = '1', user_name='0', user_rank='0', discount='0', email='0', data = 'a:4:{s:10:\"admin_name\";s:5:\"admin\";s:11:\"action_list\";s:3:\"all\";s:10:\"last_check\";i:1461556170;s:12:\"suppliers_id\";s:1:\"0\";}' WHERE sesskey = '9351625fca37b94abee2e3b5313cb0d0' LIMIT 1

DELETE FROM `wsc20`.`ecs_sessions_data` WHERE expiry < 1461583170

DELETE FROM `wsc20`.`ecs_sessions` WHERE expiry < 1461583170

SELECT userid, adminid, user_name, user_rank, discount, email, data, expiry FROM `wsc20`.`ecs_sessions` WHERE sesskey = '9351625fca37b94abee2e3b5313cb0d0'

SELECT code, value FROM `wsc20`.`ecs_shop_config` WHERE parent_id > 0

SELECT COUNT(*) FROM `wsc20`.`ecs_order_info` WHERE add_time >= '1461556170'

SELECT COUNT(*) FROM `wsc20`.`ecs_order_info` WHERE pay_time >= 1461556170

UPDATE `wsc20`.`ecs_sessions` SET expiry = '1461585150', ip = '192.168.1.16', userid = '0', adminid = '1', user_name='0', user_rank='0', discount='0', email='0', data = 'a:4:{s:10:\"admin_name\";s:5:\"admin\";s:11:\"action_list\";s:3:\"all\";s:10:\"last_check\";i:1461556350;s:12:\"suppliers_id\";s:1:\"0\";}' WHERE sesskey = '9351625fca37b94abee2e3b5313cb0d0' LIMIT 1

DELETE FROM `wsc20`.`ecs_sessions` WHERE expiry < 1461583350

SELECT userid, adminid, user_name, user_rank, discount, email, data, expiry FROM `wsc20`.`ecs_sessions` WHERE sesskey = '9351625fca37b94abee2e3b5313cb0d0'

SELECT code, value FROM `wsc20`.`ecs_shop_config` WHERE parent_id > 0

SELECT COUNT(*) FROM `wsc20`.`ecs_order_info` WHERE add_time >= '1461556350'

SELECT COUNT(*) FROM `wsc20`.`ecs_order_info` WHERE pay_time >= 1461556350

UPDATE `wsc20`.`ecs_sessions` SET expiry = '1461585330', ip = '192.168.1.16', userid = '0', adminid = '1', user_name='0', user_rank='0', discount='0', email='0', data = 'a:4:{s:10:\"admin_name\";s:5:\"admin\";s:11:\"action_list\";s:3:\"all\";s:10:\"last_check\";i:1461556530;s:12:\"suppliers_id\";s:1:\"0\";}' WHERE sesskey = '9351625fca37b94abee2e3b5313cb0d0' LIMIT 1

DELETE FROM `wsc20`.`ecs_sessions` WHERE expiry < 1461583530

SELECT userid, adminid, user_name, user_rank, discount, email, data, expiry FROM `wsc20`.`ecs_sessions` WHERE sesskey = '9351625fca37b94abee2e3b5313cb0d0'

SELECT code, value FROM `wsc20`.`ecs_shop_config` WHERE parent_id > 0

SELECT COUNT(*) FROM `wsc20`.`ecs_order_info` WHERE add_time >= '1461556530'

SELECT COUNT(*) FROM `wsc20`.`ecs_order_info` WHERE pay_time >= 1461556530

UPDATE `wsc20`.`ecs_sessions` SET expiry = '1461585510', ip = '192.168.1.16', userid = '0', adminid = '1', user_name='0', user_rank='0', discount='0', email='0', data = 'a:4:{s:10:\"admin_name\";s:5:\"admin\";s:11:\"action_list\";s:3:\"all\";s:10:\"last_check\";i:1461556710;s:12:\"suppliers_id\";s:1:\"0\";}' WHERE sesskey = '9351625fca37b94abee2e3b5313cb0d0' LIMIT 1

DELETE FROM `wsc20`.`ecs_sessions_data` WHERE expiry < 1461583710

DELETE FROM `wsc20`.`ecs_sessions` WHERE expiry < 1461583710

SELECT userid, adminid, user_name, user_rank, discount, email, data, expiry FROM `wsc20`.`ecs_sessions` WHERE sesskey = '9351625fca37b94abee2e3b5313cb0d0'

SELECT code, value FROM `wsc20`.`ecs_shop_config` WHERE parent_id > 0

SELECT COUNT(*) FROM `wsc20`.`ecs_order_info` WHERE add_time >= '1461556710'

SELECT COUNT(*) FROM `wsc20`.`ecs_order_info` WHERE pay_time >= 1461556710

UPDATE `wsc20`.`ecs_sessions` SET expiry = '1461585690', ip = '192.168.1.16', userid = '0', adminid = '1', user_name='0', user_rank='0', discount='0', email='0', data = 'a:4:{s:10:\"admin_name\";s:5:\"admin\";s:11:\"action_list\";s:3:\"all\";s:10:\"last_check\";i:1461556890;s:12:\"suppliers_id\";s:1:\"0\";}' WHERE sesskey = '9351625fca37b94abee2e3b5313cb0d0' LIMIT 1

DELETE FROM `wsc20`.`ecs_sessions_data` WHERE expiry < 1461583890

DELETE FROM `wsc20`.`ecs_sessions` WHERE expiry < 1461583890

SELECT userid, adminid, user_name, user_rank, discount, email, data, expiry FROM `wsc20`.`ecs_sessions` WHERE sesskey = '9351625fca37b94abee2e3b5313cb0d0'

SELECT code, value FROM `wsc20`.`ecs_shop_config` WHERE parent_id > 0

SELECT COUNT(*) FROM `wsc20`.`ecs_order_info` WHERE add_time >= '1461556890'

SELECT COUNT(*) FROM `wsc20`.`ecs_order_info` WHERE pay_time >= 1461556890

UPDATE `wsc20`.`ecs_sessions` SET expiry = '1461585870', ip = '192.168.1.16', userid = '0', adminid = '1', user_name='0', user_rank='0', discount='0', email='0', data = 'a:4:{s:10:\"admin_name\";s:5:\"admin\";s:11:\"action_list\";s:3:\"all\";s:10:\"last_check\";i:1461557070;s:12:\"suppliers_id\";s:1:\"0\";}' WHERE sesskey = '9351625fca37b94abee2e3b5313cb0d0' LIMIT 1

DELETE FROM `wsc20`.`ecs_sessions` WHERE expiry < 1461584070

SELECT userid, adminid, user_name, user_rank, discount, email, data, expiry FROM `wsc20`.`ecs_sessions` WHERE sesskey = '9351625fca37b94abee2e3b5313cb0d0'

SELECT code, value FROM `wsc20`.`ecs_shop_config` WHERE parent_id > 0

SELECT COUNT(*) FROM `wsc20`.`ecs_order_info` WHERE add_time >= '1461557070'

SELECT COUNT(*) FROM `wsc20`.`ecs_order_info` WHERE pay_time >= 1461557070

UPDATE `wsc20`.`ecs_sessions` SET expiry = '1461586050', ip = '192.168.1.16', userid = '0', adminid = '1', user_name='0', user_rank='0', discount='0', email='0', data = 'a:4:{s:10:\"admin_name\";s:5:\"admin\";s:11:\"action_list\";s:3:\"all\";s:10:\"last_check\";i:1461557250;s:12:\"suppliers_id\";s:1:\"0\";}' WHERE sesskey = '9351625fca37b94abee2e3b5313cb0d0' LIMIT 1

DELETE FROM `wsc20`.`ecs_sessions` WHERE expiry < 1461584250

SELECT userid, adminid, user_name, user_rank, discount, email, data, expiry FROM `wsc20`.`ecs_sessions` WHERE sesskey = '9351625fca37b94abee2e3b5313cb0d0'

SELECT code, value FROM `wsc20`.`ecs_shop_config` WHERE parent_id > 0

SELECT COUNT(*) FROM `wsc20`.`ecs_order_info` WHERE add_time >= '1461557250'

SELECT COUNT(*) FROM `wsc20`.`ecs_order_info` WHERE pay_time >= 1461557250

UPDATE `wsc20`.`ecs_sessions` SET expiry = '1461586230', ip = '192.168.1.16', userid = '0', adminid = '1', user_name='0', user_rank='0', discount='0', email='0', data = 'a:4:{s:10:\"admin_name\";s:5:\"admin\";s:11:\"action_list\";s:3:\"all\";s:10:\"last_check\";i:1461557430;s:12:\"suppliers_id\";s:1:\"0\";}' WHERE sesskey = '9351625fca37b94abee2e3b5313cb0d0' LIMIT 1

DELETE FROM `wsc20`.`ecs_sessions_data` WHERE expiry < 1461584430

DELETE FROM `wsc20`.`ecs_sessions` WHERE expiry < 1461584430

SELECT userid, adminid, user_name, user_rank, discount, email, data, expiry FROM `wsc20`.`ecs_sessions` WHERE sesskey = '9351625fca37b94abee2e3b5313cb0d0'

SELECT code, value FROM `wsc20`.`ecs_shop_config` WHERE parent_id > 0

SELECT COUNT(*) FROM `wsc20`.`ecs_order_info` WHERE add_time >= '1461557430'

SELECT COUNT(*) FROM `wsc20`.`ecs_order_info` WHERE pay_time >= 1461557430

UPDATE `wsc20`.`ecs_sessions` SET expiry = '1461586410', ip = '192.168.1.16', userid = '0', adminid = '1', user_name='0', user_rank='0', discount='0', email='0', data = 'a:4:{s:10:\"admin_name\";s:5:\"admin\";s:11:\"action_list\";s:3:\"all\";s:10:\"last_check\";i:1461557610;s:12:\"suppliers_id\";s:1:\"0\";}' WHERE sesskey = '9351625fca37b94abee2e3b5313cb0d0' LIMIT 1

DELETE FROM `wsc20`.`ecs_sessions_data` WHERE expiry < 1461584610

DELETE FROM `wsc20`.`ecs_sessions` WHERE expiry < 1461584610

SELECT userid, adminid, user_name, user_rank, discount, email, data, expiry FROM `wsc20`.`ecs_sessions` WHERE sesskey = '9351625fca37b94abee2e3b5313cb0d0'

SELECT code, value FROM `wsc20`.`ecs_shop_config` WHERE parent_id > 0

SELECT COUNT(*) FROM `wsc20`.`ecs_order_info` WHERE add_time >= '1461557610'

SELECT COUNT(*) FROM `wsc20`.`ecs_order_info` WHERE pay_time >= 1461557610

UPDATE `wsc20`.`ecs_sessions` SET expiry = '1461586590', ip = '192.168.1.16', userid = '0', adminid = '1', user_name='0', user_rank='0', discount='0', email='0', data = 'a:4:{s:10:\"admin_name\";s:5:\"admin\";s:11:\"action_list\";s:3:\"all\";s:10:\"last_check\";i:1461557790;s:12:\"suppliers_id\";s:1:\"0\";}' WHERE sesskey = '9351625fca37b94abee2e3b5313cb0d0' LIMIT 1

DELETE FROM `wsc20`.`ecs_sessions_data` WHERE expiry < 1461584790

DELETE FROM `wsc20`.`ecs_sessions` WHERE expiry < 1461584790

SELECT userid, adminid, user_name, user_rank, discount, email, data, expiry FROM `wsc20`.`ecs_sessions` WHERE sesskey = '9351625fca37b94abee2e3b5313cb0d0'

SELECT code, value FROM `wsc20`.`ecs_shop_config` WHERE parent_id > 0

SELECT COUNT(*) FROM `wsc20`.`ecs_order_info` WHERE add_time >= '1461557790'

SELECT COUNT(*) FROM `wsc20`.`ecs_order_info` WHERE pay_time >= 1461557790

UPDATE `wsc20`.`ecs_sessions` SET expiry = '1461586770', ip = '192.168.1.16', userid = '0', adminid = '1', user_name='0', user_rank='0', discount='0', email='0', data = 'a:4:{s:10:\"admin_name\";s:5:\"admin\";s:11:\"action_list\";s:3:\"all\";s:10:\"last_check\";i:1461557970;s:12:\"suppliers_id\";s:1:\"0\";}' WHERE sesskey = '9351625fca37b94abee2e3b5313cb0d0' LIMIT 1

DELETE FROM `wsc20`.`ecs_sessions` WHERE expiry < 1461584970

SELECT userid, adminid, user_name, user_rank, discount, email, data, expiry FROM `wsc20`.`ecs_sessions` WHERE sesskey = '9351625fca37b94abee2e3b5313cb0d0'

SELECT code, value FROM `wsc20`.`ecs_shop_config` WHERE parent_id > 0

SELECT COUNT(*) FROM `wsc20`.`ecs_order_info` WHERE add_time >= '1461557970'

SELECT COUNT(*) FROM `wsc20`.`ecs_order_info` WHERE pay_time >= 1461557970

UPDATE `wsc20`.`ecs_sessions` SET expiry = '1461586950', ip = '192.168.1.16', userid = '0', adminid = '1', user_name='0', user_rank='0', discount='0', email='0', data = 'a:4:{s:10:\"admin_name\";s:5:\"admin\";s:11:\"action_list\";s:3:\"all\";s:10:\"last_check\";i:1461558150;s:12:\"suppliers_id\";s:1:\"0\";}' WHERE sesskey = '9351625fca37b94abee2e3b5313cb0d0' LIMIT 1

DELETE FROM `wsc20`.`ecs_sessions` WHERE expiry < 1461585150

SELECT userid, adminid, user_name, user_rank, discount, email, data, expiry FROM `wsc20`.`ecs_sessions` WHERE sesskey = '9351625fca37b94abee2e3b5313cb0d0'

SELECT code, value FROM `wsc20`.`ecs_shop_config` WHERE parent_id > 0

SELECT COUNT(*) FROM `wsc20`.`ecs_order_info` WHERE add_time >= '1461558150'

SELECT COUNT(*) FROM `wsc20`.`ecs_order_info` WHERE pay_time >= 1461558150

UPDATE `wsc20`.`ecs_sessions` SET expiry = '1461587130', ip = '192.168.1.16', userid = '0', adminid = '1', user_name='0', user_rank='0', discount='0', email='0', data = 'a:4:{s:10:\"admin_name\";s:5:\"admin\";s:11:\"action_list\";s:3:\"all\";s:10:\"last_check\";i:1461558330;s:12:\"suppliers_id\";s:1:\"0\";}' WHERE sesskey = '9351625fca37b94abee2e3b5313cb0d0' LIMIT 1

DELETE FROM `wsc20`.`ecs_sessions` WHERE expiry < 1461585330

SELECT userid, adminid, user_name, user_rank, discount, email, data, expiry FROM `wsc20`.`ecs_sessions` WHERE sesskey = '9351625fca37b94abee2e3b5313cb0d0'

SELECT code, value FROM `wsc20`.`ecs_shop_config` WHERE parent_id > 0

SELECT COUNT(*) FROM `wsc20`.`ecs_order_info` WHERE add_time >= '1461558330'

SELECT COUNT(*) FROM `wsc20`.`ecs_order_info` WHERE pay_time >= 1461558330

UPDATE `wsc20`.`ecs_sessions` SET expiry = '1461587489', ip = '192.168.1.16', userid = '0', adminid = '1', user_name='0', user_rank='0', discount='0', email='0', data = 'a:4:{s:10:\"admin_name\";s:5:\"admin\";s:11:\"action_list\";s:3:\"all\";s:10:\"last_check\";i:1461558689;s:12:\"suppliers_id\";s:1:\"0\";}' WHERE sesskey = '9351625fca37b94abee2e3b5313cb0d0' LIMIT 1

DELETE FROM `wsc20`.`ecs_sessions_data` WHERE expiry < 1461585689

SELECT userid, adminid, user_name, user_rank, discount, email, data, expiry FROM `wsc20`.`ecs_sessions` WHERE sesskey = '9351625fca37b94abee2e3b5313cb0d0'

SELECT code, value FROM `wsc20`.`ecs_shop_config` WHERE parent_id > 0

SELECT COUNT(*) FROM `wsc20`.`ecs_order_info` WHERE add_time >= '1461558689'

SELECT COUNT(*) FROM `wsc20`.`ecs_order_info` WHERE pay_time >= 1461558689

UPDATE `wsc20`.`ecs_sessions` SET expiry = '1461587669', ip = '192.168.1.16', userid = '0', adminid = '1', user_name='0', user_rank='0', discount='0', email='0', data = 'a:4:{s:10:\"admin_name\";s:5:\"admin\";s:11:\"action_list\";s:3:\"all\";s:10:\"last_check\";i:1461558869;s:12:\"suppliers_id\";s:1:\"0\";}' WHERE sesskey = '9351625fca37b94abee2e3b5313cb0d0' LIMIT 1

SELECT userid, adminid, user_name, user_rank, discount, email, data, expiry FROM `wsc20`.`ecs_sessions` WHERE sesskey = '9351625fca37b94abee2e3b5313cb0d0'

SELECT code, value FROM `wsc20`.`ecs_shop_config` WHERE parent_id > 0

SELECT COUNT(*) FROM `wsc20`.`ecs_order_info` WHERE add_time >= '1461558869'

SELECT COUNT(*) FROM `wsc20`.`ecs_order_info` WHERE pay_time >= 1461558869

UPDATE `wsc20`.`ecs_sessions` SET expiry = '1461587849', ip = '192.168.1.16', userid = '0', adminid = '1', user_name='0', user_rank='0', discount='0', email='0', data = 'a:4:{s:10:\"admin_name\";s:5:\"admin\";s:11:\"action_list\";s:3:\"all\";s:10:\"last_check\";i:1461559049;s:12:\"suppliers_id\";s:1:\"0\";}' WHERE sesskey = '9351625fca37b94abee2e3b5313cb0d0' LIMIT 1

SELECT userid, adminid, user_name, user_rank, discount, email, data, expiry FROM `wsc20`.`ecs_sessions` WHERE sesskey = '9351625fca37b94abee2e3b5313cb0d0'

SELECT code, value FROM `wsc20`.`ecs_shop_config` WHERE parent_id > 0

SELECT COUNT(*) FROM `wsc20`.`ecs_order_info` WHERE add_time >= '1461559049'

SELECT COUNT(*) FROM `wsc20`.`ecs_order_info` WHERE pay_time >= 1461559049

UPDATE `wsc20`.`ecs_sessions` SET expiry = '1461588029', ip = '192.168.1.16', userid = '0', adminid = '1', user_name='0', user_rank='0', discount='0', email='0', data = 'a:4:{s:10:\"admin_name\";s:5:\"admin\";s:11:\"action_list\";s:3:\"all\";s:10:\"last_check\";i:1461559229;s:12:\"suppliers_id\";s:1:\"0\";}' WHERE sesskey = '9351625fca37b94abee2e3b5313cb0d0' LIMIT 1

SELECT userid, adminid, user_name, user_rank, discount, email, data, expiry FROM `wsc20`.`ecs_sessions` WHERE sesskey = '9351625fca37b94abee2e3b5313cb0d0'

SELECT code, value FROM `wsc20`.`ecs_shop_config` WHERE parent_id > 0

SELECT COUNT(*) FROM `wsc20`.`ecs_order_info` WHERE add_time >= '1461559229'

SELECT COUNT(*) FROM `wsc20`.`ecs_order_info` WHERE pay_time >= 1461559229

UPDATE `wsc20`.`ecs_sessions` SET expiry = '1461588209', ip = '192.168.1.16', userid = '0', adminid = '1', user_name='0', user_rank='0', discount='0', email='0', data = 'a:4:{s:10:\"admin_name\";s:5:\"admin\";s:11:\"action_list\";s:3:\"all\";s:10:\"last_check\";i:1461559409;s:12:\"suppliers_id\";s:1:\"0\";}' WHERE sesskey = '9351625fca37b94abee2e3b5313cb0d0' LIMIT 1

DELETE FROM `wsc20`.`ecs_sessions_data` WHERE expiry < 1461586409

SELECT userid, adminid, user_name, user_rank, discount, email, data, expiry FROM `wsc20`.`ecs_sessions` WHERE sesskey = '9351625fca37b94abee2e3b5313cb0d0'

SELECT code, value FROM `wsc20`.`ecs_shop_config` WHERE parent_id > 0

SELECT COUNT(*) FROM `wsc20`.`ecs_order_info` WHERE add_time >= '1461559409'

SELECT COUNT(*) FROM `wsc20`.`ecs_order_info` WHERE pay_time >= 1461559409

UPDATE `wsc20`.`ecs_sessions` SET expiry = '1461588389', ip = '192.168.1.16', userid = '0', adminid = '1', user_name='0', user_rank='0', discount='0', email='0', data = 'a:4:{s:10:\"admin_name\";s:5:\"admin\";s:11:\"action_list\";s:3:\"all\";s:10:\"last_check\";i:1461559589;s:12:\"suppliers_id\";s:1:\"0\";}' WHERE sesskey = '9351625fca37b94abee2e3b5313cb0d0' LIMIT 1

SELECT userid, adminid, user_name, user_rank, discount, email, data, expiry FROM `wsc20`.`ecs_sessions` WHERE sesskey = '9351625fca37b94abee2e3b5313cb0d0'

SELECT code, value FROM `wsc20`.`ecs_shop_config` WHERE parent_id > 0

SELECT COUNT(*) FROM `wsc20`.`ecs_order_info` WHERE add_time >= '1461559589'

SELECT COUNT(*) FROM `wsc20`.`ecs_order_info` WHERE pay_time >= 1461559589

UPDATE `wsc20`.`ecs_sessions` SET expiry = '1461588569', ip = '192.168.1.16', userid = '0', adminid = '1', user_name='0', user_rank='0', discount='0', email='0', data = 'a:4:{s:10:\"admin_name\";s:5:\"admin\";s:11:\"action_list\";s:3:\"all\";s:10:\"last_check\";i:1461559769;s:12:\"suppliers_id\";s:1:\"0\";}' WHERE sesskey = '9351625fca37b94abee2e3b5313cb0d0' LIMIT 1

DELETE FROM `wsc20`.`ecs_sessions_data` WHERE expiry < 1461586769

SELECT userid, adminid, user_name, user_rank, discount, email, data, expiry FROM `wsc20`.`ecs_sessions` WHERE sesskey = '9351625fca37b94abee2e3b5313cb0d0'

SELECT code, value FROM `wsc20`.`ecs_shop_config` WHERE parent_id > 0

SELECT COUNT(*) FROM `wsc20`.`ecs_order_info` WHERE add_time >= '1461559769'

SELECT COUNT(*) FROM `wsc20`.`ecs_order_info` WHERE pay_time >= 1461559769

UPDATE `wsc20`.`ecs_sessions` SET expiry = '1461588749', ip = '192.168.1.16', userid = '0', adminid = '1', user_name='0', user_rank='0', discount='0', email='0', data = 'a:4:{s:10:\"admin_name\";s:5:\"admin\";s:11:\"action_list\";s:3:\"all\";s:10:\"last_check\";i:1461559949;s:12:\"suppliers_id\";s:1:\"0\";}' WHERE sesskey = '9351625fca37b94abee2e3b5313cb0d0' LIMIT 1

DELETE FROM `wsc20`.`ecs_sessions_data` WHERE expiry < 1461586949

SELECT userid, adminid, user_name, user_rank, discount, email, data, expiry FROM `wsc20`.`ecs_sessions` WHERE sesskey = '9351625fca37b94abee2e3b5313cb0d0'

SELECT code, value FROM `wsc20`.`ecs_shop_config` WHERE parent_id > 0

SELECT COUNT(*) FROM `wsc20`.`ecs_order_info` WHERE add_time >= '1461559949'

SELECT COUNT(*) FROM `wsc20`.`ecs_order_info` WHERE pay_time >= 1461559949

UPDATE `wsc20`.`ecs_sessions` SET expiry = '1461588929', ip = '192.168.1.16', userid = '0', adminid = '1', user_name='0', user_rank='0', discount='0', email='0', data = 'a:4:{s:10:\"admin_name\";s:5:\"admin\";s:11:\"action_list\";s:3:\"all\";s:10:\"last_check\";i:1461560129;s:12:\"suppliers_id\";s:1:\"0\";}' WHERE sesskey = '9351625fca37b94abee2e3b5313cb0d0' LIMIT 1

SELECT userid, adminid, user_name, user_rank, discount, email, data, expiry FROM `wsc20`.`ecs_sessions` WHERE sesskey = '9351625fca37b94abee2e3b5313cb0d0'

SELECT code, value FROM `wsc20`.`ecs_shop_config` WHERE parent_id > 0

SELECT COUNT(*) FROM `wsc20`.`ecs_order_info` WHERE add_time >= '1461560129'

SELECT COUNT(*) FROM `wsc20`.`ecs_order_info` WHERE pay_time >= 1461560129

UPDATE `wsc20`.`ecs_sessions` SET expiry = '1461589109', ip = '192.168.1.16', userid = '0', adminid = '1', user_name='0', user_rank='0', discount='0', email='0', data = 'a:4:{s:10:\"admin_name\";s:5:\"admin\";s:11:\"action_list\";s:3:\"all\";s:10:\"last_check\";i:1461560309;s:12:\"suppliers_id\";s:1:\"0\";}' WHERE sesskey = '9351625fca37b94abee2e3b5313cb0d0' LIMIT 1

DELETE FROM `wsc20`.`ecs_sessions_data` WHERE expiry < 1461587309

SELECT userid, adminid, user_name, user_rank, discount, email, data, expiry FROM `wsc20`.`ecs_sessions` WHERE sesskey = '9351625fca37b94abee2e3b5313cb0d0'

SELECT code, value FROM `wsc20`.`ecs_shop_config` WHERE parent_id > 0

SELECT COUNT(*) FROM `wsc20`.`ecs_order_info` WHERE add_time >= '1461560309'

SELECT COUNT(*) FROM `wsc20`.`ecs_order_info` WHERE pay_time >= 1461560309

UPDATE `wsc20`.`ecs_sessions` SET expiry = '1461589289', ip = '192.168.1.16', userid = '0', adminid = '1', user_name='0', user_rank='0', discount='0', email='0', data = 'a:4:{s:10:\"admin_name\";s:5:\"admin\";s:11:\"action_list\";s:3:\"all\";s:10:\"last_check\";i:1461560489;s:12:\"suppliers_id\";s:1:\"0\";}' WHERE sesskey = '9351625fca37b94abee2e3b5313cb0d0' LIMIT 1

SELECT userid, adminid, user_name, user_rank, discount, email, data, expiry FROM `wsc20`.`ecs_sessions` WHERE sesskey = '9351625fca37b94abee2e3b5313cb0d0'

SELECT code, value FROM `wsc20`.`ecs_shop_config` WHERE parent_id > 0

SELECT COUNT(*) FROM `wsc20`.`ecs_order_info` WHERE add_time >= '1461560489'

SELECT COUNT(*) FROM `wsc20`.`ecs_order_info` WHERE pay_time >= 1461560489

UPDATE `wsc20`.`ecs_sessions` SET expiry = '1461589469', ip = '192.168.1.16', userid = '0', adminid = '1', user_name='0', user_rank='0', discount='0', email='0', data = 'a:4:{s:10:\"admin_name\";s:5:\"admin\";s:11:\"action_list\";s:3:\"all\";s:10:\"last_check\";i:1461560669;s:12:\"suppliers_id\";s:1:\"0\";}' WHERE sesskey = '9351625fca37b94abee2e3b5313cb0d0' LIMIT 1

SELECT userid, adminid, user_name, user_rank, discount, email, data, expiry FROM `wsc20`.`ecs_sessions` WHERE sesskey = '9351625fca37b94abee2e3b5313cb0d0'

SELECT code, value FROM `wsc20`.`ecs_shop_config` WHERE parent_id > 0

SELECT COUNT(*) FROM `wsc20`.`ecs_order_info` WHERE add_time >= '1461560669'

SELECT COUNT(*) FROM `wsc20`.`ecs_order_info` WHERE pay_time >= 1461560669

UPDATE `wsc20`.`ecs_sessions` SET expiry = '1461589649', ip = '192.168.1.16', userid = '0', adminid = '1', user_name='0', user_rank='0', discount='0', email='0', data = 'a:4:{s:10:\"admin_name\";s:5:\"admin\";s:11:\"action_list\";s:3:\"all\";s:10:\"last_check\";i:1461560849;s:12:\"suppliers_id\";s:1:\"0\";}' WHERE sesskey = '9351625fca37b94abee2e3b5313cb0d0' LIMIT 1

SELECT userid, adminid, user_name, user_rank, discount, email, data, expiry FROM `wsc20`.`ecs_sessions` WHERE sesskey = '9351625fca37b94abee2e3b5313cb0d0'

SELECT code, value FROM `wsc20`.`ecs_shop_config` WHERE parent_id > 0

SELECT COUNT(*) FROM `wsc20`.`ecs_order_info` WHERE add_time >= '1461560849'

SELECT COUNT(*) FROM `wsc20`.`ecs_order_info` WHERE pay_time >= 1461560849

UPDATE `wsc20`.`ecs_sessions` SET expiry = '1461589829', ip = '192.168.1.16', userid = '0', adminid = '1', user_name='0', user_rank='0', discount='0', email='0', data = 'a:4:{s:10:\"admin_name\";s:5:\"admin\";s:11:\"action_list\";s:3:\"all\";s:10:\"last_check\";i:1461561029;s:12:\"suppliers_id\";s:1:\"0\";}' WHERE sesskey = '9351625fca37b94abee2e3b5313cb0d0' LIMIT 1

SELECT userid, adminid, user_name, user_rank, discount, email, data, expiry FROM `wsc20`.`ecs_sessions` WHERE sesskey = '9351625fca37b94abee2e3b5313cb0d0'

SELECT code, value FROM `wsc20`.`ecs_shop_config` WHERE parent_id > 0

SELECT COUNT(*) FROM `wsc20`.`ecs_order_info` WHERE add_time >= '1461561029'

SELECT COUNT(*) FROM `wsc20`.`ecs_order_info` WHERE pay_time >= 1461561029

UPDATE `wsc20`.`ecs_sessions` SET expiry = '1461590009', ip = '192.168.1.16', userid = '0', adminid = '1', user_name='0', user_rank='0', discount='0', email='0', data = 'a:4:{s:10:\"admin_name\";s:5:\"admin\";s:11:\"action_list\";s:3:\"all\";s:10:\"last_check\";i:1461561209;s:12:\"suppliers_id\";s:1:\"0\";}' WHERE sesskey = '9351625fca37b94abee2e3b5313cb0d0' LIMIT 1

SELECT userid, adminid, user_name, user_rank, discount, email, data, expiry FROM `wsc20`.`ecs_sessions` WHERE sesskey = '9351625fca37b94abee2e3b5313cb0d0'

SELECT code, value FROM `wsc20`.`ecs_shop_config` WHERE parent_id > 0

SELECT COUNT(*) FROM `wsc20`.`ecs_order_info` WHERE add_time >= '1461561209'

SELECT COUNT(*) FROM `wsc20`.`ecs_order_info` WHERE pay_time >= 1461561209

UPDATE `wsc20`.`ecs_sessions` SET expiry = '1461590189', ip = '192.168.1.16', userid = '0', adminid = '1', user_name='0', user_rank='0', discount='0', email='0', data = 'a:4:{s:10:\"admin_name\";s:5:\"admin\";s:11:\"action_list\";s:3:\"all\";s:10:\"last_check\";i:1461561389;s:12:\"suppliers_id\";s:1:\"0\";}' WHERE sesskey = '9351625fca37b94abee2e3b5313cb0d0' LIMIT 1

DELETE FROM `wsc20`.`ecs_sessions_data` WHERE expiry < 1461588389

SELECT userid, adminid, user_name, user_rank, discount, email, data, expiry FROM `wsc20`.`ecs_sessions` WHERE sesskey = '9351625fca37b94abee2e3b5313cb0d0'

SELECT code, value FROM `wsc20`.`ecs_shop_config` WHERE parent_id > 0

SELECT COUNT(*) FROM `wsc20`.`ecs_order_info` WHERE add_time >= '1461561389'

SELECT COUNT(*) FROM `wsc20`.`ecs_order_info` WHERE pay_time >= 1461561389

UPDATE `wsc20`.`ecs_sessions` SET expiry = '1461590548', ip = '192.168.1.16', userid = '0', adminid = '1', user_name='0', user_rank='0', discount='0', email='0', data = 'a:4:{s:10:\"admin_name\";s:5:\"admin\";s:11:\"action_list\";s:3:\"all\";s:10:\"last_check\";i:1461561748;s:12:\"suppliers_id\";s:1:\"0\";}' WHERE sesskey = '9351625fca37b94abee2e3b5313cb0d0' LIMIT 1

DELETE FROM `wsc20`.`ecs_sessions` WHERE expiry < 1461588748

SELECT userid, adminid, user_name, user_rank, discount, email, data, expiry FROM `wsc20`.`ecs_sessions` WHERE sesskey = '9351625fca37b94abee2e3b5313cb0d0'

SELECT code, value FROM `wsc20`.`ecs_shop_config` WHERE parent_id > 0

SELECT COUNT(*) FROM `wsc20`.`ecs_order_info` WHERE add_time >= '1461561748'

SELECT COUNT(*) FROM `wsc20`.`ecs_order_info` WHERE pay_time >= 1461561748

UPDATE `wsc20`.`ecs_sessions` SET expiry = '1461590728', ip = '192.168.1.16', userid = '0', adminid = '1', user_name='0', user_rank='0', discount='0', email='0', data = 'a:4:{s:10:\"admin_name\";s:5:\"admin\";s:11:\"action_list\";s:3:\"all\";s:10:\"last_check\";i:1461561928;s:12:\"suppliers_id\";s:1:\"0\";}' WHERE sesskey = '9351625fca37b94abee2e3b5313cb0d0' LIMIT 1

DELETE FROM `wsc20`.`ecs_sessions` WHERE expiry < 1461588928

SELECT userid, adminid, user_name, user_rank, discount, email, data, expiry FROM `wsc20`.`ecs_sessions` WHERE sesskey = '9351625fca37b94abee2e3b5313cb0d0'

SELECT code, value FROM `wsc20`.`ecs_shop_config` WHERE parent_id > 0

SELECT COUNT(*) FROM `wsc20`.`ecs_order_info` WHERE add_time >= '1461561928'

SELECT COUNT(*) FROM `wsc20`.`ecs_order_info` WHERE pay_time >= 1461561928

UPDATE `wsc20`.`ecs_sessions` SET expiry = '1461590908', ip = '192.168.1.16', userid = '0', adminid = '1', user_name='0', user_rank='0', discount='0', email='0', data = 'a:4:{s:10:\"admin_name\";s:5:\"admin\";s:11:\"action_list\";s:3:\"all\";s:10:\"last_check\";i:1461562108;s:12:\"suppliers_id\";s:1:\"0\";}' WHERE sesskey = '9351625fca37b94abee2e3b5313cb0d0' LIMIT 1

DELETE FROM `wsc20`.`ecs_sessions` WHERE expiry < 1461589108

SELECT userid, adminid, user_name, user_rank, discount, email, data, expiry FROM `wsc20`.`ecs_sessions` WHERE sesskey = '9351625fca37b94abee2e3b5313cb0d0'

SELECT code, value FROM `wsc20`.`ecs_shop_config` WHERE parent_id > 0

SELECT COUNT(*) FROM `wsc20`.`ecs_order_info` WHERE add_time >= '1461562108'

SELECT COUNT(*) FROM `wsc20`.`ecs_order_info` WHERE pay_time >= 1461562108

UPDATE `wsc20`.`ecs_sessions` SET expiry = '1461591088', ip = '192.168.1.16', userid = '0', adminid = '1', user_name='0', user_rank='0', discount='0', email='0', data = 'a:4:{s:10:\"admin_name\";s:5:\"admin\";s:11:\"action_list\";s:3:\"all\";s:10:\"last_check\";i:1461562288;s:12:\"suppliers_id\";s:1:\"0\";}' WHERE sesskey = '9351625fca37b94abee2e3b5313cb0d0' LIMIT 1

DELETE FROM `wsc20`.`ecs_sessions` WHERE expiry < 1461589288

SELECT userid, adminid, user_name, user_rank, discount, email, data, expiry FROM `wsc20`.`ecs_sessions` WHERE sesskey = '9351625fca37b94abee2e3b5313cb0d0'

SELECT code, value FROM `wsc20`.`ecs_shop_config` WHERE parent_id > 0

SELECT COUNT(*) FROM `wsc20`.`ecs_order_info` WHERE add_time >= '1461562288'

SELECT COUNT(*) FROM `wsc20`.`ecs_order_info` WHERE pay_time >= 1461562288

UPDATE `wsc20`.`ecs_sessions` SET expiry = '1461591268', ip = '192.168.1.16', userid = '0', adminid = '1', user_name='0', user_rank='0', discount='0', email='0', data = 'a:4:{s:10:\"admin_name\";s:5:\"admin\";s:11:\"action_list\";s:3:\"all\";s:10:\"last_check\";i:1461562468;s:12:\"suppliers_id\";s:1:\"0\";}' WHERE sesskey = '9351625fca37b94abee2e3b5313cb0d0' LIMIT 1

DELETE FROM `wsc20`.`ecs_sessions_data` WHERE expiry < 1461589468

DELETE FROM `wsc20`.`ecs_sessions` WHERE expiry < 1461589468

SELECT userid, adminid, user_name, user_rank, discount, email, data, expiry FROM `wsc20`.`ecs_sessions` WHERE sesskey = '9351625fca37b94abee2e3b5313cb0d0'

SELECT code, value FROM `wsc20`.`ecs_shop_config` WHERE parent_id > 0

SELECT COUNT(*) FROM `wsc20`.`ecs_order_info` WHERE add_time >= '1461562468'

SELECT COUNT(*) FROM `wsc20`.`ecs_order_info` WHERE pay_time >= 1461562468

UPDATE `wsc20`.`ecs_sessions` SET expiry = '1461591448', ip = '192.168.1.16', userid = '0', adminid = '1', user_name='0', user_rank='0', discount='0', email='0', data = 'a:4:{s:10:\"admin_name\";s:5:\"admin\";s:11:\"action_list\";s:3:\"all\";s:10:\"last_check\";i:1461562648;s:12:\"suppliers_id\";s:1:\"0\";}' WHERE sesskey = '9351625fca37b94abee2e3b5313cb0d0' LIMIT 1

DELETE FROM `wsc20`.`ecs_sessions` WHERE expiry < 1461589648

SELECT userid, adminid, user_name, user_rank, discount, email, data, expiry FROM `wsc20`.`ecs_sessions` WHERE sesskey = '9351625fca37b94abee2e3b5313cb0d0'

SELECT code, value FROM `wsc20`.`ecs_shop_config` WHERE parent_id > 0

SELECT COUNT(*) FROM `wsc20`.`ecs_order_info` WHERE add_time >= '1461562648'

SELECT COUNT(*) FROM `wsc20`.`ecs_order_info` WHERE pay_time >= 1461562648

UPDATE `wsc20`.`ecs_sessions` SET expiry = '1461591628', ip = '192.168.1.16', userid = '0', adminid = '1', user_name='0', user_rank='0', discount='0', email='0', data = 'a:4:{s:10:\"admin_name\";s:5:\"admin\";s:11:\"action_list\";s:3:\"all\";s:10:\"last_check\";i:1461562828;s:12:\"suppliers_id\";s:1:\"0\";}' WHERE sesskey = '9351625fca37b94abee2e3b5313cb0d0' LIMIT 1

DELETE FROM `wsc20`.`ecs_sessions` WHERE expiry < 1461589828

SELECT userid, adminid, user_name, user_rank, discount, email, data, expiry FROM `wsc20`.`ecs_sessions` WHERE sesskey = '9351625fca37b94abee2e3b5313cb0d0'

SELECT code, value FROM `wsc20`.`ecs_shop_config` WHERE parent_id > 0

SELECT COUNT(*) FROM `wsc20`.`ecs_order_info` WHERE add_time >= '1461562828'

SELECT COUNT(*) FROM `wsc20`.`ecs_order_info` WHERE pay_time >= 1461562828

UPDATE `wsc20`.`ecs_sessions` SET expiry = '1461591808', ip = '192.168.1.16', userid = '0', adminid = '1', user_name='0', user_rank='0', discount='0', email='0', data = 'a:4:{s:10:\"admin_name\";s:5:\"admin\";s:11:\"action_list\";s:3:\"all\";s:10:\"last_check\";i:1461563008;s:12:\"suppliers_id\";s:1:\"0\";}' WHERE sesskey = '9351625fca37b94abee2e3b5313cb0d0' LIMIT 1

DELETE FROM `wsc20`.`ecs_sessions` WHERE expiry < 1461590008

SELECT userid, adminid, user_name, user_rank, discount, email, data, expiry FROM `wsc20`.`ecs_sessions` WHERE sesskey = '9351625fca37b94abee2e3b5313cb0d0'

SELECT code, value FROM `wsc20`.`ecs_shop_config` WHERE parent_id > 0

SELECT COUNT(*) FROM `wsc20`.`ecs_order_info` WHERE add_time >= '1461563008'

SELECT COUNT(*) FROM `wsc20`.`ecs_order_info` WHERE pay_time >= 1461563008

UPDATE `wsc20`.`ecs_sessions` SET expiry = '1461591988', ip = '192.168.1.16', userid = '0', adminid = '1', user_name='0', user_rank='0', discount='0', email='0', data = 'a:4:{s:10:\"admin_name\";s:5:\"admin\";s:11:\"action_list\";s:3:\"all\";s:10:\"last_check\";i:1461563188;s:12:\"suppliers_id\";s:1:\"0\";}' WHERE sesskey = '9351625fca37b94abee2e3b5313cb0d0' LIMIT 1

DELETE FROM `wsc20`.`ecs_sessions` WHERE expiry < 1461590188

SELECT userid, adminid, user_name, user_rank, discount, email, data, expiry FROM `wsc20`.`ecs_sessions` WHERE sesskey = '9351625fca37b94abee2e3b5313cb0d0'

SELECT code, value FROM `wsc20`.`ecs_shop_config` WHERE parent_id > 0

SELECT COUNT(*) FROM `wsc20`.`ecs_order_info` WHERE add_time >= '1461563188'

SELECT COUNT(*) FROM `wsc20`.`ecs_order_info` WHERE pay_time >= 1461563188

UPDATE `wsc20`.`ecs_sessions` SET expiry = '1461592168', ip = '192.168.1.16', userid = '0', adminid = '1', user_name='0', user_rank='0', discount='0', email='0', data = 'a:4:{s:10:\"admin_name\";s:5:\"admin\";s:11:\"action_list\";s:3:\"all\";s:10:\"last_check\";i:1461563368;s:12:\"suppliers_id\";s:1:\"0\";}' WHERE sesskey = '9351625fca37b94abee2e3b5313cb0d0' LIMIT 1

DELETE FROM `wsc20`.`ecs_sessions` WHERE expiry < 1461590368

SELECT userid, adminid, user_name, user_rank, discount, email, data, expiry FROM `wsc20`.`ecs_sessions` WHERE sesskey = '9351625fca37b94abee2e3b5313cb0d0'

SELECT code, value FROM `wsc20`.`ecs_shop_config` WHERE parent_id > 0

SELECT COUNT(*) FROM `wsc20`.`ecs_order_info` WHERE add_time >= '1461563368'

SELECT COUNT(*) FROM `wsc20`.`ecs_order_info` WHERE pay_time >= 1461563368

UPDATE `wsc20`.`ecs_sessions` SET expiry = '1461592348', ip = '192.168.1.16', userid = '0', adminid = '1', user_name='0', user_rank='0', discount='0', email='0', data = 'a:4:{s:10:\"admin_name\";s:5:\"admin\";s:11:\"action_list\";s:3:\"all\";s:10:\"last_check\";i:1461563548;s:12:\"suppliers_id\";s:1:\"0\";}' WHERE sesskey = '9351625fca37b94abee2e3b5313cb0d0' LIMIT 1

DELETE FROM `wsc20`.`ecs_sessions_data` WHERE expiry < 1461590548

DELETE FROM `wsc20`.`ecs_sessions` WHERE expiry < 1461590548

SELECT userid, adminid, user_name, user_rank, discount, email, data, expiry FROM `wsc20`.`ecs_sessions` WHERE sesskey = '9351625fca37b94abee2e3b5313cb0d0'

SELECT code, value FROM `wsc20`.`ecs_shop_config` WHERE parent_id > 0

SELECT COUNT(*) FROM `wsc20`.`ecs_order_info` WHERE add_time >= '1461563548'

SELECT COUNT(*) FROM `wsc20`.`ecs_order_info` WHERE pay_time >= 1461563548

UPDATE `wsc20`.`ecs_sessions` SET expiry = '1461592528', ip = '192.168.1.16', userid = '0', adminid = '1', user_name='0', user_rank='0', discount='0', email='0', data = 'a:4:{s:10:\"admin_name\";s:5:\"admin\";s:11:\"action_list\";s:3:\"all\";s:10:\"last_check\";i:1461563728;s:12:\"suppliers_id\";s:1:\"0\";}' WHERE sesskey = '9351625fca37b94abee2e3b5313cb0d0' LIMIT 1

DELETE FROM `wsc20`.`ecs_sessions_data` WHERE expiry < 1461590728

DELETE FROM `wsc20`.`ecs_sessions` WHERE expiry < 1461590728

SELECT userid, adminid, user_name, user_rank, discount, email, data, expiry FROM `wsc20`.`ecs_sessions` WHERE sesskey = '9351625fca37b94abee2e3b5313cb0d0'

SELECT code, value FROM `wsc20`.`ecs_shop_config` WHERE parent_id > 0

SELECT COUNT(*) FROM `wsc20`.`ecs_order_info` WHERE add_time >= '1461563728'

SELECT COUNT(*) FROM `wsc20`.`ecs_order_info` WHERE pay_time >= 1461563728

UPDATE `wsc20`.`ecs_sessions` SET expiry = '1461592708', ip = '192.168.1.16', userid = '0', adminid = '1', user_name='0', user_rank='0', discount='0', email='0', data = 'a:4:{s:10:\"admin_name\";s:5:\"admin\";s:11:\"action_list\";s:3:\"all\";s:10:\"last_check\";i:1461563908;s:12:\"suppliers_id\";s:1:\"0\";}' WHERE sesskey = '9351625fca37b94abee2e3b5313cb0d0' LIMIT 1

DELETE FROM `wsc20`.`ecs_sessions` WHERE expiry < 1461590908

SELECT userid, adminid, user_name, user_rank, discount, email, data, expiry FROM `wsc20`.`ecs_sessions` WHERE sesskey = '9351625fca37b94abee2e3b5313cb0d0'

SELECT code, value FROM `wsc20`.`ecs_shop_config` WHERE parent_id > 0

SELECT COUNT(*) FROM `wsc20`.`ecs_order_info` WHERE add_time >= '1461563908'

SELECT COUNT(*) FROM `wsc20`.`ecs_order_info` WHERE pay_time >= 1461563908

UPDATE `wsc20`.`ecs_sessions` SET expiry = '1461592888', ip = '192.168.1.16', userid = '0', adminid = '1', user_name='0', user_rank='0', discount='0', email='0', data = 'a:4:{s:10:\"admin_name\";s:5:\"admin\";s:11:\"action_list\";s:3:\"all\";s:10:\"last_check\";i:1461564088;s:12:\"suppliers_id\";s:1:\"0\";}' WHERE sesskey = '9351625fca37b94abee2e3b5313cb0d0' LIMIT 1

DELETE FROM `wsc20`.`ecs_sessions` WHERE expiry < 1461591088

SELECT userid, adminid, user_name, user_rank, discount, email, data, expiry FROM `wsc20`.`ecs_sessions` WHERE sesskey = '9351625fca37b94abee2e3b5313cb0d0'

SELECT code, value FROM `wsc20`.`ecs_shop_config` WHERE parent_id > 0

SELECT COUNT(*) FROM `wsc20`.`ecs_order_info` WHERE add_time >= '1461564088'

SELECT COUNT(*) FROM `wsc20`.`ecs_order_info` WHERE pay_time >= 1461564088

UPDATE `wsc20`.`ecs_sessions` SET expiry = '1461593247', ip = '192.168.1.16', userid = '0', adminid = '1', user_name='0', user_rank='0', discount='0', email='0', data = 'a:4:{s:10:\"admin_name\";s:5:\"admin\";s:11:\"action_list\";s:3:\"all\";s:10:\"last_check\";i:1461564447;s:12:\"suppliers_id\";s:1:\"0\";}' WHERE sesskey = '9351625fca37b94abee2e3b5313cb0d0' LIMIT 1

DELETE FROM `wsc20`.`ecs_sessions_data` WHERE expiry < 1461591447

SELECT userid, adminid, user_name, user_rank, discount, email, data, expiry FROM `wsc20`.`ecs_sessions` WHERE sesskey = '9351625fca37b94abee2e3b5313cb0d0'

SELECT code, value FROM `wsc20`.`ecs_shop_config` WHERE parent_id > 0

SELECT COUNT(*) FROM `wsc20`.`ecs_order_info` WHERE add_time >= '1461564447'

SELECT COUNT(*) FROM `wsc20`.`ecs_order_info` WHERE pay_time >= 1461564447

UPDATE `wsc20`.`ecs_sessions` SET expiry = '1461593427', ip = '192.168.1.16', userid = '0', adminid = '1', user_name='0', user_rank='0', discount='0', email='0', data = 'a:4:{s:10:\"admin_name\";s:5:\"admin\";s:11:\"action_list\";s:3:\"all\";s:10:\"last_check\";i:1461564627;s:12:\"suppliers_id\";s:1:\"0\";}' WHERE sesskey = '9351625fca37b94abee2e3b5313cb0d0' LIMIT 1

SELECT userid, adminid, user_name, user_rank, discount, email, data, expiry FROM `wsc20`.`ecs_sessions` WHERE sesskey = '9351625fca37b94abee2e3b5313cb0d0'

SELECT code, value FROM `wsc20`.`ecs_shop_config` WHERE parent_id > 0

SELECT COUNT(*) FROM `wsc20`.`ecs_order_info` WHERE add_time >= '1461564627'

SELECT COUNT(*) FROM `wsc20`.`ecs_order_info` WHERE pay_time >= 1461564627

UPDATE `wsc20`.`ecs_sessions` SET expiry = '1461593607', ip = '192.168.1.16', userid = '0', adminid = '1', user_name='0', user_rank='0', discount='0', email='0', data = 'a:4:{s:10:\"admin_name\";s:5:\"admin\";s:11:\"action_list\";s:3:\"all\";s:10:\"last_check\";i:1461564807;s:12:\"suppliers_id\";s:1:\"0\";}' WHERE sesskey = '9351625fca37b94abee2e3b5313cb0d0' LIMIT 1

SELECT userid, adminid, user_name, user_rank, discount, email, data, expiry FROM `wsc20`.`ecs_sessions` WHERE sesskey = '9351625fca37b94abee2e3b5313cb0d0'

SELECT code, value FROM `wsc20`.`ecs_shop_config` WHERE parent_id > 0

SELECT COUNT(*) FROM `wsc20`.`ecs_order_info` WHERE add_time >= '1461564807'

SELECT COUNT(*) FROM `wsc20`.`ecs_order_info` WHERE pay_time >= 1461564807

UPDATE `wsc20`.`ecs_sessions` SET expiry = '1461593787', ip = '192.168.1.16', userid = '0', adminid = '1', user_name='0', user_rank='0', discount='0', email='0', data = 'a:4:{s:10:\"admin_name\";s:5:\"admin\";s:11:\"action_list\";s:3:\"all\";s:10:\"last_check\";i:1461564987;s:12:\"suppliers_id\";s:1:\"0\";}' WHERE sesskey = '9351625fca37b94abee2e3b5313cb0d0' LIMIT 1

SELECT userid, adminid, user_name, user_rank, discount, email, data, expiry FROM `wsc20`.`ecs_sessions` WHERE sesskey = '9351625fca37b94abee2e3b5313cb0d0'

SELECT code, value FROM `wsc20`.`ecs_shop_config` WHERE parent_id > 0

SELECT COUNT(*) FROM `wsc20`.`ecs_order_info` WHERE add_time >= '1461564987'

SELECT COUNT(*) FROM `wsc20`.`ecs_order_info` WHERE pay_time >= 1461564987

UPDATE `wsc20`.`ecs_sessions` SET expiry = '1461593967', ip = '192.168.1.16', userid = '0', adminid = '1', user_name='0', user_rank='0', discount='0', email='0', data = 'a:4:{s:10:\"admin_name\";s:5:\"admin\";s:11:\"action_list\";s:3:\"all\";s:10:\"last_check\";i:1461565167;s:12:\"suppliers_id\";s:1:\"0\";}' WHERE sesskey = '9351625fca37b94abee2e3b5313cb0d0' LIMIT 1

DELETE FROM `wsc20`.`ecs_sessions_data` WHERE expiry < 1461592167

SELECT userid, adminid, user_name, user_rank, discount, email, data, expiry FROM `wsc20`.`ecs_sessions` WHERE sesskey = '9351625fca37b94abee2e3b5313cb0d0'

SELECT code, value FROM `wsc20`.`ecs_shop_config` WHERE parent_id > 0

SELECT COUNT(*) FROM `wsc20`.`ecs_order_info` WHERE add_time >= '1461565167'

SELECT COUNT(*) FROM `wsc20`.`ecs_order_info` WHERE pay_time >= 1461565167

UPDATE `wsc20`.`ecs_sessions` SET expiry = '1461594147', ip = '192.168.1.16', userid = '0', adminid = '1', user_name='0', user_rank='0', discount='0', email='0', data = 'a:4:{s:10:\"admin_name\";s:5:\"admin\";s:11:\"action_list\";s:3:\"all\";s:10:\"last_check\";i:1461565347;s:12:\"suppliers_id\";s:1:\"0\";}' WHERE sesskey = '9351625fca37b94abee2e3b5313cb0d0' LIMIT 1

SELECT userid, adminid, user_name, user_rank, discount, email, data, expiry FROM `wsc20`.`ecs_sessions` WHERE sesskey = '9351625fca37b94abee2e3b5313cb0d0'

SELECT code, value FROM `wsc20`.`ecs_shop_config` WHERE parent_id > 0

SELECT COUNT(*) FROM `wsc20`.`ecs_order_info` WHERE add_time >= '1461565347'

SELECT COUNT(*) FROM `wsc20`.`ecs_order_info` WHERE pay_time >= 1461565347

UPDATE `wsc20`.`ecs_sessions` SET expiry = '1461594327', ip = '192.168.1.16', userid = '0', adminid = '1', user_name='0', user_rank='0', discount='0', email='0', data = 'a:4:{s:10:\"admin_name\";s:5:\"admin\";s:11:\"action_list\";s:3:\"all\";s:10:\"last_check\";i:1461565527;s:12:\"suppliers_id\";s:1:\"0\";}' WHERE sesskey = '9351625fca37b94abee2e3b5313cb0d0' LIMIT 1

SELECT userid, adminid, user_name, user_rank, discount, email, data, expiry FROM `wsc20`.`ecs_sessions` WHERE sesskey = '9351625fca37b94abee2e3b5313cb0d0'

SELECT code, value FROM `wsc20`.`ecs_shop_config` WHERE parent_id > 0

SELECT COUNT(*) FROM `wsc20`.`ecs_order_info` WHERE add_time >= '1461565527'

SELECT COUNT(*) FROM `wsc20`.`ecs_order_info` WHERE pay_time >= 1461565527

UPDATE `wsc20`.`ecs_sessions` SET expiry = '1461594507', ip = '192.168.1.16', userid = '0', adminid = '1', user_name='0', user_rank='0', discount='0', email='0', data = 'a:4:{s:10:\"admin_name\";s:5:\"admin\";s:11:\"action_list\";s:3:\"all\";s:10:\"last_check\";i:1461565707;s:12:\"suppliers_id\";s:1:\"0\";}' WHERE sesskey = '9351625fca37b94abee2e3b5313cb0d0' LIMIT 1

SELECT userid, adminid, user_name, user_rank, discount, email, data, expiry FROM `wsc20`.`ecs_sessions` WHERE sesskey = '9351625fca37b94abee2e3b5313cb0d0'

SELECT code, value FROM `wsc20`.`ecs_shop_config` WHERE parent_id > 0

SELECT COUNT(*) FROM `wsc20`.`ecs_order_info` WHERE add_time >= '1461565707'

SELECT COUNT(*) FROM `wsc20`.`ecs_order_info` WHERE pay_time >= 1461565707

UPDATE `wsc20`.`ecs_sessions` SET expiry = '1461594687', ip = '192.168.1.16', userid = '0', adminid = '1', user_name='0', user_rank='0', discount='0', email='0', data = 'a:4:{s:10:\"admin_name\";s:5:\"admin\";s:11:\"action_list\";s:3:\"all\";s:10:\"last_check\";i:1461565887;s:12:\"suppliers_id\";s:1:\"0\";}' WHERE sesskey = '9351625fca37b94abee2e3b5313cb0d0' LIMIT 1

SELECT userid, adminid, user_name, user_rank, discount, email, data, expiry FROM `wsc20`.`ecs_sessions` WHERE sesskey = '9351625fca37b94abee2e3b5313cb0d0'

SELECT code, value FROM `wsc20`.`ecs_shop_config` WHERE parent_id > 0

SELECT COUNT(*) FROM `wsc20`.`ecs_order_info` WHERE add_time >= '1461565887'

SELECT COUNT(*) FROM `wsc20`.`ecs_order_info` WHERE pay_time >= 1461565887

UPDATE `wsc20`.`ecs_sessions` SET expiry = '1461594867', ip = '192.168.1.16', userid = '0', adminid = '1', user_name='0', user_rank='0', discount='0', email='0', data = 'a:4:{s:10:\"admin_name\";s:5:\"admin\";s:11:\"action_list\";s:3:\"all\";s:10:\"last_check\";i:1461566067;s:12:\"suppliers_id\";s:1:\"0\";}' WHERE sesskey = '9351625fca37b94abee2e3b5313cb0d0' LIMIT 1

SELECT userid, adminid, user_name, user_rank, discount, email, data, expiry FROM `wsc20`.`ecs_sessions` WHERE sesskey = '9351625fca37b94abee2e3b5313cb0d0'

SELECT code, value FROM `wsc20`.`ecs_shop_config` WHERE parent_id > 0

SELECT COUNT(*) FROM `wsc20`.`ecs_order_info` WHERE add_time >= '1461566067'

SELECT COUNT(*) FROM `wsc20`.`ecs_order_info` WHERE pay_time >= 1461566067

UPDATE `wsc20`.`ecs_sessions` SET expiry = '1461595047', ip = '192.168.1.16', userid = '0', adminid = '1', user_name='0', user_rank='0', discount='0', email='0', data = 'a:4:{s:10:\"admin_name\";s:5:\"admin\";s:11:\"action_list\";s:3:\"all\";s:10:\"last_check\";i:1461566247;s:12:\"suppliers_id\";s:1:\"0\";}' WHERE sesskey = '9351625fca37b94abee2e3b5313cb0d0' LIMIT 1

SELECT userid, adminid, user_name, user_rank, discount, email, data, expiry FROM `wsc20`.`ecs_sessions` WHERE sesskey = '9351625fca37b94abee2e3b5313cb0d0'

SELECT code, value FROM `wsc20`.`ecs_shop_config` WHERE parent_id > 0

SELECT COUNT(*) FROM `wsc20`.`ecs_order_info` WHERE add_time >= '1461566247'

SELECT COUNT(*) FROM `wsc20`.`ecs_order_info` WHERE pay_time >= 1461566247

UPDATE `wsc20`.`ecs_sessions` SET expiry = '1461595227', ip = '192.168.1.16', userid = '0', adminid = '1', user_name='0', user_rank='0', discount='0', email='0', data = 'a:4:{s:10:\"admin_name\";s:5:\"admin\";s:11:\"action_list\";s:3:\"all\";s:10:\"last_check\";i:1461566427;s:12:\"suppliers_id\";s:1:\"0\";}' WHERE sesskey = '9351625fca37b94abee2e3b5313cb0d0' LIMIT 1

DELETE FROM `wsc20`.`ecs_sessions_data` WHERE expiry < 1461593427

SELECT userid, adminid, user_name, user_rank, discount, email, data, expiry FROM `wsc20`.`ecs_sessions` WHERE sesskey = '9351625fca37b94abee2e3b5313cb0d0'

SELECT code, value FROM `wsc20`.`ecs_shop_config` WHERE parent_id > 0

SELECT COUNT(*) FROM `wsc20`.`ecs_order_info` WHERE add_time >= '1461566427'

SELECT COUNT(*) FROM `wsc20`.`ecs_order_info` WHERE pay_time >= 1461566427

UPDATE `wsc20`.`ecs_sessions` SET expiry = '1461595407', ip = '192.168.1.16', userid = '0', adminid = '1', user_name='0', user_rank='0', discount='0', email='0', data = 'a:4:{s:10:\"admin_name\";s:5:\"admin\";s:11:\"action_list\";s:3:\"all\";s:10:\"last_check\";i:1461566607;s:12:\"suppliers_id\";s:1:\"0\";}' WHERE sesskey = '9351625fca37b94abee2e3b5313cb0d0' LIMIT 1

SELECT userid, adminid, user_name, user_rank, discount, email, data, expiry FROM `wsc20`.`ecs_sessions` WHERE sesskey = '9351625fca37b94abee2e3b5313cb0d0'

SELECT code, value FROM `wsc20`.`ecs_shop_config` WHERE parent_id > 0

SELECT COUNT(*) FROM `wsc20`.`ecs_order_info` WHERE add_time >= '1461566607'

SELECT COUNT(*) FROM `wsc20`.`ecs_order_info` WHERE pay_time >= 1461566607

UPDATE `wsc20`.`ecs_sessions` SET expiry = '1461595587', ip = '192.168.1.16', userid = '0', adminid = '1', user_name='0', user_rank='0', discount='0', email='0', data = 'a:4:{s:10:\"admin_name\";s:5:\"admin\";s:11:\"action_list\";s:3:\"all\";s:10:\"last_check\";i:1461566787;s:12:\"suppliers_id\";s:1:\"0\";}' WHERE sesskey = '9351625fca37b94abee2e3b5313cb0d0' LIMIT 1

SELECT userid, adminid, user_name, user_rank, discount, email, data, expiry FROM `wsc20`.`ecs_sessions` WHERE sesskey = '9351625fca37b94abee2e3b5313cb0d0'

SELECT code, value FROM `wsc20`.`ecs_shop_config` WHERE parent_id > 0

SELECT COUNT(*) FROM `wsc20`.`ecs_order_info` WHERE add_time >= '1461566787'

SELECT COUNT(*) FROM `wsc20`.`ecs_order_info` WHERE pay_time >= 1461566787

UPDATE `wsc20`.`ecs_sessions` SET expiry = '1461595946', ip = '192.168.1.16', userid = '0', adminid = '1', user_name='0', user_rank='0', discount='0', email='0', data = 'a:4:{s:10:\"admin_name\";s:5:\"admin\";s:11:\"action_list\";s:3:\"all\";s:10:\"last_check\";i:1461567146;s:12:\"suppliers_id\";s:1:\"0\";}' WHERE sesskey = '9351625fca37b94abee2e3b5313cb0d0' LIMIT 1

DELETE FROM `wsc20`.`ecs_sessions` WHERE expiry < 1461594146

SELECT userid, adminid, user_name, user_rank, discount, email, data, expiry FROM `wsc20`.`ecs_sessions` WHERE sesskey = '9351625fca37b94abee2e3b5313cb0d0'

SELECT code, value FROM `wsc20`.`ecs_shop_config` WHERE parent_id > 0

SELECT COUNT(*) FROM `wsc20`.`ecs_order_info` WHERE add_time >= '1461567146'

SELECT COUNT(*) FROM `wsc20`.`ecs_order_info` WHERE pay_time >= 1461567146

UPDATE `wsc20`.`ecs_sessions` SET expiry = '1461596126', ip = '192.168.1.16', userid = '0', adminid = '1', user_name='0', user_rank='0', discount='0', email='0', data = 'a:4:{s:10:\"admin_name\";s:5:\"admin\";s:11:\"action_list\";s:3:\"all\";s:10:\"last_check\";i:1461567326;s:12:\"suppliers_id\";s:1:\"0\";}' WHERE sesskey = '9351625fca37b94abee2e3b5313cb0d0' LIMIT 1

DELETE FROM `wsc20`.`ecs_sessions` WHERE expiry < 1461594326

SELECT userid, adminid, user_name, user_rank, discount, email, data, expiry FROM `wsc20`.`ecs_sessions` WHERE sesskey = '9351625fca37b94abee2e3b5313cb0d0'

SELECT code, value FROM `wsc20`.`ecs_shop_config` WHERE parent_id > 0

SELECT COUNT(*) FROM `wsc20`.`ecs_order_info` WHERE add_time >= '1461567326'

SELECT COUNT(*) FROM `wsc20`.`ecs_order_info` WHERE pay_time >= 1461567326

UPDATE `wsc20`.`ecs_sessions` SET expiry = '1461596306', ip = '192.168.1.16', userid = '0', adminid = '1', user_name='0', user_rank='0', discount='0', email='0', data = 'a:4:{s:10:\"admin_name\";s:5:\"admin\";s:11:\"action_list\";s:3:\"all\";s:10:\"last_check\";i:1461567506;s:12:\"suppliers_id\";s:1:\"0\";}' WHERE sesskey = '9351625fca37b94abee2e3b5313cb0d0' LIMIT 1

DELETE FROM `wsc20`.`ecs_sessions` WHERE expiry < 1461594506

SELECT userid, adminid, user_name, user_rank, discount, email, data, expiry FROM `wsc20`.`ecs_sessions` WHERE sesskey = '9351625fca37b94abee2e3b5313cb0d0'

SELECT code, value FROM `wsc20`.`ecs_shop_config` WHERE parent_id > 0

SELECT COUNT(*) FROM `wsc20`.`ecs_order_info` WHERE add_time >= '1461567506'

SELECT COUNT(*) FROM `wsc20`.`ecs_order_info` WHERE pay_time >= 1461567506

UPDATE `wsc20`.`ecs_sessions` SET expiry = '1461596486', ip = '192.168.1.16', userid = '0', adminid = '1', user_name='0', user_rank='0', discount='0', email='0', data = 'a:4:{s:10:\"admin_name\";s:5:\"admin\";s:11:\"action_list\";s:3:\"all\";s:10:\"last_check\";i:1461567686;s:12:\"suppliers_id\";s:1:\"0\";}' WHERE sesskey = '9351625fca37b94abee2e3b5313cb0d0' LIMIT 1

DELETE FROM `wsc20`.`ecs_sessions` WHERE expiry < 1461594686

SELECT userid, adminid, user_name, user_rank, discount, email, data, expiry FROM `wsc20`.`ecs_sessions` WHERE sesskey = '9351625fca37b94abee2e3b5313cb0d0'

SELECT code, value FROM `wsc20`.`ecs_shop_config` WHERE parent_id > 0

SELECT COUNT(*) FROM `wsc20`.`ecs_order_info` WHERE add_time >= '1461567686'

SELECT COUNT(*) FROM `wsc20`.`ecs_order_info` WHERE pay_time >= 1461567686

UPDATE `wsc20`.`ecs_sessions` SET expiry = '1461596666', ip = '192.168.1.16', userid = '0', adminid = '1', user_name='0', user_rank='0', discount='0', email='0', data = 'a:4:{s:10:\"admin_name\";s:5:\"admin\";s:11:\"action_list\";s:3:\"all\";s:10:\"last_check\";i:1461567866;s:12:\"suppliers_id\";s:1:\"0\";}' WHERE sesskey = '9351625fca37b94abee2e3b5313cb0d0' LIMIT 1

DELETE FROM `wsc20`.`ecs_sessions` WHERE expiry < 1461594866

SELECT userid, adminid, user_name, user_rank, discount, email, data, expiry FROM `wsc20`.`ecs_sessions` WHERE sesskey = '9351625fca37b94abee2e3b5313cb0d0'

SELECT code, value FROM `wsc20`.`ecs_shop_config` WHERE parent_id > 0

SELECT COUNT(*) FROM `wsc20`.`ecs_order_info` WHERE add_time >= '1461567866'

SELECT COUNT(*) FROM `wsc20`.`ecs_order_info` WHERE pay_time >= 1461567866

UPDATE `wsc20`.`ecs_sessions` SET expiry = '1461596846', ip = '192.168.1.16', userid = '0', adminid = '1', user_name='0', user_rank='0', discount='0', email='0', data = 'a:4:{s:10:\"admin_name\";s:5:\"admin\";s:11:\"action_list\";s:3:\"all\";s:10:\"last_check\";i:1461568046;s:12:\"suppliers_id\";s:1:\"0\";}' WHERE sesskey = '9351625fca37b94abee2e3b5313cb0d0' LIMIT 1

DELETE FROM `wsc20`.`ecs_sessions` WHERE expiry < 1461595046

SELECT userid, adminid, user_name, user_rank, discount, email, data, expiry FROM `wsc20`.`ecs_sessions` WHERE sesskey = '9351625fca37b94abee2e3b5313cb0d0'

SELECT code, value FROM `wsc20`.`ecs_shop_config` WHERE parent_id > 0

SELECT COUNT(*) FROM `wsc20`.`ecs_order_info` WHERE add_time >= '1461568046'

SELECT COUNT(*) FROM `wsc20`.`ecs_order_info` WHERE pay_time >= 1461568046

UPDATE `wsc20`.`ecs_sessions` SET expiry = '1461597026', ip = '192.168.1.16', userid = '0', adminid = '1', user_name='0', user_rank='0', discount='0', email='0', data = 'a:4:{s:10:\"admin_name\";s:5:\"admin\";s:11:\"action_list\";s:3:\"all\";s:10:\"last_check\";i:1461568226;s:12:\"suppliers_id\";s:1:\"0\";}' WHERE sesskey = '9351625fca37b94abee2e3b5313cb0d0' LIMIT 1

DELETE FROM `wsc20`.`ecs_sessions_data` WHERE expiry < 1461595226

DELETE FROM `wsc20`.`ecs_sessions` WHERE expiry < 1461595226

SELECT userid, adminid, user_name, user_rank, discount, email, data, expiry FROM `wsc20`.`ecs_sessions` WHERE sesskey = '9351625fca37b94abee2e3b5313cb0d0'

SELECT code, value FROM `wsc20`.`ecs_shop_config` WHERE parent_id > 0

SELECT COUNT(*) FROM `wsc20`.`ecs_order_info` WHERE add_time >= '1461568226'

SELECT COUNT(*) FROM `wsc20`.`ecs_order_info` WHERE pay_time >= 1461568226

UPDATE `wsc20`.`ecs_sessions` SET expiry = '1461597206', ip = '192.168.1.16', userid = '0', adminid = '1', user_name='0', user_rank='0', discount='0', email='0', data = 'a:4:{s:10:\"admin_name\";s:5:\"admin\";s:11:\"action_list\";s:3:\"all\";s:10:\"last_check\";i:1461568406;s:12:\"suppliers_id\";s:1:\"0\";}' WHERE sesskey = '9351625fca37b94abee2e3b5313cb0d0' LIMIT 1

DELETE FROM `wsc20`.`ecs_sessions` WHERE expiry < 1461595406

SELECT userid, adminid, user_name, user_rank, discount, email, data, expiry FROM `wsc20`.`ecs_sessions` WHERE sesskey = '9351625fca37b94abee2e3b5313cb0d0'

SELECT code, value FROM `wsc20`.`ecs_shop_config` WHERE parent_id > 0

SELECT COUNT(*) FROM `wsc20`.`ecs_order_info` WHERE add_time >= '1461568406'

SELECT COUNT(*) FROM `wsc20`.`ecs_order_info` WHERE pay_time >= 1461568406

UPDATE `wsc20`.`ecs_sessions` SET expiry = '1461597386', ip = '192.168.1.16', userid = '0', adminid = '1', user_name='0', user_rank='0', discount='0', email='0', data = 'a:4:{s:10:\"admin_name\";s:5:\"admin\";s:11:\"action_list\";s:3:\"all\";s:10:\"last_check\";i:1461568586;s:12:\"suppliers_id\";s:1:\"0\";}' WHERE sesskey = '9351625fca37b94abee2e3b5313cb0d0' LIMIT 1

DELETE FROM `wsc20`.`ecs_sessions` WHERE expiry < 1461595586

SELECT userid, adminid, user_name, user_rank, discount, email, data, expiry FROM `wsc20`.`ecs_sessions` WHERE sesskey = '9351625fca37b94abee2e3b5313cb0d0'

SELECT code, value FROM `wsc20`.`ecs_shop_config` WHERE parent_id > 0

SELECT COUNT(*) FROM `wsc20`.`ecs_order_info` WHERE add_time >= '1461568586'

SELECT COUNT(*) FROM `wsc20`.`ecs_order_info` WHERE pay_time >= 1461568586

UPDATE `wsc20`.`ecs_sessions` SET expiry = '1461597566', ip = '192.168.1.16', userid = '0', adminid = '1', user_name='0', user_rank='0', discount='0', email='0', data = 'a:4:{s:10:\"admin_name\";s:5:\"admin\";s:11:\"action_list\";s:3:\"all\";s:10:\"last_check\";i:1461568766;s:12:\"suppliers_id\";s:1:\"0\";}' WHERE sesskey = '9351625fca37b94abee2e3b5313cb0d0' LIMIT 1

DELETE FROM `wsc20`.`ecs_sessions_data` WHERE expiry < 1461595766

DELETE FROM `wsc20`.`ecs_sessions` WHERE expiry < 1461595766

SELECT userid, adminid, user_name, user_rank, discount, email, data, expiry FROM `wsc20`.`ecs_sessions` WHERE sesskey = '9351625fca37b94abee2e3b5313cb0d0'

SELECT code, value FROM `wsc20`.`ecs_shop_config` WHERE parent_id > 0

SELECT COUNT(*) FROM `wsc20`.`ecs_order_info` WHERE add_time >= '1461568766'

SELECT COUNT(*) FROM `wsc20`.`ecs_order_info` WHERE pay_time >= 1461568766

UPDATE `wsc20`.`ecs_sessions` SET expiry = '1461597746', ip = '192.168.1.16', userid = '0', adminid = '1', user_name='0', user_rank='0', discount='0', email='0', data = 'a:4:{s:10:\"admin_name\";s:5:\"admin\";s:11:\"action_list\";s:3:\"all\";s:10:\"last_check\";i:1461568946;s:12:\"suppliers_id\";s:1:\"0\";}' WHERE sesskey = '9351625fca37b94abee2e3b5313cb0d0' LIMIT 1

DELETE FROM `wsc20`.`ecs_sessions_data` WHERE expiry < 1461595946

DELETE FROM `wsc20`.`ecs_sessions` WHERE expiry < 1461595946

SELECT userid, adminid, user_name, user_rank, discount, email, data, expiry FROM `wsc20`.`ecs_sessions` WHERE sesskey = '9351625fca37b94abee2e3b5313cb0d0'

SELECT code, value FROM `wsc20`.`ecs_shop_config` WHERE parent_id > 0

SELECT COUNT(*) FROM `wsc20`.`ecs_order_info` WHERE add_time >= '1461568946'

SELECT COUNT(*) FROM `wsc20`.`ecs_order_info` WHERE pay_time >= 1461568946

UPDATE `wsc20`.`ecs_sessions` SET expiry = '1461597926', ip = '192.168.1.16', userid = '0', adminid = '1', user_name='0', user_rank='0', discount='0', email='0', data = 'a:4:{s:10:\"admin_name\";s:5:\"admin\";s:11:\"action_list\";s:3:\"all\";s:10:\"last_check\";i:1461569126;s:12:\"suppliers_id\";s:1:\"0\";}' WHERE sesskey = '9351625fca37b94abee2e3b5313cb0d0' LIMIT 1

DELETE FROM `wsc20`.`ecs_sessions` WHERE expiry < 1461596126

SELECT userid, adminid, user_name, user_rank, discount, email, data, expiry FROM `wsc20`.`ecs_sessions` WHERE sesskey = '9351625fca37b94abee2e3b5313cb0d0'

SELECT code, value FROM `wsc20`.`ecs_shop_config` WHERE parent_id > 0

SELECT COUNT(*) FROM `wsc20`.`ecs_order_info` WHERE add_time >= '1461569126'

SELECT COUNT(*) FROM `wsc20`.`ecs_order_info` WHERE pay_time >= 1461569126

UPDATE `wsc20`.`ecs_sessions` SET expiry = '1461598106', ip = '192.168.1.16', userid = '0', adminid = '1', user_name='0', user_rank='0', discount='0', email='0', data = 'a:4:{s:10:\"admin_name\";s:5:\"admin\";s:11:\"action_list\";s:3:\"all\";s:10:\"last_check\";i:1461569306;s:12:\"suppliers_id\";s:1:\"0\";}' WHERE sesskey = '9351625fca37b94abee2e3b5313cb0d0' LIMIT 1

DELETE FROM `wsc20`.`ecs_sessions_data` WHERE expiry < 1461596306

DELETE FROM `wsc20`.`ecs_sessions` WHERE expiry < 1461596306

SELECT userid, adminid, user_name, user_rank, discount, email, data, expiry FROM `wsc20`.`ecs_sessions` WHERE sesskey = '9351625fca37b94abee2e3b5313cb0d0'

SELECT code, value FROM `wsc20`.`ecs_shop_config` WHERE parent_id > 0

SELECT COUNT(*) FROM `wsc20`.`ecs_order_info` WHERE add_time >= '1461569306'

SELECT COUNT(*) FROM `wsc20`.`ecs_order_info` WHERE pay_time >= 1461569306

UPDATE `wsc20`.`ecs_sessions` SET expiry = '1461598286', ip = '192.168.1.16', userid = '0', adminid = '1', user_name='0', user_rank='0', discount='0', email='0', data = 'a:4:{s:10:\"admin_name\";s:5:\"admin\";s:11:\"action_list\";s:3:\"all\";s:10:\"last_check\";i:1461569486;s:12:\"suppliers_id\";s:1:\"0\";}' WHERE sesskey = '9351625fca37b94abee2e3b5313cb0d0' LIMIT 1

DELETE FROM `wsc20`.`ecs_sessions` WHERE expiry < 1461596486

SELECT userid, adminid, user_name, user_rank, discount, email, data, expiry FROM `wsc20`.`ecs_sessions` WHERE sesskey = '9351625fca37b94abee2e3b5313cb0d0'

SELECT code, value FROM `wsc20`.`ecs_shop_config` WHERE parent_id > 0

SELECT COUNT(*) FROM `wsc20`.`ecs_order_info` WHERE add_time >= '1461569486'

SELECT COUNT(*) FROM `wsc20`.`ecs_order_info` WHERE pay_time >= 1461569486

UPDATE `wsc20`.`ecs_sessions` SET expiry = '1461598466', ip = '192.168.1.16', userid = '0', adminid = '1', user_name='0', user_rank='0', discount='0', email='0', data = 'a:4:{s:10:\"admin_name\";s:5:\"admin\";s:11:\"action_list\";s:3:\"all\";s:10:\"last_check\";i:1461569666;s:12:\"suppliers_id\";s:1:\"0\";}' WHERE sesskey = '9351625fca37b94abee2e3b5313cb0d0' LIMIT 1

DELETE FROM `wsc20`.`ecs_sessions` WHERE expiry < 1461596666

SELECT userid, adminid, user_name, user_rank, discount, email, data, expiry FROM `wsc20`.`ecs_sessions` WHERE sesskey = '9351625fca37b94abee2e3b5313cb0d0'

SELECT code, value FROM `wsc20`.`ecs_shop_config` WHERE parent_id > 0

SELECT COUNT(*) FROM `wsc20`.`ecs_order_info` WHERE add_time >= '1461569666'

SELECT COUNT(*) FROM `wsc20`.`ecs_order_info` WHERE pay_time >= 1461569666

UPDATE `wsc20`.`ecs_sessions` SET expiry = '1461598646', ip = '192.168.1.16', userid = '0', adminid = '1', user_name='0', user_rank='0', discount='0', email='0', data = 'a:4:{s:10:\"admin_name\";s:5:\"admin\";s:11:\"action_list\";s:3:\"all\";s:10:\"last_check\";i:1461569846;s:12:\"suppliers_id\";s:1:\"0\";}' WHERE sesskey = '9351625fca37b94abee2e3b5313cb0d0' LIMIT 1

DELETE FROM `wsc20`.`ecs_sessions_data` WHERE expiry < 1461596846

DELETE FROM `wsc20`.`ecs_sessions` WHERE expiry < 1461596846

SELECT userid, adminid, user_name, user_rank, discount, email, data, expiry FROM `wsc20`.`ecs_sessions` WHERE sesskey = '9351625fca37b94abee2e3b5313cb0d0'

SELECT code, value FROM `wsc20`.`ecs_shop_config` WHERE parent_id > 0

SELECT COUNT(*) FROM `wsc20`.`ecs_order_info` WHERE add_time >= '1461569846'

SELECT COUNT(*) FROM `wsc20`.`ecs_order_info` WHERE pay_time >= 1461569846

UPDATE `wsc20`.`ecs_sessions` SET expiry = '1461598826', ip = '192.168.1.16', userid = '0', adminid = '1', user_name='0', user_rank='0', discount='0', email='0', data = 'a:4:{s:10:\"admin_name\";s:5:\"admin\";s:11:\"action_list\";s:3:\"all\";s:10:\"last_check\";i:1461570026;s:12:\"suppliers_id\";s:1:\"0\";}' WHERE sesskey = '9351625fca37b94abee2e3b5313cb0d0' LIMIT 1

DELETE FROM `wsc20`.`ecs_sessions_data` WHERE expiry < 1461597026

DELETE FROM `wsc20`.`ecs_sessions` WHERE expiry < 1461597026

SELECT userid, adminid, user_name, user_rank, discount, email, data, expiry FROM `wsc20`.`ecs_sessions` WHERE sesskey = '9351625fca37b94abee2e3b5313cb0d0'

SELECT code, value FROM `wsc20`.`ecs_shop_config` WHERE parent_id > 0

SELECT COUNT(*) FROM `wsc20`.`ecs_order_info` WHERE add_time >= '1461570026'

SELECT COUNT(*) FROM `wsc20`.`ecs_order_info` WHERE pay_time >= 1461570026

UPDATE `wsc20`.`ecs_sessions` SET expiry = '1461599185', ip = '192.168.1.16', userid = '0', adminid = '1', user_name='0', user_rank='0', discount='0', email='0', data = 'a:4:{s:10:\"admin_name\";s:5:\"admin\";s:11:\"action_list\";s:3:\"all\";s:10:\"last_check\";i:1461570385;s:12:\"suppliers_id\";s:1:\"0\";}' WHERE sesskey = '9351625fca37b94abee2e3b5313cb0d0' LIMIT 1

DELETE FROM `wsc20`.`ecs_sessions_data` WHERE expiry < 1461597385

SELECT userid, adminid, user_name, user_rank, discount, email, data, expiry FROM `wsc20`.`ecs_sessions` WHERE sesskey = '9351625fca37b94abee2e3b5313cb0d0'

SELECT code, value FROM `wsc20`.`ecs_shop_config` WHERE parent_id > 0

SELECT COUNT(*) FROM `wsc20`.`ecs_order_info` WHERE add_time >= '1461570385'

SELECT COUNT(*) FROM `wsc20`.`ecs_order_info` WHERE pay_time >= 1461570385

UPDATE `wsc20`.`ecs_sessions` SET expiry = '1461599365', ip = '192.168.1.16', userid = '0', adminid = '1', user_name='0', user_rank='0', discount='0', email='0', data = 'a:4:{s:10:\"admin_name\";s:5:\"admin\";s:11:\"action_list\";s:3:\"all\";s:10:\"last_check\";i:1461570565;s:12:\"suppliers_id\";s:1:\"0\";}' WHERE sesskey = '9351625fca37b94abee2e3b5313cb0d0' LIMIT 1

SELECT userid, adminid, user_name, user_rank, discount, email, data, expiry FROM `wsc20`.`ecs_sessions` WHERE sesskey = '9351625fca37b94abee2e3b5313cb0d0'

SELECT code, value FROM `wsc20`.`ecs_shop_config` WHERE parent_id > 0

SELECT COUNT(*) FROM `wsc20`.`ecs_order_info` WHERE add_time >= '1461570565'

SELECT COUNT(*) FROM `wsc20`.`ecs_order_info` WHERE pay_time >= 1461570565

UPDATE `wsc20`.`ecs_sessions` SET expiry = '1461599545', ip = '192.168.1.16', userid = '0', adminid = '1', user_name='0', user_rank='0', discount='0', email='0', data = 'a:4:{s:10:\"admin_name\";s:5:\"admin\";s:11:\"action_list\";s:3:\"all\";s:10:\"last_check\";i:1461570745;s:12:\"suppliers_id\";s:1:\"0\";}' WHERE sesskey = '9351625fca37b94abee2e3b5313cb0d0' LIMIT 1

SELECT userid, adminid, user_name, user_rank, discount, email, data, expiry FROM `wsc20`.`ecs_sessions` WHERE sesskey = '9351625fca37b94abee2e3b5313cb0d0'

SELECT code, value FROM `wsc20`.`ecs_shop_config` WHERE parent_id > 0

SELECT COUNT(*) FROM `wsc20`.`ecs_order_info` WHERE add_time >= '1461570745'

SELECT COUNT(*) FROM `wsc20`.`ecs_order_info` WHERE pay_time >= 1461570745

UPDATE `wsc20`.`ecs_sessions` SET expiry = '1461599725', ip = '192.168.1.16', userid = '0', adminid = '1', user_name='0', user_rank='0', discount='0', email='0', data = 'a:4:{s:10:\"admin_name\";s:5:\"admin\";s:11:\"action_list\";s:3:\"all\";s:10:\"last_check\";i:1461570925;s:12:\"suppliers_id\";s:1:\"0\";}' WHERE sesskey = '9351625fca37b94abee2e3b5313cb0d0' LIMIT 1

SELECT userid, adminid, user_name, user_rank, discount, email, data, expiry FROM `wsc20`.`ecs_sessions` WHERE sesskey = '9351625fca37b94abee2e3b5313cb0d0'

SELECT code, value FROM `wsc20`.`ecs_shop_config` WHERE parent_id > 0

SELECT COUNT(*) FROM `wsc20`.`ecs_order_info` WHERE add_time >= '1461570925'

SELECT COUNT(*) FROM `wsc20`.`ecs_order_info` WHERE pay_time >= 1461570925

UPDATE `wsc20`.`ecs_sessions` SET expiry = '1461599905', ip = '192.168.1.16', userid = '0', adminid = '1', user_name='0', user_rank='0', discount='0', email='0', data = 'a:4:{s:10:\"admin_name\";s:5:\"admin\";s:11:\"action_list\";s:3:\"all\";s:10:\"last_check\";i:1461571105;s:12:\"suppliers_id\";s:1:\"0\";}' WHERE sesskey = '9351625fca37b94abee2e3b5313cb0d0' LIMIT 1

DELETE FROM `wsc20`.`ecs_sessions_data` WHERE expiry < 1461598105

