SELECT userid, adminid, user_name, user_rank, discount, email, data, expiry FROM `weishangcheng`.`ecs_sessions` WHERE sesskey = '4798822cb1cfecb6c7b59f09d1d6e7e1'

INSERT INTO `weishangcheng`.`ecs_sessions` (sesskey, expiry, ip, data) VALUES ('4798822cb1cfecb6c7b59f09d1d6e7e1', '1460362133', '192.168.1.18', 'a:0:{}')

SELECT code, value FROM `weishangcheng`.`ecs_shop_config` WHERE parent_id > 0

UPDATE `weishangcheng`.`ecs_sessions` SET expiry = '1460362133', ip = '192.168.1.18', userid = '0', adminid = '0', user_name='0', user_rank='0', discount='0', email='0', data = 'a:0:{}' WHERE sesskey = '4798822cb1cfecb6c7b59f09d1d6e7e1' LIMIT 1

SELECT userid, adminid, user_name, user_rank, discount, email, data, expiry FROM `weishangcheng`.`ecs_sessions` WHERE sesskey = '4798822cb1cfecb6c7b59f09d1d6e7e1'

SELECT code, value FROM `weishangcheng`.`ecs_shop_config` WHERE parent_id > 0

SELECT `ec_salt` FROM `weishangcheng`.`ecs_admin_user`WHERE user_name = 'admin'

SELECT user_id, user_name, password, last_login, action_list, last_login,suppliers_id,ec_salt FROM `weishangcheng`.`ecs_admin_user` WHERE user_name = 'admin' AND password = '9bc6b611f252f928e401f99984c3aaf4'

DELETE FROM `weishangcheng`.`ecs_sessions` WHERE expiry < 1460360338

SELECT userid, adminid, user_name, user_rank, discount, email, data, expiry FROM `weishangcheng`.`ecs_sessions` WHERE sesskey = '4798822cb1cfecb6c7b59f09d1d6e7e1'

SELECT code, value FROM `weishangcheng`.`ecs_shop_config` WHERE parent_id > 0

SELECT `ec_salt` FROM `weishangcheng`.`ecs_admin_user`WHERE user_name = 'admin'

SELECT user_id, user_name, password, last_login, action_list, last_login,suppliers_id,ec_salt FROM `weishangcheng`.`ecs_admin_user` WHERE user_name = 'admin' AND password = 'ce9155ff0f99fa8f54431473da0904bd'

DELETE FROM `weishangcheng`.`ecs_sessions` WHERE expiry < 1460360342

SELECT userid, adminid, user_name, user_rank, discount, email, data, expiry FROM `weishangcheng`.`ecs_sessions` WHERE sesskey = '4798822cb1cfecb6c7b59f09d1d6e7e1'

SELECT code, value FROM `weishangcheng`.`ecs_shop_config` WHERE parent_id > 0

SELECT `ec_salt` FROM `weishangcheng`.`ecs_admin_user`WHERE user_name = 'admin'

SELECT user_id, user_name, password, last_login, action_list, last_login,suppliers_id,ec_salt FROM `weishangcheng`.`ecs_admin_user` WHERE user_name = 'admin' AND password = 'c9f41843a2652fc42c9f42883f91185c'

UPDATE `weishangcheng`.`ecs_admin_user` SET last_login='1460333347', last_ip='192.168.1.18' WHERE user_id='1'

SELECT DISTINCT session_id FROM `weishangcheng`.`ecs_cart` AS c, `weishangcheng`.`ecs_sessions` AS s WHERE c.session_id = s.sesskey 

DELETE FROM `weishangcheng`.`ecs_cart` WHERE session_id NOT  IN ('') 

UPDATE `weishangcheng`.`ecs_sessions` SET expiry = '1460362147', ip = '192.168.1.18', userid = '0', adminid = '1', user_name='0', user_rank='0', discount='0', email='0', data = 'a:4:{s:10:\"admin_name\";s:5:\"admin\";s:11:\"action_list\";s:3:\"all\";s:10:\"last_check\";s:10:\"1460251766\";s:12:\"suppliers_id\";s:1:\"0\";}' WHERE sesskey = '4798822cb1cfecb6c7b59f09d1d6e7e1' LIMIT 1

DELETE FROM `weishangcheng`.`ecs_sessions_data` WHERE expiry < 1460360347

SELECT userid, adminid, user_name, user_rank, discount, email, data, expiry FROM `weishangcheng`.`ecs_sessions` WHERE sesskey = '4798822cb1cfecb6c7b59f09d1d6e7e1'

SELECT code, value FROM `weishangcheng`.`ecs_shop_config` WHERE parent_id > 0

SELECT userid, adminid, user_name, user_rank, discount, email, data, expiry FROM `weishangcheng`.`ecs_sessions` WHERE sesskey = '4798822cb1cfecb6c7b59f09d1d6e7e1'

SELECT code, value FROM `weishangcheng`.`ecs_shop_config` WHERE parent_id > 0

SELECT message_id, sender_id, receiver_id, sent_time, readed, deleted, title, message, user_name FROM `weishangcheng`.`ecs_admin_message` AS a, `weishangcheng`.`ecs_admin_user` AS b WHERE a.sender_id = b.user_id AND a.receiver_id = '1' AND a.readed = 0 AND deleted = 0 ORDER BY a.sent_time DESC

SELECT pay_id, is_cod FROM `weishangcheng`.`ecs_payment` WHERE enabled = 1

SELECT COUNT(*) FROM `weishangcheng`.`ecs_order_info` WHERE 1  AND order_status  IN ('1','5')  AND shipping_status  IN ('1','2')  AND pay_status  IN ('2','1')  

SELECT pay_id FROM `weishangcheng`.`ecs_payment` WHERE is_cod = 1

SELECT COUNT(*) FROM `weishangcheng`.`ecs_order_info` WHERE 1  AND   order_status  IN ('1','5','6')  AND   shipping_status  IN ('0','3','5')  AND ( pay_status  IN ('2','1')  OR pay_id  IN ('') ) 

SELECT pay_id FROM `weishangcheng`.`ecs_payment` WHERE is_cod = 0

SELECT COUNT(*) FROM `weishangcheng`.`ecs_order_info` WHERE 1  AND   order_status  IN ('1','5')  AND   pay_status = '0' AND ( shipping_status  IN ('1','2')  OR pay_id  IN ('') ) 

SELECT COUNT(*) FROM `weishangcheng`.`ecs_order_info` WHERE 1  AND order_status = '0' 

SELECT COUNT(*) FROM `weishangcheng`.`ecs_order_info` WHERE  shipping_status=4

SELECT COUNT(*) AS oCount, IFNULL(SUM(order_amount), 0) AS oAmount FROM `weishangcheng`.`ecs_order_info`

SELECT COUNT(*) FROM `weishangcheng`.`ecs_goods` WHERE is_delete = 0 AND is_alone_sale = 1 AND is_real = 1

SELECT COUNT(*) FROM `weishangcheng`.`ecs_goods` WHERE is_delete = 0 AND is_alone_sale = 1 AND is_real=0 AND extension_code='virtual_card'

SELECT COUNT(*) FROM `weishangcheng`.`ecs_goods` WHERE is_delete = 0 AND is_new = 1 AND is_real = 1

SELECT COUNT(*) FROM `weishangcheng`.`ecs_goods` WHERE is_delete = 0 AND is_new = 1 AND is_real=0 AND extension_code='virtual_card'

SELECT COUNT(*) FROM `weishangcheng`.`ecs_goods` WHERE is_delete = 0 AND is_best = 1 AND is_real = 1

SELECT COUNT(*) FROM `weishangcheng`.`ecs_goods` WHERE is_delete = 0 AND is_best = 1 AND is_real=0 AND extension_code='virtual_card'

SELECT COUNT(*) FROM `weishangcheng`.`ecs_goods` WHERE is_delete = 0 AND is_hot = 1 AND is_real = 1

SELECT COUNT(*) FROM `weishangcheng`.`ecs_goods` WHERE is_delete = 0 AND is_hot = 1 AND is_real=0 AND extension_code='virtual_card'

SELECT COUNT(*) FROM `weishangcheng`.`ecs_goods` WHERE is_delete = 0 AND promote_price>0 AND promote_start_date <= '1460333347' AND promote_end_date >= '1460333347' AND is_real = 1

SELECT COUNT(*) FROM `weishangcheng`.`ecs_goods` WHERE is_delete = 0 AND promote_price>0 AND promote_start_date <= '1460333347' AND promote_end_date >= '1460333347' AND is_real=0 AND extension_code='virtual_card'

SELECT COUNT(*) FROM `weishangcheng`.`ecs_goods` WHERE is_delete = 0 AND goods_number <= warn_number AND is_real = 1

SELECT COUNT(*) FROM `weishangcheng`.`ecs_goods` WHERE is_delete = 0 AND goods_number <= warn_number AND is_real=0 AND extension_code='virtual_card'

SELECT COUNT(*) FROM `weishangcheng`.`ecs_stats` WHERE access_time > 1460275200

SELECT count(*) FROM `weishangcheng`.`ecs_sessions`

SELECT COUNT(f.msg_id) FROM `weishangcheng`.`ecs_feedback` AS f LEFT JOIN `weishangcheng`.`ecs_feedback` AS r ON r.parent_id=f.msg_id WHERE f.parent_id=0 AND ISNULL(r.msg_id) 

SELECT COUNT(*) FROM `weishangcheng`.`ecs_comment` WHERE status = 0 AND parent_id = 0

SELECT COUNT(*) FROM `weishangcheng`.`ecs_booking_goods` WHERE is_dispose = 0

SELECT COUNT(*) FROM `weishangcheng`.`ecs_user_account` WHERE process_type = 1 AND is_paid = 0 

SELECT userid, adminid, user_name, user_rank, discount, email, data, expiry FROM `weishangcheng`.`ecs_sessions` WHERE sesskey = '4798822cb1cfecb6c7b59f09d1d6e7e1'

SELECT code, value FROM `weishangcheng`.`ecs_shop_config` WHERE parent_id > 0

SELECT userid, adminid, user_name, user_rank, discount, email, data, expiry FROM `weishangcheng`.`ecs_sessions` WHERE sesskey = '4798822cb1cfecb6c7b59f09d1d6e7e1'

SELECT code, value FROM `weishangcheng`.`ecs_shop_config` WHERE parent_id > 0

SELECT COUNT(*) AS oCount, IFNULL(SUM(order_amount), 0) AS oAmount FROM `weishangcheng`.`ecs_order_info`

SELECT COUNT(*) FROM `weishangcheng`.`ecs_goods` WHERE is_delete = 0 AND is_alone_sale = 1 AND is_real = 1

SELECT COUNT(*) FROM `weishangcheng`.`ecs_users`

SELECT value FROM `weishangcheng`.`ecs_shop_config` WHERE code = 'template'

SELECT value FROM `weishangcheng`.`ecs_shop_config` WHERE code = 'stylename'

SELECT userid, adminid, user_name, user_rank, discount, email, data, expiry FROM `weishangcheng`.`ecs_sessions` WHERE sesskey = '4798822cb1cfecb6c7b59f09d1d6e7e1'

SELECT code, value FROM `weishangcheng`.`ecs_shop_config` WHERE parent_id > 0

SELECT COUNT(*) FROM `weishangcheng`.`ecs_order_info` WHERE add_time >= '1460251766'

SELECT COUNT(*) FROM `weishangcheng`.`ecs_order_info` WHERE pay_time >= 1460251766

UPDATE `weishangcheng`.`ecs_sessions` SET expiry = '1460362148', ip = '192.168.1.18', userid = '0', adminid = '1', user_name='0', user_rank='0', discount='0', email='0', data = 'a:4:{s:10:\"admin_name\";s:5:\"admin\";s:11:\"action_list\";s:3:\"all\";s:10:\"last_check\";i:1460333348;s:12:\"suppliers_id\";s:1:\"0\";}' WHERE sesskey = '4798822cb1cfecb6c7b59f09d1d6e7e1' LIMIT 1

DELETE FROM `weishangcheng`.`ecs_sessions_data` WHERE expiry < 1460360348

DELETE FROM `weishangcheng`.`ecs_sessions` WHERE expiry < 1460360348

DELETE FROM `weishangcheng`.`ecs_sessions` WHERE expiry < 1460360348

SELECT userid, adminid, user_name, user_rank, discount, email, data, expiry FROM `weishangcheng`.`ecs_sessions` WHERE sesskey = '4798822cb1cfecb6c7b59f09d1d6e7e1'

SELECT code, value FROM `weishangcheng`.`ecs_shop_config` WHERE parent_id > 0

DELETE FROM `weishangcheng`.`ecs_template` WHERE 1  AND theme <> 'default' 

DELETE FROM `weishangcheng`.`ecs_sessions_data` WHERE expiry < 1460360350

DELETE FROM `weishangcheng`.`ecs_sessions` WHERE expiry < 1460360350

SELECT userid, adminid, user_name, user_rank, discount, email, data, expiry FROM `weishangcheng`.`ecs_sessions` WHERE sesskey = '4798822cb1cfecb6c7b59f09d1d6e7e1'

SELECT code, value FROM `weishangcheng`.`ecs_shop_config` WHERE parent_id > 0

SELECT userid, adminid, user_name, user_rank, discount, email, data, expiry FROM `weishangcheng`.`ecs_sessions` WHERE sesskey = '4798822cb1cfecb6c7b59f09d1d6e7e1'

SELECT code, value FROM `weishangcheng`.`ecs_shop_config` WHERE parent_id > 0

SELECT code FROM `weishangcheng`.`ecs_plugins`

SELECT template_id, template_code FROM `weishangcheng`.`ecs_mail_templates` WHERE  type = 'template'

SELECT template_subject, template_content, is_html FROM `weishangcheng`.`ecs_mail_templates` WHERE template_id='1'

DELETE FROM `weishangcheng`.`ecs_sessions` WHERE expiry < 1460360352

SELECT userid, adminid, user_name, user_rank, discount, email, data, expiry FROM `weishangcheng`.`ecs_sessions` WHERE sesskey = '4798822cb1cfecb6c7b59f09d1d6e7e1'

SELECT code, value FROM `weishangcheng`.`ecs_shop_config` WHERE parent_id > 0

SELECT * FROM `weishangcheng`.`ecs_shop_config` WHERE type<>'hidden'   AND (parent_id<>'5' AND id<>'5') ORDER BY parent_id, sort_order, id

SELECT region_id, region_name FROM `weishangcheng`.`ecs_region` WHERE region_type = '0' AND parent_id = '0'

SELECT region_id, region_name FROM `weishangcheng`.`ecs_region` WHERE region_type = '1' AND parent_id = '1'

SELECT region_id, region_name FROM `weishangcheng`.`ecs_region` WHERE region_type = '2' AND parent_id = '2'

DELETE FROM `weishangcheng`.`ecs_sessions_data` WHERE expiry < 1460360356

DELETE FROM `weishangcheng`.`ecs_sessions` WHERE expiry < 1460360356

SELECT userid, adminid, user_name, user_rank, discount, email, data, expiry FROM `weishangcheng`.`ecs_sessions` WHERE sesskey = '4798822cb1cfecb6c7b59f09d1d6e7e1'

SELECT code, value FROM `weishangcheng`.`ecs_shop_config` WHERE parent_id > 0

SELECT COUNT(*) FROM `weishangcheng`.`ecs_order_info` WHERE add_time >= '1460333348'

SELECT COUNT(*) FROM `weishangcheng`.`ecs_order_info` WHERE pay_time >= 1460333348

UPDATE `weishangcheng`.`ecs_sessions` SET expiry = '1460362336', ip = '192.168.1.18', userid = '0', adminid = '1', user_name='0', user_rank='0', discount='0', email='0', data = 'a:4:{s:10:\"admin_name\";s:5:\"admin\";s:11:\"action_list\";s:3:\"all\";s:10:\"last_check\";i:1460333536;s:12:\"suppliers_id\";s:1:\"0\";}' WHERE sesskey = '4798822cb1cfecb6c7b59f09d1d6e7e1' LIMIT 1

DELETE FROM `weishangcheng`.`ecs_sessions_data` WHERE expiry < 1460360536

DELETE FROM `weishangcheng`.`ecs_sessions` WHERE expiry < 1460360536

SELECT userid, adminid, user_name, user_rank, discount, email, data, expiry FROM `weishangcheng`.`ecs_sessions` WHERE sesskey = '4798822cb1cfecb6c7b59f09d1d6e7e1'

SELECT code, value FROM `weishangcheng`.`ecs_shop_config` WHERE parent_id > 0

SELECT COUNT(*) FROM `weishangcheng`.`ecs_order_info` WHERE add_time >= '1460333536'

SELECT COUNT(*) FROM `weishangcheng`.`ecs_order_info` WHERE pay_time >= 1460333536

UPDATE `weishangcheng`.`ecs_sessions` SET expiry = '1460362516', ip = '192.168.1.18', userid = '0', adminid = '1', user_name='0', user_rank='0', discount='0', email='0', data = 'a:4:{s:10:\"admin_name\";s:5:\"admin\";s:11:\"action_list\";s:3:\"all\";s:10:\"last_check\";i:1460333716;s:12:\"suppliers_id\";s:1:\"0\";}' WHERE sesskey = '4798822cb1cfecb6c7b59f09d1d6e7e1' LIMIT 1

DELETE FROM `weishangcheng`.`ecs_sessions_data` WHERE expiry < 1460360716

DELETE FROM `weishangcheng`.`ecs_sessions` WHERE expiry < 1460360716

SELECT userid, adminid, user_name, user_rank, discount, email, data, expiry FROM `weishangcheng`.`ecs_sessions` WHERE sesskey = '4798822cb1cfecb6c7b59f09d1d6e7e1'

SELECT code, value FROM `weishangcheng`.`ecs_shop_config` WHERE parent_id > 0

SELECT COUNT(*) FROM `weishangcheng`.`ecs_order_info` WHERE add_time >= '1460333716'

SELECT COUNT(*) FROM `weishangcheng`.`ecs_order_info` WHERE pay_time >= 1460333716

UPDATE `weishangcheng`.`ecs_sessions` SET expiry = '1460362696', ip = '192.168.1.18', userid = '0', adminid = '1', user_name='0', user_rank='0', discount='0', email='0', data = 'a:4:{s:10:\"admin_name\";s:5:\"admin\";s:11:\"action_list\";s:3:\"all\";s:10:\"last_check\";i:1460333896;s:12:\"suppliers_id\";s:1:\"0\";}' WHERE sesskey = '4798822cb1cfecb6c7b59f09d1d6e7e1' LIMIT 1

DELETE FROM `weishangcheng`.`ecs_sessions` WHERE expiry < 1460360896

SELECT userid, adminid, user_name, user_rank, discount, email, data, expiry FROM `weishangcheng`.`ecs_sessions` WHERE sesskey = '4798822cb1cfecb6c7b59f09d1d6e7e1'

SELECT code, value FROM `weishangcheng`.`ecs_shop_config` WHERE parent_id > 0

SELECT COUNT(*) FROM `weishangcheng`.`ecs_order_info` WHERE add_time >= '1460333896'

SELECT COUNT(*) FROM `weishangcheng`.`ecs_order_info` WHERE pay_time >= 1460333896

UPDATE `weishangcheng`.`ecs_sessions` SET expiry = '1460362876', ip = '192.168.1.18', userid = '0', adminid = '1', user_name='0', user_rank='0', discount='0', email='0', data = 'a:4:{s:10:\"admin_name\";s:5:\"admin\";s:11:\"action_list\";s:3:\"all\";s:10:\"last_check\";i:1460334076;s:12:\"suppliers_id\";s:1:\"0\";}' WHERE sesskey = '4798822cb1cfecb6c7b59f09d1d6e7e1' LIMIT 1

DELETE FROM `weishangcheng`.`ecs_sessions_data` WHERE expiry < 1460361076

DELETE FROM `weishangcheng`.`ecs_sessions` WHERE expiry < 1460361076

SELECT userid, adminid, user_name, user_rank, discount, email, data, expiry FROM `weishangcheng`.`ecs_sessions` WHERE sesskey = '4798822cb1cfecb6c7b59f09d1d6e7e1'

SELECT code, value FROM `weishangcheng`.`ecs_shop_config` WHERE parent_id > 0

SELECT COUNT(*) FROM `weishangcheng`.`ecs_order_info` WHERE add_time >= '1460334076'

SELECT COUNT(*) FROM `weishangcheng`.`ecs_order_info` WHERE pay_time >= 1460334076

UPDATE `weishangcheng`.`ecs_sessions` SET expiry = '1460363056', ip = '192.168.1.18', userid = '0', adminid = '1', user_name='0', user_rank='0', discount='0', email='0', data = 'a:4:{s:10:\"admin_name\";s:5:\"admin\";s:11:\"action_list\";s:3:\"all\";s:10:\"last_check\";i:1460334256;s:12:\"suppliers_id\";s:1:\"0\";}' WHERE sesskey = '4798822cb1cfecb6c7b59f09d1d6e7e1' LIMIT 1

DELETE FROM `weishangcheng`.`ecs_sessions` WHERE expiry < 1460361256

SELECT userid, adminid, user_name, user_rank, discount, email, data, expiry FROM `weishangcheng`.`ecs_sessions` WHERE sesskey = '4798822cb1cfecb6c7b59f09d1d6e7e1'

SELECT code, value FROM `weishangcheng`.`ecs_shop_config` WHERE parent_id > 0

SELECT COUNT(*) FROM `weishangcheng`.`ecs_order_info` WHERE add_time >= '1460334256'

SELECT COUNT(*) FROM `weishangcheng`.`ecs_order_info` WHERE pay_time >= 1460334256

UPDATE `weishangcheng`.`ecs_sessions` SET expiry = '1460363236', ip = '192.168.1.18', userid = '0', adminid = '1', user_name='0', user_rank='0', discount='0', email='0', data = 'a:4:{s:10:\"admin_name\";s:5:\"admin\";s:11:\"action_list\";s:3:\"all\";s:10:\"last_check\";i:1460334436;s:12:\"suppliers_id\";s:1:\"0\";}' WHERE sesskey = '4798822cb1cfecb6c7b59f09d1d6e7e1' LIMIT 1

DELETE FROM `weishangcheng`.`ecs_sessions` WHERE expiry < 1460361436

SELECT userid, adminid, user_name, user_rank, discount, email, data, expiry FROM `weishangcheng`.`ecs_sessions` WHERE sesskey = '4798822cb1cfecb6c7b59f09d1d6e7e1'

SELECT code, value FROM `weishangcheng`.`ecs_shop_config` WHERE parent_id > 0

SELECT COUNT(*) FROM `weishangcheng`.`ecs_order_info` WHERE add_time >= '1460334436'

SELECT COUNT(*) FROM `weishangcheng`.`ecs_order_info` WHERE pay_time >= 1460334436

UPDATE `weishangcheng`.`ecs_sessions` SET expiry = '1460363416', ip = '192.168.1.18', userid = '0', adminid = '1', user_name='0', user_rank='0', discount='0', email='0', data = 'a:4:{s:10:\"admin_name\";s:5:\"admin\";s:11:\"action_list\";s:3:\"all\";s:10:\"last_check\";i:1460334616;s:12:\"suppliers_id\";s:1:\"0\";}' WHERE sesskey = '4798822cb1cfecb6c7b59f09d1d6e7e1' LIMIT 1

DELETE FROM `weishangcheng`.`ecs_sessions` WHERE expiry < 1460361616

SELECT userid, adminid, user_name, user_rank, discount, email, data, expiry FROM `weishangcheng`.`ecs_sessions` WHERE sesskey = '4798822cb1cfecb6c7b59f09d1d6e7e1'

SELECT code, value FROM `weishangcheng`.`ecs_shop_config` WHERE parent_id > 0

SELECT agency_id FROM `weishangcheng`.`ecs_admin_user` WHERE user_id = '1'

SELECT COUNT(*) FROM `weishangcheng`.`ecs_order_info` AS o WHERE 1 

SELECT o.order_id, o.order_sn, o.add_time, o.order_status, o.shipping_status, o.order_amount, o.money_paid,o.pay_status, o.consignee, o.address, o.email, o.tel, o.extension_code, o.extension_id, (   o.goods_amount + o.tax + o.shipping_fee + o.insure_fee + o.pay_fee + o.pack_fee + o.card_fee ) AS total_fee, IFNULL(u.user_name, '匿名用户') AS buyer  FROM `weishangcheng`.`ecs_order_info` AS o  LEFT JOIN `weishangcheng`.`ecs_users` AS u ON u.user_id=o.user_id WHERE 1  ORDER BY add_time DESC  LIMIT 0,15

UPDATE `weishangcheng`.`ecs_sessions` SET expiry = '1460363588', ip = '192.168.1.18', userid = '0', adminid = '1', user_name='0', user_rank='0', discount='0', email='0', data = 'a:4:{s:10:\"admin_name\";s:5:\"admin\";s:11:\"action_list\";s:3:\"all\";s:10:\"last_check\";i:1460334616;s:12:\"suppliers_id\";s:1:\"0\";}' WHERE sesskey = '4798822cb1cfecb6c7b59f09d1d6e7e1' LIMIT 1

DELETE FROM `weishangcheng`.`ecs_sessions_data` WHERE expiry < 1460361788

DELETE FROM `weishangcheng`.`ecs_sessions` WHERE expiry < 1460361788

SELECT userid, adminid, user_name, user_rank, discount, email, data, expiry FROM `weishangcheng`.`ecs_sessions` WHERE sesskey = '4798822cb1cfecb6c7b59f09d1d6e7e1'

SELECT code, value FROM `weishangcheng`.`ecs_shop_config` WHERE parent_id > 0

SELECT rank_id, rank_name, min_points FROM `weishangcheng`.`ecs_user_rank` ORDER BY min_points ASC 

SELECT COUNT(*) FROM `weishangcheng`.`ecs_users` WHERE 1 

SELECT user_id, user_name,sex,birthday,mobile_phone,email, is_validated, user_money, frozen_money, rank_points, pay_points, reg_time  FROM `weishangcheng`.`ecs_users` WHERE 1  ORDER by user_id DESC LIMIT 0,15

DESC `weishangcheng`.`ecs_sessions_data`

INSERT INTO `weishangcheng`.`ecs_sessions_data` (sesskey, expiry, data) VALUES ('4798822cb1cfecb6c7b59f09d1d6e7e1', '1460363589', 'a:5:{s:10:\"admin_name\";s:5:\"admin\";s:11:\"action_list\";s:3:\"all\";s:10:\"last_check\";i:1460334616;s:12:\"suppliers_id\";s:1:\"0\";s:9:\"user_list\";a:1:{i:0;a:12:{s:7:\"user_id\";s:1:\"1\";s:9:\"user_name\";s:4:\"test\";s:3:\"sex\";s:1:\"0\";s:8:\"birthday\";s:10:\"0000-00-00\";s:12:\"mobile_phone\";s:0:\"\";s:5:\"email\";s:20:\"0981460279473@qq.com\";s:12:\"is_validated\";s:1:\"0\";s:10:\"user_money\";s:4:\"0.00\";s:12:\"frozen_money\";s:4:\"0.00\";s:11:\"rank_points\";s:1:\"0\";s:10:\"pay_points\";s:1:\"0\";s:8:\"reg_time\";s:10:\"2016-04-10\";}}}')ON DUPLICATE KEY UPDATE expiry = expiry + 1460363589, data = 'a:5:{s:10:\"admin_name\";s:5:\"admin\";s:11:\"action_list\";s:3:\"all\";s:10:\"last_check\";i:1460334616;s:12:\"suppliers_id\";s:1:\"0\";s:9:\"user_list\";a:1:{i:0;a:12:{s:7:\"user_id\";s:1:\"1\";s:9:\"user_name\";s:4:\"test\";s:3:\"sex\";s:1:\"0\";s:8:\"birthday\";s:10:\"0000-00-00\";s:12:\"mobile_phone\";s:0:\"\";s:5:\"email\";s:20:\"0981460279473@qq.com\";s:12:\"is_validated\";s:1:\"0\";s:10:\"user_money\";s:4:\"0.00\";s:12:\"frozen_money\";s:4:\"0.00\";s:11:\"rank_points\";s:1:\"0\";s:10:\"pay_points\";s:1:\"0\";s:8:\"reg_time\";s:10:\"2016-04-10\";}}}'

UPDATE `weishangcheng`.`ecs_sessions` SET expiry = '1460363589', ip = '192.168.1.18', userid = '0', adminid = '1', user_name='0', user_rank='0', discount='0', email='0', data = '' WHERE sesskey = '4798822cb1cfecb6c7b59f09d1d6e7e1' LIMIT 1

SELECT userid, adminid, user_name, user_rank, discount, email, data, expiry FROM `weishangcheng`.`ecs_sessions` WHERE sesskey = '4798822cb1cfecb6c7b59f09d1d6e7e1'

SELECT data, expiry FROM `weishangcheng`.`ecs_sessions_data` WHERE sesskey = '4798822cb1cfecb6c7b59f09d1d6e7e1'

SELECT code, value FROM `weishangcheng`.`ecs_shop_config` WHERE parent_id > 0

SELECT bonus_type_id, COUNT(*) AS sent_count FROM `weishangcheng`.`ecs_user_bonus` GROUP BY bonus_type_id

SELECT bonus_type_id, COUNT(*) AS used_count FROM `weishangcheng`.`ecs_user_bonus` WHERE used_time > 0 GROUP BY bonus_type_id

SELECT COUNT(*) FROM `weishangcheng`.`ecs_bonus_type`

SELECT * FROM `weishangcheng`.`ecs_bonus_type` ORDER BY type_id DESC LIMIT 15

DELETE FROM `weishangcheng`.`ecs_sessions` WHERE expiry < 1460361790

SELECT userid, adminid, user_name, user_rank, discount, email, data, expiry FROM `weishangcheng`.`ecs_sessions` WHERE sesskey = '4798822cb1cfecb6c7b59f09d1d6e7e1'

SELECT data, expiry FROM `weishangcheng`.`ecs_sessions_data` WHERE sesskey = '4798822cb1cfecb6c7b59f09d1d6e7e1'

SELECT code, value FROM `weishangcheng`.`ecs_shop_config` WHERE parent_id > 0

DELETE FROM `weishangcheng`.`ecs_template` WHERE 1  AND theme <> 'default' 

DELETE FROM `weishangcheng`.`ecs_sessions` WHERE expiry < 1460361790

SELECT userid, adminid, user_name, user_rank, discount, email, data, expiry FROM `weishangcheng`.`ecs_sessions` WHERE sesskey = '4798822cb1cfecb6c7b59f09d1d6e7e1'

SELECT data, expiry FROM `weishangcheng`.`ecs_sessions_data` WHERE sesskey = '4798822cb1cfecb6c7b59f09d1d6e7e1'

SELECT code, value FROM `weishangcheng`.`ecs_shop_config` WHERE parent_id > 0

SHOW TABLES LIKE 'ecs\_%'

DELETE FROM `weishangcheng`.`ecs_sessions` WHERE expiry < 1460361796

SELECT userid, adminid, user_name, user_rank, discount, email, data, expiry FROM `weishangcheng`.`ecs_sessions` WHERE sesskey = '4798822cb1cfecb6c7b59f09d1d6e7e1'

SELECT data, expiry FROM `weishangcheng`.`ecs_sessions_data` WHERE sesskey = '4798822cb1cfecb6c7b59f09d1d6e7e1'

SELECT code, value FROM `weishangcheng`.`ecs_shop_config` WHERE parent_id > 0

SELECT FLOOR((access_time - 1459670400) / (24 * 3600)) AS sn, access_time, COUNT(*) AS access_count FROM `weishangcheng`.`ecs_stats` WHERE access_time >= '1459670400' AND access_time <= 1460361600 GROUP BY sn

SELECT COUNT(*) AS access_count, area FROM `weishangcheng`.`ecs_stats` WHERE access_time >= '1459670400' AND access_time < 1460361600 GROUP BY area ORDER BY access_count DESC LIMIT 20

SELECT COUNT(*) AS access_count, referer_domain FROM `weishangcheng`.`ecs_stats` WHERE access_time >= '1459670400' AND access_time <= 1460361600 GROUP BY referer_domain ORDER BY access_count DESC LIMIT 20

DELETE FROM `weishangcheng`.`ecs_sessions` WHERE expiry < 1460361796

SELECT userid, adminid, user_name, user_rank, discount, email, data, expiry FROM `weishangcheng`.`ecs_sessions` WHERE sesskey = '4798822cb1cfecb6c7b59f09d1d6e7e1'

SELECT data, expiry FROM `weishangcheng`.`ecs_sessions_data` WHERE sesskey = '4798822cb1cfecb6c7b59f09d1d6e7e1'

SELECT code, value FROM `weishangcheng`.`ecs_shop_config` WHERE parent_id > 0

SELECT COUNT(*) FROM `weishangcheng`.`ecs_order_info` WHERE add_time >= '1460334616'

SELECT COUNT(*) FROM `weishangcheng`.`ecs_order_info` WHERE pay_time >= 1460334616

DESC `weishangcheng`.`ecs_sessions_data`

INSERT INTO `weishangcheng`.`ecs_sessions_data` (sesskey, expiry, data) VALUES ('4798822cb1cfecb6c7b59f09d1d6e7e1', '1460363596', 'a:5:{s:10:\"admin_name\";s:5:\"admin\";s:11:\"action_list\";s:3:\"all\";s:10:\"last_check\";i:1460334796;s:12:\"suppliers_id\";s:1:\"0\";s:9:\"user_list\";a:1:{i:0;a:12:{s:7:\"user_id\";s:1:\"1\";s:9:\"user_name\";s:4:\"test\";s:3:\"sex\";s:1:\"0\";s:8:\"birthday\";s:10:\"0000-00-00\";s:12:\"mobile_phone\";s:0:\"\";s:5:\"email\";s:20:\"0981460279473@qq.com\";s:12:\"is_validated\";s:1:\"0\";s:10:\"user_money\";s:4:\"0.00\";s:12:\"frozen_money\";s:4:\"0.00\";s:11:\"rank_points\";s:1:\"0\";s:10:\"pay_points\";s:1:\"0\";s:8:\"reg_time\";s:10:\"2016-04-10\";}}}')ON DUPLICATE KEY UPDATE expiry = expiry + 1460363596, data = 'a:5:{s:10:\"admin_name\";s:5:\"admin\";s:11:\"action_list\";s:3:\"all\";s:10:\"last_check\";i:1460334796;s:12:\"suppliers_id\";s:1:\"0\";s:9:\"user_list\";a:1:{i:0;a:12:{s:7:\"user_id\";s:1:\"1\";s:9:\"user_name\";s:4:\"test\";s:3:\"sex\";s:1:\"0\";s:8:\"birthday\";s:10:\"0000-00-00\";s:12:\"mobile_phone\";s:0:\"\";s:5:\"email\";s:20:\"0981460279473@qq.com\";s:12:\"is_validated\";s:1:\"0\";s:10:\"user_money\";s:4:\"0.00\";s:12:\"frozen_money\";s:4:\"0.00\";s:11:\"rank_points\";s:1:\"0\";s:10:\"pay_points\";s:1:\"0\";s:8:\"reg_time\";s:10:\"2016-04-10\";}}}'

UPDATE `weishangcheng`.`ecs_sessions` SET expiry = '1460363596', ip = '192.168.1.18', userid = '0', adminid = '1', user_name='0', user_rank='0', discount='0', email='0', data = '' WHERE sesskey = '4798822cb1cfecb6c7b59f09d1d6e7e1' LIMIT 1

DELETE FROM `weishangcheng`.`ecs_sessions` WHERE expiry < 1460361796

SELECT userid, adminid, user_name, user_rank, discount, email, data, expiry FROM `weishangcheng`.`ecs_sessions` WHERE sesskey = '4798822cb1cfecb6c7b59f09d1d6e7e1'

SELECT data, expiry FROM `weishangcheng`.`ecs_sessions_data` WHERE sesskey = '4798822cb1cfecb6c7b59f09d1d6e7e1'

SELECT code, value FROM `weishangcheng`.`ecs_shop_config` WHERE parent_id > 0

SELECT c.*, COUNT(s.cat_id) AS has_children, COUNT(a.article_id) AS aricle_num  FROM `weishangcheng`.`ecs_article_cat` AS c LEFT JOIN `weishangcheng`.`ecs_article_cat` AS s ON s.parent_id=c.cat_id LEFT JOIN `weishangcheng`.`ecs_article` AS a ON a.cat_id=c.cat_id GROUP BY c.cat_id  ORDER BY parent_id, sort_order ASC

SELECT userid, adminid, user_name, user_rank, discount, email, data, expiry FROM `weishangcheng`.`ecs_sessions` WHERE sesskey = '4798822cb1cfecb6c7b59f09d1d6e7e1'

SELECT data, expiry FROM `weishangcheng`.`ecs_sessions_data` WHERE sesskey = '4798822cb1cfecb6c7b59f09d1d6e7e1'

SELECT code, value FROM `weishangcheng`.`ecs_shop_config` WHERE parent_id > 0

SELECT rank_id, rank_name, min_points FROM `weishangcheng`.`ecs_user_rank` ORDER BY min_points ASC 

SELECT COUNT(*) FROM `weishangcheng`.`ecs_users` WHERE 1 

SELECT user_id, user_name,sex,birthday,mobile_phone,email, is_validated, user_money, frozen_money, rank_points, pay_points, reg_time  FROM `weishangcheng`.`ecs_users` WHERE 1  ORDER by user_id DESC LIMIT 0,15

SELECT userid, adminid, user_name, user_rank, discount, email, data, expiry FROM `weishangcheng`.`ecs_sessions` WHERE sesskey = '4798822cb1cfecb6c7b59f09d1d6e7e1'

SELECT data, expiry FROM `weishangcheng`.`ecs_sessions_data` WHERE sesskey = '4798822cb1cfecb6c7b59f09d1d6e7e1'

SELECT code, value FROM `weishangcheng`.`ecs_shop_config` WHERE parent_id > 0

SELECT agency_id FROM `weishangcheng`.`ecs_admin_user` WHERE user_id = '1'

SELECT COUNT(*) FROM `weishangcheng`.`ecs_order_info` AS o WHERE 1 

SELECT o.order_id, o.order_sn, o.add_time, o.order_status, o.shipping_status, o.order_amount, o.money_paid,o.pay_status, o.consignee, o.address, o.email, o.tel, o.extension_code, o.extension_id, (   o.goods_amount + o.tax + o.shipping_fee + o.insure_fee + o.pay_fee + o.pack_fee + o.card_fee ) AS total_fee, IFNULL(u.user_name, '匿名用户') AS buyer  FROM `weishangcheng`.`ecs_order_info` AS o  LEFT JOIN `weishangcheng`.`ecs_users` AS u ON u.user_id=o.user_id WHERE 1  ORDER BY add_time DESC  LIMIT 0,15

DELETE FROM `weishangcheng`.`ecs_sessions_data` WHERE expiry < 1460361798

DELETE FROM `weishangcheng`.`ecs_sessions` WHERE expiry < 1460361798

SELECT userid, adminid, user_name, user_rank, discount, email, data, expiry FROM `weishangcheng`.`ecs_sessions` WHERE sesskey = '4798822cb1cfecb6c7b59f09d1d6e7e1'

SELECT data, expiry FROM `weishangcheng`.`ecs_sessions_data` WHERE sesskey = '4798822cb1cfecb6c7b59f09d1d6e7e1'

SELECT code, value FROM `weishangcheng`.`ecs_shop_config` WHERE parent_id > 0

SELECT suppliers_id, suppliers_name, suppliers_desc
            FROM `weishangcheng`.`ecs_suppliers`
            WHERE  is_check = 1 

SELECT c.cat_id, c.cat_name, c.measure_unit, c.parent_id, c.is_show, c.show_in_nav, c.grade, c.sort_order, COUNT(s.cat_id) AS has_children FROM `weishangcheng`.`ecs_category` AS c LEFT JOIN `weishangcheng`.`ecs_category` AS s ON s.parent_id=c.cat_id GROUP BY c.cat_id ORDER BY c.parent_id, c.sort_order ASC

SELECT cat_id, COUNT(*) AS goods_num  FROM `weishangcheng`.`ecs_goods` WHERE is_delete = 0 AND is_on_sale = 1  GROUP BY cat_id

SELECT gc.cat_id, COUNT(*) AS goods_num  FROM `weishangcheng`.`ecs_goods_cat` AS gc , `weishangcheng`.`ecs_goods` AS g  WHERE g.goods_id = gc.goods_id AND g.is_delete = 0 AND g.is_on_sale = 1  GROUP BY gc.cat_id

SELECT brand_id, brand_name FROM `weishangcheng`.`ecs_brand` ORDER BY sort_order

SELECT suppliers_id, suppliers_name, suppliers_desc
            FROM `weishangcheng`.`ecs_suppliers`
            WHERE  is_check = 1 

SELECT COUNT(*) FROM `weishangcheng`.`ecs_goods` AS g WHERE is_delete='0'  AND is_real='1'

SELECT goods_id, goods_name, goods_type, goods_sn, shop_price, is_on_sale, is_best, is_new, is_hot, sort_order, goods_number, integral,  (promote_price > 0 AND promote_start_date <= '1460361599' AND promote_end_date >= '1460361599') AS is_promote  FROM `weishangcheng`.`ecs_goods` AS g WHERE is_delete='0'  AND is_real='1' ORDER BY goods_id DESC  LIMIT 0,15

SELECT DISTINCT cat_id
            FROM `weishangcheng`.`ecs_attribute`
            WHERE attr_type = 1

DELETE FROM `weishangcheng`.`ecs_sessions_data` WHERE expiry < 1460361798

DELETE FROM `weishangcheng`.`ecs_sessions` WHERE expiry < 1460361798

SELECT userid, adminid, user_name, user_rank, discount, email, data, expiry FROM `weishangcheng`.`ecs_sessions` WHERE sesskey = '4798822cb1cfecb6c7b59f09d1d6e7e1'

SELECT data, expiry FROM `weishangcheng`.`ecs_sessions_data` WHERE sesskey = '4798822cb1cfecb6c7b59f09d1d6e7e1'

SELECT code, value FROM `weishangcheng`.`ecs_shop_config` WHERE parent_id > 0

SELECT * FROM `weishangcheng`.`ecs_shop_config` WHERE type<>'hidden'   AND (parent_id<>'5' AND id<>'5') ORDER BY parent_id, sort_order, id

SELECT region_id, region_name FROM `weishangcheng`.`ecs_region` WHERE region_type = '0' AND parent_id = '0'

SELECT region_id, region_name FROM `weishangcheng`.`ecs_region` WHERE region_type = '1' AND parent_id = '1'

SELECT region_id, region_name FROM `weishangcheng`.`ecs_region` WHERE region_type = '2' AND parent_id = '2'

SELECT userid, adminid, user_name, user_rank, discount, email, data, expiry FROM `weishangcheng`.`ecs_sessions` WHERE sesskey = '4798822cb1cfecb6c7b59f09d1d6e7e1'

SELECT data, expiry FROM `weishangcheng`.`ecs_sessions_data` WHERE sesskey = '4798822cb1cfecb6c7b59f09d1d6e7e1'

SELECT code, value FROM `weishangcheng`.`ecs_shop_config` WHERE parent_id > 0

SELECT message_id, sender_id, receiver_id, sent_time, readed, deleted, title, message, user_name FROM `weishangcheng`.`ecs_admin_message` AS a, `weishangcheng`.`ecs_admin_user` AS b WHERE a.sender_id = b.user_id AND a.receiver_id = '1' AND a.readed = 0 AND deleted = 0 ORDER BY a.sent_time DESC

SELECT pay_id, is_cod FROM `weishangcheng`.`ecs_payment` WHERE enabled = 1

SELECT COUNT(*) FROM `weishangcheng`.`ecs_order_info` WHERE 1  AND order_status  IN ('1','5')  AND shipping_status  IN ('1','2')  AND pay_status  IN ('2','1')  

SELECT pay_id FROM `weishangcheng`.`ecs_payment` WHERE is_cod = 1

SELECT COUNT(*) FROM `weishangcheng`.`ecs_order_info` WHERE 1  AND   order_status  IN ('1','5','6')  AND   shipping_status  IN ('0','3','5')  AND ( pay_status  IN ('2','1')  OR pay_id  IN ('') ) 

SELECT pay_id FROM `weishangcheng`.`ecs_payment` WHERE is_cod = 0

SELECT COUNT(*) FROM `weishangcheng`.`ecs_order_info` WHERE 1  AND   order_status  IN ('1','5')  AND   pay_status = '0' AND ( shipping_status  IN ('1','2')  OR pay_id  IN ('') ) 

SELECT COUNT(*) FROM `weishangcheng`.`ecs_order_info` WHERE 1  AND order_status = '0' 

SELECT COUNT(*) FROM `weishangcheng`.`ecs_order_info` WHERE  shipping_status=4

SELECT COUNT(*) AS oCount, IFNULL(SUM(order_amount), 0) AS oAmount FROM `weishangcheng`.`ecs_order_info`

SELECT COUNT(*) FROM `weishangcheng`.`ecs_goods` WHERE is_delete = 0 AND is_alone_sale = 1 AND is_real = 1

SELECT COUNT(*) FROM `weishangcheng`.`ecs_goods` WHERE is_delete = 0 AND is_alone_sale = 1 AND is_real=0 AND extension_code='virtual_card'

SELECT COUNT(*) FROM `weishangcheng`.`ecs_goods` WHERE is_delete = 0 AND is_new = 1 AND is_real = 1

SELECT COUNT(*) FROM `weishangcheng`.`ecs_goods` WHERE is_delete = 0 AND is_new = 1 AND is_real=0 AND extension_code='virtual_card'

SELECT COUNT(*) FROM `weishangcheng`.`ecs_goods` WHERE is_delete = 0 AND is_best = 1 AND is_real = 1

SELECT COUNT(*) FROM `weishangcheng`.`ecs_goods` WHERE is_delete = 0 AND is_best = 1 AND is_real=0 AND extension_code='virtual_card'

SELECT COUNT(*) FROM `weishangcheng`.`ecs_goods` WHERE is_delete = 0 AND is_hot = 1 AND is_real = 1

SELECT COUNT(*) FROM `weishangcheng`.`ecs_goods` WHERE is_delete = 0 AND is_hot = 1 AND is_real=0 AND extension_code='virtual_card'

SELECT COUNT(*) FROM `weishangcheng`.`ecs_goods` WHERE is_delete = 0 AND promote_price>0 AND promote_start_date <= '1460334802' AND promote_end_date >= '1460334802' AND is_real = 1

SELECT COUNT(*) FROM `weishangcheng`.`ecs_goods` WHERE is_delete = 0 AND promote_price>0 AND promote_start_date <= '1460334802' AND promote_end_date >= '1460334802' AND is_real=0 AND extension_code='virtual_card'

SELECT COUNT(*) FROM `weishangcheng`.`ecs_goods` WHERE is_delete = 0 AND goods_number <= warn_number AND is_real = 1

SELECT COUNT(*) FROM `weishangcheng`.`ecs_goods` WHERE is_delete = 0 AND goods_number <= warn_number AND is_real=0 AND extension_code='virtual_card'

SELECT COUNT(*) FROM `weishangcheng`.`ecs_stats` WHERE access_time > 1460275200

SELECT count(*) FROM `weishangcheng`.`ecs_sessions`

SELECT COUNT(f.msg_id) FROM `weishangcheng`.`ecs_feedback` AS f LEFT JOIN `weishangcheng`.`ecs_feedback` AS r ON r.parent_id=f.msg_id WHERE f.parent_id=0 AND ISNULL(r.msg_id) 

SELECT COUNT(*) FROM `weishangcheng`.`ecs_comment` WHERE status = 0 AND parent_id = 0

SELECT COUNT(*) FROM `weishangcheng`.`ecs_booking_goods` WHERE is_dispose = 0

SELECT COUNT(*) FROM `weishangcheng`.`ecs_user_account` WHERE process_type = 1 AND is_paid = 0 

DELETE FROM `weishangcheng`.`ecs_sessions` WHERE expiry < 1460361802

SELECT userid, adminid, user_name, user_rank, discount, email, data, expiry FROM `weishangcheng`.`ecs_sessions` WHERE sesskey = '4798822cb1cfecb6c7b59f09d1d6e7e1'

SELECT data, expiry FROM `weishangcheng`.`ecs_sessions_data` WHERE sesskey = '4798822cb1cfecb6c7b59f09d1d6e7e1'

SELECT code, value FROM `weishangcheng`.`ecs_shop_config` WHERE parent_id > 0

SELECT userid, adminid, user_name, user_rank, discount, email, data, expiry FROM `weishangcheng`.`ecs_sessions` WHERE sesskey = '4798822cb1cfecb6c7b59f09d1d6e7e1'

SELECT data, expiry FROM `weishangcheng`.`ecs_sessions_data` WHERE sesskey = '4798822cb1cfecb6c7b59f09d1d6e7e1'

SELECT code, value FROM `weishangcheng`.`ecs_shop_config` WHERE parent_id > 0

SELECT COUNT(*) AS oCount, IFNULL(SUM(order_amount), 0) AS oAmount FROM `weishangcheng`.`ecs_order_info`

SELECT COUNT(*) FROM `weishangcheng`.`ecs_goods` WHERE is_delete = 0 AND is_alone_sale = 1 AND is_real = 1

SELECT COUNT(*) FROM `weishangcheng`.`ecs_users`

SELECT value FROM `weishangcheng`.`ecs_shop_config` WHERE code = 'template'

SELECT value FROM `weishangcheng`.`ecs_shop_config` WHERE code = 'stylename'

DELETE FROM `weishangcheng`.`ecs_sessions_data` WHERE expiry < 1460361802

DELETE FROM `weishangcheng`.`ecs_sessions` WHERE expiry < 1460361802

SELECT userid, adminid, user_name, user_rank, discount, email, data, expiry FROM `weishangcheng`.`ecs_sessions` WHERE sesskey = '4798822cb1cfecb6c7b59f09d1d6e7e1'

SELECT data, expiry FROM `weishangcheng`.`ecs_sessions_data` WHERE sesskey = '4798822cb1cfecb6c7b59f09d1d6e7e1'

SELECT code, value FROM `weishangcheng`.`ecs_shop_config` WHERE parent_id > 0

SELECT suppliers_id, suppliers_name, suppliers_desc
            FROM `weishangcheng`.`ecs_suppliers`
            WHERE  is_check = 1 

SELECT c.cat_id, c.cat_name, c.measure_unit, c.parent_id, c.is_show, c.show_in_nav, c.grade, c.sort_order, COUNT(s.cat_id) AS has_children FROM `weishangcheng`.`ecs_category` AS c LEFT JOIN `weishangcheng`.`ecs_category` AS s ON s.parent_id=c.cat_id GROUP BY c.cat_id ORDER BY c.parent_id, c.sort_order ASC

SELECT cat_id, COUNT(*) AS goods_num  FROM `weishangcheng`.`ecs_goods` WHERE is_delete = 0 AND is_on_sale = 1  GROUP BY cat_id

SELECT gc.cat_id, COUNT(*) AS goods_num  FROM `weishangcheng`.`ecs_goods_cat` AS gc , `weishangcheng`.`ecs_goods` AS g  WHERE g.goods_id = gc.goods_id AND g.is_delete = 0 AND g.is_on_sale = 1  GROUP BY gc.cat_id

SELECT brand_id, brand_name FROM `weishangcheng`.`ecs_brand` ORDER BY sort_order

SELECT suppliers_id, suppliers_name, suppliers_desc
            FROM `weishangcheng`.`ecs_suppliers`
            WHERE  is_check = 1 

SELECT COUNT(*) FROM `weishangcheng`.`ecs_goods` AS g WHERE is_delete='0'  AND is_real='1'

SELECT goods_id, goods_name, goods_type, goods_sn, shop_price, is_on_sale, is_best, is_new, is_hot, sort_order, goods_number, integral,  (promote_price > 0 AND promote_start_date <= '1460361599' AND promote_end_date >= '1460361599') AS is_promote  FROM `weishangcheng`.`ecs_goods` AS g WHERE is_delete='0'  AND is_real='1' ORDER BY goods_id DESC  LIMIT 0,15

SELECT DISTINCT cat_id
            FROM `weishangcheng`.`ecs_attribute`
            WHERE attr_type = 1

DELETE FROM `weishangcheng`.`ecs_sessions_data` WHERE expiry < 1460361803

SELECT userid, adminid, user_name, user_rank, discount, email, data, expiry FROM `weishangcheng`.`ecs_sessions` WHERE sesskey = '4798822cb1cfecb6c7b59f09d1d6e7e1'

SELECT data, expiry FROM `weishangcheng`.`ecs_sessions_data` WHERE sesskey = '4798822cb1cfecb6c7b59f09d1d6e7e1'

SELECT code, value FROM `weishangcheng`.`ecs_shop_config` WHERE parent_id > 0

SELECT suppliers_id, suppliers_name, suppliers_desc
            FROM `weishangcheng`.`ecs_suppliers`
            WHERE  is_check = 1 

DELETE FROM `weishangcheng`.`ecs_link_goods` WHERE (goods_id = 0 OR link_goods_id = 0) AND admin_id = '1'

DELETE FROM `weishangcheng`.`ecs_group_goods` WHERE parent_id = 0 AND admin_id = '1'

DELETE FROM `weishangcheng`.`ecs_goods_article` WHERE goods_id = 0 AND admin_id = '1'

DELETE FROM `weishangcheng`.`ecs_goods_attr` WHERE goods_id = 0

SELECT c.cat_id, c.cat_name, c.measure_unit, c.parent_id, c.is_show, c.show_in_nav, c.grade, c.sort_order, COUNT(s.cat_id) AS has_children FROM `weishangcheng`.`ecs_category` AS c LEFT JOIN `weishangcheng`.`ecs_category` AS s ON s.parent_id=c.cat_id GROUP BY c.cat_id ORDER BY c.parent_id, c.sort_order ASC

SELECT cat_id, COUNT(*) AS goods_num  FROM `weishangcheng`.`ecs_goods` WHERE is_delete = 0 AND is_on_sale = 1  GROUP BY cat_id

SELECT gc.cat_id, COUNT(*) AS goods_num  FROM `weishangcheng`.`ecs_goods_cat` AS gc , `weishangcheng`.`ecs_goods` AS g  WHERE g.goods_id = gc.goods_id AND g.is_delete = 0 AND g.is_on_sale = 1  GROUP BY gc.cat_id

SELECT brand_id, brand_name FROM `weishangcheng`.`ecs_brand` ORDER BY sort_order

SELECT * FROM `weishangcheng`.`ecs_user_rank` ORDER BY min_points

SELECT cat_id, cat_name FROM `weishangcheng`.`ecs_goods_type` WHERE enabled = 1

DELETE FROM `weishangcheng`.`ecs_sessions` WHERE expiry < 1460361804

DELETE FROM `weishangcheng`.`ecs_sessions_data` WHERE expiry < 1460361805

SELECT userid, adminid, user_name, user_rank, discount, email, data, expiry FROM `weishangcheng`.`ecs_sessions` WHERE sesskey = '4798822cb1cfecb6c7b59f09d1d6e7e1'

SELECT data, expiry FROM `weishangcheng`.`ecs_sessions_data` WHERE sesskey = '4798822cb1cfecb6c7b59f09d1d6e7e1'

SELECT code, value FROM `weishangcheng`.`ecs_shop_config` WHERE parent_id > 0

SELECT c.cat_id, c.cat_name, c.measure_unit, c.parent_id, c.is_show, c.show_in_nav, c.grade, c.sort_order, COUNT(s.cat_id) AS has_children FROM `weishangcheng`.`ecs_category` AS c LEFT JOIN `weishangcheng`.`ecs_category` AS s ON s.parent_id=c.cat_id GROUP BY c.cat_id ORDER BY c.parent_id, c.sort_order ASC

SELECT cat_id, COUNT(*) AS goods_num  FROM `weishangcheng`.`ecs_goods` WHERE is_delete = 0 AND is_on_sale = 1  GROUP BY cat_id

SELECT gc.cat_id, COUNT(*) AS goods_num  FROM `weishangcheng`.`ecs_goods_cat` AS gc , `weishangcheng`.`ecs_goods` AS g  WHERE g.goods_id = gc.goods_id AND g.is_delete = 0 AND g.is_on_sale = 1  GROUP BY gc.cat_id

DELETE FROM `weishangcheng`.`ecs_sessions` WHERE expiry < 1460361806

SELECT userid, adminid, user_name, user_rank, discount, email, data, expiry FROM `weishangcheng`.`ecs_sessions` WHERE sesskey = '4798822cb1cfecb6c7b59f09d1d6e7e1'

SELECT data, expiry FROM `weishangcheng`.`ecs_sessions_data` WHERE sesskey = '4798822cb1cfecb6c7b59f09d1d6e7e1'

SELECT code, value FROM `weishangcheng`.`ecs_shop_config` WHERE parent_id > 0

SELECT count(*) FROM `weishangcheng`.`ecs_comment` WHERE parent_id = 0 

SELECT * FROM `weishangcheng`.`ecs_comment` WHERE parent_id = 0   ORDER BY add_time DESC  LIMIT 0, 15

DELETE FROM `weishangcheng`.`ecs_sessions_data` WHERE expiry < 1460361807

SELECT userid, adminid, user_name, user_rank, discount, email, data, expiry FROM `weishangcheng`.`ecs_sessions` WHERE sesskey = '4798822cb1cfecb6c7b59f09d1d6e7e1'

SELECT data, expiry FROM `weishangcheng`.`ecs_sessions_data` WHERE sesskey = '4798822cb1cfecb6c7b59f09d1d6e7e1'

SELECT code, value FROM `weishangcheng`.`ecs_shop_config` WHERE parent_id > 0

SELECT COUNT(*) FROM `weishangcheng`.`ecs_brand`

SELECT * FROM `weishangcheng`.`ecs_brand` ORDER BY sort_order ASC LIMIT 15

DELETE FROM `weishangcheng`.`ecs_sessions` WHERE expiry < 1460361808

SELECT userid, adminid, user_name, user_rank, discount, email, data, expiry FROM `weishangcheng`.`ecs_sessions` WHERE sesskey = '4798822cb1cfecb6c7b59f09d1d6e7e1'

SELECT data, expiry FROM `weishangcheng`.`ecs_sessions_data` WHERE sesskey = '4798822cb1cfecb6c7b59f09d1d6e7e1'

SELECT code, value FROM `weishangcheng`.`ecs_shop_config` WHERE parent_id > 0

SELECT COUNT(*) FROM `weishangcheng`.`ecs_goods_type`

SELECT t.*, COUNT(a.cat_id) AS attr_count FROM `weishangcheng`.`ecs_goods_type` AS t LEFT JOIN `weishangcheng`.`ecs_attribute` AS a ON a.cat_id=t.cat_id GROUP BY t.cat_id LIMIT 0,15

SELECT a.cat_id FROM `weishangcheng`.`ecs_attribute` AS a RIGHT JOIN `weishangcheng`.`ecs_goods_attr` AS g ON g.attr_id = a.attr_id GROUP BY a.cat_id

DELETE FROM `weishangcheng`.`ecs_sessions` WHERE expiry < 1460361808

SELECT userid, adminid, user_name, user_rank, discount, email, data, expiry FROM `weishangcheng`.`ecs_sessions` WHERE sesskey = '4798822cb1cfecb6c7b59f09d1d6e7e1'

SELECT data, expiry FROM `weishangcheng`.`ecs_sessions_data` WHERE sesskey = '4798822cb1cfecb6c7b59f09d1d6e7e1'

SELECT code, value FROM `weishangcheng`.`ecs_shop_config` WHERE parent_id > 0

SELECT suppliers_id, suppliers_name, suppliers_desc
            FROM `weishangcheng`.`ecs_suppliers`
            WHERE  is_check = 1 

SELECT c.cat_id, c.cat_name, c.measure_unit, c.parent_id, c.is_show, c.show_in_nav, c.grade, c.sort_order, COUNT(s.cat_id) AS has_children FROM `weishangcheng`.`ecs_category` AS c LEFT JOIN `weishangcheng`.`ecs_category` AS s ON s.parent_id=c.cat_id GROUP BY c.cat_id ORDER BY c.parent_id, c.sort_order ASC

SELECT cat_id, COUNT(*) AS goods_num  FROM `weishangcheng`.`ecs_goods` WHERE is_delete = 0 AND is_on_sale = 1  GROUP BY cat_id

SELECT gc.cat_id, COUNT(*) AS goods_num  FROM `weishangcheng`.`ecs_goods_cat` AS gc , `weishangcheng`.`ecs_goods` AS g  WHERE g.goods_id = gc.goods_id AND g.is_delete = 0 AND g.is_on_sale = 1  GROUP BY gc.cat_id

SELECT brand_id, brand_name FROM `weishangcheng`.`ecs_brand` ORDER BY sort_order

SELECT suppliers_id, suppliers_name, suppliers_desc
            FROM `weishangcheng`.`ecs_suppliers`
            WHERE  is_check = 1 

SELECT COUNT(*) FROM `weishangcheng`.`ecs_goods` AS g WHERE is_delete='1' 

SELECT goods_id, goods_name, goods_type, goods_sn, shop_price, is_on_sale, is_best, is_new, is_hot, sort_order, goods_number, integral,  (promote_price > 0 AND promote_start_date <= '1460361599' AND promote_end_date >= '1460361599') AS is_promote  FROM `weishangcheng`.`ecs_goods` AS g WHERE is_delete='1'  ORDER BY goods_id DESC  LIMIT 0,15

SELECT DISTINCT cat_id
            FROM `weishangcheng`.`ecs_attribute`
            WHERE attr_type = 1

SELECT userid, adminid, user_name, user_rank, discount, email, data, expiry FROM `weishangcheng`.`ecs_sessions` WHERE sesskey = '4798822cb1cfecb6c7b59f09d1d6e7e1'

SELECT data, expiry FROM `weishangcheng`.`ecs_sessions_data` WHERE sesskey = '4798822cb1cfecb6c7b59f09d1d6e7e1'

SELECT code, value FROM `weishangcheng`.`ecs_shop_config` WHERE parent_id > 0

SELECT suppliers_id, suppliers_name, suppliers_desc
            FROM `weishangcheng`.`ecs_suppliers`
            WHERE  is_check = 1 

SELECT c.cat_id, c.cat_name, c.measure_unit, c.parent_id, c.is_show, c.show_in_nav, c.grade, c.sort_order, COUNT(s.cat_id) AS has_children FROM `weishangcheng`.`ecs_category` AS c LEFT JOIN `weishangcheng`.`ecs_category` AS s ON s.parent_id=c.cat_id GROUP BY c.cat_id ORDER BY c.parent_id, c.sort_order ASC

SELECT cat_id, COUNT(*) AS goods_num  FROM `weishangcheng`.`ecs_goods` WHERE is_delete = 0 AND is_on_sale = 1  GROUP BY cat_id

SELECT gc.cat_id, COUNT(*) AS goods_num  FROM `weishangcheng`.`ecs_goods_cat` AS gc , `weishangcheng`.`ecs_goods` AS g  WHERE g.goods_id = gc.goods_id AND g.is_delete = 0 AND g.is_on_sale = 1  GROUP BY gc.cat_id

SELECT brand_id, brand_name FROM `weishangcheng`.`ecs_brand` ORDER BY sort_order

SELECT suppliers_id, suppliers_name, suppliers_desc
            FROM `weishangcheng`.`ecs_suppliers`
            WHERE  is_check = 1 

SELECT COUNT(*) FROM `weishangcheng`.`ecs_goods` AS g WHERE is_delete='0'  AND is_real='1'

SELECT goods_id, goods_name, goods_type, goods_sn, shop_price, is_on_sale, is_best, is_new, is_hot, sort_order, goods_number, integral,  (promote_price > 0 AND promote_start_date <= '1460361599' AND promote_end_date >= '1460361599') AS is_promote  FROM `weishangcheng`.`ecs_goods` AS g WHERE is_delete='0'  AND is_real='1' ORDER BY goods_id DESC  LIMIT 0,15

SELECT DISTINCT cat_id
            FROM `weishangcheng`.`ecs_attribute`
            WHERE attr_type = 1

DELETE FROM `weishangcheng`.`ecs_sessions_data` WHERE expiry < 1460361811

SELECT userid, adminid, user_name, user_rank, discount, email, data, expiry FROM `weishangcheng`.`ecs_sessions` WHERE sesskey = '4798822cb1cfecb6c7b59f09d1d6e7e1'

SELECT data, expiry FROM `weishangcheng`.`ecs_sessions_data` WHERE sesskey = '4798822cb1cfecb6c7b59f09d1d6e7e1'

SELECT code, value FROM `weishangcheng`.`ecs_shop_config` WHERE parent_id > 0

SELECT suppliers_id, suppliers_name, suppliers_desc
            FROM `weishangcheng`.`ecs_suppliers`
            WHERE  is_check = 1 

DELETE FROM `weishangcheng`.`ecs_link_goods` WHERE (goods_id = 0 OR link_goods_id = 0) AND admin_id = '1'

DELETE FROM `weishangcheng`.`ecs_group_goods` WHERE parent_id = 0 AND admin_id = '1'

DELETE FROM `weishangcheng`.`ecs_goods_article` WHERE goods_id = 0 AND admin_id = '1'

DELETE FROM `weishangcheng`.`ecs_goods_attr` WHERE goods_id = 0

SELECT c.cat_id, c.cat_name, c.measure_unit, c.parent_id, c.is_show, c.show_in_nav, c.grade, c.sort_order, COUNT(s.cat_id) AS has_children FROM `weishangcheng`.`ecs_category` AS c LEFT JOIN `weishangcheng`.`ecs_category` AS s ON s.parent_id=c.cat_id GROUP BY c.cat_id ORDER BY c.parent_id, c.sort_order ASC

SELECT cat_id, COUNT(*) AS goods_num  FROM `weishangcheng`.`ecs_goods` WHERE is_delete = 0 AND is_on_sale = 1  GROUP BY cat_id

SELECT gc.cat_id, COUNT(*) AS goods_num  FROM `weishangcheng`.`ecs_goods_cat` AS gc , `weishangcheng`.`ecs_goods` AS g  WHERE g.goods_id = gc.goods_id AND g.is_delete = 0 AND g.is_on_sale = 1  GROUP BY gc.cat_id

SELECT brand_id, brand_name FROM `weishangcheng`.`ecs_brand` ORDER BY sort_order

SELECT * FROM `weishangcheng`.`ecs_user_rank` ORDER BY min_points

SELECT cat_id, cat_name FROM `weishangcheng`.`ecs_goods_type` WHERE enabled = 1

DELETE FROM `weishangcheng`.`ecs_sessions_data` WHERE expiry < 1460361811

SELECT userid, adminid, user_name, user_rank, discount, email, data, expiry FROM `weishangcheng`.`ecs_sessions` WHERE sesskey = '4798822cb1cfecb6c7b59f09d1d6e7e1'

SELECT data, expiry FROM `weishangcheng`.`ecs_sessions_data` WHERE sesskey = '4798822cb1cfecb6c7b59f09d1d6e7e1'

SELECT code, value FROM `weishangcheng`.`ecs_shop_config` WHERE parent_id > 0

SELECT c.cat_id, c.cat_name, c.measure_unit, c.parent_id, c.is_show, c.show_in_nav, c.grade, c.sort_order, COUNT(s.cat_id) AS has_children FROM `weishangcheng`.`ecs_category` AS c LEFT JOIN `weishangcheng`.`ecs_category` AS s ON s.parent_id=c.cat_id GROUP BY c.cat_id ORDER BY c.parent_id, c.sort_order ASC

SELECT cat_id, COUNT(*) AS goods_num  FROM `weishangcheng`.`ecs_goods` WHERE is_delete = 0 AND is_on_sale = 1  GROUP BY cat_id

SELECT gc.cat_id, COUNT(*) AS goods_num  FROM `weishangcheng`.`ecs_goods_cat` AS gc , `weishangcheng`.`ecs_goods` AS g  WHERE g.goods_id = gc.goods_id AND g.is_delete = 0 AND g.is_on_sale = 1  GROUP BY gc.cat_id

SELECT userid, adminid, user_name, user_rank, discount, email, data, expiry FROM `weishangcheng`.`ecs_sessions` WHERE sesskey = '4798822cb1cfecb6c7b59f09d1d6e7e1'

SELECT data, expiry FROM `weishangcheng`.`ecs_sessions_data` WHERE sesskey = '4798822cb1cfecb6c7b59f09d1d6e7e1'

SELECT code, value FROM `weishangcheng`.`ecs_shop_config` WHERE parent_id > 0

DELETE FROM `weishangcheng`.`ecs_template` WHERE 1  AND theme <> 'default' 

DELETE FROM `weishangcheng`.`ecs_sessions` WHERE expiry < 1460361958

SELECT userid, adminid, user_name, user_rank, discount, email, data, expiry FROM `weishangcheng`.`ecs_sessions` WHERE sesskey = '4798822cb1cfecb6c7b59f09d1d6e7e1'

SELECT data, expiry FROM `weishangcheng`.`ecs_sessions_data` WHERE sesskey = '4798822cb1cfecb6c7b59f09d1d6e7e1'

SELECT code, value FROM `weishangcheng`.`ecs_shop_config` WHERE parent_id > 0

SELECT * FROM `weishangcheng`.`ecs_shop_config` WHERE type<>'hidden'   AND (parent_id<>'5' AND id<>'5') ORDER BY parent_id, sort_order, id

SELECT region_id, region_name FROM `weishangcheng`.`ecs_region` WHERE region_type = '0' AND parent_id = '0'

SELECT region_id, region_name FROM `weishangcheng`.`ecs_region` WHERE region_type = '1' AND parent_id = '1'

SELECT region_id, region_name FROM `weishangcheng`.`ecs_region` WHERE region_type = '2' AND parent_id = '2'

DELETE FROM `weishangcheng`.`ecs_sessions_data` WHERE expiry < 1460361961

SELECT userid, adminid, user_name, user_rank, discount, email, data, expiry FROM `weishangcheng`.`ecs_sessions` WHERE sesskey = '4798822cb1cfecb6c7b59f09d1d6e7e1'

SELECT data, expiry FROM `weishangcheng`.`ecs_sessions_data` WHERE sesskey = '4798822cb1cfecb6c7b59f09d1d6e7e1'

SELECT code, value FROM `weishangcheng`.`ecs_shop_config` WHERE parent_id > 0

SELECT COUNT(*) FROM `weishangcheng`.`ecs_order_info` WHERE add_time >= '1460334796'

SELECT COUNT(*) FROM `weishangcheng`.`ecs_order_info` WHERE pay_time >= 1460334796

DESC `weishangcheng`.`ecs_sessions_data`

INSERT INTO `weishangcheng`.`ecs_sessions_data` (sesskey, expiry, data) VALUES ('4798822cb1cfecb6c7b59f09d1d6e7e1', '1460363941', 'a:5:{s:10:\"admin_name\";s:5:\"admin\";s:11:\"action_list\";s:3:\"all\";s:10:\"last_check\";i:1460335141;s:12:\"suppliers_id\";s:1:\"0\";s:9:\"user_list\";a:1:{i:0;a:12:{s:7:\"user_id\";s:1:\"1\";s:9:\"user_name\";s:4:\"test\";s:3:\"sex\";s:1:\"0\";s:8:\"birthday\";s:10:\"0000-00-00\";s:12:\"mobile_phone\";s:0:\"\";s:5:\"email\";s:20:\"0981460279473@qq.com\";s:12:\"is_validated\";s:1:\"0\";s:10:\"user_money\";s:4:\"0.00\";s:12:\"frozen_money\";s:4:\"0.00\";s:11:\"rank_points\";s:1:\"0\";s:10:\"pay_points\";s:1:\"0\";s:8:\"reg_time\";s:10:\"2016-04-10\";}}}')ON DUPLICATE KEY UPDATE expiry = expiry + 1460363941, data = 'a:5:{s:10:\"admin_name\";s:5:\"admin\";s:11:\"action_list\";s:3:\"all\";s:10:\"last_check\";i:1460335141;s:12:\"suppliers_id\";s:1:\"0\";s:9:\"user_list\";a:1:{i:0;a:12:{s:7:\"user_id\";s:1:\"1\";s:9:\"user_name\";s:4:\"test\";s:3:\"sex\";s:1:\"0\";s:8:\"birthday\";s:10:\"0000-00-00\";s:12:\"mobile_phone\";s:0:\"\";s:5:\"email\";s:20:\"0981460279473@qq.com\";s:12:\"is_validated\";s:1:\"0\";s:10:\"user_money\";s:4:\"0.00\";s:12:\"frozen_money\";s:4:\"0.00\";s:11:\"rank_points\";s:1:\"0\";s:10:\"pay_points\";s:1:\"0\";s:8:\"reg_time\";s:10:\"2016-04-10\";}}}'

UPDATE `weishangcheng`.`ecs_sessions` SET expiry = '1460363941', ip = '192.168.1.18', userid = '0', adminid = '1', user_name='0', user_rank='0', discount='0', email='0', data = '' WHERE sesskey = '4798822cb1cfecb6c7b59f09d1d6e7e1' LIMIT 1

SELECT userid, adminid, user_name, user_rank, discount, email, data, expiry FROM `weishangcheng`.`ecs_sessions` WHERE sesskey = '4798822cb1cfecb6c7b59f09d1d6e7e1'

SELECT data, expiry FROM `weishangcheng`.`ecs_sessions_data` WHERE sesskey = '4798822cb1cfecb6c7b59f09d1d6e7e1'

SELECT code, value FROM `weishangcheng`.`ecs_shop_config` WHERE parent_id > 0

SELECT message_id, sender_id, receiver_id, sent_time, readed, deleted, title, message, user_name FROM `weishangcheng`.`ecs_admin_message` AS a, `weishangcheng`.`ecs_admin_user` AS b WHERE a.sender_id = b.user_id AND a.receiver_id = '1' AND a.readed = 0 AND deleted = 0 ORDER BY a.sent_time DESC

SELECT pay_id, is_cod FROM `weishangcheng`.`ecs_payment` WHERE enabled = 1

SELECT COUNT(*) FROM `weishangcheng`.`ecs_order_info` WHERE 1  AND order_status  IN ('1','5')  AND shipping_status  IN ('1','2')  AND pay_status  IN ('2','1')  

SELECT pay_id FROM `weishangcheng`.`ecs_payment` WHERE is_cod = 1

SELECT COUNT(*) FROM `weishangcheng`.`ecs_order_info` WHERE 1  AND   order_status  IN ('1','5','6')  AND   shipping_status  IN ('0','3','5')  AND ( pay_status  IN ('2','1')  OR pay_id  IN ('') ) 

SELECT pay_id FROM `weishangcheng`.`ecs_payment` WHERE is_cod = 0

SELECT COUNT(*) FROM `weishangcheng`.`ecs_order_info` WHERE 1  AND   order_status  IN ('1','5')  AND   pay_status = '0' AND ( shipping_status  IN ('1','2')  OR pay_id  IN ('') ) 

SELECT COUNT(*) FROM `weishangcheng`.`ecs_order_info` WHERE 1  AND order_status = '0' 

SELECT COUNT(*) FROM `weishangcheng`.`ecs_order_info` WHERE  shipping_status=4

SELECT COUNT(*) AS oCount, IFNULL(SUM(order_amount), 0) AS oAmount FROM `weishangcheng`.`ecs_order_info`

SELECT COUNT(*) FROM `weishangcheng`.`ecs_goods` WHERE is_delete = 0 AND is_alone_sale = 1 AND is_real = 1

SELECT COUNT(*) FROM `weishangcheng`.`ecs_goods` WHERE is_delete = 0 AND is_alone_sale = 1 AND is_real=0 AND extension_code='virtual_card'

SELECT COUNT(*) FROM `weishangcheng`.`ecs_goods` WHERE is_delete = 0 AND is_new = 1 AND is_real = 1

SELECT COUNT(*) FROM `weishangcheng`.`ecs_goods` WHERE is_delete = 0 AND is_new = 1 AND is_real=0 AND extension_code='virtual_card'

SELECT COUNT(*) FROM `weishangcheng`.`ecs_goods` WHERE is_delete = 0 AND is_best = 1 AND is_real = 1

SELECT COUNT(*) FROM `weishangcheng`.`ecs_goods` WHERE is_delete = 0 AND is_best = 1 AND is_real=0 AND extension_code='virtual_card'

SELECT COUNT(*) FROM `weishangcheng`.`ecs_goods` WHERE is_delete = 0 AND is_hot = 1 AND is_real = 1

SELECT COUNT(*) FROM `weishangcheng`.`ecs_goods` WHERE is_delete = 0 AND is_hot = 1 AND is_real=0 AND extension_code='virtual_card'

SELECT COUNT(*) FROM `weishangcheng`.`ecs_goods` WHERE is_delete = 0 AND promote_price>0 AND promote_start_date <= '1460335153' AND promote_end_date >= '1460335153' AND is_real = 1

SELECT COUNT(*) FROM `weishangcheng`.`ecs_goods` WHERE is_delete = 0 AND promote_price>0 AND promote_start_date <= '1460335153' AND promote_end_date >= '1460335153' AND is_real=0 AND extension_code='virtual_card'

SELECT COUNT(*) FROM `weishangcheng`.`ecs_goods` WHERE is_delete = 0 AND goods_number <= warn_number AND is_real = 1

SELECT COUNT(*) FROM `weishangcheng`.`ecs_goods` WHERE is_delete = 0 AND goods_number <= warn_number AND is_real=0 AND extension_code='virtual_card'

SELECT COUNT(*) FROM `weishangcheng`.`ecs_stats` WHERE access_time > 1460275200

SELECT count(*) FROM `weishangcheng`.`ecs_sessions`

SELECT COUNT(f.msg_id) FROM `weishangcheng`.`ecs_feedback` AS f LEFT JOIN `weishangcheng`.`ecs_feedback` AS r ON r.parent_id=f.msg_id WHERE f.parent_id=0 AND ISNULL(r.msg_id) 

SELECT COUNT(*) FROM `weishangcheng`.`ecs_comment` WHERE status = 0 AND parent_id = 0

SELECT COUNT(*) FROM `weishangcheng`.`ecs_booking_goods` WHERE is_dispose = 0

SELECT COUNT(*) FROM `weishangcheng`.`ecs_user_account` WHERE process_type = 1 AND is_paid = 0 

SELECT userid, adminid, user_name, user_rank, discount, email, data, expiry FROM `weishangcheng`.`ecs_sessions` WHERE sesskey = '4798822cb1cfecb6c7b59f09d1d6e7e1'

SELECT data, expiry FROM `weishangcheng`.`ecs_sessions_data` WHERE sesskey = '4798822cb1cfecb6c7b59f09d1d6e7e1'

SELECT code, value FROM `weishangcheng`.`ecs_shop_config` WHERE parent_id > 0

SELECT userid, adminid, user_name, user_rank, discount, email, data, expiry FROM `weishangcheng`.`ecs_sessions` WHERE sesskey = '4798822cb1cfecb6c7b59f09d1d6e7e1'

SELECT data, expiry FROM `weishangcheng`.`ecs_sessions_data` WHERE sesskey = '4798822cb1cfecb6c7b59f09d1d6e7e1'

SELECT code, value FROM `weishangcheng`.`ecs_shop_config` WHERE parent_id > 0

SELECT COUNT(*) AS oCount, IFNULL(SUM(order_amount), 0) AS oAmount FROM `weishangcheng`.`ecs_order_info`

SELECT COUNT(*) FROM `weishangcheng`.`ecs_goods` WHERE is_delete = 0 AND is_alone_sale = 1 AND is_real = 1

SELECT COUNT(*) FROM `weishangcheng`.`ecs_users`

SELECT value FROM `weishangcheng`.`ecs_shop_config` WHERE code = 'template'

SELECT value FROM `weishangcheng`.`ecs_shop_config` WHERE code = 'stylename'

DELETE FROM `weishangcheng`.`ecs_sessions` WHERE expiry < 1460362154

