SELECT userid, adminid, user_name, user_rank, discount, email, data, expiry FROM `ectouch2.0`.`ecs_sessions` WHERE sesskey = '5c2e949c69d8c8698fd6f65a6ddd4421'

INSERT INTO `ectouch2.0`.`ecs_sessions` (sesskey, expiry, ip, data) VALUES ('5c2e949c69d8c8698fd6f65a6ddd4421', '1453858893', '0.0.0.0', 'a:0:{}')

SELECT code, value FROM `ectouch2.0`.`ecs_shop_config` WHERE parent_id > 0

UPDATE `ectouch2.0`.`ecs_sessions` SET expiry = '1453858894', ip = '0.0.0.0', userid = '0', adminid = '0', user_name='0', user_rank='0', discount='0', email='0', data = 'a:0:{}' WHERE sesskey = '5c2e949c69d8c8698fd6f65a6ddd4421' LIMIT 1

DELETE FROM `ectouch2.0`.`ecs_sessions` WHERE expiry < 1453857094

SELECT userid, adminid, user_name, user_rank, discount, email, data, expiry FROM `ectouch2.0`.`ecs_sessions` WHERE sesskey = '5c2e949c69d8c8698fd6f65a6ddd4421'

SELECT code, value FROM `ectouch2.0`.`ecs_shop_config` WHERE parent_id > 0

SELECT userid, adminid, user_name, user_rank, discount, email, data, expiry FROM `ectouch2.0`.`ecs_sessions` WHERE sesskey = '5c2e949c69d8c8698fd6f65a6ddd4421'

SELECT code, value FROM `ectouch2.0`.`ecs_shop_config` WHERE parent_id > 0

SELECT `ec_salt` FROM `ectouch2.0`.`ecs_admin_user`WHERE user_name = 'admin'

SELECT user_id, user_name, password, last_login, action_list, last_login,suppliers_id,ec_salt FROM `ectouch2.0`.`ecs_admin_user` WHERE user_name = 'admin' AND password = '6e75fc0b6605be4f6edd07157c463683'

DELETE FROM `ectouch2.0`.`ecs_sessions` WHERE expiry < 1453857102

SELECT userid, adminid, user_name, user_rank, discount, email, data, expiry FROM `ectouch2.0`.`ecs_sessions` WHERE sesskey = '5c2e949c69d8c8698fd6f65a6ddd4421'

SELECT code, value FROM `ectouch2.0`.`ecs_shop_config` WHERE parent_id > 0

SELECT `ec_salt` FROM `ectouch2.0`.`ecs_admin_user`WHERE user_name = 'admin'

SELECT user_id, user_name, password, last_login, action_list, last_login,suppliers_id,ec_salt FROM `ectouch2.0`.`ecs_admin_user` WHERE user_name = 'admin' AND password = '04451404768a172c2d79ff75b0b26a92'

UPDATE `ectouch2.0`.`ecs_admin_user` SET last_login='1453830107', last_ip='0.0.0.0' WHERE user_id='1'

SELECT DISTINCT session_id FROM `ectouch2.0`.`ecs_cart` AS c, `ectouch2.0`.`ecs_sessions` AS s WHERE c.session_id = s.sesskey 

DELETE FROM `ectouch2.0`.`ecs_cart` WHERE session_id NOT  IN ('') 

UPDATE `ectouch2.0`.`ecs_sessions` SET expiry = '1453858907', ip = '0.0.0.0', userid = '0', adminid = '1', user_name='0', user_rank='0', discount='0', email='0', data = 'a:4:{s:10:\"admin_name\";s:5:\"admin\";s:11:\"action_list\";s:3:\"all\";s:10:\"last_check\";s:10:\"1452714248\";s:12:\"suppliers_id\";s:1:\"0\";}' WHERE sesskey = '5c2e949c69d8c8698fd6f65a6ddd4421' LIMIT 1

SELECT userid, adminid, user_name, user_rank, discount, email, data, expiry FROM `ectouch2.0`.`ecs_sessions` WHERE sesskey = '5c2e949c69d8c8698fd6f65a6ddd4421'

SELECT code, value FROM `ectouch2.0`.`ecs_shop_config` WHERE parent_id > 0

DELETE FROM `ectouch2.0`.`ecs_sessions` WHERE expiry < 1453857108

SELECT userid, adminid, user_name, user_rank, discount, email, data, expiry FROM `ectouch2.0`.`ecs_sessions` WHERE sesskey = '5c2e949c69d8c8698fd6f65a6ddd4421'

SELECT code, value FROM `ectouch2.0`.`ecs_shop_config` WHERE parent_id > 0

SELECT message_id, sender_id, receiver_id, sent_time, readed, deleted, title, message, user_name FROM `ectouch2.0`.`ecs_admin_message` AS a, `ectouch2.0`.`ecs_admin_user` AS b WHERE a.sender_id = b.user_id AND a.receiver_id = '1' AND a.readed = 0 AND deleted = 0 ORDER BY a.sent_time DESC

SELECT pay_id, is_cod FROM `ectouch2.0`.`ecs_payment` WHERE enabled = 1

SELECT COUNT(*) FROM `ectouch2.0`.`ecs_order_info` WHERE 1  AND order_status  IN ('1','5')  AND shipping_status  IN ('1','2')  AND pay_status  IN ('2','1')  

SELECT pay_id FROM `ectouch2.0`.`ecs_payment` WHERE is_cod = 1

SELECT COUNT(*) FROM `ectouch2.0`.`ecs_order_info` WHERE 1  AND   order_status  IN ('1','5','6')  AND   shipping_status  IN ('0','3','5')  AND ( pay_status  IN ('2','1')  OR pay_id  IN ('') ) 

SELECT pay_id FROM `ectouch2.0`.`ecs_payment` WHERE is_cod = 0

SELECT COUNT(*) FROM `ectouch2.0`.`ecs_order_info` WHERE 1  AND   order_status  IN ('1','5')  AND   pay_status = '0' AND ( shipping_status  IN ('1','2')  OR pay_id  IN ('') ) 

SELECT COUNT(*) FROM `ectouch2.0`.`ecs_order_info` WHERE 1  AND order_status = '0' 

SELECT COUNT(*) FROM `ectouch2.0`.`ecs_order_info` WHERE  shipping_status=4

SELECT COUNT(*) AS oCount, IFNULL(SUM(order_amount), 0) AS oAmount FROM `ectouch2.0`.`ecs_order_info`

SELECT COUNT(*) FROM `ectouch2.0`.`ecs_goods` WHERE is_delete = 0 AND is_alone_sale = 1 AND is_real = 1

SELECT COUNT(*) FROM `ectouch2.0`.`ecs_goods` WHERE is_delete = 0 AND is_alone_sale = 1 AND is_real=0 AND extension_code='virtual_card'

SELECT COUNT(*) FROM `ectouch2.0`.`ecs_goods` WHERE is_delete = 0 AND is_new = 1 AND is_real = 1

SELECT COUNT(*) FROM `ectouch2.0`.`ecs_goods` WHERE is_delete = 0 AND is_new = 1 AND is_real=0 AND extension_code='virtual_card'

SELECT COUNT(*) FROM `ectouch2.0`.`ecs_goods` WHERE is_delete = 0 AND is_best = 1 AND is_real = 1

SELECT COUNT(*) FROM `ectouch2.0`.`ecs_goods` WHERE is_delete = 0 AND is_best = 1 AND is_real=0 AND extension_code='virtual_card'

SELECT COUNT(*) FROM `ectouch2.0`.`ecs_goods` WHERE is_delete = 0 AND is_hot = 1 AND is_real = 1

SELECT COUNT(*) FROM `ectouch2.0`.`ecs_goods` WHERE is_delete = 0 AND is_hot = 1 AND is_real=0 AND extension_code='virtual_card'

SELECT COUNT(*) FROM `ectouch2.0`.`ecs_goods` WHERE is_delete = 0 AND promote_price>0 AND promote_start_date <= '1453830109' AND promote_end_date >= '1453830109' AND is_real = 1

SELECT COUNT(*) FROM `ectouch2.0`.`ecs_goods` WHERE is_delete = 0 AND promote_price>0 AND promote_start_date <= '1453830109' AND promote_end_date >= '1453830109' AND is_real=0 AND extension_code='virtual_card'

SELECT COUNT(*) FROM `ectouch2.0`.`ecs_goods` WHERE is_delete = 0 AND goods_number <= warn_number AND is_real = 1

SELECT COUNT(*) FROM `ectouch2.0`.`ecs_goods` WHERE is_delete = 0 AND goods_number <= warn_number AND is_real=0 AND extension_code='virtual_card'

SELECT COUNT(*) FROM `ectouch2.0`.`ecs_stats` WHERE access_time > 1453795200

SELECT count(*) FROM `ectouch2.0`.`ecs_sessions`

SELECT COUNT(f.msg_id) FROM `ectouch2.0`.`ecs_feedback` AS f LEFT JOIN `ectouch2.0`.`ecs_feedback` AS r ON r.parent_id=f.msg_id WHERE f.parent_id=0 AND ISNULL(r.msg_id) 

SELECT COUNT(*) FROM `ectouch2.0`.`ecs_comment` WHERE status = 0 AND parent_id = 0

SELECT COUNT(*) FROM `ectouch2.0`.`ecs_booking_goods` WHERE is_dispose = 0

SELECT COUNT(*) FROM `ectouch2.0`.`ecs_user_account` WHERE process_type = 1 AND is_paid = 0 

SELECT userid, adminid, user_name, user_rank, discount, email, data, expiry FROM `ectouch2.0`.`ecs_sessions` WHERE sesskey = '5c2e949c69d8c8698fd6f65a6ddd4421'

SELECT userid, adminid, user_name, user_rank, discount, email, data, expiry FROM `ectouch2.0`.`ecs_sessions` WHERE sesskey = '5c2e949c69d8c8698fd6f65a6ddd4421'

SELECT code, value FROM `ectouch2.0`.`ecs_shop_config` WHERE parent_id > 0

SELECT code, value FROM `ectouch2.0`.`ecs_shop_config` WHERE parent_id > 0

SELECT COUNT(*) AS oCount, IFNULL(SUM(order_amount), 0) AS oAmount FROM `ectouch2.0`.`ecs_order_info`

SELECT COUNT(*) FROM `ectouch2.0`.`ecs_goods` WHERE is_delete = 0 AND is_alone_sale = 1 AND is_real = 1

SELECT COUNT(*) FROM `ectouch2.0`.`ecs_order_info` WHERE add_time >= '1452714248'

SELECT COUNT(*) FROM `ectouch2.0`.`ecs_order_info` WHERE pay_time >= 1452714248

SELECT COUNT(*) FROM `ectouch2.0`.`ecs_users`

SELECT value FROM `ectouch2.0`.`ecs_shop_config` WHERE code = 'template'

SELECT value FROM `ectouch2.0`.`ecs_shop_config` WHERE code = 'stylename'

SELECT userid, adminid, user_name, user_rank, discount, email, data, expiry FROM `ectouch2.0`.`ecs_sessions` WHERE sesskey = '5c2e949c69d8c8698fd6f65a6ddd4421'

SELECT code, value FROM `ectouch2.0`.`ecs_shop_config` WHERE parent_id > 0

UPDATE `ectouch2.0`.`ecs_sessions` SET expiry = '1453858911', ip = '0.0.0.0', userid = '0', adminid = '1', user_name='0', user_rank='0', discount='0', email='0', data = 'a:4:{s:10:\"admin_name\";s:5:\"admin\";s:11:\"action_list\";s:3:\"all\";s:10:\"last_check\";i:1453830110;s:12:\"suppliers_id\";s:1:\"0\";}' WHERE sesskey = '5c2e949c69d8c8698fd6f65a6ddd4421' LIMIT 1

DELETE FROM `ectouch2.0`.`ecs_sessions_data` WHERE expiry < 1453857111

SELECT userid, adminid, user_name, user_rank, discount, email, data, expiry FROM `ectouch2.0`.`ecs_sessions` WHERE sesskey = '5c2e949c69d8c8698fd6f65a6ddd4421'

SELECT code, value FROM `ectouch2.0`.`ecs_shop_config` WHERE parent_id > 0

SELECT c.*, COUNT(s.cat_id) AS has_children, COUNT(a.article_id) AS aricle_num  FROM `ectouch2.0`.`ecs_article_cat` AS c LEFT JOIN `ectouch2.0`.`ecs_article_cat` AS s ON s.parent_id=c.cat_id LEFT JOIN `ectouch2.0`.`ecs_article` AS a ON a.cat_id=c.cat_id GROUP BY c.cat_id  ORDER BY parent_id, sort_order ASC

SELECT userid, adminid, user_name, user_rank, discount, email, data, expiry FROM `ectouch2.0`.`ecs_sessions` WHERE sesskey = '5c2e949c69d8c8698fd6f65a6ddd4421'

SELECT code, value FROM `ectouch2.0`.`ecs_shop_config` WHERE parent_id > 0

SELECT COUNT(*) FROM `ectouch2.0`.`ecs_ad` AS ad WHERE 1 

SELECT ad.*, COUNT(o.order_id) AS ad_stats, p.position_name FROM `ectouch2.0`.`ecs_ad`AS ad LEFT JOIN `ectouch2.0`.`ecs_ad_position` AS p ON p.position_id = ad.position_id LEFT JOIN `ectouch2.0`.`ecs_order_info` AS o ON o.from_ad = ad.ad_id WHERE 1  GROUP BY ad.ad_id ORDER by ad.ad_name DESC LIMIT 15

DELETE FROM `ectouch2.0`.`ecs_sessions_data` WHERE expiry < 1453857113

UPDATE `ectouch2.0`.`ecs_sessions` SET expiry = '1453858932', ip = '0.0.0.0', userid = '0', adminid = '1', user_name='0', user_rank='0', discount='0', email='0', data = 'a:4:{s:10:\"admin_name\";s:5:\"admin\";s:11:\"action_list\";s:3:\"all\";s:10:\"last_check\";s:10:\"1452714248\";s:12:\"suppliers_id\";s:1:\"0\";}' WHERE sesskey = '5c2e949c69d8c8698fd6f65a6ddd4421' LIMIT 1

DELETE FROM `ectouch2.0`.`ecs_sessions` WHERE expiry < 1453857132

SELECT userid, adminid, user_name, user_rank, discount, email, data, expiry FROM `ectouch2.0`.`ecs_sessions` WHERE sesskey = '5c2e949c69d8c8698fd6f65a6ddd4421'

SELECT code, value FROM `ectouch2.0`.`ecs_shop_config` WHERE parent_id > 0

SELECT COUNT(*) FROM `ectouch2.0`.`ecs_order_info` WHERE add_time >= '1452714248'

SELECT COUNT(*) FROM `ectouch2.0`.`ecs_order_info` WHERE pay_time >= 1452714248

UPDATE `ectouch2.0`.`ecs_sessions` SET expiry = '1453859094', ip = '0.0.0.0', userid = '0', adminid = '1', user_name='0', user_rank='0', discount='0', email='0', data = 'a:4:{s:10:\"admin_name\";s:5:\"admin\";s:11:\"action_list\";s:3:\"all\";s:10:\"last_check\";i:1453830294;s:12:\"suppliers_id\";s:1:\"0\";}' WHERE sesskey = '5c2e949c69d8c8698fd6f65a6ddd4421' LIMIT 1

DELETE FROM `ectouch2.0`.`ecs_sessions` WHERE expiry < 1453857294

SELECT userid, adminid, user_name, user_rank, discount, email, data, expiry FROM `ectouch2.0`.`ecs_sessions` WHERE sesskey = '5c2e949c69d8c8698fd6f65a6ddd4421'

SELECT code, value FROM `ectouch2.0`.`ecs_shop_config` WHERE parent_id > 0

SELECT COUNT(*) FROM `ectouch2.0`.`ecs_order_info` WHERE add_time >= '1453830294'

SELECT COUNT(*) FROM `ectouch2.0`.`ecs_order_info` WHERE pay_time >= 1453830294

UPDATE `ectouch2.0`.`ecs_sessions` SET expiry = '1453859274', ip = '0.0.0.0', userid = '0', adminid = '1', user_name='0', user_rank='0', discount='0', email='0', data = 'a:4:{s:10:\"admin_name\";s:5:\"admin\";s:11:\"action_list\";s:3:\"all\";s:10:\"last_check\";i:1453830474;s:12:\"suppliers_id\";s:1:\"0\";}' WHERE sesskey = '5c2e949c69d8c8698fd6f65a6ddd4421' LIMIT 1

DELETE FROM `ectouch2.0`.`ecs_sessions_data` WHERE expiry < 1453857474

DELETE FROM `ectouch2.0`.`ecs_sessions` WHERE expiry < 1453857474

SELECT userid, adminid, user_name, user_rank, discount, email, data, expiry FROM `ectouch2.0`.`ecs_sessions` WHERE sesskey = '5c2e949c69d8c8698fd6f65a6ddd4421'

SELECT code, value FROM `ectouch2.0`.`ecs_shop_config` WHERE parent_id > 0

SELECT COUNT(*) FROM `ectouch2.0`.`ecs_order_info` WHERE add_time >= '1453830474'

SELECT COUNT(*) FROM `ectouch2.0`.`ecs_order_info` WHERE pay_time >= 1453830474

UPDATE `ectouch2.0`.`ecs_sessions` SET expiry = '1453859454', ip = '0.0.0.0', userid = '0', adminid = '1', user_name='0', user_rank='0', discount='0', email='0', data = 'a:4:{s:10:\"admin_name\";s:5:\"admin\";s:11:\"action_list\";s:3:\"all\";s:10:\"last_check\";i:1453830654;s:12:\"suppliers_id\";s:1:\"0\";}' WHERE sesskey = '5c2e949c69d8c8698fd6f65a6ddd4421' LIMIT 1

DELETE FROM `ectouch2.0`.`ecs_sessions` WHERE expiry < 1453857654

