INSERT INTO `weishangcheng`.`ecs_sessions` (sesskey, expiry, ip, data) VALUES ('16888846599ecdd7150542271293624d', '1460280561', '192.168.1.18', 'a:0:{}')

SELECT code, value FROM `weishangcheng`.`ecs_shop_config` WHERE parent_id > 0

UPDATE `weishangcheng`.`ecs_sessions` SET expiry = '1460280561', ip = '192.168.1.18', userid = '0', adminid = '0', user_name='0', user_rank='0', discount='0', email='0', data = 'a:0:{}' WHERE sesskey = '16888846599ecdd7150542271293624d' LIMIT 1

DELETE FROM `weishangcheng`.`ecs_sessions_data` WHERE expiry < 1460278761

SELECT userid, adminid, user_name, user_rank, discount, email, data, expiry FROM `weishangcheng`.`ecs_sessions` WHERE sesskey = '16888846599ecdd7150542271293624d'

SELECT code, value FROM `weishangcheng`.`ecs_shop_config` WHERE parent_id > 0

DELETE FROM `weishangcheng`.`ecs_sessions_data` WHERE expiry < 1460278761

SELECT userid, adminid, user_name, user_rank, discount, email, data, expiry FROM `weishangcheng`.`ecs_sessions` WHERE sesskey = '16888846599ecdd7150542271293624d'

SELECT code, value FROM `weishangcheng`.`ecs_shop_config` WHERE parent_id > 0

SELECT `ec_salt` FROM `weishangcheng`.`ecs_admin_user`WHERE user_name = 'admin'

SELECT user_id, user_name, password, last_login, action_list, last_login,suppliers_id,ec_salt FROM `weishangcheng`.`ecs_admin_user` WHERE user_name = 'admin' AND password = 'c9f41843a2652fc42c9f42883f91185c'

UPDATE `weishangcheng`.`ecs_admin_user` SET last_login='1460251766', last_ip='192.168.1.18' WHERE user_id='1'

SELECT DISTINCT session_id FROM `weishangcheng`.`ecs_cart` AS c, `weishangcheng`.`ecs_sessions` AS s WHERE c.session_id = s.sesskey 

DELETE FROM `weishangcheng`.`ecs_cart` WHERE session_id NOT  IN ('') 

UPDATE `weishangcheng`.`ecs_sessions` SET expiry = '1460280566', ip = '192.168.1.18', userid = '0', adminid = '1', user_name='0', user_rank='0', discount='0', email='0', data = 'a:4:{s:10:\"admin_name\";s:5:\"admin\";s:11:\"action_list\";s:3:\"all\";s:10:\"last_check\";s:10:\"1460098318\";s:12:\"suppliers_id\";s:1:\"0\";}' WHERE sesskey = '16888846599ecdd7150542271293624d' LIMIT 1

DELETE FROM `weishangcheng`.`ecs_sessions` WHERE expiry < 1460278766

SELECT userid, adminid, user_name, user_rank, discount, email, data, expiry FROM `weishangcheng`.`ecs_sessions` WHERE sesskey = '16888846599ecdd7150542271293624d'

SELECT code, value FROM `weishangcheng`.`ecs_shop_config` WHERE parent_id > 0

DELETE FROM `weishangcheng`.`ecs_sessions` WHERE expiry < 1460278766

SELECT userid, adminid, user_name, user_rank, discount, email, data, expiry FROM `weishangcheng`.`ecs_sessions` WHERE sesskey = '16888846599ecdd7150542271293624d'

SELECT code, value FROM `weishangcheng`.`ecs_shop_config` WHERE parent_id > 0

SELECT message_id, sender_id, receiver_id, sent_time, readed, deleted, title, message, user_name FROM `weishangcheng`.`ecs_admin_message` AS a, `weishangcheng`.`ecs_admin_user` AS b WHERE a.sender_id = b.user_id AND a.receiver_id = '1' AND a.readed = 0 AND deleted = 0 ORDER BY a.sent_time DESC

SELECT pay_id, is_cod FROM `weishangcheng`.`ecs_payment` WHERE enabled = 1

SELECT COUNT(*) FROM `weishangcheng`.`ecs_order_info` WHERE 1  AND order_status  IN ('1','5')  AND shipping_status  IN ('1','2')  AND pay_status  IN ('2','1')  

SELECT pay_id FROM `weishangcheng`.`ecs_payment` WHERE is_cod = 1

SELECT COUNT(*) FROM `weishangcheng`.`ecs_order_info` WHERE 1  AND   order_status  IN ('1','5','6')  AND   shipping_status  IN ('0','3','5')  AND ( pay_status  IN ('2','1')  OR pay_id  IN ('') ) 

SELECT pay_id FROM `weishangcheng`.`ecs_payment` WHERE is_cod = 0

SELECT COUNT(*) FROM `weishangcheng`.`ecs_order_info` WHERE 1  AND   order_status  IN ('1','5')  AND   pay_status = '0' AND ( shipping_status  IN ('1','2')  OR pay_id  IN ('') ) 

SELECT COUNT(*) FROM `weishangcheng`.`ecs_order_info` WHERE 1  AND order_status = '0' 

SELECT COUNT(*) FROM `weishangcheng`.`ecs_order_info` WHERE  shipping_status=4

SELECT COUNT(*) AS oCount, IFNULL(SUM(order_amount), 0) AS oAmount FROM `weishangcheng`.`ecs_order_info`

SELECT COUNT(*) FROM `weishangcheng`.`ecs_goods` WHERE is_delete = 0 AND is_alone_sale = 1 AND is_real = 1

SELECT COUNT(*) FROM `weishangcheng`.`ecs_goods` WHERE is_delete = 0 AND is_alone_sale = 1 AND is_real=0 AND extension_code='virtual_card'

SELECT COUNT(*) FROM `weishangcheng`.`ecs_goods` WHERE is_delete = 0 AND is_new = 1 AND is_real = 1

SELECT COUNT(*) FROM `weishangcheng`.`ecs_goods` WHERE is_delete = 0 AND is_new = 1 AND is_real=0 AND extension_code='virtual_card'

SELECT COUNT(*) FROM `weishangcheng`.`ecs_goods` WHERE is_delete = 0 AND is_best = 1 AND is_real = 1

SELECT COUNT(*) FROM `weishangcheng`.`ecs_goods` WHERE is_delete = 0 AND is_best = 1 AND is_real=0 AND extension_code='virtual_card'

SELECT COUNT(*) FROM `weishangcheng`.`ecs_goods` WHERE is_delete = 0 AND is_hot = 1 AND is_real = 1

SELECT COUNT(*) FROM `weishangcheng`.`ecs_goods` WHERE is_delete = 0 AND is_hot = 1 AND is_real=0 AND extension_code='virtual_card'

SELECT COUNT(*) FROM `weishangcheng`.`ecs_goods` WHERE is_delete = 0 AND promote_price>0 AND promote_start_date <= '1460251766' AND promote_end_date >= '1460251766' AND is_real = 1

SELECT COUNT(*) FROM `weishangcheng`.`ecs_goods` WHERE is_delete = 0 AND promote_price>0 AND promote_start_date <= '1460251766' AND promote_end_date >= '1460251766' AND is_real=0 AND extension_code='virtual_card'

SELECT COUNT(*) FROM `weishangcheng`.`ecs_goods` WHERE is_delete = 0 AND goods_number <= warn_number AND is_real = 1

SELECT COUNT(*) FROM `weishangcheng`.`ecs_goods` WHERE is_delete = 0 AND goods_number <= warn_number AND is_real=0 AND extension_code='virtual_card'

SELECT COUNT(*) FROM `weishangcheng`.`ecs_stats` WHERE access_time > 1460188800

SELECT count(*) FROM `weishangcheng`.`ecs_sessions`

SELECT COUNT(f.msg_id) FROM `weishangcheng`.`ecs_feedback` AS f LEFT JOIN `weishangcheng`.`ecs_feedback` AS r ON r.parent_id=f.msg_id WHERE f.parent_id=0 AND ISNULL(r.msg_id) 

SELECT COUNT(*) FROM `weishangcheng`.`ecs_comment` WHERE status = 0 AND parent_id = 0

SELECT COUNT(*) FROM `weishangcheng`.`ecs_booking_goods` WHERE is_dispose = 0

SELECT COUNT(*) FROM `weishangcheng`.`ecs_user_account` WHERE process_type = 1 AND is_paid = 0 

DELETE FROM `weishangcheng`.`ecs_sessions_data` WHERE expiry < 1460278766

DELETE FROM `weishangcheng`.`ecs_sessions` WHERE expiry < 1460278766

SELECT userid, adminid, user_name, user_rank, discount, email, data, expiry FROM `weishangcheng`.`ecs_sessions` WHERE sesskey = '16888846599ecdd7150542271293624d'

SELECT code, value FROM `weishangcheng`.`ecs_shop_config` WHERE parent_id > 0

SELECT COUNT(*) AS oCount, IFNULL(SUM(order_amount), 0) AS oAmount FROM `weishangcheng`.`ecs_order_info`

SELECT COUNT(*) FROM `weishangcheng`.`ecs_goods` WHERE is_delete = 0 AND is_alone_sale = 1 AND is_real = 1

SELECT COUNT(*) FROM `weishangcheng`.`ecs_users`

SELECT value FROM `weishangcheng`.`ecs_shop_config` WHERE code = 'template'

SELECT value FROM `weishangcheng`.`ecs_shop_config` WHERE code = 'stylename'

SELECT userid, adminid, user_name, user_rank, discount, email, data, expiry FROM `weishangcheng`.`ecs_sessions` WHERE sesskey = '16888846599ecdd7150542271293624d'

SELECT code, value FROM `weishangcheng`.`ecs_shop_config` WHERE parent_id > 0

SELECT userid, adminid, user_name, user_rank, discount, email, data, expiry FROM `weishangcheng`.`ecs_sessions` WHERE sesskey = '16888846599ecdd7150542271293624d'

SELECT code, value FROM `weishangcheng`.`ecs_shop_config` WHERE parent_id > 0

SELECT COUNT(*) FROM `weishangcheng`.`ecs_order_info` WHERE add_time >= '1460098318'

SELECT COUNT(*) FROM `weishangcheng`.`ecs_order_info` WHERE pay_time >= 1460098318

UPDATE `weishangcheng`.`ecs_sessions` SET expiry = '1460280568', ip = '192.168.1.18', userid = '0', adminid = '1', user_name='0', user_rank='0', discount='0', email='0', data = 'a:4:{s:10:\"admin_name\";s:5:\"admin\";s:11:\"action_list\";s:3:\"all\";s:10:\"last_check\";i:1460251768;s:12:\"suppliers_id\";s:1:\"0\";}' WHERE sesskey = '16888846599ecdd7150542271293624d' LIMIT 1

DELETE FROM `weishangcheng`.`ecs_sessions` WHERE expiry < 1460278768

SELECT userid, adminid, user_name, user_rank, discount, email, data, expiry FROM `weishangcheng`.`ecs_sessions` WHERE sesskey = '16888846599ecdd7150542271293624d'

SELECT code, value FROM `weishangcheng`.`ecs_shop_config` WHERE parent_id > 0

DELETE FROM `weishangcheng`.`ecs_template` WHERE 1  AND theme <> 'default' 

DELETE FROM `weishangcheng`.`ecs_sessions_data` WHERE expiry < 1460278771

SELECT userid, adminid, user_name, user_rank, discount, email, data, expiry FROM `weishangcheng`.`ecs_sessions` WHERE sesskey = '16888846599ecdd7150542271293624d'

SELECT code, value FROM `weishangcheng`.`ecs_shop_config` WHERE parent_id > 0

SELECT FLOOR((access_time - 1459584000) / (24 * 3600)) AS sn, access_time, COUNT(*) AS access_count FROM `weishangcheng`.`ecs_stats` WHERE access_time >= '1459584000' AND access_time <= 1460275200 GROUP BY sn

SELECT COUNT(*) AS access_count, area FROM `weishangcheng`.`ecs_stats` WHERE access_time >= '1459584000' AND access_time < 1460275200 GROUP BY area ORDER BY access_count DESC LIMIT 20

SELECT COUNT(*) AS access_count, referer_domain FROM `weishangcheng`.`ecs_stats` WHERE access_time >= '1459584000' AND access_time <= 1460275200 GROUP BY referer_domain ORDER BY access_count DESC LIMIT 20

DELETE FROM `weishangcheng`.`ecs_sessions_data` WHERE expiry < 1460278775

SELECT userid, adminid, user_name, user_rank, discount, email, data, expiry FROM `weishangcheng`.`ecs_sessions` WHERE sesskey = '16888846599ecdd7150542271293624d'

SELECT code, value FROM `weishangcheng`.`ecs_shop_config` WHERE parent_id > 0

DELETE FROM `weishangcheng`.`ecs_template` WHERE 1  AND theme <> 'default' 

DELETE FROM `weishangcheng`.`ecs_sessions_data` WHERE expiry < 1460278776

DELETE FROM `weishangcheng`.`ecs_sessions` WHERE expiry < 1460278776

SELECT userid, adminid, user_name, user_rank, discount, email, data, expiry FROM `weishangcheng`.`ecs_sessions` WHERE sesskey = '16888846599ecdd7150542271293624d'

SELECT code, value FROM `weishangcheng`.`ecs_shop_config` WHERE parent_id > 0

SHOW TABLES LIKE 'ecs\_%'

DELETE FROM `weishangcheng`.`ecs_sessions` WHERE expiry < 1460278776

SELECT userid, adminid, user_name, user_rank, discount, email, data, expiry FROM `weishangcheng`.`ecs_sessions` WHERE sesskey = '16888846599ecdd7150542271293624d'

SELECT code, value FROM `weishangcheng`.`ecs_shop_config` WHERE parent_id > 0

SELECT suppliers_id, suppliers_name, suppliers_desc
            FROM `weishangcheng`.`ecs_suppliers`
            WHERE  is_check = 1 

SELECT c.cat_id, c.cat_name, c.measure_unit, c.parent_id, c.is_show, c.show_in_nav, c.grade, c.sort_order, COUNT(s.cat_id) AS has_children FROM `weishangcheng`.`ecs_category` AS c LEFT JOIN `weishangcheng`.`ecs_category` AS s ON s.parent_id=c.cat_id GROUP BY c.cat_id ORDER BY c.parent_id, c.sort_order ASC

SELECT cat_id, COUNT(*) AS goods_num  FROM `weishangcheng`.`ecs_goods` WHERE is_delete = 0 AND is_on_sale = 1  GROUP BY cat_id

SELECT gc.cat_id, COUNT(*) AS goods_num  FROM `weishangcheng`.`ecs_goods_cat` AS gc , `weishangcheng`.`ecs_goods` AS g  WHERE g.goods_id = gc.goods_id AND g.is_delete = 0 AND g.is_on_sale = 1  GROUP BY gc.cat_id

SELECT brand_id, brand_name FROM `weishangcheng`.`ecs_brand` ORDER BY sort_order

SELECT suppliers_id, suppliers_name, suppliers_desc
            FROM `weishangcheng`.`ecs_suppliers`
            WHERE  is_check = 1 

SELECT COUNT(*) FROM `weishangcheng`.`ecs_goods` AS g WHERE is_delete='0'  AND is_real='1'

SELECT goods_id, goods_name, goods_type, goods_sn, shop_price, is_on_sale, is_best, is_new, is_hot, sort_order, goods_number, integral,  (promote_price > 0 AND promote_start_date <= '1460275199' AND promote_end_date >= '1460275199') AS is_promote  FROM `weishangcheng`.`ecs_goods` AS g WHERE is_delete='0'  AND is_real='1' ORDER BY goods_id DESC  LIMIT 0,15

SELECT DISTINCT cat_id
            FROM `weishangcheng`.`ecs_attribute`
            WHERE attr_type = 1

UPDATE `weishangcheng`.`ecs_sessions` SET expiry = '1460280579', ip = '192.168.1.18', userid = '0', adminid = '1', user_name='0', user_rank='0', discount='0', email='0', data = 'a:4:{s:10:\"admin_name\";s:5:\"admin\";s:11:\"action_list\";s:3:\"all\";s:10:\"last_check\";i:1460251768;s:12:\"suppliers_id\";s:1:\"0\";}' WHERE sesskey = '16888846599ecdd7150542271293624d' LIMIT 1

SELECT userid, adminid, user_name, user_rank, discount, email, data, expiry FROM `weishangcheng`.`ecs_sessions` WHERE sesskey = '16888846599ecdd7150542271293624d'

SELECT code, value FROM `weishangcheng`.`ecs_shop_config` WHERE parent_id > 0

SELECT * FROM `weishangcheng`.`ecs_shop_config` WHERE type<>'hidden'   AND (parent_id<>'5' AND id<>'5') ORDER BY parent_id, sort_order, id

SELECT region_id, region_name FROM `weishangcheng`.`ecs_region` WHERE region_type = '0' AND parent_id = '0'

SELECT region_id, region_name FROM `weishangcheng`.`ecs_region` WHERE region_type = '1' AND parent_id = '1'

SELECT region_id, region_name FROM `weishangcheng`.`ecs_region` WHERE region_type = '2' AND parent_id = '2'

DELETE FROM `weishangcheng`.`ecs_sessions` WHERE expiry < 1460278780

SELECT userid, adminid, user_name, user_rank, discount, email, data, expiry FROM `weishangcheng`.`ecs_sessions` WHERE sesskey = '16888846599ecdd7150542271293624d'

SELECT code, value FROM `weishangcheng`.`ecs_shop_config` WHERE parent_id > 0

SELECT * FROM `weishangcheng`.`ecs_payment` WHERE enabled = '1' ORDER BY pay_order

SELECT userid, adminid, user_name, user_rank, discount, email, data, expiry FROM `weishangcheng`.`ecs_sessions` WHERE sesskey = '16888846599ecdd7150542271293624d'

SELECT code, value FROM `weishangcheng`.`ecs_shop_config` WHERE parent_id > 0

SELECT shipping_id, shipping_name, shipping_desc, insure, support_cod,shipping_order FROM `weishangcheng`.`ecs_shipping` WHERE shipping_code='cac' ORDER BY shipping_order

SELECT shipping_id, shipping_name, shipping_desc, insure, support_cod,shipping_order FROM `weishangcheng`.`ecs_shipping` WHERE shipping_code='city_express' ORDER BY shipping_order

SELECT shipping_id, shipping_name, shipping_desc, insure, support_cod,shipping_order FROM `weishangcheng`.`ecs_shipping` WHERE shipping_code='ems' ORDER BY shipping_order

SELECT shipping_id, shipping_name, shipping_desc, insure, support_cod,shipping_order FROM `weishangcheng`.`ecs_shipping` WHERE shipping_code='flat' ORDER BY shipping_order

SELECT shipping_id, shipping_name, shipping_desc, insure, support_cod,shipping_order FROM `weishangcheng`.`ecs_shipping` WHERE shipping_code='fpd' ORDER BY shipping_order

SELECT shipping_id, shipping_name, shipping_desc, insure, support_cod,shipping_order FROM `weishangcheng`.`ecs_shipping` WHERE shipping_code='post_express' ORDER BY shipping_order

SELECT shipping_id, shipping_name, shipping_desc, insure, support_cod,shipping_order FROM `weishangcheng`.`ecs_shipping` WHERE shipping_code='post_mail' ORDER BY shipping_order

SELECT shipping_id, shipping_name, shipping_desc, insure, support_cod,shipping_order FROM `weishangcheng`.`ecs_shipping` WHERE shipping_code='presswork' ORDER BY shipping_order

SELECT shipping_id, shipping_name, shipping_desc, insure, support_cod,shipping_order FROM `weishangcheng`.`ecs_shipping` WHERE shipping_code='sf_express' ORDER BY shipping_order

SELECT shipping_id, shipping_name, shipping_desc, insure, support_cod,shipping_order FROM `weishangcheng`.`ecs_shipping` WHERE shipping_code='sto_express' ORDER BY shipping_order

SELECT shipping_id, shipping_name, shipping_desc, insure, support_cod,shipping_order FROM `weishangcheng`.`ecs_shipping` WHERE shipping_code='yto' ORDER BY shipping_order

SELECT shipping_id, shipping_name, shipping_desc, insure, support_cod,shipping_order FROM `weishangcheng`.`ecs_shipping` WHERE shipping_code='zto' ORDER BY shipping_order

UPDATE `weishangcheng`.`ecs_sessions` SET expiry = '1460280723', ip = '192.168.1.18', userid = '0', adminid = '1', user_name='0', user_rank='0', discount='0', email='0', data = 'a:4:{s:10:\"admin_name\";s:5:\"admin\";s:11:\"action_list\";s:3:\"all\";s:10:\"last_check\";i:1460251768;s:12:\"suppliers_id\";s:1:\"0\";}' WHERE sesskey = '16888846599ecdd7150542271293624d' LIMIT 1

DELETE FROM `weishangcheng`.`ecs_sessions_data` WHERE expiry < 1460278923

SELECT userid, adminid, user_name, user_rank, discount, email, data, expiry FROM `weishangcheng`.`ecs_sessions` WHERE sesskey = '16888846599ecdd7150542271293624d'

SELECT code, value FROM `weishangcheng`.`ecs_shop_config` WHERE parent_id > 0

SELECT * FROM `weishangcheng`.`ecs_region` WHERE parent_id = '0' ORDER BY region_id

DELETE FROM `weishangcheng`.`ecs_sessions` WHERE expiry < 1460278924

