INSERT INTO `ectouch2.0`.`ecs_sessions` (sesskey, expiry, ip, data) VALUES ('df36ec3bce848132ec32e222e721d9f4', '1458287733', '0.0.0.0', 'a:0:{}')

SELECT code, value FROM `ectouch2.0`.`ecs_shop_config` WHERE parent_id > 0

SELECT user_id, user_name, password, action_list, last_login  FROM `ectouch2.0`.`ecs_admin_user` WHERE user_id = '1'

UPDATE `ectouch2.0`.`ecs_admin_user` SET last_login = '1458258935', last_ip = '0.0.0.0' WHERE user_id = '1'

UPDATE `ectouch2.0`.`ecs_sessions` SET expiry = '1458287735', ip = '0.0.0.0', userid = '0', adminid = '1', user_name='0', user_rank='0', discount='0', email='0', data = 'a:3:{s:10:\"admin_name\";s:5:\"admin\";s:11:\"action_list\";s:3:\"all\";s:10:\"last_check\";s:0:\"\";}' WHERE sesskey = 'df36ec3bce848132ec32e222e721d9f4' LIMIT 1

SELECT userid, adminid, user_name, user_rank, discount, email, data, expiry FROM `ectouch2.0`.`ecs_sessions` WHERE sesskey = 'df36ec3bce848132ec32e222e721d9f4'

SELECT code, value FROM `ectouch2.0`.`ecs_shop_config` WHERE parent_id > 0

SELECT message_id, sender_id, receiver_id, sent_time, readed, deleted, title, message, user_name FROM `ectouch2.0`.`ecs_admin_message` AS a, `ectouch2.0`.`ecs_admin_user` AS b WHERE a.sender_id = b.user_id AND a.receiver_id = '1' AND a.readed = 0 AND deleted = 0 ORDER BY a.sent_time DESC

SELECT pay_id, is_cod FROM `ectouch2.0`.`ecs_payment` WHERE enabled = 1

SELECT COUNT(*) FROM `ectouch2.0`.`ecs_order_info` WHERE 1  AND order_status  IN ('1','5')  AND shipping_status  IN ('1','2')  AND pay_status  IN ('2','1')  

SELECT pay_id FROM `ectouch2.0`.`ecs_payment` WHERE is_cod = 1

SELECT COUNT(*) FROM `ectouch2.0`.`ecs_order_info` WHERE 1  AND   order_status  IN ('1','5','6')  AND   shipping_status  IN ('0','3','5')  AND ( pay_status  IN ('2','1')  OR pay_id  IN ('') ) 

SELECT pay_id FROM `ectouch2.0`.`ecs_payment` WHERE is_cod = 0

SELECT COUNT(*) FROM `ectouch2.0`.`ecs_order_info` WHERE 1  AND   order_status  IN ('1','5')  AND   pay_status = '0' AND ( shipping_status  IN ('1','2')  OR pay_id  IN ('1') ) 

SELECT COUNT(*) FROM `ectouch2.0`.`ecs_order_info` WHERE 1  AND order_status = '0' 

SELECT COUNT(*) FROM `ectouch2.0`.`ecs_order_info` WHERE  shipping_status=4

SELECT COUNT(*) AS oCount, IFNULL(SUM(order_amount), 0) AS oAmount FROM `ectouch2.0`.`ecs_order_info`

SELECT COUNT(*) FROM `ectouch2.0`.`ecs_goods` WHERE is_delete = 0 AND is_alone_sale = 1 AND is_real = 1

SELECT COUNT(*) FROM `ectouch2.0`.`ecs_goods` WHERE is_delete = 0 AND is_alone_sale = 1 AND is_real=0 AND extension_code='virtual_card'

SELECT COUNT(*) FROM `ectouch2.0`.`ecs_goods` WHERE is_delete = 0 AND is_new = 1 AND is_real = 1

SELECT COUNT(*) FROM `ectouch2.0`.`ecs_goods` WHERE is_delete = 0 AND is_new = 1 AND is_real=0 AND extension_code='virtual_card'

SELECT COUNT(*) FROM `ectouch2.0`.`ecs_goods` WHERE is_delete = 0 AND is_best = 1 AND is_real = 1

SELECT COUNT(*) FROM `ectouch2.0`.`ecs_goods` WHERE is_delete = 0 AND is_best = 1 AND is_real=0 AND extension_code='virtual_card'

SELECT COUNT(*) FROM `ectouch2.0`.`ecs_goods` WHERE is_delete = 0 AND is_hot = 1 AND is_real = 1

SELECT COUNT(*) FROM `ectouch2.0`.`ecs_goods` WHERE is_delete = 0 AND is_hot = 1 AND is_real=0 AND extension_code='virtual_card'

SELECT COUNT(*) FROM `ectouch2.0`.`ecs_goods` WHERE is_delete = 0 AND promote_price>0 AND promote_start_date <= '1458258937' AND promote_end_date >= '1458258937' AND is_real = 1

SELECT COUNT(*) FROM `ectouch2.0`.`ecs_goods` WHERE is_delete = 0 AND promote_price>0 AND promote_start_date <= '1458258937' AND promote_end_date >= '1458258937' AND is_real=0 AND extension_code='virtual_card'

SELECT COUNT(*) FROM `ectouch2.0`.`ecs_goods` WHERE is_delete = 0 AND goods_number <= warn_number AND is_real = 1

SELECT COUNT(*) FROM `ectouch2.0`.`ecs_goods` WHERE is_delete = 0 AND goods_number <= warn_number AND is_real=0 AND extension_code='virtual_card'

SELECT COUNT(*) FROM `ectouch2.0`.`ecs_stats` WHERE access_time > 1458201600

SELECT count(*) FROM `ectouch2.0`.`ecs_sessions`

SELECT COUNT(f.msg_id) FROM `ectouch2.0`.`ecs_feedback` AS f LEFT JOIN `ectouch2.0`.`ecs_feedback` AS r ON r.parent_id=f.msg_id WHERE f.parent_id=0 AND ISNULL(r.msg_id) 

SELECT COUNT(*) FROM `ectouch2.0`.`ecs_comment` WHERE status = 0 AND parent_id = 0

SELECT COUNT(*) FROM `ectouch2.0`.`ecs_booking_goods` WHERE is_dispose = 0

SELECT COUNT(*) FROM `ectouch2.0`.`ecs_user_account` WHERE process_type = 1 AND is_paid = 0 

SELECT userid, adminid, user_name, user_rank, discount, email, data, expiry FROM `ectouch2.0`.`ecs_sessions` WHERE sesskey = 'df36ec3bce848132ec32e222e721d9f4'

SELECT code, value FROM `ectouch2.0`.`ecs_shop_config` WHERE parent_id > 0

SELECT userid, adminid, user_name, user_rank, discount, email, data, expiry FROM `ectouch2.0`.`ecs_sessions` WHERE sesskey = 'df36ec3bce848132ec32e222e721d9f4'

SELECT code, value FROM `ectouch2.0`.`ecs_shop_config` WHERE parent_id > 0

SELECT COUNT(*) AS oCount, IFNULL(SUM(order_amount), 0) AS oAmount FROM `ectouch2.0`.`ecs_order_info`

SELECT COUNT(*) FROM `ectouch2.0`.`ecs_goods` WHERE is_delete = 0 AND is_alone_sale = 1 AND is_real = 1

SELECT userid, adminid, user_name, user_rank, discount, email, data, expiry FROM `ectouch2.0`.`ecs_sessions` WHERE sesskey = 'df36ec3bce848132ec32e222e721d9f4'

SELECT COUNT(*) FROM `ectouch2.0`.`ecs_users`

SELECT value FROM `ectouch2.0`.`ecs_shop_config` WHERE code = 'template'

SELECT value FROM `ectouch2.0`.`ecs_shop_config` WHERE code = 'stylename'

SELECT code, value FROM `ectouch2.0`.`ecs_shop_config` WHERE parent_id > 0

UPDATE `ectouch2.0`.`ecs_sessions` SET expiry = '1458287739', ip = '0.0.0.0', userid = '0', adminid = '1', user_name='0', user_rank='0', discount='0', email='0', data = 'a:3:{s:10:\"admin_name\";s:5:\"admin\";s:11:\"action_list\";s:3:\"all\";s:10:\"last_check\";i:1458258939;}' WHERE sesskey = 'df36ec3bce848132ec32e222e721d9f4' LIMIT 1

DELETE FROM `ectouch2.0`.`ecs_sessions_data` WHERE expiry < 1458285939

DELETE FROM `ectouch2.0`.`ecs_sessions` WHERE expiry < 1458285939

DELETE FROM `ectouch2.0`.`ecs_sessions` WHERE expiry < 1458285940

UPDATE `ectouch2.0`.`ecs_sessions` SET expiry = '1458287754', ip = '0.0.0.0', userid = '0', adminid = '1', user_name='0', user_rank='0', discount='0', email='0', data = 'a:3:{s:10:\"admin_name\";s:5:\"admin\";s:11:\"action_list\";s:3:\"all\";s:10:\"last_check\";s:0:\"\";}' WHERE sesskey = 'df36ec3bce848132ec32e222e721d9f4' LIMIT 1

DELETE FROM `ectouch2.0`.`ecs_sessions` WHERE expiry < 1458285954

SELECT userid, adminid, user_name, user_rank, discount, email, data, expiry FROM `ectouch2.0`.`ecs_sessions` WHERE sesskey = 'df36ec3bce848132ec32e222e721d9f4'

SELECT code, value FROM `ectouch2.0`.`ecs_shop_config` WHERE parent_id > 0

SELECT suppliers_id, suppliers_name, suppliers_desc
            FROM `ectouch2.0`.`ecs_suppliers`
            WHERE  is_check = 1 

SELECT c.cat_id, c.cat_name, c.measure_unit, c.parent_id, c.is_show, c.show_in_nav, c.grade, c.sort_order, COUNT(s.cat_id) AS has_children FROM `ectouch2.0`.`ecs_category` AS c LEFT JOIN `ectouch2.0`.`ecs_category` AS s ON s.parent_id=c.cat_id GROUP BY c.cat_id ORDER BY c.parent_id, c.sort_order ASC

SELECT cat_id, COUNT(*) AS goods_num  FROM `ectouch2.0`.`ecs_goods` WHERE is_delete = 0 AND is_on_sale = 1  GROUP BY cat_id

SELECT gc.cat_id, COUNT(*) AS goods_num  FROM `ectouch2.0`.`ecs_goods_cat` AS gc , `ectouch2.0`.`ecs_goods` AS g  WHERE g.goods_id = gc.goods_id AND g.is_delete = 0 AND g.is_on_sale = 1  GROUP BY gc.cat_id

SELECT brand_id, brand_name FROM `ectouch2.0`.`ecs_brand` ORDER BY sort_order

SELECT suppliers_id, suppliers_name, suppliers_desc
            FROM `ectouch2.0`.`ecs_suppliers`
            WHERE  is_check = 1 

SELECT COUNT(*) FROM `ectouch2.0`.`ecs_goods` AS g WHERE is_delete='0'  AND is_real='1'

SELECT goods_id, goods_name, goods_type, goods_sn, shop_price, is_on_sale, is_best, is_new, is_hot, sort_order, goods_number, integral,  (promote_price > 0 AND promote_start_date <= '1458287999' AND promote_end_date >= '1458287999') AS is_promote  FROM `ectouch2.0`.`ecs_goods` AS g WHERE is_delete='0'  AND is_real='1' ORDER BY goods_id DESC  LIMIT 0,15

SELECT DISTINCT cat_id
            FROM `ectouch2.0`.`ecs_attribute`
            WHERE attr_type = 1

DELETE FROM `ectouch2.0`.`ecs_sessions_data` WHERE expiry < 1458285955

SELECT userid, adminid, user_name, user_rank, discount, email, data, expiry FROM `ectouch2.0`.`ecs_sessions` WHERE sesskey = 'df36ec3bce848132ec32e222e721d9f4'

SELECT code, value FROM `ectouch2.0`.`ecs_shop_config` WHERE parent_id > 0

SELECT suppliers_id, suppliers_name, suppliers_desc
            FROM `ectouch2.0`.`ecs_suppliers`
            WHERE  is_check = 1 

DELETE FROM `ectouch2.0`.`ecs_link_goods` WHERE (goods_id = 0 OR link_goods_id = 0) AND admin_id = '1'

DELETE FROM `ectouch2.0`.`ecs_group_goods` WHERE parent_id = 0 AND admin_id = '1'

DELETE FROM `ectouch2.0`.`ecs_goods_article` WHERE goods_id = 0 AND admin_id = '1'

DELETE FROM `ectouch2.0`.`ecs_goods_attr` WHERE goods_id = 0

SELECT c.cat_id, c.cat_name, c.measure_unit, c.parent_id, c.is_show, c.show_in_nav, c.grade, c.sort_order, COUNT(s.cat_id) AS has_children FROM `ectouch2.0`.`ecs_category` AS c LEFT JOIN `ectouch2.0`.`ecs_category` AS s ON s.parent_id=c.cat_id GROUP BY c.cat_id ORDER BY c.parent_id, c.sort_order ASC

SELECT cat_id, COUNT(*) AS goods_num  FROM `ectouch2.0`.`ecs_goods` WHERE is_delete = 0 AND is_on_sale = 1  GROUP BY cat_id

SELECT gc.cat_id, COUNT(*) AS goods_num  FROM `ectouch2.0`.`ecs_goods_cat` AS gc , `ectouch2.0`.`ecs_goods` AS g  WHERE g.goods_id = gc.goods_id AND g.is_delete = 0 AND g.is_on_sale = 1  GROUP BY gc.cat_id

SELECT brand_id, brand_name FROM `ectouch2.0`.`ecs_brand` ORDER BY sort_order

SELECT * FROM `ectouch2.0`.`ecs_user_rank` ORDER BY min_points

SELECT cat_id, cat_name FROM `ectouch2.0`.`ecs_goods_type` WHERE enabled = 1

UPDATE `ectouch2.0`.`ecs_sessions` SET expiry = '1458287772', ip = '0.0.0.0', userid = '0', adminid = '1', user_name='0', user_rank='0', discount='0', email='0', data = 'a:3:{s:10:\"admin_name\";s:5:\"admin\";s:11:\"action_list\";s:3:\"all\";s:10:\"last_check\";s:0:\"\";}' WHERE sesskey = 'df36ec3bce848132ec32e222e721d9f4' LIMIT 1

DELETE FROM `ectouch2.0`.`ecs_sessions_data` WHERE expiry < 1458285972

DELETE FROM `ectouch2.0`.`ecs_sessions` WHERE expiry < 1458285972

SELECT userid, adminid, user_name, user_rank, discount, email, data, expiry FROM `ectouch2.0`.`ecs_sessions` WHERE sesskey = 'df36ec3bce848132ec32e222e721d9f4'

SELECT code, value FROM `ectouch2.0`.`ecs_shop_config` WHERE parent_id > 0

UPDATE `ectouch2.0`.`ecs_sessions` SET expiry = '1458287956', ip = '0.0.0.0', userid = '0', adminid = '1', user_name='0', user_rank='0', discount='0', email='0', data = 'a:3:{s:10:\"admin_name\";s:5:\"admin\";s:11:\"action_list\";s:3:\"all\";s:10:\"last_check\";i:1458259156;}' WHERE sesskey = 'df36ec3bce848132ec32e222e721d9f4' LIMIT 1

DELETE FROM `ectouch2.0`.`ecs_sessions` WHERE expiry < 1458286156

SELECT userid, adminid, user_name, user_rank, discount, email, data, expiry FROM `ectouch2.0`.`ecs_sessions` WHERE sesskey = 'df36ec3bce848132ec32e222e721d9f4'

SELECT code, value FROM `ectouch2.0`.`ecs_shop_config` WHERE parent_id > 0

SELECT * FROM `ectouch2.0`.`ecs_shop_config` WHERE type<>'hidden'   AND (parent_id<>'5' AND id<>'5') ORDER BY parent_id, sort_order, id

SELECT region_id, region_name FROM `ectouch2.0`.`ecs_region` WHERE region_type = '0' AND parent_id = '0'

SELECT region_id, region_name FROM `ectouch2.0`.`ecs_region` WHERE region_type = '1' AND parent_id = '1'

SELECT region_id, region_name FROM `ectouch2.0`.`ecs_region` WHERE region_type = '2' AND parent_id = '2'

UPDATE `ectouch2.0`.`ecs_sessions` SET expiry = '1458288065', ip = '0.0.0.0', userid = '0', adminid = '1', user_name='0', user_rank='0', discount='0', email='0', data = 'a:3:{s:10:\"admin_name\";s:5:\"admin\";s:11:\"action_list\";s:3:\"all\";s:10:\"last_check\";i:1458259156;}' WHERE sesskey = 'df36ec3bce848132ec32e222e721d9f4' LIMIT 1

DELETE FROM `ectouch2.0`.`ecs_sessions_data` WHERE expiry < 1458286265

SELECT userid, adminid, user_name, user_rank, discount, email, data, expiry FROM `ectouch2.0`.`ecs_sessions` WHERE sesskey = 'df36ec3bce848132ec32e222e721d9f4'

SELECT code, value FROM `ectouch2.0`.`ecs_shop_config` WHERE parent_id > 0

SELECT bonus_type_id, COUNT(*) AS sent_count FROM `ectouch2.0`.`ecs_user_bonus` GROUP BY bonus_type_id

SELECT bonus_type_id, COUNT(*) AS used_count FROM `ectouch2.0`.`ecs_user_bonus` WHERE used_time > 0 GROUP BY bonus_type_id

SELECT COUNT(*) FROM `ectouch2.0`.`ecs_bonus_type`

SELECT * FROM `ectouch2.0`.`ecs_bonus_type` ORDER BY type_id DESC LIMIT 15

DELETE FROM `ectouch2.0`.`ecs_sessions` WHERE expiry < 1458286266

SELECT userid, adminid, user_name, user_rank, discount, email, data, expiry FROM `ectouch2.0`.`ecs_sessions` WHERE sesskey = 'df36ec3bce848132ec32e222e721d9f4'

SELECT code, value FROM `ectouch2.0`.`ecs_shop_config` WHERE parent_id > 0

SELECT COUNT(*) FROM `ectouch2.0`.`ecs_favourable_activity` WHERE 1 

SELECT * FROM `ectouch2.0`.`ecs_favourable_activity` WHERE 1   ORDER BY act_id DESC  LIMIT 0, 15

DELETE FROM `ectouch2.0`.`ecs_sessions` WHERE expiry < 1458286270

SELECT userid, adminid, user_name, user_rank, discount, email, data, expiry FROM `ectouch2.0`.`ecs_sessions` WHERE sesskey = 'df36ec3bce848132ec32e222e721d9f4'

SELECT code, value FROM `ectouch2.0`.`ecs_shop_config` WHERE parent_id > 0

SELECT COUNT(*) FROM `ectouch2.0`.`ecs_order_info` WHERE add_time >= '1458259156'

SELECT COUNT(*) FROM `ectouch2.0`.`ecs_order_info` WHERE pay_time >= 1458259156

UPDATE `ectouch2.0`.`ecs_sessions` SET expiry = '1458288251', ip = '0.0.0.0', userid = '0', adminid = '1', user_name='0', user_rank='0', discount='0', email='0', data = 'a:3:{s:10:\"admin_name\";s:5:\"admin\";s:11:\"action_list\";s:3:\"all\";s:10:\"last_check\";i:1458259451;}' WHERE sesskey = 'df36ec3bce848132ec32e222e721d9f4' LIMIT 1

DELETE FROM `ectouch2.0`.`ecs_sessions_data` WHERE expiry < 1458286451

INSERT INTO `ectouch2.0`.`ecs_sessions` (sesskey, expiry, ip, data) VALUES ('b69de9ae2ac7b6fe575d93c42e86b461', '1458288430', '0.0.0.0', 'a:0:{}')

SELECT code, value FROM `ectouch2.0`.`ecs_shop_config` WHERE parent_id > 0

UPDATE `ectouch2.0`.`ecs_sessions` SET expiry = '1458288431', ip = '0.0.0.0', userid = '0', adminid = '0', user_name='0', user_rank='0', discount='0', email='0', data = 'a:1:{s:10:\"last_check\";i:1458259631;}' WHERE sesskey = 'b69de9ae2ac7b6fe575d93c42e86b461' LIMIT 1

INSERT INTO `ectouch2.0`.`ecs_sessions` (sesskey, expiry, ip, data) VALUES ('5985692d1136edd2f280358b24257861', '1458288610', '0.0.0.0', 'a:0:{}')

SELECT code, value FROM `ectouch2.0`.`ecs_shop_config` WHERE parent_id > 0

UPDATE `ectouch2.0`.`ecs_sessions` SET expiry = '1458288611', ip = '0.0.0.0', userid = '0', adminid = '0', user_name='0', user_rank='0', discount='0', email='0', data = 'a:1:{s:10:\"last_check\";i:1458259811;}' WHERE sesskey = '5985692d1136edd2f280358b24257861' LIMIT 1

DELETE FROM `ectouch2.0`.`ecs_sessions_data` WHERE expiry < 1458286811

SELECT userid, adminid, user_name, user_rank, discount, email, data, expiry FROM `ectouch2.0`.`ecs_sessions` WHERE sesskey = '5985692d1136edd2f280358b24257861'

SELECT code, value FROM `ectouch2.0`.`ecs_shop_config` WHERE parent_id > 0

SELECT user_id, user_name, password, action_list, last_login  FROM `ectouch2.0`.`ecs_admin_user` WHERE user_id = '1'

UPDATE `ectouch2.0`.`ecs_admin_user` SET last_login = '1458259859', last_ip = '0.0.0.0' WHERE user_id = '1'

SELECT agency_id FROM `ectouch2.0`.`ecs_admin_user` WHERE user_id = '1'

SELECT COUNT(*) FROM `ectouch2.0`.`ecs_order_info` AS o WHERE 1 

SELECT o.order_id, o.order_sn, o.add_time, o.order_status, o.shipping_status, o.order_amount, o.money_paid,o.pay_status, o.consignee, o.address, o.email, o.tel, o.extension_code, o.extension_id, (   o.goods_amount + o.tax + o.shipping_fee + o.insure_fee + o.pay_fee + o.pack_fee + o.card_fee ) AS total_fee, IFNULL(u.user_name, '匿名用户') AS buyer  FROM `ectouch2.0`.`ecs_order_info` AS o  LEFT JOIN `ectouch2.0`.`ecs_users` AS u ON u.user_id=o.user_id WHERE 1  ORDER BY add_time DESC  LIMIT 0,15

UPDATE `ectouch2.0`.`ecs_sessions` SET expiry = '1458288659', ip = '0.0.0.0', userid = '0', adminid = '1', user_name='0', user_rank='0', discount='0', email='0', data = 'a:3:{s:10:\"last_check\";s:0:\"\";s:10:\"admin_name\";s:5:\"admin\";s:11:\"action_list\";s:3:\"all\";}' WHERE sesskey = '5985692d1136edd2f280358b24257861' LIMIT 1

SELECT userid, adminid, user_name, user_rank, discount, email, data, expiry FROM `ectouch2.0`.`ecs_sessions` WHERE sesskey = 'b8e0350e4e853f9aac242be0f42f59f0'

SELECT code, value FROM `ectouch2.0`.`ecs_shop_config` WHERE parent_id > 0

SELECT user_id, user_name, password, action_list, last_login  FROM `ectouch2.0`.`ecs_admin_user` WHERE user_id = '1'

UPDATE `ectouch2.0`.`ecs_admin_user` SET last_login = '1458260023', last_ip = '0.0.0.0' WHERE user_id = '1'

UPDATE `ectouch2.0`.`ecs_sessions` SET expiry = '1458288823', ip = '0.0.0.0', userid = '0', adminid = '1', user_name='0', user_rank='0', discount='0', email='0', data = 'a:3:{s:10:\"admin_name\";s:5:\"admin\";s:11:\"action_list\";s:3:\"all\";s:10:\"last_check\";s:0:\"\";}' WHERE sesskey = 'b8e0350e4e853f9aac242be0f42f59f0' LIMIT 1

DELETE FROM `ectouch2.0`.`ecs_sessions_data` WHERE expiry < 1458287023

SELECT userid, adminid, user_name, user_rank, discount, email, data, expiry FROM `ectouch2.0`.`ecs_sessions` WHERE sesskey = 'b8e0350e4e853f9aac242be0f42f59f0'

SELECT code, value FROM `ectouch2.0`.`ecs_shop_config` WHERE parent_id > 0

SELECT COUNT(*) FROM `ectouch2.0`.`ecs_favourable_activity` WHERE 1 

SELECT * FROM `ectouch2.0`.`ecs_favourable_activity` WHERE 1   ORDER BY act_id DESC  LIMIT 0, 15

DELETE FROM `ectouch2.0`.`ecs_sessions_data` WHERE expiry < 1458287024

DELETE FROM `ectouch2.0`.`ecs_sessions` WHERE expiry < 1458287024

SELECT userid, adminid, user_name, user_rank, discount, email, data, expiry FROM `ectouch2.0`.`ecs_sessions` WHERE sesskey = 'b8e0350e4e853f9aac242be0f42f59f0'

SELECT code, value FROM `ectouch2.0`.`ecs_shop_config` WHERE parent_id > 0

UPDATE `ectouch2.0`.`ecs_sessions` SET expiry = '1458288825', ip = '0.0.0.0', userid = '0', adminid = '1', user_name='0', user_rank='0', discount='0', email='0', data = 'a:3:{s:10:\"admin_name\";s:5:\"admin\";s:11:\"action_list\";s:3:\"all\";s:10:\"last_check\";i:1458260025;}' WHERE sesskey = 'b8e0350e4e853f9aac242be0f42f59f0' LIMIT 1

SELECT userid, adminid, user_name, user_rank, discount, email, data, expiry FROM `ectouch2.0`.`ecs_sessions` WHERE sesskey = 'b8e0350e4e853f9aac242be0f42f59f0'

SELECT code, value FROM `ectouch2.0`.`ecs_shop_config` WHERE parent_id > 0

SELECT * FROM `ectouch2.0`.`ecs_shop_config` WHERE type<>'hidden'   AND (parent_id<>'5' AND id<>'5') ORDER BY parent_id, sort_order, id

SELECT region_id, region_name FROM `ectouch2.0`.`ecs_region` WHERE region_type = '0' AND parent_id = '0'

SELECT region_id, region_name FROM `ectouch2.0`.`ecs_region` WHERE region_type = '1' AND parent_id = '1'

SELECT region_id, region_name FROM `ectouch2.0`.`ecs_region` WHERE region_type = '2' AND parent_id = '2'

DELETE FROM `ectouch2.0`.`ecs_sessions` WHERE expiry < 1458287028

SELECT userid, adminid, user_name, user_rank, discount, email, data, expiry FROM `ectouch2.0`.`ecs_sessions` WHERE sesskey = 'b8e0350e4e853f9aac242be0f42f59f0'

SELECT code, value FROM `ectouch2.0`.`ecs_shop_config` WHERE parent_id > 0

SELECT * FROM `ectouch2.0`.`ecs_payment` WHERE enabled = '1' ORDER BY pay_order

DELETE FROM `ectouch2.0`.`ecs_sessions_data` WHERE expiry < 1458287029

SELECT userid, adminid, user_name, user_rank, discount, email, data, expiry FROM `ectouch2.0`.`ecs_sessions` WHERE sesskey = 'b8e0350e4e853f9aac242be0f42f59f0'

SELECT code, value FROM `ectouch2.0`.`ecs_shop_config` WHERE parent_id > 0

UPDATE `ectouch2.0`.`ecs_sessions` SET expiry = '1458288859', ip = '0.0.0.0', userid = '0', adminid = '1', user_name='0', user_rank='0', discount='0', email='0', data = 'a:3:{s:10:\"admin_name\";s:5:\"admin\";s:11:\"action_list\";s:3:\"all\";s:10:\"last_check\";i:1458260025;}' WHERE sesskey = 'b8e0350e4e853f9aac242be0f42f59f0' LIMIT 1

SELECT userid, adminid, user_name, user_rank, discount, email, data, expiry FROM `ectouch2.0`.`ecs_sessions` WHERE sesskey = 'b8e0350e4e853f9aac242be0f42f59f0'

SELECT code, value FROM `ectouch2.0`.`ecs_shop_config` WHERE parent_id > 0

SELECT shipping_id, shipping_name, shipping_desc, insure, support_cod,shipping_order FROM `ectouch2.0`.`ecs_shipping` WHERE shipping_code='cac' ORDER BY shipping_order

SELECT shipping_id, shipping_name, shipping_desc, insure, support_cod,shipping_order FROM `ectouch2.0`.`ecs_shipping` WHERE shipping_code='city_express' ORDER BY shipping_order

SELECT shipping_id, shipping_name, shipping_desc, insure, support_cod,shipping_order FROM `ectouch2.0`.`ecs_shipping` WHERE shipping_code='ems' ORDER BY shipping_order

SELECT shipping_id, shipping_name, shipping_desc, insure, support_cod,shipping_order FROM `ectouch2.0`.`ecs_shipping` WHERE shipping_code='flat' ORDER BY shipping_order

SELECT shipping_id, shipping_name, shipping_desc, insure, support_cod,shipping_order FROM `ectouch2.0`.`ecs_shipping` WHERE shipping_code='fpd' ORDER BY shipping_order

SELECT shipping_id, shipping_name, shipping_desc, insure, support_cod,shipping_order FROM `ectouch2.0`.`ecs_shipping` WHERE shipping_code='post_express' ORDER BY shipping_order

SELECT shipping_id, shipping_name, shipping_desc, insure, support_cod,shipping_order FROM `ectouch2.0`.`ecs_shipping` WHERE shipping_code='post_mail' ORDER BY shipping_order

SELECT shipping_id, shipping_name, shipping_desc, insure, support_cod,shipping_order FROM `ectouch2.0`.`ecs_shipping` WHERE shipping_code='presswork' ORDER BY shipping_order

SELECT shipping_id, shipping_name, shipping_desc, insure, support_cod,shipping_order FROM `ectouch2.0`.`ecs_shipping` WHERE shipping_code='sf_express' ORDER BY shipping_order

SELECT shipping_id, shipping_name, shipping_desc, insure, support_cod,shipping_order FROM `ectouch2.0`.`ecs_shipping` WHERE shipping_code='sto_express' ORDER BY shipping_order

SELECT shipping_id, shipping_name, shipping_desc, insure, support_cod,shipping_order FROM `ectouch2.0`.`ecs_shipping` WHERE shipping_code='yto' ORDER BY shipping_order

SELECT shipping_id, shipping_name, shipping_desc, insure, support_cod,shipping_order FROM `ectouch2.0`.`ecs_shipping` WHERE shipping_code='zto' ORDER BY shipping_order

UPDATE `ectouch2.0`.`ecs_sessions` SET expiry = '1458288898', ip = '0.0.0.0', userid = '0', adminid = '1', user_name='0', user_rank='0', discount='0', email='0', data = 'a:3:{s:10:\"admin_name\";s:5:\"admin\";s:11:\"action_list\";s:3:\"all\";s:10:\"last_check\";i:1458260025;}' WHERE sesskey = 'b8e0350e4e853f9aac242be0f42f59f0' LIMIT 1

DELETE FROM `ectouch2.0`.`ecs_sessions_data` WHERE expiry < 1458287098

DELETE FROM `ectouch2.0`.`ecs_sessions` WHERE expiry < 1458287098

SELECT userid, adminid, user_name, user_rank, discount, email, data, expiry FROM `ectouch2.0`.`ecs_sessions` WHERE sesskey = 'b8e0350e4e853f9aac242be0f42f59f0'

SELECT code, value FROM `ectouch2.0`.`ecs_shop_config` WHERE parent_id > 0

SELECT rank_id, rank_name, min_points FROM `ectouch2.0`.`ecs_user_rank` ORDER BY min_points ASC 

SELECT COUNT(*) FROM `ectouch2.0`.`ecs_users` WHERE 1 

SELECT user_id, user_name,sex,birthday,mobile_phone,email, is_validated, user_money, frozen_money, rank_points, pay_points, reg_time  FROM `ectouch2.0`.`ecs_users` WHERE 1  ORDER by user_id DESC LIMIT 0,15

DESC `ectouch2.0`.`ecs_sessions_data`

INSERT INTO `ectouch2.0`.`ecs_sessions_data` (sesskey, expiry, data) VALUES ('b8e0350e4e853f9aac242be0f42f59f0', '1458288963', 'a:4:{s:10:\"admin_name\";s:5:\"admin\";s:11:\"action_list\";s:3:\"all\";s:10:\"last_check\";i:1458260025;s:9:\"user_list\";a:2:{i:0;a:12:{s:7:\"user_id\";s:1:\"2\";s:9:\"user_name\";s:9:\"xiaowang2\";s:3:\"sex\";s:1:\"0\";s:8:\"birthday\";s:10:\"0000-00-00\";s:12:\"mobile_phone\";s:0:\"\";s:5:\"email\";s:20:\"7321457412312@qq.com\";s:12:\"is_validated\";s:1:\"0\";s:10:\"user_money\";s:4:\"0.00\";s:12:\"frozen_money\";s:4:\"0.00\";s:11:\"rank_points\";s:1:\"0\";s:10:\"pay_points\";s:1:\"0\";s:8:\"reg_time\";s:10:\"2016-03-08\";}i:1;a:12:{s:7:\"user_id\";s:1:\"1\";s:9:\"user_name\";s:7:\"xiaolin\";s:3:\"sex\";s:1:\"0\";s:8:\"birthday\";s:10:\"0000-00-00\";s:12:\"mobile_phone\";s:0:\"\";s:5:\"email\";s:20:\"8cd1452739041@qq.com\";s:12:\"is_validated\";s:1:\"0\";s:10:\"user_money\";s:4:\"0.00\";s:12:\"frozen_money\";s:4:\"0.00\";s:11:\"rank_points\";s:1:\"0\";s:10:\"pay_points\";s:1:\"0\";s:8:\"reg_time\";s:10:\"2016-01-14\";}}}')ON DUPLICATE KEY UPDATE expiry = expiry + 1458288963, data = 'a:4:{s:10:\"admin_name\";s:5:\"admin\";s:11:\"action_list\";s:3:\"all\";s:10:\"last_check\";i:1458260025;s:9:\"user_list\";a:2:{i:0;a:12:{s:7:\"user_id\";s:1:\"2\";s:9:\"user_name\";s:9:\"xiaowang2\";s:3:\"sex\";s:1:\"0\";s:8:\"birthday\";s:10:\"0000-00-00\";s:12:\"mobile_phone\";s:0:\"\";s:5:\"email\";s:20:\"7321457412312@qq.com\";s:12:\"is_validated\";s:1:\"0\";s:10:\"user_money\";s:4:\"0.00\";s:12:\"frozen_money\";s:4:\"0.00\";s:11:\"rank_points\";s:1:\"0\";s:10:\"pay_points\";s:1:\"0\";s:8:\"reg_time\";s:10:\"2016-03-08\";}i:1;a:12:{s:7:\"user_id\";s:1:\"1\";s:9:\"user_name\";s:7:\"xiaolin\";s:3:\"sex\";s:1:\"0\";s:8:\"birthday\";s:10:\"0000-00-00\";s:12:\"mobile_phone\";s:0:\"\";s:5:\"email\";s:20:\"8cd1452739041@qq.com\";s:12:\"is_validated\";s:1:\"0\";s:10:\"user_money\";s:4:\"0.00\";s:12:\"frozen_money\";s:4:\"0.00\";s:11:\"rank_points\";s:1:\"0\";s:10:\"pay_points\";s:1:\"0\";s:8:\"reg_time\";s:10:\"2016-01-14\";}}}'

UPDATE `ectouch2.0`.`ecs_sessions` SET expiry = '1458288963', ip = '0.0.0.0', userid = '0', adminid = '1', user_name='0', user_rank='0', discount='0', email='0', data = '' WHERE sesskey = 'b8e0350e4e853f9aac242be0f42f59f0' LIMIT 1

INSERT INTO `ectouch2.0`.`ecs_sessions` (sesskey, expiry, ip, data) VALUES ('7d7efc5c50bee7d173704f84db903f91', '1458288967', '0.0.0.0', 'a:0:{}')

SELECT code, value FROM `ectouch2.0`.`ecs_shop_config` WHERE parent_id > 0

SELECT user_id, user_name, password, action_list, last_login  FROM `ectouch2.0`.`ecs_admin_user` WHERE user_id = '1'

UPDATE `ectouch2.0`.`ecs_admin_user` SET last_login = '1458260168', last_ip = '0.0.0.0' WHERE user_id = '1'

SELECT * FROM `ectouch2.0`.`ecs_user_rank`

UPDATE `ectouch2.0`.`ecs_sessions` SET expiry = '1458288968', ip = '0.0.0.0', userid = '0', adminid = '1', user_name='0', user_rank='0', discount='0', email='0', data = 'a:3:{s:10:\"admin_name\";s:5:\"admin\";s:11:\"action_list\";s:3:\"all\";s:10:\"last_check\";s:0:\"\";}' WHERE sesskey = '7d7efc5c50bee7d173704f84db903f91' LIMIT 1

DELETE FROM `ectouch2.0`.`ecs_sessions` WHERE expiry < 1458287168

SELECT userid, adminid, user_name, user_rank, discount, email, data, expiry FROM `ectouch2.0`.`ecs_sessions` WHERE sesskey = '7d7efc5c50bee7d173704f84db903f91'

SELECT code, value FROM `ectouch2.0`.`ecs_shop_config` WHERE parent_id > 0

SELECT bonus_type_id, COUNT(*) AS sent_count FROM `ectouch2.0`.`ecs_user_bonus` GROUP BY bonus_type_id

SELECT bonus_type_id, COUNT(*) AS used_count FROM `ectouch2.0`.`ecs_user_bonus` WHERE used_time > 0 GROUP BY bonus_type_id

SELECT COUNT(*) FROM `ectouch2.0`.`ecs_bonus_type`

SELECT * FROM `ectouch2.0`.`ecs_bonus_type` ORDER BY type_id DESC LIMIT 15

UPDATE `ectouch2.0`.`ecs_sessions` SET expiry = '1458288978', ip = '0.0.0.0', userid = '0', adminid = '1', user_name='0', user_rank='0', discount='0', email='0', data = 'a:3:{s:10:\"admin_name\";s:5:\"admin\";s:11:\"action_list\";s:3:\"all\";s:10:\"last_check\";s:0:\"\";}' WHERE sesskey = '7d7efc5c50bee7d173704f84db903f91' LIMIT 1

DELETE FROM `ectouch2.0`.`ecs_sessions` WHERE expiry < 1458287178

SELECT userid, adminid, user_name, user_rank, discount, email, data, expiry FROM `ectouch2.0`.`ecs_sessions` WHERE sesskey = '7d7efc5c50bee7d173704f84db903f91'

SELECT code, value FROM `ectouch2.0`.`ecs_shop_config` WHERE parent_id > 0

SELECT COUNT(*) FROM `ectouch2.0`.`ecs_favourable_activity` WHERE 1 

SELECT * FROM `ectouch2.0`.`ecs_favourable_activity` WHERE 1   ORDER BY act_id DESC  LIMIT 0, 15

DELETE FROM `ectouch2.0`.`ecs_sessions` WHERE expiry < 1458287180

SELECT userid, adminid, user_name, user_rank, discount, email, data, expiry FROM `ectouch2.0`.`ecs_sessions` WHERE sesskey = '7d7efc5c50bee7d173704f84db903f91'

SELECT code, value FROM `ectouch2.0`.`ecs_shop_config` WHERE parent_id > 0

SELECT rank_id, rank_name FROM `ectouch2.0`.`ecs_user_rank`

DELETE FROM `ectouch2.0`.`ecs_sessions` WHERE expiry < 1458287184

SELECT userid, adminid, user_name, user_rank, discount, email, data, expiry FROM `ectouch2.0`.`ecs_sessions` WHERE sesskey = '7d7efc5c50bee7d173704f84db903f91'

SELECT code, value FROM `ectouch2.0`.`ecs_shop_config` WHERE parent_id > 0

SELECT goods_id AS id, goods_name AS name FROM `ectouch2.0`.`ecs_goods` WHERE goods_name LIKE '%%' OR goods_sn LIKE '%%' LIMIT 50

UPDATE `ectouch2.0`.`ecs_sessions` SET expiry = '1458288993', ip = '0.0.0.0', userid = '0', adminid = '1', user_name='0', user_rank='0', discount='0', email='0', data = 'a:3:{s:10:\"admin_name\";s:5:\"admin\";s:11:\"action_list\";s:3:\"all\";s:10:\"last_check\";s:0:\"\";}' WHERE sesskey = '7d7efc5c50bee7d173704f84db903f91' LIMIT 1

DELETE FROM `ectouch2.0`.`ecs_sessions_data` WHERE expiry < 1458287193

SELECT userid, adminid, user_name, user_rank, discount, email, data, expiry FROM `ectouch2.0`.`ecs_sessions` WHERE sesskey = '7d7efc5c50bee7d173704f84db903f91'

SELECT code, value FROM `ectouch2.0`.`ecs_shop_config` WHERE parent_id > 0

SELECT message_id, sender_id, receiver_id, sent_time, readed, deleted, title, message, user_name FROM `ectouch2.0`.`ecs_admin_message` AS a, `ectouch2.0`.`ecs_admin_user` AS b WHERE a.sender_id = b.user_id AND a.receiver_id = '1' AND a.readed = 0 AND deleted = 0 ORDER BY a.sent_time DESC

SELECT pay_id, is_cod FROM `ectouch2.0`.`ecs_payment` WHERE enabled = 1

SELECT COUNT(*) FROM `ectouch2.0`.`ecs_order_info` WHERE 1  AND order_status  IN ('1','5')  AND shipping_status  IN ('1','2')  AND pay_status  IN ('2','1')  

SELECT pay_id FROM `ectouch2.0`.`ecs_payment` WHERE is_cod = 1

SELECT COUNT(*) FROM `ectouch2.0`.`ecs_order_info` WHERE 1  AND   order_status  IN ('1','5','6')  AND   shipping_status  IN ('0','3','5')  AND ( pay_status  IN ('2','1')  OR pay_id  IN ('') ) 

SELECT pay_id FROM `ectouch2.0`.`ecs_payment` WHERE is_cod = 0

SELECT COUNT(*) FROM `ectouch2.0`.`ecs_order_info` WHERE 1  AND   order_status  IN ('1','5')  AND   pay_status = '0' AND ( shipping_status  IN ('1','2')  OR pay_id  IN ('1') ) 

SELECT COUNT(*) FROM `ectouch2.0`.`ecs_order_info` WHERE 1  AND order_status = '0' 

SELECT COUNT(*) FROM `ectouch2.0`.`ecs_order_info` WHERE  shipping_status=4

SELECT COUNT(*) AS oCount, IFNULL(SUM(order_amount), 0) AS oAmount FROM `ectouch2.0`.`ecs_order_info`

SELECT COUNT(*) FROM `ectouch2.0`.`ecs_goods` WHERE is_delete = 0 AND is_alone_sale = 1 AND is_real = 1

SELECT COUNT(*) FROM `ectouch2.0`.`ecs_goods` WHERE is_delete = 0 AND is_alone_sale = 1 AND is_real=0 AND extension_code='virtual_card'

SELECT COUNT(*) FROM `ectouch2.0`.`ecs_goods` WHERE is_delete = 0 AND is_new = 1 AND is_real = 1

SELECT COUNT(*) FROM `ectouch2.0`.`ecs_goods` WHERE is_delete = 0 AND is_new = 1 AND is_real=0 AND extension_code='virtual_card'

SELECT COUNT(*) FROM `ectouch2.0`.`ecs_goods` WHERE is_delete = 0 AND is_best = 1 AND is_real = 1

SELECT COUNT(*) FROM `ectouch2.0`.`ecs_goods` WHERE is_delete = 0 AND is_best = 1 AND is_real=0 AND extension_code='virtual_card'

SELECT COUNT(*) FROM `ectouch2.0`.`ecs_goods` WHERE is_delete = 0 AND is_hot = 1 AND is_real = 1

SELECT COUNT(*) FROM `ectouch2.0`.`ecs_goods` WHERE is_delete = 0 AND is_hot = 1 AND is_real=0 AND extension_code='virtual_card'

SELECT COUNT(*) FROM `ectouch2.0`.`ecs_goods` WHERE is_delete = 0 AND promote_price>0 AND promote_start_date <= '1458260278' AND promote_end_date >= '1458260278' AND is_real = 1

SELECT COUNT(*) FROM `ectouch2.0`.`ecs_goods` WHERE is_delete = 0 AND promote_price>0 AND promote_start_date <= '1458260278' AND promote_end_date >= '1458260278' AND is_real=0 AND extension_code='virtual_card'

SELECT COUNT(*) FROM `ectouch2.0`.`ecs_goods` WHERE is_delete = 0 AND goods_number <= warn_number AND is_real = 1

SELECT COUNT(*) FROM `ectouch2.0`.`ecs_goods` WHERE is_delete = 0 AND goods_number <= warn_number AND is_real=0 AND extension_code='virtual_card'

SELECT COUNT(*) FROM `ectouch2.0`.`ecs_stats` WHERE access_time > 1458201600

SELECT count(*) FROM `ectouch2.0`.`ecs_sessions`

SELECT COUNT(f.msg_id) FROM `ectouch2.0`.`ecs_feedback` AS f LEFT JOIN `ectouch2.0`.`ecs_feedback` AS r ON r.parent_id=f.msg_id WHERE f.parent_id=0 AND ISNULL(r.msg_id) 

SELECT COUNT(*) FROM `ectouch2.0`.`ecs_comment` WHERE status = 0 AND parent_id = 0

SELECT COUNT(*) FROM `ectouch2.0`.`ecs_booking_goods` WHERE is_dispose = 0

SELECT COUNT(*) FROM `ectouch2.0`.`ecs_user_account` WHERE process_type = 1 AND is_paid = 0 

UPDATE `ectouch2.0`.`ecs_sessions` SET expiry = '1458289078', ip = '0.0.0.0', userid = '0', adminid = '1', user_name='0', user_rank='0', discount='0', email='0', data = 'a:3:{s:10:\"admin_name\";s:5:\"admin\";s:11:\"action_list\";s:3:\"all\";s:10:\"last_check\";s:0:\"\";}' WHERE sesskey = '7d7efc5c50bee7d173704f84db903f91' LIMIT 1

DELETE FROM `ectouch2.0`.`ecs_sessions_data` WHERE expiry < 1458287278

DELETE FROM `ectouch2.0`.`ecs_sessions` WHERE expiry < 1458287278

SELECT userid, adminid, user_name, user_rank, discount, email, data, expiry FROM `ectouch2.0`.`ecs_sessions` WHERE sesskey = '7d7efc5c50bee7d173704f84db903f91'

SELECT code, value FROM `ectouch2.0`.`ecs_shop_config` WHERE parent_id > 0

SELECT * FROM `ectouch2.0`.`ecs_shop_config` WHERE type<>'hidden'   AND (parent_id<>'5' AND id<>'5') ORDER BY parent_id, sort_order, id

SELECT region_id, region_name FROM `ectouch2.0`.`ecs_region` WHERE region_type = '0' AND parent_id = '0'

SELECT region_id, region_name FROM `ectouch2.0`.`ecs_region` WHERE region_type = '1' AND parent_id = '1'

SELECT region_id, region_name FROM `ectouch2.0`.`ecs_region` WHERE region_type = '2' AND parent_id = '2'

DELETE FROM `ectouch2.0`.`ecs_sessions_data` WHERE expiry < 1458287279

SELECT userid, adminid, user_name, user_rank, discount, email, data, expiry FROM `ectouch2.0`.`ecs_sessions` WHERE sesskey = '7d7efc5c50bee7d173704f84db903f91'

SELECT code, value FROM `ectouch2.0`.`ecs_shop_config` WHERE parent_id > 0

SELECT suppliers_id, suppliers_name, suppliers_desc
            FROM `ectouch2.0`.`ecs_suppliers`
            WHERE  is_check = 1 

SELECT c.cat_id, c.cat_name, c.measure_unit, c.parent_id, c.is_show, c.show_in_nav, c.grade, c.sort_order, COUNT(s.cat_id) AS has_children FROM `ectouch2.0`.`ecs_category` AS c LEFT JOIN `ectouch2.0`.`ecs_category` AS s ON s.parent_id=c.cat_id GROUP BY c.cat_id ORDER BY c.parent_id, c.sort_order ASC

SELECT cat_id, COUNT(*) AS goods_num  FROM `ectouch2.0`.`ecs_goods` WHERE is_delete = 0 AND is_on_sale = 1  GROUP BY cat_id

SELECT gc.cat_id, COUNT(*) AS goods_num  FROM `ectouch2.0`.`ecs_goods_cat` AS gc , `ectouch2.0`.`ecs_goods` AS g  WHERE g.goods_id = gc.goods_id AND g.is_delete = 0 AND g.is_on_sale = 1  GROUP BY gc.cat_id

SELECT brand_id, brand_name FROM `ectouch2.0`.`ecs_brand` ORDER BY sort_order

SELECT suppliers_id, suppliers_name, suppliers_desc
            FROM `ectouch2.0`.`ecs_suppliers`
            WHERE  is_check = 1 

SELECT COUNT(*) FROM `ectouch2.0`.`ecs_goods` AS g WHERE is_delete='0'  AND is_real='1'

SELECT goods_id, goods_name, goods_type, goods_sn, shop_price, is_on_sale, is_best, is_new, is_hot, sort_order, goods_number, integral,  (promote_price > 0 AND promote_start_date <= '1458287999' AND promote_end_date >= '1458287999') AS is_promote  FROM `ectouch2.0`.`ecs_goods` AS g WHERE is_delete='0'  AND is_real='1' ORDER BY goods_id DESC  LIMIT 0,15

SELECT DISTINCT cat_id
            FROM `ectouch2.0`.`ecs_attribute`
            WHERE attr_type = 1

DELETE FROM `ectouch2.0`.`ecs_sessions_data` WHERE expiry < 1458287279

SELECT userid, adminid, user_name, user_rank, discount, email, data, expiry FROM `ectouch2.0`.`ecs_sessions` WHERE sesskey = '7d7efc5c50bee7d173704f84db903f91'

SELECT code, value FROM `ectouch2.0`.`ecs_shop_config` WHERE parent_id > 0

UPDATE `ectouch2.0`.`ecs_sessions` SET expiry = '1458289080', ip = '0.0.0.0', userid = '0', adminid = '1', user_name='0', user_rank='0', discount='0', email='0', data = 'a:3:{s:10:\"admin_name\";s:5:\"admin\";s:11:\"action_list\";s:3:\"all\";s:10:\"last_check\";i:1458260280;}' WHERE sesskey = '7d7efc5c50bee7d173704f84db903f91' LIMIT 1

DELETE FROM `ectouch2.0`.`ecs_sessions` WHERE expiry < 1458287280

SELECT userid, adminid, user_name, user_rank, discount, email, data, expiry FROM `ectouch2.0`.`ecs_sessions` WHERE sesskey = '7d7efc5c50bee7d173704f84db903f91'

SELECT code, value FROM `ectouch2.0`.`ecs_shop_config` WHERE parent_id > 0

SELECT agency_id FROM `ectouch2.0`.`ecs_admin_user` WHERE user_id = '1'

SELECT COUNT(*) FROM `ectouch2.0`.`ecs_order_info` AS o WHERE 1 

SELECT o.order_id, o.order_sn, o.add_time, o.order_status, o.shipping_status, o.order_amount, o.money_paid,o.pay_status, o.consignee, o.address, o.email, o.tel, o.extension_code, o.extension_id, (   o.goods_amount + o.tax + o.shipping_fee + o.insure_fee + o.pay_fee + o.pack_fee + o.card_fee ) AS total_fee, IFNULL(u.user_name, '匿名用户') AS buyer  FROM `ectouch2.0`.`ecs_order_info` AS o  LEFT JOIN `ectouch2.0`.`ecs_users` AS u ON u.user_id=o.user_id WHERE 1  ORDER BY add_time DESC  LIMIT 0,15

INSERT INTO `ectouch2.0`.`ecs_sessions` (sesskey, expiry, ip, data) VALUES ('8058043db116375c5d7a35ce2279a952', '1458289261', '0.0.0.0', 'a:0:{}')

SELECT code, value FROM `ectouch2.0`.`ecs_shop_config` WHERE parent_id > 0

UPDATE `ectouch2.0`.`ecs_sessions` SET expiry = '1458289262', ip = '0.0.0.0', userid = '0', adminid = '0', user_name='0', user_rank='0', discount='0', email='0', data = 'a:1:{s:10:\"last_check\";i:1458260462;}' WHERE sesskey = '8058043db116375c5d7a35ce2279a952' LIMIT 1

DELETE FROM `ectouch2.0`.`ecs_sessions` WHERE expiry < 1458287462

INSERT INTO `ectouch2.0`.`ecs_sessions` (sesskey, expiry, ip, data) VALUES ('59b19cdf7e78a35ee11a1c766269d217', '1458289441', '0.0.0.0', 'a:0:{}')

SELECT code, value FROM `ectouch2.0`.`ecs_shop_config` WHERE parent_id > 0

UPDATE `ectouch2.0`.`ecs_sessions` SET expiry = '1458289442', ip = '0.0.0.0', userid = '0', adminid = '0', user_name='0', user_rank='0', discount='0', email='0', data = 'a:1:{s:10:\"last_check\";i:1458260642;}' WHERE sesskey = '59b19cdf7e78a35ee11a1c766269d217' LIMIT 1

DELETE FROM `ectouch2.0`.`ecs_sessions` WHERE expiry < 1458287642

INSERT INTO `ectouch2.0`.`ecs_sessions` (sesskey, expiry, ip, data) VALUES ('881afab8da50fb369a428362b40f80c1', '1458289621', '0.0.0.0', 'a:0:{}')

SELECT code, value FROM `ectouch2.0`.`ecs_shop_config` WHERE parent_id > 0

UPDATE `ectouch2.0`.`ecs_sessions` SET expiry = '1458289622', ip = '0.0.0.0', userid = '0', adminid = '0', user_name='0', user_rank='0', discount='0', email='0', data = 'a:1:{s:10:\"last_check\";i:1458260822;}' WHERE sesskey = '881afab8da50fb369a428362b40f80c1' LIMIT 1

DELETE FROM `ectouch2.0`.`ecs_sessions` WHERE expiry < 1458287822

INSERT INTO `ectouch2.0`.`ecs_sessions` (sesskey, expiry, ip, data) VALUES ('eda84adc49bb58bca01d4694efef68c9', '1458289801', '0.0.0.0', 'a:0:{}')

SELECT code, value FROM `ectouch2.0`.`ecs_shop_config` WHERE parent_id > 0

UPDATE `ectouch2.0`.`ecs_sessions` SET expiry = '1458289802', ip = '0.0.0.0', userid = '0', adminid = '0', user_name='0', user_rank='0', discount='0', email='0', data = 'a:1:{s:10:\"last_check\";i:1458261002;}' WHERE sesskey = 'eda84adc49bb58bca01d4694efef68c9' LIMIT 1

DELETE FROM `ectouch2.0`.`ecs_sessions` WHERE expiry < 1458288002

INSERT INTO `ectouch2.0`.`ecs_sessions` (sesskey, expiry, ip, data) VALUES ('037b04115e9e6aeb53a2e57ec4b66353', '1458289981', '0.0.0.0', 'a:0:{}')

SELECT code, value FROM `ectouch2.0`.`ecs_shop_config` WHERE parent_id > 0

UPDATE `ectouch2.0`.`ecs_sessions` SET expiry = '1458289982', ip = '0.0.0.0', userid = '0', adminid = '0', user_name='0', user_rank='0', discount='0', email='0', data = 'a:1:{s:10:\"last_check\";i:1458261182;}' WHERE sesskey = '037b04115e9e6aeb53a2e57ec4b66353' LIMIT 1

DELETE FROM `ectouch2.0`.`ecs_sessions_data` WHERE expiry < 1458288182

DELETE FROM `ectouch2.0`.`ecs_sessions` WHERE expiry < 1458288182

INSERT INTO `ectouch2.0`.`ecs_sessions` (sesskey, expiry, ip, data) VALUES ('e23b0c1a6ba7c95e4c23690a4c36c994', '1458290161', '0.0.0.0', 'a:0:{}')

SELECT code, value FROM `ectouch2.0`.`ecs_shop_config` WHERE parent_id > 0

UPDATE `ectouch2.0`.`ecs_sessions` SET expiry = '1458290162', ip = '0.0.0.0', userid = '0', adminid = '0', user_name='0', user_rank='0', discount='0', email='0', data = 'a:1:{s:10:\"last_check\";i:1458261362;}' WHERE sesskey = 'e23b0c1a6ba7c95e4c23690a4c36c994' LIMIT 1

DELETE FROM `ectouch2.0`.`ecs_sessions` WHERE expiry < 1458288362

INSERT INTO `ectouch2.0`.`ecs_sessions` (sesskey, expiry, ip, data) VALUES ('bee1c4dac37bd756ae443efa0c613381', '1458290341', '0.0.0.0', 'a:0:{}')

SELECT code, value FROM `ectouch2.0`.`ecs_shop_config` WHERE parent_id > 0

UPDATE `ectouch2.0`.`ecs_sessions` SET expiry = '1458290342', ip = '0.0.0.0', userid = '0', adminid = '0', user_name='0', user_rank='0', discount='0', email='0', data = 'a:1:{s:10:\"last_check\";i:1458261542;}' WHERE sesskey = 'bee1c4dac37bd756ae443efa0c613381' LIMIT 1

DELETE FROM `ectouch2.0`.`ecs_sessions` WHERE expiry < 1458288542

SELECT userid, adminid, user_name, user_rank, discount, email, data, expiry FROM `ectouch2.0`.`ecs_sessions` WHERE sesskey = 'bee1c4dac37bd756ae443efa0c613381'

SELECT code, value FROM `ectouch2.0`.`ecs_shop_config` WHERE parent_id > 0

SELECT COUNT(*) FROM `ectouch2.0`.`ecs_order_info` WHERE add_time >= '1458261542'

SELECT COUNT(*) FROM `ectouch2.0`.`ecs_order_info` WHERE pay_time >= 1458261542

UPDATE `ectouch2.0`.`ecs_sessions` SET expiry = '1458290522', ip = '0.0.0.0', userid = '0', adminid = '0', user_name='0', user_rank='0', discount='0', email='0', data = 'a:1:{s:10:\"last_check\";i:1458261722;}' WHERE sesskey = 'bee1c4dac37bd756ae443efa0c613381' LIMIT 1

DELETE FROM `ectouch2.0`.`ecs_sessions_data` WHERE expiry < 1458288722

DELETE FROM `ectouch2.0`.`ecs_sessions` WHERE expiry < 1458288722

SELECT userid, adminid, user_name, user_rank, discount, email, data, expiry FROM `ectouch2.0`.`ecs_sessions` WHERE sesskey = 'bee1c4dac37bd756ae443efa0c613381'

SELECT code, value FROM `ectouch2.0`.`ecs_shop_config` WHERE parent_id > 0

SELECT COUNT(*) FROM `ectouch2.0`.`ecs_order_info` WHERE add_time >= '1458261722'

SELECT COUNT(*) FROM `ectouch2.0`.`ecs_order_info` WHERE pay_time >= 1458261722

UPDATE `ectouch2.0`.`ecs_sessions` SET expiry = '1458290702', ip = '0.0.0.0', userid = '0', adminid = '0', user_name='0', user_rank='0', discount='0', email='0', data = 'a:1:{s:10:\"last_check\";i:1458261902;}' WHERE sesskey = 'bee1c4dac37bd756ae443efa0c613381' LIMIT 1

DELETE FROM `ectouch2.0`.`ecs_sessions` WHERE expiry < 1458288902

SELECT userid, adminid, user_name, user_rank, discount, email, data, expiry FROM `ectouch2.0`.`ecs_sessions` WHERE sesskey = 'bee1c4dac37bd756ae443efa0c613381'

SELECT code, value FROM `ectouch2.0`.`ecs_shop_config` WHERE parent_id > 0

SELECT user_id, user_name, password, action_list, last_login  FROM `ectouch2.0`.`ecs_admin_user` WHERE user_id = '1'

UPDATE `ectouch2.0`.`ecs_admin_user` SET last_login = '1458262074', last_ip = '0.0.0.0' WHERE user_id = '1'

SELECT message_id, sender_id, receiver_id, sent_time, readed, deleted, title, message, user_name FROM `ectouch2.0`.`ecs_admin_message` AS a, `ectouch2.0`.`ecs_admin_user` AS b WHERE a.sender_id = b.user_id AND a.receiver_id = '1' AND a.readed = 0 AND deleted = 0 ORDER BY a.sent_time DESC

SELECT pay_id, is_cod FROM `ectouch2.0`.`ecs_payment` WHERE enabled = 1

SELECT COUNT(*) FROM `ectouch2.0`.`ecs_order_info` WHERE 1  AND order_status  IN ('1','5')  AND shipping_status  IN ('1','2')  AND pay_status  IN ('2','1')  

SELECT pay_id FROM `ectouch2.0`.`ecs_payment` WHERE is_cod = 1

SELECT COUNT(*) FROM `ectouch2.0`.`ecs_order_info` WHERE 1  AND   order_status  IN ('1','5','6')  AND   shipping_status  IN ('0','3','5')  AND ( pay_status  IN ('2','1')  OR pay_id  IN ('') ) 

SELECT pay_id FROM `ectouch2.0`.`ecs_payment` WHERE is_cod = 0

SELECT COUNT(*) FROM `ectouch2.0`.`ecs_order_info` WHERE 1  AND   order_status  IN ('1','5')  AND   pay_status = '0' AND ( shipping_status  IN ('1','2')  OR pay_id  IN ('1') ) 

SELECT COUNT(*) FROM `ectouch2.0`.`ecs_order_info` WHERE 1  AND order_status = '0' 

SELECT COUNT(*) FROM `ectouch2.0`.`ecs_order_info` WHERE  shipping_status=4

SELECT COUNT(*) AS oCount, IFNULL(SUM(order_amount), 0) AS oAmount FROM `ectouch2.0`.`ecs_order_info`

SELECT COUNT(*) FROM `ectouch2.0`.`ecs_goods` WHERE is_delete = 0 AND is_alone_sale = 1 AND is_real = 1

SELECT COUNT(*) FROM `ectouch2.0`.`ecs_goods` WHERE is_delete = 0 AND is_alone_sale = 1 AND is_real=0 AND extension_code='virtual_card'

SELECT COUNT(*) FROM `ectouch2.0`.`ecs_goods` WHERE is_delete = 0 AND is_new = 1 AND is_real = 1

SELECT COUNT(*) FROM `ectouch2.0`.`ecs_goods` WHERE is_delete = 0 AND is_new = 1 AND is_real=0 AND extension_code='virtual_card'

SELECT COUNT(*) FROM `ectouch2.0`.`ecs_goods` WHERE is_delete = 0 AND is_best = 1 AND is_real = 1

SELECT COUNT(*) FROM `ectouch2.0`.`ecs_goods` WHERE is_delete = 0 AND is_best = 1 AND is_real=0 AND extension_code='virtual_card'

SELECT COUNT(*) FROM `ectouch2.0`.`ecs_goods` WHERE is_delete = 0 AND is_hot = 1 AND is_real = 1

SELECT COUNT(*) FROM `ectouch2.0`.`ecs_goods` WHERE is_delete = 0 AND is_hot = 1 AND is_real=0 AND extension_code='virtual_card'

SELECT COUNT(*) FROM `ectouch2.0`.`ecs_goods` WHERE is_delete = 0 AND promote_price>0 AND promote_start_date <= '1458262074' AND promote_end_date >= '1458262074' AND is_real = 1

SELECT COUNT(*) FROM `ectouch2.0`.`ecs_goods` WHERE is_delete = 0 AND promote_price>0 AND promote_start_date <= '1458262074' AND promote_end_date >= '1458262074' AND is_real=0 AND extension_code='virtual_card'

SELECT COUNT(*) FROM `ectouch2.0`.`ecs_goods` WHERE is_delete = 0 AND goods_number <= warn_number AND is_real = 1

SELECT COUNT(*) FROM `ectouch2.0`.`ecs_goods` WHERE is_delete = 0 AND goods_number <= warn_number AND is_real=0 AND extension_code='virtual_card'

SELECT COUNT(*) FROM `ectouch2.0`.`ecs_stats` WHERE access_time > 1458201600

SELECT count(*) FROM `ectouch2.0`.`ecs_sessions`

SELECT COUNT(f.msg_id) FROM `ectouch2.0`.`ecs_feedback` AS f LEFT JOIN `ectouch2.0`.`ecs_feedback` AS r ON r.parent_id=f.msg_id WHERE f.parent_id=0 AND ISNULL(r.msg_id) 

SELECT COUNT(*) FROM `ectouch2.0`.`ecs_comment` WHERE status = 0 AND parent_id = 0

SELECT COUNT(*) FROM `ectouch2.0`.`ecs_booking_goods` WHERE is_dispose = 0

SELECT COUNT(*) FROM `ectouch2.0`.`ecs_user_account` WHERE process_type = 1 AND is_paid = 0 

UPDATE `ectouch2.0`.`ecs_sessions` SET expiry = '1458290874', ip = '0.0.0.0', userid = '0', adminid = '1', user_name='0', user_rank='0', discount='0', email='0', data = 'a:3:{s:10:\"last_check\";s:0:\"\";s:10:\"admin_name\";s:5:\"admin\";s:11:\"action_list\";s:3:\"all\";}' WHERE sesskey = 'bee1c4dac37bd756ae443efa0c613381' LIMIT 1

DELETE FROM `ectouch2.0`.`ecs_sessions` WHERE expiry < 1458289074

SELECT userid, adminid, user_name, user_rank, discount, email, data, expiry FROM `ectouch2.0`.`ecs_sessions` WHERE sesskey = 'bee1c4dac37bd756ae443efa0c613381'

SELECT code, value FROM `ectouch2.0`.`ecs_shop_config` WHERE parent_id > 0

SELECT * FROM `ectouch2.0`.`ecs_shop_config` WHERE type<>'hidden'   AND (parent_id<>'5' AND id<>'5') ORDER BY parent_id, sort_order, id

SELECT region_id, region_name FROM `ectouch2.0`.`ecs_region` WHERE region_type = '0' AND parent_id = '0'

SELECT region_id, region_name FROM `ectouch2.0`.`ecs_region` WHERE region_type = '1' AND parent_id = '1'

SELECT region_id, region_name FROM `ectouch2.0`.`ecs_region` WHERE region_type = '2' AND parent_id = '2'

DELETE FROM `ectouch2.0`.`ecs_sessions` WHERE expiry < 1458289076

SELECT userid, adminid, user_name, user_rank, discount, email, data, expiry FROM `ectouch2.0`.`ecs_sessions` WHERE sesskey = 'bee1c4dac37bd756ae443efa0c613381'

SELECT code, value FROM `ectouch2.0`.`ecs_shop_config` WHERE parent_id > 0

SELECT * FROM `ectouch2.0`.`ecs_shop_config` WHERE type<>'hidden'   AND (parent_id<>'5' AND id<>'5') ORDER BY parent_id, sort_order, id

SELECT region_id, region_name FROM `ectouch2.0`.`ecs_region` WHERE region_type = '0' AND parent_id = '0'

SELECT region_id, region_name FROM `ectouch2.0`.`ecs_region` WHERE region_type = '1' AND parent_id = '1'

SELECT region_id, region_name FROM `ectouch2.0`.`ecs_region` WHERE region_type = '2' AND parent_id = '2'

DELETE FROM `ectouch2.0`.`ecs_sessions_data` WHERE expiry < 1458289078

DELETE FROM `ectouch2.0`.`ecs_sessions` WHERE expiry < 1458289078

SELECT userid, adminid, user_name, user_rank, discount, email, data, expiry FROM `ectouch2.0`.`ecs_sessions` WHERE sesskey = 'bee1c4dac37bd756ae443efa0c613381'

SELECT code, value FROM `ectouch2.0`.`ecs_shop_config` WHERE parent_id > 0

UPDATE `ectouch2.0`.`ecs_sessions` SET expiry = '1458291059', ip = '0.0.0.0', userid = '0', adminid = '1', user_name='0', user_rank='0', discount='0', email='0', data = 'a:3:{s:10:\"last_check\";i:1458262259;s:10:\"admin_name\";s:5:\"admin\";s:11:\"action_list\";s:3:\"all\";}' WHERE sesskey = 'bee1c4dac37bd756ae443efa0c613381' LIMIT 1

DELETE FROM `ectouch2.0`.`ecs_sessions_data` WHERE expiry < 1458289259

SELECT userid, adminid, user_name, user_rank, discount, email, data, expiry FROM `ectouch2.0`.`ecs_sessions` WHERE sesskey = 'bee1c4dac37bd756ae443efa0c613381'

SELECT code, value FROM `ectouch2.0`.`ecs_shop_config` WHERE parent_id > 0

SELECT COUNT(*) FROM `ectouch2.0`.`ecs_order_info` WHERE add_time >= '1458262259'

SELECT COUNT(*) FROM `ectouch2.0`.`ecs_order_info` WHERE pay_time >= 1458262259

UPDATE `ectouch2.0`.`ecs_sessions` SET expiry = '1458291239', ip = '0.0.0.0', userid = '0', adminid = '1', user_name='0', user_rank='0', discount='0', email='0', data = 'a:3:{s:10:\"last_check\";i:1458262439;s:10:\"admin_name\";s:5:\"admin\";s:11:\"action_list\";s:3:\"all\";}' WHERE sesskey = 'bee1c4dac37bd756ae443efa0c613381' LIMIT 1

DELETE FROM `ectouch2.0`.`ecs_sessions_data` WHERE expiry < 1458289439

SELECT userid, adminid, user_name, user_rank, discount, email, data, expiry FROM `ectouch2.0`.`ecs_sessions` WHERE sesskey = 'bee1c4dac37bd756ae443efa0c613381'

SELECT code, value FROM `ectouch2.0`.`ecs_shop_config` WHERE parent_id > 0

SELECT COUNT(*) FROM `ectouch2.0`.`ecs_order_info` WHERE add_time >= '1458262439'

SELECT COUNT(*) FROM `ectouch2.0`.`ecs_order_info` WHERE pay_time >= 1458262439

UPDATE `ectouch2.0`.`ecs_sessions` SET expiry = '1458291419', ip = '0.0.0.0', userid = '0', adminid = '1', user_name='0', user_rank='0', discount='0', email='0', data = 'a:3:{s:10:\"last_check\";i:1458262619;s:10:\"admin_name\";s:5:\"admin\";s:11:\"action_list\";s:3:\"all\";}' WHERE sesskey = 'bee1c4dac37bd756ae443efa0c613381' LIMIT 1

DELETE FROM `ectouch2.0`.`ecs_sessions_data` WHERE expiry < 1458289619

SELECT userid, adminid, user_name, user_rank, discount, email, data, expiry FROM `ectouch2.0`.`ecs_sessions` WHERE sesskey = 'bee1c4dac37bd756ae443efa0c613381'

SELECT code, value FROM `ectouch2.0`.`ecs_shop_config` WHERE parent_id > 0

SELECT COUNT(*) FROM `ectouch2.0`.`ecs_order_info` WHERE add_time >= '1458262619'

SELECT COUNT(*) FROM `ectouch2.0`.`ecs_order_info` WHERE pay_time >= 1458262619

UPDATE `ectouch2.0`.`ecs_sessions` SET expiry = '1458291599', ip = '0.0.0.0', userid = '0', adminid = '1', user_name='0', user_rank='0', discount='0', email='0', data = 'a:3:{s:10:\"last_check\";i:1458262799;s:10:\"admin_name\";s:5:\"admin\";s:11:\"action_list\";s:3:\"all\";}' WHERE sesskey = 'bee1c4dac37bd756ae443efa0c613381' LIMIT 1

SELECT userid, adminid, user_name, user_rank, discount, email, data, expiry FROM `ectouch2.0`.`ecs_sessions` WHERE sesskey = 'bee1c4dac37bd756ae443efa0c613381'

SELECT code, value FROM `ectouch2.0`.`ecs_shop_config` WHERE parent_id > 0

SELECT COUNT(*) FROM `ectouch2.0`.`ecs_order_info` WHERE add_time >= '1458262799'

SELECT COUNT(*) FROM `ectouch2.0`.`ecs_order_info` WHERE pay_time >= 1458262799

UPDATE `ectouch2.0`.`ecs_sessions` SET expiry = '1458291779', ip = '0.0.0.0', userid = '0', adminid = '1', user_name='0', user_rank='0', discount='0', email='0', data = 'a:3:{s:10:\"last_check\";i:1458262979;s:10:\"admin_name\";s:5:\"admin\";s:11:\"action_list\";s:3:\"all\";}' WHERE sesskey = 'bee1c4dac37bd756ae443efa0c613381' LIMIT 1

SELECT userid, adminid, user_name, user_rank, discount, email, data, expiry FROM `ectouch2.0`.`ecs_sessions` WHERE sesskey = 'bee1c4dac37bd756ae443efa0c613381'

SELECT code, value FROM `ectouch2.0`.`ecs_shop_config` WHERE parent_id > 0

SELECT COUNT(*) FROM `ectouch2.0`.`ecs_order_info` WHERE add_time >= '1458262979'

SELECT COUNT(*) FROM `ectouch2.0`.`ecs_order_info` WHERE pay_time >= 1458262979

UPDATE `ectouch2.0`.`ecs_sessions` SET expiry = '1458291959', ip = '0.0.0.0', userid = '0', adminid = '1', user_name='0', user_rank='0', discount='0', email='0', data = 'a:3:{s:10:\"last_check\";i:1458263159;s:10:\"admin_name\";s:5:\"admin\";s:11:\"action_list\";s:3:\"all\";}' WHERE sesskey = 'bee1c4dac37bd756ae443efa0c613381' LIMIT 1

DELETE FROM `ectouch2.0`.`ecs_sessions_data` WHERE expiry < 1458290159

SELECT userid, adminid, user_name, user_rank, discount, email, data, expiry FROM `ectouch2.0`.`ecs_sessions` WHERE sesskey = 'bee1c4dac37bd756ae443efa0c613381'

SELECT code, value FROM `ectouch2.0`.`ecs_shop_config` WHERE parent_id > 0

SELECT COUNT(*) FROM `ectouch2.0`.`ecs_order_info` WHERE add_time >= '1458263159'

SELECT COUNT(*) FROM `ectouch2.0`.`ecs_order_info` WHERE pay_time >= 1458263159

UPDATE `ectouch2.0`.`ecs_sessions` SET expiry = '1458292139', ip = '0.0.0.0', userid = '0', adminid = '1', user_name='0', user_rank='0', discount='0', email='0', data = 'a:3:{s:10:\"last_check\";i:1458263339;s:10:\"admin_name\";s:5:\"admin\";s:11:\"action_list\";s:3:\"all\";}' WHERE sesskey = 'bee1c4dac37bd756ae443efa0c613381' LIMIT 1

SELECT userid, adminid, user_name, user_rank, discount, email, data, expiry FROM `ectouch2.0`.`ecs_sessions` WHERE sesskey = 'bee1c4dac37bd756ae443efa0c613381'

SELECT code, value FROM `ectouch2.0`.`ecs_shop_config` WHERE parent_id > 0

SELECT COUNT(*) FROM `ectouch2.0`.`ecs_order_info` WHERE add_time >= '1458263339'

SELECT COUNT(*) FROM `ectouch2.0`.`ecs_order_info` WHERE pay_time >= 1458263339

UPDATE `ectouch2.0`.`ecs_sessions` SET expiry = '1458292319', ip = '0.0.0.0', userid = '0', adminid = '1', user_name='0', user_rank='0', discount='0', email='0', data = 'a:3:{s:10:\"last_check\";i:1458263519;s:10:\"admin_name\";s:5:\"admin\";s:11:\"action_list\";s:3:\"all\";}' WHERE sesskey = 'bee1c4dac37bd756ae443efa0c613381' LIMIT 1

SELECT userid, adminid, user_name, user_rank, discount, email, data, expiry FROM `ectouch2.0`.`ecs_sessions` WHERE sesskey = 'bee1c4dac37bd756ae443efa0c613381'

SELECT code, value FROM `ectouch2.0`.`ecs_shop_config` WHERE parent_id > 0

SELECT COUNT(*) FROM `ectouch2.0`.`ecs_order_info` WHERE add_time >= '1458263519'

SELECT COUNT(*) FROM `ectouch2.0`.`ecs_order_info` WHERE pay_time >= 1458263519

UPDATE `ectouch2.0`.`ecs_sessions` SET expiry = '1458292499', ip = '0.0.0.0', userid = '0', adminid = '1', user_name='0', user_rank='0', discount='0', email='0', data = 'a:3:{s:10:\"last_check\";i:1458263699;s:10:\"admin_name\";s:5:\"admin\";s:11:\"action_list\";s:3:\"all\";}' WHERE sesskey = 'bee1c4dac37bd756ae443efa0c613381' LIMIT 1

DELETE FROM `ectouch2.0`.`ecs_sessions_data` WHERE expiry < 1458290699

SELECT userid, adminid, user_name, user_rank, discount, email, data, expiry FROM `ectouch2.0`.`ecs_sessions` WHERE sesskey = 'bee1c4dac37bd756ae443efa0c613381'

SELECT code, value FROM `ectouch2.0`.`ecs_shop_config` WHERE parent_id > 0

SELECT COUNT(*) FROM `ectouch2.0`.`ecs_order_info` WHERE add_time >= '1458263699'

SELECT COUNT(*) FROM `ectouch2.0`.`ecs_order_info` WHERE pay_time >= 1458263699

UPDATE `ectouch2.0`.`ecs_sessions` SET expiry = '1458292679', ip = '0.0.0.0', userid = '0', adminid = '1', user_name='0', user_rank='0', discount='0', email='0', data = 'a:3:{s:10:\"last_check\";i:1458263879;s:10:\"admin_name\";s:5:\"admin\";s:11:\"action_list\";s:3:\"all\";}' WHERE sesskey = 'bee1c4dac37bd756ae443efa0c613381' LIMIT 1

