INSERT INTO `wsc20`.`ecs_sessions` (sesskey, expiry, ip, data) VALUES ('f92058486359c9d2f468c4c91e726bda', '1465022537', '192.168.1.18', 'a:0:{}')

SELECT code, value FROM `wsc20`.`ecs_shop_config` WHERE parent_id > 0

UPDATE `wsc20`.`ecs_sessions` SET expiry = '1465022538', ip = '192.168.1.18', userid = '0', adminid = '0', user_name='0', user_rank='0', discount='0', email='0', data = 'a:0:{}' WHERE sesskey = 'f92058486359c9d2f468c4c91e726bda' LIMIT 1

DELETE FROM `wsc20`.`ecs_sessions` WHERE expiry < 1465020738

SELECT userid, adminid, user_name, user_rank, discount, email, data, expiry FROM `wsc20`.`ecs_sessions` WHERE sesskey = 'f92058486359c9d2f468c4c91e726bda'

SELECT code, value FROM `wsc20`.`ecs_shop_config` WHERE parent_id > 0

SELECT `ec_salt` FROM `wsc20`.`ecs_admin_user`WHERE user_name = 'admin'

SELECT user_id, user_name, password, last_login, action_list, last_login,suppliers_id,ec_salt FROM `wsc20`.`ecs_admin_user` WHERE user_name = 'admin' AND password = 'f5665a35948d42fd1df7d6caba55eec3'

UPDATE `wsc20`.`ecs_admin_user` SET last_login='1464993742', last_ip='192.168.1.18' WHERE user_id='1'

SELECT DISTINCT session_id FROM `wsc20`.`ecs_cart` AS c, `wsc20`.`ecs_sessions` AS s WHERE c.session_id = s.sesskey 

DELETE FROM `wsc20`.`ecs_cart` WHERE session_id NOT  IN ('') 

UPDATE `wsc20`.`ecs_sessions` SET expiry = '1465022542', ip = '192.168.1.18', userid = '0', adminid = '1', user_name='0', user_rank='0', discount='0', email='0', data = 'a:4:{s:10:\"admin_name\";s:5:\"admin\";s:11:\"action_list\";s:3:\"all\";s:10:\"last_check\";s:10:\"1464896717\";s:12:\"suppliers_id\";s:1:\"0\";}' WHERE sesskey = 'f92058486359c9d2f468c4c91e726bda' LIMIT 1

DELETE FROM `wsc20`.`ecs_sessions` WHERE expiry < 1465020742

SELECT userid, adminid, user_name, user_rank, discount, email, data, expiry FROM `wsc20`.`ecs_sessions` WHERE sesskey = 'f92058486359c9d2f468c4c91e726bda'

SELECT code, value FROM `wsc20`.`ecs_shop_config` WHERE parent_id > 0

DELETE FROM `wsc20`.`ecs_sessions` WHERE expiry < 1465020742

SELECT userid, adminid, user_name, user_rank, discount, email, data, expiry FROM `wsc20`.`ecs_sessions` WHERE sesskey = 'f92058486359c9d2f468c4c91e726bda'

SELECT code, value FROM `wsc20`.`ecs_shop_config` WHERE parent_id > 0

SELECT message_id, sender_id, receiver_id, sent_time, readed, deleted, title, message, user_name FROM `wsc20`.`ecs_admin_message` AS a, `wsc20`.`ecs_admin_user` AS b WHERE a.sender_id = b.user_id AND a.receiver_id = '1' AND a.readed = 0 AND deleted = 0 ORDER BY a.sent_time DESC

SELECT pay_id, is_cod FROM `wsc20`.`ecs_payment` WHERE enabled = 1

SELECT COUNT(*) FROM `wsc20`.`ecs_order_info` WHERE 1  AND order_status  IN ('1','5')  AND shipping_status  IN ('1','2')  AND pay_status  IN ('2','1')  

SELECT pay_id FROM `wsc20`.`ecs_payment` WHERE is_cod = 1

SELECT COUNT(*) FROM `wsc20`.`ecs_order_info` WHERE 1  AND   order_status  IN ('1','5','6')  AND   shipping_status  IN ('0','3','5')  AND ( pay_status  IN ('2','1')  OR pay_id  IN ('') ) 

SELECT pay_id FROM `wsc20`.`ecs_payment` WHERE is_cod = 0

SELECT COUNT(*) FROM `wsc20`.`ecs_order_info` WHERE 1  AND   order_status  IN ('1','5')  AND   pay_status = '0' AND ( shipping_status  IN ('1','2')  OR pay_id  IN ('') ) 

SELECT COUNT(*) FROM `wsc20`.`ecs_order_info` WHERE 1  AND order_status = '0' 

SELECT COUNT(*) FROM `wsc20`.`ecs_order_info` WHERE  shipping_status=4

SELECT COUNT(*) AS oCount, IFNULL(SUM(order_amount), 0) AS oAmount FROM `wsc20`.`ecs_order_info`

SELECT COUNT(*) FROM `wsc20`.`ecs_goods` WHERE is_delete = 0 AND is_alone_sale = 1 AND is_real = 1

SELECT COUNT(*) FROM `wsc20`.`ecs_goods` WHERE is_delete = 0 AND is_alone_sale = 1 AND is_real=0 AND extension_code='virtual_card'

SELECT COUNT(*) FROM `wsc20`.`ecs_goods` WHERE is_delete = 0 AND is_new = 1 AND is_real = 1

SELECT COUNT(*) FROM `wsc20`.`ecs_goods` WHERE is_delete = 0 AND is_new = 1 AND is_real=0 AND extension_code='virtual_card'

SELECT COUNT(*) FROM `wsc20`.`ecs_goods` WHERE is_delete = 0 AND is_best = 1 AND is_real = 1

SELECT COUNT(*) FROM `wsc20`.`ecs_goods` WHERE is_delete = 0 AND is_best = 1 AND is_real=0 AND extension_code='virtual_card'

SELECT COUNT(*) FROM `wsc20`.`ecs_goods` WHERE is_delete = 0 AND is_hot = 1 AND is_real = 1

SELECT COUNT(*) FROM `wsc20`.`ecs_goods` WHERE is_delete = 0 AND is_hot = 1 AND is_real=0 AND extension_code='virtual_card'

SELECT COUNT(*) FROM `wsc20`.`ecs_goods` WHERE is_delete = 0 AND promote_price>0 AND promote_start_date <= '1464993743' AND promote_end_date >= '1464993743' AND is_real = 1

SELECT COUNT(*) FROM `wsc20`.`ecs_goods` WHERE is_delete = 0 AND promote_price>0 AND promote_start_date <= '1464993743' AND promote_end_date >= '1464993743' AND is_real=0 AND extension_code='virtual_card'

SELECT COUNT(*) FROM `wsc20`.`ecs_goods` WHERE is_delete = 0 AND goods_number <= warn_number AND is_real = 1

SELECT COUNT(*) FROM `wsc20`.`ecs_goods` WHERE is_delete = 0 AND goods_number <= warn_number AND is_real=0 AND extension_code='virtual_card'

SELECT COUNT(*) FROM `wsc20`.`ecs_stats` WHERE access_time > 1464940800

SELECT count(*) FROM `wsc20`.`ecs_sessions`

SELECT COUNT(f.msg_id) FROM `wsc20`.`ecs_feedback` AS f LEFT JOIN `wsc20`.`ecs_feedback` AS r ON r.parent_id=f.msg_id WHERE f.parent_id=0 AND ISNULL(r.msg_id) 

SELECT COUNT(*) FROM `wsc20`.`ecs_comment` WHERE status = 0 AND parent_id = 0

SELECT COUNT(*) FROM `wsc20`.`ecs_booking_goods` WHERE is_dispose = 0

SELECT COUNT(*) FROM `wsc20`.`ecs_user_account` WHERE process_type = 1 AND is_paid = 0 

SELECT userid, adminid, user_name, user_rank, discount, email, data, expiry FROM `wsc20`.`ecs_sessions` WHERE sesskey = 'f92058486359c9d2f468c4c91e726bda'

SELECT code, value FROM `wsc20`.`ecs_shop_config` WHERE parent_id > 0

SELECT userid, adminid, user_name, user_rank, discount, email, data, expiry FROM `wsc20`.`ecs_sessions` WHERE sesskey = 'f92058486359c9d2f468c4c91e726bda'

SELECT code, value FROM `wsc20`.`ecs_shop_config` WHERE parent_id > 0

SELECT COUNT(*) AS oCount, IFNULL(SUM(order_amount), 0) AS oAmount FROM `wsc20`.`ecs_order_info`

SELECT COUNT(*) FROM `wsc20`.`ecs_goods` WHERE is_delete = 0 AND is_alone_sale = 1 AND is_real = 1

SELECT userid, adminid, user_name, user_rank, discount, email, data, expiry FROM `wsc20`.`ecs_sessions` WHERE sesskey = 'f92058486359c9d2f468c4c91e726bda'

SELECT COUNT(*) FROM `wsc20`.`ecs_users`

SELECT value FROM `wsc20`.`ecs_shop_config` WHERE code = 'template'

SELECT value FROM `wsc20`.`ecs_shop_config` WHERE code = 'stylename'

SELECT code, value FROM `wsc20`.`ecs_shop_config` WHERE parent_id > 0

SELECT COUNT(*) FROM `wsc20`.`ecs_order_info` WHERE add_time >= '1464896717'

SELECT COUNT(*) FROM `wsc20`.`ecs_order_info` WHERE pay_time >= 1464896717

UPDATE `wsc20`.`ecs_sessions` SET expiry = '1465022545', ip = '192.168.1.18', userid = '0', adminid = '1', user_name='0', user_rank='0', discount='0', email='0', data = 'a:4:{s:10:\"admin_name\";s:5:\"admin\";s:11:\"action_list\";s:3:\"all\";s:10:\"last_check\";i:1464993745;s:12:\"suppliers_id\";s:1:\"0\";}' WHERE sesskey = 'f92058486359c9d2f468c4c91e726bda' LIMIT 1

DELETE FROM `wsc20`.`ecs_sessions_data` WHERE expiry < 1465020746

DELETE FROM `wsc20`.`ecs_sessions` WHERE expiry < 1465020746

DELETE FROM `wsc20`.`ecs_sessions_data` WHERE expiry < 1465020748

DELETE FROM `wsc20`.`ecs_sessions` WHERE expiry < 1465020748

SELECT userid, adminid, user_name, user_rank, discount, email, data, expiry FROM `wsc20`.`ecs_sessions` WHERE sesskey = 'f92058486359c9d2f468c4c91e726bda'

SELECT code, value FROM `wsc20`.`ecs_shop_config` WHERE parent_id > 0

SELECT bonus_type_id, COUNT(*) AS sent_count FROM `wsc20`.`ecs_user_bonus` GROUP BY bonus_type_id

SELECT bonus_type_id, COUNT(*) AS used_count FROM `wsc20`.`ecs_user_bonus` WHERE used_time > 0 GROUP BY bonus_type_id

SELECT COUNT(*) FROM `wsc20`.`ecs_bonus_type`

SELECT * FROM `wsc20`.`ecs_bonus_type` ORDER BY type_id DESC LIMIT 15

UPDATE `wsc20`.`ecs_sessions` SET expiry = '1465022626', ip = '192.168.1.18', userid = '0', adminid = '1', user_name='0', user_rank='0', discount='0', email='0', data = 'a:4:{s:10:\"admin_name\";s:5:\"admin\";s:11:\"action_list\";s:3:\"all\";s:10:\"last_check\";i:1464993745;s:12:\"suppliers_id\";s:1:\"0\";}' WHERE sesskey = 'f92058486359c9d2f468c4c91e726bda' LIMIT 1

DELETE FROM `wsc20`.`ecs_sessions` WHERE expiry < 1465020826

SELECT userid, adminid, user_name, user_rank, discount, email, data, expiry FROM `wsc20`.`ecs_sessions` WHERE sesskey = '31dec90cbdcea16ba936d70d95350206'

INSERT INTO `wsc20`.`ecs_sessions` (sesskey, expiry, ip, data) VALUES ('31dec90cbdcea16ba936d70d95350206', '1465022748', '127.0.0.1', 'a:0:{}')

SELECT code, value FROM `wsc20`.`ecs_shop_config` WHERE parent_id > 0

UPDATE `wsc20`.`ecs_sessions` SET expiry = '1465022748', ip = '127.0.0.1', userid = '0', adminid = '0', user_name='0', user_rank='0', discount='0', email='0', data = 'a:0:{}' WHERE sesskey = '31dec90cbdcea16ba936d70d95350206' LIMIT 1

DELETE FROM `wsc20`.`ecs_sessions` WHERE expiry < 1465020948

SELECT userid, adminid, user_name, user_rank, discount, email, data, expiry FROM `wsc20`.`ecs_sessions` WHERE sesskey = '31dec90cbdcea16ba936d70d95350206'

SELECT code, value FROM `wsc20`.`ecs_shop_config` WHERE parent_id > 0

DELETE FROM `wsc20`.`ecs_sessions_data` WHERE expiry < 1465020948

DELETE FROM `wsc20`.`ecs_sessions` WHERE expiry < 1465020948

SELECT userid, adminid, user_name, user_rank, discount, email, data, expiry FROM `wsc20`.`ecs_sessions` WHERE sesskey = '31dec90cbdcea16ba936d70d95350206'

SELECT code, value FROM `wsc20`.`ecs_shop_config` WHERE parent_id > 0

SELECT `ec_salt` FROM `wsc20`.`ecs_admin_user`WHERE user_name = 'admin'

SELECT user_id, user_name, password, last_login, action_list, last_login,suppliers_id,ec_salt FROM `wsc20`.`ecs_admin_user` WHERE user_name = 'admin' AND password = 'f5665a35948d42fd1df7d6caba55eec3'

UPDATE `wsc20`.`ecs_admin_user` SET last_login='1464993952', last_ip='127.0.0.1' WHERE user_id='1'

SELECT DISTINCT session_id FROM `wsc20`.`ecs_cart` AS c, `wsc20`.`ecs_sessions` AS s WHERE c.session_id = s.sesskey 

DELETE FROM `wsc20`.`ecs_cart` WHERE session_id NOT  IN ('') 

UPDATE `wsc20`.`ecs_sessions` SET expiry = '1465022752', ip = '127.0.0.1', userid = '0', adminid = '1', user_name='0', user_rank='0', discount='0', email='0', data = 'a:4:{s:10:\"admin_name\";s:5:\"admin\";s:11:\"action_list\";s:3:\"all\";s:10:\"last_check\";s:10:\"1464993742\";s:12:\"suppliers_id\";s:1:\"0\";}' WHERE sesskey = '31dec90cbdcea16ba936d70d95350206' LIMIT 1

DELETE FROM `wsc20`.`ecs_sessions` WHERE expiry < 1465020952

SELECT userid, adminid, user_name, user_rank, discount, email, data, expiry FROM `wsc20`.`ecs_sessions` WHERE sesskey = '31dec90cbdcea16ba936d70d95350206'

SELECT code, value FROM `wsc20`.`ecs_shop_config` WHERE parent_id > 0

DELETE FROM `wsc20`.`ecs_sessions_data` WHERE expiry < 1465020952

DELETE FROM `wsc20`.`ecs_sessions` WHERE expiry < 1465020952

SELECT userid, adminid, user_name, user_rank, discount, email, data, expiry FROM `wsc20`.`ecs_sessions` WHERE sesskey = '31dec90cbdcea16ba936d70d95350206'

SELECT code, value FROM `wsc20`.`ecs_shop_config` WHERE parent_id > 0

SELECT message_id, sender_id, receiver_id, sent_time, readed, deleted, title, message, user_name FROM `wsc20`.`ecs_admin_message` AS a, `wsc20`.`ecs_admin_user` AS b WHERE a.sender_id = b.user_id AND a.receiver_id = '1' AND a.readed = 0 AND deleted = 0 ORDER BY a.sent_time DESC

SELECT pay_id, is_cod FROM `wsc20`.`ecs_payment` WHERE enabled = 1

SELECT COUNT(*) FROM `wsc20`.`ecs_order_info` WHERE 1  AND order_status  IN ('1','5')  AND shipping_status  IN ('1','2')  AND pay_status  IN ('2','1')  

SELECT pay_id FROM `wsc20`.`ecs_payment` WHERE is_cod = 1

SELECT COUNT(*) FROM `wsc20`.`ecs_order_info` WHERE 1  AND   order_status  IN ('1','5','6')  AND   shipping_status  IN ('0','3','5')  AND ( pay_status  IN ('2','1')  OR pay_id  IN ('') ) 

SELECT pay_id FROM `wsc20`.`ecs_payment` WHERE is_cod = 0

SELECT COUNT(*) FROM `wsc20`.`ecs_order_info` WHERE 1  AND   order_status  IN ('1','5')  AND   pay_status = '0' AND ( shipping_status  IN ('1','2')  OR pay_id  IN ('') ) 

SELECT COUNT(*) FROM `wsc20`.`ecs_order_info` WHERE 1  AND order_status = '0' 

SELECT COUNT(*) FROM `wsc20`.`ecs_order_info` WHERE  shipping_status=4

SELECT COUNT(*) AS oCount, IFNULL(SUM(order_amount), 0) AS oAmount FROM `wsc20`.`ecs_order_info`

SELECT COUNT(*) FROM `wsc20`.`ecs_goods` WHERE is_delete = 0 AND is_alone_sale = 1 AND is_real = 1

SELECT COUNT(*) FROM `wsc20`.`ecs_goods` WHERE is_delete = 0 AND is_alone_sale = 1 AND is_real=0 AND extension_code='virtual_card'

SELECT COUNT(*) FROM `wsc20`.`ecs_goods` WHERE is_delete = 0 AND is_new = 1 AND is_real = 1

SELECT COUNT(*) FROM `wsc20`.`ecs_goods` WHERE is_delete = 0 AND is_new = 1 AND is_real=0 AND extension_code='virtual_card'

SELECT COUNT(*) FROM `wsc20`.`ecs_goods` WHERE is_delete = 0 AND is_best = 1 AND is_real = 1

SELECT COUNT(*) FROM `wsc20`.`ecs_goods` WHERE is_delete = 0 AND is_best = 1 AND is_real=0 AND extension_code='virtual_card'

SELECT COUNT(*) FROM `wsc20`.`ecs_goods` WHERE is_delete = 0 AND is_hot = 1 AND is_real = 1

SELECT COUNT(*) FROM `wsc20`.`ecs_goods` WHERE is_delete = 0 AND is_hot = 1 AND is_real=0 AND extension_code='virtual_card'

SELECT COUNT(*) FROM `wsc20`.`ecs_goods` WHERE is_delete = 0 AND promote_price>0 AND promote_start_date <= '1464993953' AND promote_end_date >= '1464993953' AND is_real = 1

SELECT COUNT(*) FROM `wsc20`.`ecs_goods` WHERE is_delete = 0 AND promote_price>0 AND promote_start_date <= '1464993953' AND promote_end_date >= '1464993953' AND is_real=0 AND extension_code='virtual_card'

SELECT COUNT(*) FROM `wsc20`.`ecs_goods` WHERE is_delete = 0 AND goods_number <= warn_number AND is_real = 1

SELECT COUNT(*) FROM `wsc20`.`ecs_goods` WHERE is_delete = 0 AND goods_number <= warn_number AND is_real=0 AND extension_code='virtual_card'

SELECT COUNT(*) FROM `wsc20`.`ecs_stats` WHERE access_time > 1464940800

SELECT count(*) FROM `wsc20`.`ecs_sessions`

SELECT COUNT(f.msg_id) FROM `wsc20`.`ecs_feedback` AS f LEFT JOIN `wsc20`.`ecs_feedback` AS r ON r.parent_id=f.msg_id WHERE f.parent_id=0 AND ISNULL(r.msg_id) 

SELECT COUNT(*) FROM `wsc20`.`ecs_comment` WHERE status = 0 AND parent_id = 0

SELECT COUNT(*) FROM `wsc20`.`ecs_booking_goods` WHERE is_dispose = 0

SELECT COUNT(*) FROM `wsc20`.`ecs_user_account` WHERE process_type = 1 AND is_paid = 0 

DELETE FROM `wsc20`.`ecs_sessions_data` WHERE expiry < 1465020953

SELECT userid, adminid, user_name, user_rank, discount, email, data, expiry FROM `wsc20`.`ecs_sessions` WHERE sesskey = '31dec90cbdcea16ba936d70d95350206'

SELECT code, value FROM `wsc20`.`ecs_shop_config` WHERE parent_id > 0

SELECT userid, adminid, user_name, user_rank, discount, email, data, expiry FROM `wsc20`.`ecs_sessions` WHERE sesskey = '31dec90cbdcea16ba936d70d95350206'

SELECT code, value FROM `wsc20`.`ecs_shop_config` WHERE parent_id > 0

SELECT COUNT(*) AS oCount, IFNULL(SUM(order_amount), 0) AS oAmount FROM `wsc20`.`ecs_order_info`

SELECT COUNT(*) FROM `wsc20`.`ecs_goods` WHERE is_delete = 0 AND is_alone_sale = 1 AND is_real = 1

SELECT COUNT(*) FROM `wsc20`.`ecs_users`

SELECT value FROM `wsc20`.`ecs_shop_config` WHERE code = 'template'

SELECT value FROM `wsc20`.`ecs_shop_config` WHERE code = 'stylename'

SELECT userid, adminid, user_name, user_rank, discount, email, data, expiry FROM `wsc20`.`ecs_sessions` WHERE sesskey = '31dec90cbdcea16ba936d70d95350206'

SELECT code, value FROM `wsc20`.`ecs_shop_config` WHERE parent_id > 0

SELECT COUNT(*) FROM `wsc20`.`ecs_order_info` WHERE add_time >= '1464993742'

SELECT COUNT(*) FROM `wsc20`.`ecs_order_info` WHERE pay_time >= 1464993742

UPDATE `wsc20`.`ecs_sessions` SET expiry = '1465022753', ip = '127.0.0.1', userid = '0', adminid = '1', user_name='0', user_rank='0', discount='0', email='0', data = 'a:4:{s:10:\"admin_name\";s:5:\"admin\";s:11:\"action_list\";s:3:\"all\";s:10:\"last_check\";i:1464993953;s:12:\"suppliers_id\";s:1:\"0\";}' WHERE sesskey = '31dec90cbdcea16ba936d70d95350206' LIMIT 1

DELETE FROM `wsc20`.`ecs_sessions_data` WHERE expiry < 1465020953

DELETE FROM `wsc20`.`ecs_sessions_data` WHERE expiry < 1465020955

SELECT userid, adminid, user_name, user_rank, discount, email, data, expiry FROM `wsc20`.`ecs_sessions` WHERE sesskey = 'f92058486359c9d2f468c4c91e726bda'

SELECT code, value FROM `wsc20`.`ecs_shop_config` WHERE parent_id > 0

SELECT COUNT(*) FROM `wsc20`.`ecs_order_info` WHERE add_time >= '1464993745'

SELECT COUNT(*) FROM `wsc20`.`ecs_order_info` WHERE pay_time >= 1464993745

UPDATE `wsc20`.`ecs_sessions` SET expiry = '1465022807', ip = '192.168.1.18', userid = '0', adminid = '1', user_name='0', user_rank='0', discount='0', email='0', data = 'a:4:{s:10:\"admin_name\";s:5:\"admin\";s:11:\"action_list\";s:3:\"all\";s:10:\"last_check\";i:1464994007;s:12:\"suppliers_id\";s:1:\"0\";}' WHERE sesskey = 'f92058486359c9d2f468c4c91e726bda' LIMIT 1

SELECT userid, adminid, user_name, user_rank, discount, email, data, expiry FROM `wsc20`.`ecs_sessions` WHERE sesskey = '31dec90cbdcea16ba936d70d95350206'

SELECT code, value FROM `wsc20`.`ecs_shop_config` WHERE parent_id > 0

SELECT COUNT(*) FROM `wsc20`.`ecs_order_info` WHERE add_time >= '1464993953'

SELECT COUNT(*) FROM `wsc20`.`ecs_order_info` WHERE pay_time >= 1464993953

UPDATE `wsc20`.`ecs_sessions` SET expiry = '1465022933', ip = '127.0.0.1', userid = '0', adminid = '1', user_name='0', user_rank='0', discount='0', email='0', data = 'a:4:{s:10:\"admin_name\";s:5:\"admin\";s:11:\"action_list\";s:3:\"all\";s:10:\"last_check\";i:1464994133;s:12:\"suppliers_id\";s:1:\"0\";}' WHERE sesskey = '31dec90cbdcea16ba936d70d95350206' LIMIT 1

SELECT userid, adminid, user_name, user_rank, discount, email, data, expiry FROM `wsc20`.`ecs_sessions` WHERE sesskey = '31dec90cbdcea16ba936d70d95350206'

SELECT code, value FROM `wsc20`.`ecs_shop_config` WHERE parent_id > 0

SELECT bonus_type_id, COUNT(*) AS sent_count FROM `wsc20`.`ecs_user_bonus` GROUP BY bonus_type_id

SELECT bonus_type_id, COUNT(*) AS used_count FROM `wsc20`.`ecs_user_bonus` WHERE used_time > 0 GROUP BY bonus_type_id

SELECT COUNT(*) FROM `wsc20`.`ecs_bonus_type`

SELECT * FROM `wsc20`.`ecs_bonus_type` ORDER BY type_id DESC LIMIT 15

UPDATE `wsc20`.`ecs_sessions` SET expiry = '1465022974', ip = '127.0.0.1', userid = '0', adminid = '1', user_name='0', user_rank='0', discount='0', email='0', data = 'a:4:{s:10:\"admin_name\";s:5:\"admin\";s:11:\"action_list\";s:3:\"all\";s:10:\"last_check\";i:1464994133;s:12:\"suppliers_id\";s:1:\"0\";}' WHERE sesskey = '31dec90cbdcea16ba936d70d95350206' LIMIT 1

DELETE FROM `wsc20`.`ecs_sessions` WHERE expiry < 1465021174

SELECT userid, adminid, user_name, user_rank, discount, email, data, expiry FROM `wsc20`.`ecs_sessions` WHERE sesskey = '31dec90cbdcea16ba936d70d95350206'

SELECT code, value FROM `wsc20`.`ecs_shop_config` WHERE parent_id > 0

SELECT COUNT(*) FROM `wsc20`.`ecs_favourable_activity` WHERE 1 

SELECT * FROM `wsc20`.`ecs_favourable_activity` WHERE 1   ORDER BY act_id DESC  LIMIT 0, 15

SELECT userid, adminid, user_name, user_rank, discount, email, data, expiry FROM `wsc20`.`ecs_sessions` WHERE sesskey = '31dec90cbdcea16ba936d70d95350206'

SELECT code, value FROM `wsc20`.`ecs_shop_config` WHERE parent_id > 0

SELECT rank_id, rank_name FROM `wsc20`.`ecs_user_rank`

SELECT userid, adminid, user_name, user_rank, discount, email, data, expiry FROM `wsc20`.`ecs_sessions` WHERE sesskey = 'f92058486359c9d2f468c4c91e726bda'

SELECT code, value FROM `wsc20`.`ecs_shop_config` WHERE parent_id > 0

SELECT COUNT(*) FROM `wsc20`.`ecs_order_info` WHERE add_time >= '1464994007'

SELECT COUNT(*) FROM `wsc20`.`ecs_order_info` WHERE pay_time >= 1464994007

UPDATE `wsc20`.`ecs_sessions` SET expiry = '1465022988', ip = '192.168.1.18', userid = '0', adminid = '1', user_name='0', user_rank='0', discount='0', email='0', data = 'a:4:{s:10:\"admin_name\";s:5:\"admin\";s:11:\"action_list\";s:3:\"all\";s:10:\"last_check\";i:1464994188;s:12:\"suppliers_id\";s:1:\"0\";}' WHERE sesskey = 'f92058486359c9d2f468c4c91e726bda' LIMIT 1

DELETE FROM `wsc20`.`ecs_sessions_data` WHERE expiry < 1465021188

DELETE FROM `wsc20`.`ecs_sessions` WHERE expiry < 1465021188

SELECT userid, adminid, user_name, user_rank, discount, email, data, expiry FROM `wsc20`.`ecs_sessions` WHERE sesskey = '31dec90cbdcea16ba936d70d95350206'

SELECT code, value FROM `wsc20`.`ecs_shop_config` WHERE parent_id > 0

SELECT suppliers_id, suppliers_name, suppliers_desc
            FROM `wsc20`.`ecs_suppliers`
            WHERE  is_check = 1 

SELECT c.cat_id, c.cat_name, c.measure_unit, c.parent_id, c.is_show, c.show_in_nav, c.grade, c.sort_order, COUNT(s.cat_id) AS has_children FROM `wsc20`.`ecs_category` AS c LEFT JOIN `wsc20`.`ecs_category` AS s ON s.parent_id=c.cat_id GROUP BY c.cat_id ORDER BY c.parent_id, c.sort_order ASC

SELECT cat_id, COUNT(*) AS goods_num  FROM `wsc20`.`ecs_goods` WHERE is_delete = 0 AND is_on_sale = 1  GROUP BY cat_id

SELECT gc.cat_id, COUNT(*) AS goods_num  FROM `wsc20`.`ecs_goods_cat` AS gc , `wsc20`.`ecs_goods` AS g  WHERE g.goods_id = gc.goods_id AND g.is_delete = 0 AND g.is_on_sale = 1  GROUP BY gc.cat_id

SELECT brand_id, brand_name FROM `wsc20`.`ecs_brand` ORDER BY sort_order

SELECT suppliers_id, suppliers_name, suppliers_desc
            FROM `wsc20`.`ecs_suppliers`
            WHERE  is_check = 1 

SELECT COUNT(*) FROM `wsc20`.`ecs_goods` AS g WHERE is_delete='0'  AND is_real='1'

SELECT goods_id, goods_name, goods_type, goods_sn, shop_price, is_on_sale, is_best, is_new, is_hot, sort_order, goods_number, integral,  (promote_price > 0 AND promote_start_date <= '1465027199' AND promote_end_date >= '1465027199') AS is_promote  FROM `wsc20`.`ecs_goods` AS g WHERE is_delete='0'  AND is_real='1' ORDER BY goods_id DESC  LIMIT 0,15

SELECT DISTINCT cat_id
            FROM `wsc20`.`ecs_attribute`
            WHERE attr_type = 1

UPDATE `wsc20`.`ecs_sessions` SET expiry = '1465022993', ip = '127.0.0.1', userid = '0', adminid = '1', user_name='0', user_rank='0', discount='0', email='0', data = 'a:4:{s:10:\"admin_name\";s:5:\"admin\";s:11:\"action_list\";s:3:\"all\";s:10:\"last_check\";i:1464994133;s:12:\"suppliers_id\";s:1:\"0\";}' WHERE sesskey = '31dec90cbdcea16ba936d70d95350206' LIMIT 1

SELECT userid, adminid, user_name, user_rank, discount, email, data, expiry FROM `wsc20`.`ecs_sessions` WHERE sesskey = '31dec90cbdcea16ba936d70d95350206'

SELECT code, value FROM `wsc20`.`ecs_shop_config` WHERE parent_id > 0

SELECT suppliers_id, suppliers_name, suppliers_desc
            FROM `wsc20`.`ecs_suppliers`
            WHERE  is_check = 1 

DELETE FROM `wsc20`.`ecs_link_goods` WHERE (goods_id = 0 OR link_goods_id = 0) AND admin_id = '1'

DELETE FROM `wsc20`.`ecs_group_goods` WHERE parent_id = 0 AND admin_id = '1'

DELETE FROM `wsc20`.`ecs_goods_article` WHERE goods_id = 0 AND admin_id = '1'

DELETE FROM `wsc20`.`ecs_goods_attr` WHERE goods_id = 0

SELECT c.cat_id, c.cat_name, c.measure_unit, c.parent_id, c.is_show, c.show_in_nav, c.grade, c.sort_order, COUNT(s.cat_id) AS has_children FROM `wsc20`.`ecs_category` AS c LEFT JOIN `wsc20`.`ecs_category` AS s ON s.parent_id=c.cat_id GROUP BY c.cat_id ORDER BY c.parent_id, c.sort_order ASC

SELECT cat_id, COUNT(*) AS goods_num  FROM `wsc20`.`ecs_goods` WHERE is_delete = 0 AND is_on_sale = 1  GROUP BY cat_id

SELECT gc.cat_id, COUNT(*) AS goods_num  FROM `wsc20`.`ecs_goods_cat` AS gc , `wsc20`.`ecs_goods` AS g  WHERE g.goods_id = gc.goods_id AND g.is_delete = 0 AND g.is_on_sale = 1  GROUP BY gc.cat_id

SELECT brand_id, brand_name FROM `wsc20`.`ecs_brand` ORDER BY sort_order

SELECT * FROM `wsc20`.`ecs_user_rank` ORDER BY min_points

SELECT cat_id, cat_name FROM `wsc20`.`ecs_goods_type` WHERE enabled = 1

DELETE FROM `wsc20`.`ecs_sessions` WHERE expiry < 1465021196

SELECT userid, adminid, user_name, user_rank, discount, email, data, expiry FROM `wsc20`.`ecs_sessions` WHERE sesskey = '31dec90cbdcea16ba936d70d95350206'

SELECT code, value FROM `wsc20`.`ecs_shop_config` WHERE parent_id > 0

SELECT message_id, sender_id, receiver_id, sent_time, readed, deleted, title, message, user_name FROM `wsc20`.`ecs_admin_message` AS a, `wsc20`.`ecs_admin_user` AS b WHERE a.sender_id = b.user_id AND a.receiver_id = '1' AND a.readed = 0 AND deleted = 0 ORDER BY a.sent_time DESC

SELECT pay_id, is_cod FROM `wsc20`.`ecs_payment` WHERE enabled = 1

SELECT COUNT(*) FROM `wsc20`.`ecs_order_info` WHERE 1  AND order_status  IN ('1','5')  AND shipping_status  IN ('1','2')  AND pay_status  IN ('2','1')  

SELECT pay_id FROM `wsc20`.`ecs_payment` WHERE is_cod = 1

SELECT COUNT(*) FROM `wsc20`.`ecs_order_info` WHERE 1  AND   order_status  IN ('1','5','6')  AND   shipping_status  IN ('0','3','5')  AND ( pay_status  IN ('2','1')  OR pay_id  IN ('') ) 

SELECT pay_id FROM `wsc20`.`ecs_payment` WHERE is_cod = 0

SELECT COUNT(*) FROM `wsc20`.`ecs_order_info` WHERE 1  AND   order_status  IN ('1','5')  AND   pay_status = '0' AND ( shipping_status  IN ('1','2')  OR pay_id  IN ('') ) 

SELECT COUNT(*) FROM `wsc20`.`ecs_order_info` WHERE 1  AND order_status = '0' 

SELECT COUNT(*) FROM `wsc20`.`ecs_order_info` WHERE  shipping_status=4

SELECT COUNT(*) AS oCount, IFNULL(SUM(order_amount), 0) AS oAmount FROM `wsc20`.`ecs_order_info`

SELECT COUNT(*) FROM `wsc20`.`ecs_goods` WHERE is_delete = 0 AND is_alone_sale = 1 AND is_real = 1

SELECT COUNT(*) FROM `wsc20`.`ecs_goods` WHERE is_delete = 0 AND is_alone_sale = 1 AND is_real=0 AND extension_code='virtual_card'

SELECT COUNT(*) FROM `wsc20`.`ecs_goods` WHERE is_delete = 0 AND is_new = 1 AND is_real = 1

SELECT COUNT(*) FROM `wsc20`.`ecs_goods` WHERE is_delete = 0 AND is_new = 1 AND is_real=0 AND extension_code='virtual_card'

SELECT COUNT(*) FROM `wsc20`.`ecs_goods` WHERE is_delete = 0 AND is_best = 1 AND is_real = 1

SELECT COUNT(*) FROM `wsc20`.`ecs_goods` WHERE is_delete = 0 AND is_best = 1 AND is_real=0 AND extension_code='virtual_card'

SELECT COUNT(*) FROM `wsc20`.`ecs_goods` WHERE is_delete = 0 AND is_hot = 1 AND is_real = 1

SELECT COUNT(*) FROM `wsc20`.`ecs_goods` WHERE is_delete = 0 AND is_hot = 1 AND is_real=0 AND extension_code='virtual_card'

SELECT COUNT(*) FROM `wsc20`.`ecs_goods` WHERE is_delete = 0 AND promote_price>0 AND promote_start_date <= '1464994244' AND promote_end_date >= '1464994244' AND is_real = 1

SELECT COUNT(*) FROM `wsc20`.`ecs_goods` WHERE is_delete = 0 AND promote_price>0 AND promote_start_date <= '1464994244' AND promote_end_date >= '1464994244' AND is_real=0 AND extension_code='virtual_card'

SELECT COUNT(*) FROM `wsc20`.`ecs_goods` WHERE is_delete = 0 AND goods_number <= warn_number AND is_real = 1

SELECT COUNT(*) FROM `wsc20`.`ecs_goods` WHERE is_delete = 0 AND goods_number <= warn_number AND is_real=0 AND extension_code='virtual_card'

SELECT COUNT(*) FROM `wsc20`.`ecs_stats` WHERE access_time > 1464940800

SELECT count(*) FROM `wsc20`.`ecs_sessions`

SELECT COUNT(f.msg_id) FROM `wsc20`.`ecs_feedback` AS f LEFT JOIN `wsc20`.`ecs_feedback` AS r ON r.parent_id=f.msg_id WHERE f.parent_id=0 AND ISNULL(r.msg_id) 

SELECT COUNT(*) FROM `wsc20`.`ecs_comment` WHERE status = 0 AND parent_id = 0

SELECT COUNT(*) FROM `wsc20`.`ecs_booking_goods` WHERE is_dispose = 0

SELECT COUNT(*) FROM `wsc20`.`ecs_user_account` WHERE process_type = 1 AND is_paid = 0 

UPDATE `wsc20`.`ecs_sessions` SET expiry = '1465023044', ip = '127.0.0.1', userid = '0', adminid = '1', user_name='0', user_rank='0', discount='0', email='0', data = 'a:4:{s:10:\"admin_name\";s:5:\"admin\";s:11:\"action_list\";s:3:\"all\";s:10:\"last_check\";i:1464994133;s:12:\"suppliers_id\";s:1:\"0\";}' WHERE sesskey = '31dec90cbdcea16ba936d70d95350206' LIMIT 1

DELETE FROM `wsc20`.`ecs_sessions` WHERE expiry < 1465021244

SELECT userid, adminid, user_name, user_rank, discount, email, data, expiry FROM `wsc20`.`ecs_sessions` WHERE sesskey = '31dec90cbdcea16ba936d70d95350206'

SELECT userid, adminid, user_name, user_rank, discount, email, data, expiry FROM `wsc20`.`ecs_sessions` WHERE sesskey = '31dec90cbdcea16ba936d70d95350206'

SELECT code, value FROM `wsc20`.`ecs_shop_config` WHERE parent_id > 0

SELECT code, value FROM `wsc20`.`ecs_shop_config` WHERE parent_id > 0

SELECT COUNT(*) AS oCount, IFNULL(SUM(order_amount), 0) AS oAmount FROM `wsc20`.`ecs_order_info`

SELECT COUNT(*) FROM `wsc20`.`ecs_goods` WHERE is_delete = 0 AND is_alone_sale = 1 AND is_real = 1

SELECT COUNT(*) FROM `wsc20`.`ecs_users`

SELECT value FROM `wsc20`.`ecs_shop_config` WHERE code = 'template'

SELECT value FROM `wsc20`.`ecs_shop_config` WHERE code = 'stylename'

DELETE FROM `wsc20`.`ecs_sessions` WHERE expiry < 1465021244

DELETE FROM `wsc20`.`ecs_sessions_data` WHERE expiry < 1465021246

DELETE FROM `wsc20`.`ecs_sessions` WHERE expiry < 1465021246

SELECT userid, adminid, user_name, user_rank, discount, email, data, expiry FROM `wsc20`.`ecs_sessions` WHERE sesskey = '31dec90cbdcea16ba936d70d95350206'

SELECT code, value FROM `wsc20`.`ecs_shop_config` WHERE parent_id > 0

SELECT bonus_type_id, COUNT(*) AS sent_count FROM `wsc20`.`ecs_user_bonus` GROUP BY bonus_type_id

SELECT bonus_type_id, COUNT(*) AS used_count FROM `wsc20`.`ecs_user_bonus` WHERE used_time > 0 GROUP BY bonus_type_id

SELECT COUNT(*) FROM `wsc20`.`ecs_bonus_type`

SELECT * FROM `wsc20`.`ecs_bonus_type` ORDER BY type_id DESC LIMIT 15

DELETE FROM `wsc20`.`ecs_sessions` WHERE expiry < 1465021246

SELECT userid, adminid, user_name, user_rank, discount, email, data, expiry FROM `wsc20`.`ecs_sessions` WHERE sesskey = '31dec90cbdcea16ba936d70d95350206'

SELECT code, value FROM `wsc20`.`ecs_shop_config` WHERE parent_id > 0

SELECT COUNT(*) FROM `wsc20`.`ecs_goods_activity` WHERE act_type = '1' 

SELECT * FROM `wsc20`.`ecs_goods_activity` WHERE act_type = '1'   ORDER BY act_id DESC  LIMIT 0, 15

SELECT userid, adminid, user_name, user_rank, discount, email, data, expiry FROM `wsc20`.`ecs_sessions` WHERE sesskey = '31dec90cbdcea16ba936d70d95350206'

SELECT code, value FROM `wsc20`.`ecs_shop_config` WHERE parent_id > 0

SELECT c.cat_id, c.cat_name, c.measure_unit, c.parent_id, c.is_show, c.show_in_nav, c.grade, c.sort_order, COUNT(s.cat_id) AS has_children FROM `wsc20`.`ecs_category` AS c LEFT JOIN `wsc20`.`ecs_category` AS s ON s.parent_id=c.cat_id GROUP BY c.cat_id ORDER BY c.parent_id, c.sort_order ASC

SELECT cat_id, COUNT(*) AS goods_num  FROM `wsc20`.`ecs_goods` WHERE is_delete = 0 AND is_on_sale = 1  GROUP BY cat_id

SELECT gc.cat_id, COUNT(*) AS goods_num  FROM `wsc20`.`ecs_goods_cat` AS gc , `wsc20`.`ecs_goods` AS g  WHERE g.goods_id = gc.goods_id AND g.is_delete = 0 AND g.is_on_sale = 1  GROUP BY gc.cat_id

SELECT brand_id, brand_name FROM `wsc20`.`ecs_brand` ORDER BY sort_order

DELETE FROM `wsc20`.`ecs_sessions` WHERE expiry < 1465021252

SELECT userid, adminid, user_name, user_rank, discount, email, data, expiry FROM `wsc20`.`ecs_sessions` WHERE sesskey = '31dec90cbdcea16ba936d70d95350206'

SELECT code, value FROM `wsc20`.`ecs_shop_config` WHERE parent_id > 0

SELECT COUNT(*) FROM `wsc20`.`ecs_favourable_activity` WHERE 1 

SELECT * FROM `wsc20`.`ecs_favourable_activity` WHERE 1   ORDER BY act_id DESC  LIMIT 0, 15

UPDATE `wsc20`.`ecs_sessions` SET expiry = '1465023070', ip = '127.0.0.1', userid = '0', adminid = '1', user_name='0', user_rank='0', discount='0', email='0', data = 'a:4:{s:10:\"admin_name\";s:5:\"admin\";s:11:\"action_list\";s:3:\"all\";s:10:\"last_check\";i:1464994133;s:12:\"suppliers_id\";s:1:\"0\";}' WHERE sesskey = '31dec90cbdcea16ba936d70d95350206' LIMIT 1

DELETE FROM `wsc20`.`ecs_sessions_data` WHERE expiry < 1465021270

DELETE FROM `wsc20`.`ecs_sessions` WHERE expiry < 1465021270

SELECT userid, adminid, user_name, user_rank, discount, email, data, expiry FROM `wsc20`.`ecs_sessions` WHERE sesskey = '31dec90cbdcea16ba936d70d95350206'

SELECT code, value FROM `wsc20`.`ecs_shop_config` WHERE parent_id > 0

SELECT rank_id, rank_name FROM `wsc20`.`ecs_user_rank`

DELETE FROM `wsc20`.`ecs_sessions_data` WHERE expiry < 1465021272

DELETE FROM `wsc20`.`ecs_sessions` WHERE expiry < 1465021272

SELECT userid, adminid, user_name, user_rank, discount, email, data, expiry FROM `wsc20`.`ecs_sessions` WHERE sesskey = '31dec90cbdcea16ba936d70d95350206'

SELECT code, value FROM `wsc20`.`ecs_shop_config` WHERE parent_id > 0

DELETE FROM `wsc20`.`ecs_template` WHERE 1  AND theme <> 'default' 

UPDATE `wsc20`.`ecs_sessions` SET expiry = '1465023110', ip = '127.0.0.1', userid = '0', adminid = '1', user_name='0', user_rank='0', discount='0', email='0', data = 'a:4:{s:10:\"admin_name\";s:5:\"admin\";s:11:\"action_list\";s:3:\"all\";s:10:\"last_check\";i:1464994133;s:12:\"suppliers_id\";s:1:\"0\";}' WHERE sesskey = '31dec90cbdcea16ba936d70d95350206' LIMIT 1

DELETE FROM `wsc20`.`ecs_sessions_data` WHERE expiry < 1465021310

DELETE FROM `wsc20`.`ecs_sessions` WHERE expiry < 1465021310

SELECT userid, adminid, user_name, user_rank, discount, email, data, expiry FROM `wsc20`.`ecs_sessions` WHERE sesskey = '31dec90cbdcea16ba936d70d95350206'

SELECT code, value FROM `wsc20`.`ecs_shop_config` WHERE parent_id > 0

SELECT c.*, COUNT(s.cat_id) AS has_children, COUNT(a.article_id) AS aricle_num  FROM `wsc20`.`ecs_article_cat` AS c LEFT JOIN `wsc20`.`ecs_article_cat` AS s ON s.parent_id=c.cat_id LEFT JOIN `wsc20`.`ecs_article` AS a ON a.cat_id=c.cat_id GROUP BY c.cat_id  ORDER BY parent_id, sort_order ASC

DELETE FROM `wsc20`.`ecs_sessions` WHERE expiry < 1465021324

SELECT userid, adminid, user_name, user_rank, discount, email, data, expiry FROM `wsc20`.`ecs_sessions` WHERE sesskey = '31dec90cbdcea16ba936d70d95350206'

SELECT code, value FROM `wsc20`.`ecs_shop_config` WHERE parent_id > 0

SELECT COUNT(*) FROM `wsc20`.`ecs_order_info` WHERE add_time >= '1464994133'

SELECT COUNT(*) FROM `wsc20`.`ecs_order_info` WHERE pay_time >= 1464994133

UPDATE `wsc20`.`ecs_sessions` SET expiry = '1465023124', ip = '127.0.0.1', userid = '0', adminid = '1', user_name='0', user_rank='0', discount='0', email='0', data = 'a:5:{s:10:\"admin_name\";s:5:\"admin\";s:11:\"action_list\";s:3:\"all\";s:10:\"last_check\";i:1464994324;s:12:\"suppliers_id\";s:1:\"0\";s:9:\"wechat_id\";i:1;}' WHERE sesskey = '31dec90cbdcea16ba936d70d95350206' LIMIT 1

DELETE FROM `wsc20`.`ecs_sessions_data` WHERE expiry < 1465021324

DELETE FROM `wsc20`.`ecs_sessions` WHERE expiry < 1465021324

SELECT userid, adminid, user_name, user_rank, discount, email, data, expiry FROM `wsc20`.`ecs_sessions` WHERE sesskey = '31dec90cbdcea16ba936d70d95350206'

SELECT code, value FROM `wsc20`.`ecs_shop_config` WHERE parent_id > 0

SELECT bonus_type_id, COUNT(*) AS sent_count FROM `wsc20`.`ecs_user_bonus` GROUP BY bonus_type_id

SELECT bonus_type_id, COUNT(*) AS used_count FROM `wsc20`.`ecs_user_bonus` WHERE used_time > 0 GROUP BY bonus_type_id

SELECT COUNT(*) FROM `wsc20`.`ecs_bonus_type`

SELECT * FROM `wsc20`.`ecs_bonus_type` ORDER BY type_id DESC LIMIT 15

DELETE FROM `wsc20`.`ecs_sessions_data` WHERE expiry < 1465021326

DELETE FROM `wsc20`.`ecs_sessions` WHERE expiry < 1465021326

SELECT userid, adminid, user_name, user_rank, discount, email, data, expiry FROM `wsc20`.`ecs_sessions` WHERE sesskey = '31dec90cbdcea16ba936d70d95350206'

SELECT code, value FROM `wsc20`.`ecs_shop_config` WHERE parent_id > 0

SELECT COUNT(*) FROM `wsc20`.`ecs_favourable_activity` WHERE 1 

SELECT * FROM `wsc20`.`ecs_favourable_activity` WHERE 1   ORDER BY act_id DESC  LIMIT 0, 15

SELECT userid, adminid, user_name, user_rank, discount, email, data, expiry FROM `wsc20`.`ecs_sessions` WHERE sesskey = '31dec90cbdcea16ba936d70d95350206'

SELECT code, value FROM `wsc20`.`ecs_shop_config` WHERE parent_id > 0

SELECT rank_id, rank_name FROM `wsc20`.`ecs_user_rank`

DELETE FROM `wsc20`.`ecs_sessions_data` WHERE expiry < 1465021332

DELETE FROM `wsc20`.`ecs_sessions` WHERE expiry < 1465021332

SELECT userid, adminid, user_name, user_rank, discount, email, data, expiry FROM `wsc20`.`ecs_sessions` WHERE sesskey = '31dec90cbdcea16ba936d70d95350206'

SELECT code, value FROM `wsc20`.`ecs_shop_config` WHERE parent_id > 0

SELECT c.*, COUNT(s.cat_id) AS has_children, COUNT(a.article_id) AS aricle_num  FROM `wsc20`.`ecs_article_cat` AS c LEFT JOIN `wsc20`.`ecs_article_cat` AS s ON s.parent_id=c.cat_id LEFT JOIN `wsc20`.`ecs_article` AS a ON a.cat_id=c.cat_id GROUP BY c.cat_id  ORDER BY parent_id, sort_order ASC

UPDATE `wsc20`.`ecs_sessions` SET expiry = '1465023138', ip = '127.0.0.1', userid = '0', adminid = '1', user_name='0', user_rank='0', discount='0', email='0', data = 'a:5:{s:10:\"admin_name\";s:5:\"admin\";s:11:\"action_list\";s:3:\"all\";s:10:\"last_check\";i:1464994324;s:12:\"suppliers_id\";s:1:\"0\";s:9:\"wechat_id\";i:1;}' WHERE sesskey = '31dec90cbdcea16ba936d70d95350206' LIMIT 1

DELETE FROM `wsc20`.`ecs_sessions` WHERE expiry < 1465021338

SELECT userid, adminid, user_name, user_rank, discount, email, data, expiry FROM `wsc20`.`ecs_sessions` WHERE sesskey = '31dec90cbdcea16ba936d70d95350206'

SELECT code, value FROM `wsc20`.`ecs_shop_config` WHERE parent_id > 0

SELECT rank_id, rank_name, min_points FROM `wsc20`.`ecs_user_rank` ORDER BY min_points ASC 

SELECT COUNT(*) FROM `wsc20`.`ecs_users` WHERE 1 

SELECT user_id, user_name,sex,birthday,mobile_phone,email, is_validated, user_money, frozen_money, rank_points, pay_points, reg_time  FROM `wsc20`.`ecs_users` WHERE 1  ORDER by user_id DESC LIMIT 0,15

DESC `wsc20`.`ecs_sessions_data`

INSERT INTO `wsc20`.`ecs_sessions_data` (sesskey, expiry, data) VALUES ('31dec90cbdcea16ba936d70d95350206', '1465023139', 'a:6:{s:10:\"admin_name\";s:5:\"admin\";s:11:\"action_list\";s:3:\"all\";s:10:\"last_check\";i:1464994324;s:12:\"suppliers_id\";s:1:\"0\";s:9:\"wechat_id\";i:1;s:9:\"user_list\";a:1:{i:0;a:12:{s:7:\"user_id\";s:1:\"1\";s:9:\"user_name\";s:4:\"test\";s:3:\"sex\";s:1:\"0\";s:8:\"birthday\";s:10:\"1956-01-01\";s:12:\"mobile_phone\";s:0:\"\";s:5:\"email\";s:12:\"test@163.com\";s:12:\"is_validated\";s:1:\"0\";s:10:\"user_money\";s:4:\"0.00\";s:12:\"frozen_money\";s:4:\"0.00\";s:11:\"rank_points\";s:1:\"0\";s:10:\"pay_points\";s:1:\"0\";s:8:\"reg_time\";s:10:\"2016-06-01\";}}}')ON DUPLICATE KEY UPDATE expiry = expiry + 1465023139, data = 'a:6:{s:10:\"admin_name\";s:5:\"admin\";s:11:\"action_list\";s:3:\"all\";s:10:\"last_check\";i:1464994324;s:12:\"suppliers_id\";s:1:\"0\";s:9:\"wechat_id\";i:1;s:9:\"user_list\";a:1:{i:0;a:12:{s:7:\"user_id\";s:1:\"1\";s:9:\"user_name\";s:4:\"test\";s:3:\"sex\";s:1:\"0\";s:8:\"birthday\";s:10:\"1956-01-01\";s:12:\"mobile_phone\";s:0:\"\";s:5:\"email\";s:12:\"test@163.com\";s:12:\"is_validated\";s:1:\"0\";s:10:\"user_money\";s:4:\"0.00\";s:12:\"frozen_money\";s:4:\"0.00\";s:11:\"rank_points\";s:1:\"0\";s:10:\"pay_points\";s:1:\"0\";s:8:\"reg_time\";s:10:\"2016-06-01\";}}}'

UPDATE `wsc20`.`ecs_sessions` SET expiry = '1465023139', ip = '127.0.0.1', userid = '0', adminid = '1', user_name='0', user_rank='0', discount='0', email='0', data = '' WHERE sesskey = '31dec90cbdcea16ba936d70d95350206' LIMIT 1

DELETE FROM `wsc20`.`ecs_sessions_data` WHERE expiry < 1465021339

SELECT userid, adminid, user_name, user_rank, discount, email, data, expiry FROM `wsc20`.`ecs_sessions` WHERE sesskey = '31dec90cbdcea16ba936d70d95350206'

SELECT data, expiry FROM `wsc20`.`ecs_sessions_data` WHERE sesskey = '31dec90cbdcea16ba936d70d95350206'

SELECT code, value FROM `wsc20`.`ecs_shop_config` WHERE parent_id > 0

SELECT agency_id FROM `wsc20`.`ecs_admin_user` WHERE user_id = '1'

SELECT COUNT(*) FROM `wsc20`.`ecs_order_info` AS o WHERE 1 

SELECT o.order_id, o.order_sn, o.add_time, o.order_status, o.shipping_status, o.order_amount, o.money_paid,o.pay_status, o.consignee, o.address, o.email, o.tel, o.extension_code, o.extension_id, (   o.goods_amount + o.tax + o.shipping_fee + o.insure_fee + o.pay_fee + o.pack_fee + o.card_fee ) AS total_fee, IFNULL(u.user_name, '匿名用户') AS buyer  FROM `wsc20`.`ecs_order_info` AS o  LEFT JOIN `wsc20`.`ecs_users` AS u ON u.user_id=o.user_id WHERE 1  ORDER BY add_time DESC  LIMIT 0,15

DELETE FROM `wsc20`.`ecs_sessions_data` WHERE expiry < 1465021340

DELETE FROM `wsc20`.`ecs_sessions` WHERE expiry < 1465021340

SELECT userid, adminid, user_name, user_rank, discount, email, data, expiry FROM `wsc20`.`ecs_sessions` WHERE sesskey = '31dec90cbdcea16ba936d70d95350206'

SELECT data, expiry FROM `wsc20`.`ecs_sessions_data` WHERE sesskey = '31dec90cbdcea16ba936d70d95350206'

SELECT code, value FROM `wsc20`.`ecs_shop_config` WHERE parent_id > 0

SELECT suppliers_id, suppliers_name, suppliers_desc
            FROM `wsc20`.`ecs_suppliers`
            WHERE  is_check = 1 

SELECT c.cat_id, c.cat_name, c.measure_unit, c.parent_id, c.is_show, c.show_in_nav, c.grade, c.sort_order, COUNT(s.cat_id) AS has_children FROM `wsc20`.`ecs_category` AS c LEFT JOIN `wsc20`.`ecs_category` AS s ON s.parent_id=c.cat_id GROUP BY c.cat_id ORDER BY c.parent_id, c.sort_order ASC

SELECT cat_id, COUNT(*) AS goods_num  FROM `wsc20`.`ecs_goods` WHERE is_delete = 0 AND is_on_sale = 1  GROUP BY cat_id

SELECT gc.cat_id, COUNT(*) AS goods_num  FROM `wsc20`.`ecs_goods_cat` AS gc , `wsc20`.`ecs_goods` AS g  WHERE g.goods_id = gc.goods_id AND g.is_delete = 0 AND g.is_on_sale = 1  GROUP BY gc.cat_id

SELECT brand_id, brand_name FROM `wsc20`.`ecs_brand` ORDER BY sort_order

SELECT suppliers_id, suppliers_name, suppliers_desc
            FROM `wsc20`.`ecs_suppliers`
            WHERE  is_check = 1 

SELECT COUNT(*) FROM `wsc20`.`ecs_goods` AS g WHERE is_delete='0'  AND is_real='1'

SELECT goods_id, goods_name, goods_type, goods_sn, shop_price, is_on_sale, is_best, is_new, is_hot, sort_order, goods_number, integral,  (promote_price > 0 AND promote_start_date <= '1465027199' AND promote_end_date >= '1465027199') AS is_promote  FROM `wsc20`.`ecs_goods` AS g WHERE is_delete='0'  AND is_real='1' ORDER BY goods_id DESC  LIMIT 0,15

SELECT DISTINCT cat_id
            FROM `wsc20`.`ecs_attribute`
            WHERE attr_type = 1

SELECT userid, adminid, user_name, user_rank, discount, email, data, expiry FROM `wsc20`.`ecs_sessions` WHERE sesskey = '31dec90cbdcea16ba936d70d95350206'

SELECT data, expiry FROM `wsc20`.`ecs_sessions_data` WHERE sesskey = '31dec90cbdcea16ba936d70d95350206'

SELECT code, value FROM `wsc20`.`ecs_shop_config` WHERE parent_id > 0

SELECT * FROM `wsc20`.`ecs_shop_config` WHERE type<>'hidden'   AND (parent_id<>'5' AND id<>'5') ORDER BY parent_id, sort_order, id

SELECT region_id, region_name FROM `wsc20`.`ecs_region` WHERE region_type = '0' AND parent_id = '0'

SELECT region_id, region_name FROM `wsc20`.`ecs_region` WHERE region_type = '1' AND parent_id = '1'

SELECT region_id, region_name FROM `wsc20`.`ecs_region` WHERE region_type = '2' AND parent_id = '2'

SELECT userid, adminid, user_name, user_rank, discount, email, data, expiry FROM `wsc20`.`ecs_sessions` WHERE sesskey = '31dec90cbdcea16ba936d70d95350206'

SELECT data, expiry FROM `wsc20`.`ecs_sessions_data` WHERE sesskey = '31dec90cbdcea16ba936d70d95350206'

SELECT code, value FROM `wsc20`.`ecs_shop_config` WHERE parent_id > 0

SELECT message_id, sender_id, receiver_id, sent_time, readed, deleted, title, message, user_name FROM `wsc20`.`ecs_admin_message` AS a, `wsc20`.`ecs_admin_user` AS b WHERE a.sender_id = b.user_id AND a.receiver_id = '1' AND a.readed = 0 AND deleted = 0 ORDER BY a.sent_time DESC

SELECT pay_id, is_cod FROM `wsc20`.`ecs_payment` WHERE enabled = 1

SELECT COUNT(*) FROM `wsc20`.`ecs_order_info` WHERE 1  AND order_status  IN ('1','5')  AND shipping_status  IN ('1','2')  AND pay_status  IN ('2','1')  

SELECT pay_id FROM `wsc20`.`ecs_payment` WHERE is_cod = 1

SELECT COUNT(*) FROM `wsc20`.`ecs_order_info` WHERE 1  AND   order_status  IN ('1','5','6')  AND   shipping_status  IN ('0','3','5')  AND ( pay_status  IN ('2','1')  OR pay_id  IN ('') ) 

SELECT pay_id FROM `wsc20`.`ecs_payment` WHERE is_cod = 0

SELECT COUNT(*) FROM `wsc20`.`ecs_order_info` WHERE 1  AND   order_status  IN ('1','5')  AND   pay_status = '0' AND ( shipping_status  IN ('1','2')  OR pay_id  IN ('') ) 

SELECT COUNT(*) FROM `wsc20`.`ecs_order_info` WHERE 1  AND order_status = '0' 

SELECT COUNT(*) FROM `wsc20`.`ecs_order_info` WHERE  shipping_status=4

SELECT COUNT(*) AS oCount, IFNULL(SUM(order_amount), 0) AS oAmount FROM `wsc20`.`ecs_order_info`

SELECT COUNT(*) FROM `wsc20`.`ecs_goods` WHERE is_delete = 0 AND is_alone_sale = 1 AND is_real = 1

SELECT COUNT(*) FROM `wsc20`.`ecs_goods` WHERE is_delete = 0 AND is_alone_sale = 1 AND is_real=0 AND extension_code='virtual_card'

SELECT COUNT(*) FROM `wsc20`.`ecs_goods` WHERE is_delete = 0 AND is_new = 1 AND is_real = 1

SELECT COUNT(*) FROM `wsc20`.`ecs_goods` WHERE is_delete = 0 AND is_new = 1 AND is_real=0 AND extension_code='virtual_card'

SELECT COUNT(*) FROM `wsc20`.`ecs_goods` WHERE is_delete = 0 AND is_best = 1 AND is_real = 1

SELECT COUNT(*) FROM `wsc20`.`ecs_goods` WHERE is_delete = 0 AND is_best = 1 AND is_real=0 AND extension_code='virtual_card'

SELECT COUNT(*) FROM `wsc20`.`ecs_goods` WHERE is_delete = 0 AND is_hot = 1 AND is_real = 1

SELECT COUNT(*) FROM `wsc20`.`ecs_goods` WHERE is_delete = 0 AND is_hot = 1 AND is_real=0 AND extension_code='virtual_card'

SELECT COUNT(*) FROM `wsc20`.`ecs_goods` WHERE is_delete = 0 AND promote_price>0 AND promote_start_date <= '1464994344' AND promote_end_date >= '1464994344' AND is_real = 1

SELECT COUNT(*) FROM `wsc20`.`ecs_goods` WHERE is_delete = 0 AND promote_price>0 AND promote_start_date <= '1464994344' AND promote_end_date >= '1464994344' AND is_real=0 AND extension_code='virtual_card'

SELECT COUNT(*) FROM `wsc20`.`ecs_goods` WHERE is_delete = 0 AND goods_number <= warn_number AND is_real = 1

SELECT COUNT(*) FROM `wsc20`.`ecs_goods` WHERE is_delete = 0 AND goods_number <= warn_number AND is_real=0 AND extension_code='virtual_card'

SELECT COUNT(*) FROM `wsc20`.`ecs_stats` WHERE access_time > 1464940800

SELECT count(*) FROM `wsc20`.`ecs_sessions`

SELECT COUNT(f.msg_id) FROM `wsc20`.`ecs_feedback` AS f LEFT JOIN `wsc20`.`ecs_feedback` AS r ON r.parent_id=f.msg_id WHERE f.parent_id=0 AND ISNULL(r.msg_id) 

SELECT COUNT(*) FROM `wsc20`.`ecs_comment` WHERE status = 0 AND parent_id = 0

SELECT COUNT(*) FROM `wsc20`.`ecs_booking_goods` WHERE is_dispose = 0

SELECT COUNT(*) FROM `wsc20`.`ecs_user_account` WHERE process_type = 1 AND is_paid = 0 

DELETE FROM `wsc20`.`ecs_sessions` WHERE expiry < 1465021344

SELECT userid, adminid, user_name, user_rank, discount, email, data, expiry FROM `wsc20`.`ecs_sessions` WHERE sesskey = '31dec90cbdcea16ba936d70d95350206'

SELECT data, expiry FROM `wsc20`.`ecs_sessions_data` WHERE sesskey = '31dec90cbdcea16ba936d70d95350206'

SELECT code, value FROM `wsc20`.`ecs_shop_config` WHERE parent_id > 0

SELECT userid, adminid, user_name, user_rank, discount, email, data, expiry FROM `wsc20`.`ecs_sessions` WHERE sesskey = '31dec90cbdcea16ba936d70d95350206'

SELECT data, expiry FROM `wsc20`.`ecs_sessions_data` WHERE sesskey = '31dec90cbdcea16ba936d70d95350206'

SELECT code, value FROM `wsc20`.`ecs_shop_config` WHERE parent_id > 0

SELECT COUNT(*) AS oCount, IFNULL(SUM(order_amount), 0) AS oAmount FROM `wsc20`.`ecs_order_info`

SELECT COUNT(*) FROM `wsc20`.`ecs_goods` WHERE is_delete = 0 AND is_alone_sale = 1 AND is_real = 1

SELECT COUNT(*) FROM `wsc20`.`ecs_users`

SELECT value FROM `wsc20`.`ecs_shop_config` WHERE code = 'template'

SELECT value FROM `wsc20`.`ecs_shop_config` WHERE code = 'stylename'

DELETE FROM `wsc20`.`ecs_sessions` WHERE expiry < 1465021344

DELETE FROM `wsc20`.`ecs_sessions_data` WHERE expiry < 1465021346

DELETE FROM `wsc20`.`ecs_sessions` WHERE expiry < 1465021346

SELECT userid, adminid, user_name, user_rank, discount, email, data, expiry FROM `wsc20`.`ecs_sessions` WHERE sesskey = '31dec90cbdcea16ba936d70d95350206'

SELECT data, expiry FROM `wsc20`.`ecs_sessions_data` WHERE sesskey = '31dec90cbdcea16ba936d70d95350206'

SELECT code, value FROM `wsc20`.`ecs_shop_config` WHERE parent_id > 0

SHOW TABLES LIKE 'ecs\_%'

SELECT userid, adminid, user_name, user_rank, discount, email, data, expiry FROM `wsc20`.`ecs_sessions` WHERE sesskey = '31dec90cbdcea16ba936d70d95350206'

SELECT data, expiry FROM `wsc20`.`ecs_sessions_data` WHERE sesskey = '31dec90cbdcea16ba936d70d95350206'

SELECT code, value FROM `wsc20`.`ecs_shop_config` WHERE parent_id > 0

SELECT rank_id, rank_name, min_points FROM `wsc20`.`ecs_user_rank` ORDER BY min_points ASC 

SELECT COUNT(*) FROM `wsc20`.`ecs_users` WHERE 1 

SELECT user_id, user_name,sex,birthday,mobile_phone,email, is_validated, user_money, frozen_money, rank_points, pay_points, reg_time  FROM `wsc20`.`ecs_users` WHERE 1  ORDER by user_id DESC LIMIT 0,15

SELECT userid, adminid, user_name, user_rank, discount, email, data, expiry FROM `wsc20`.`ecs_sessions` WHERE sesskey = 'f92058486359c9d2f468c4c91e726bda'

SELECT code, value FROM `wsc20`.`ecs_shop_config` WHERE parent_id > 0

SELECT COUNT(*) FROM `wsc20`.`ecs_order_info` WHERE add_time >= '1464994188'

SELECT COUNT(*) FROM `wsc20`.`ecs_order_info` WHERE pay_time >= 1464994188

UPDATE `wsc20`.`ecs_sessions` SET expiry = '1465023168', ip = '192.168.1.18', userid = '0', adminid = '1', user_name='0', user_rank='0', discount='0', email='0', data = 'a:4:{s:10:\"admin_name\";s:5:\"admin\";s:11:\"action_list\";s:3:\"all\";s:10:\"last_check\";i:1464994368;s:12:\"suppliers_id\";s:1:\"0\";}' WHERE sesskey = 'f92058486359c9d2f468c4c91e726bda' LIMIT 1

DELETE FROM `wsc20`.`ecs_sessions_data` WHERE expiry < 1465021368

DELETE FROM `wsc20`.`ecs_sessions` WHERE expiry < 1465021368

SELECT userid, adminid, user_name, user_rank, discount, email, data, expiry FROM `wsc20`.`ecs_sessions` WHERE sesskey = '31dec90cbdcea16ba936d70d95350206'

SELECT data, expiry FROM `wsc20`.`ecs_sessions_data` WHERE sesskey = '31dec90cbdcea16ba936d70d95350206'

SELECT code, value FROM `wsc20`.`ecs_shop_config` WHERE parent_id > 0

SELECT bonus_type_id, COUNT(*) AS sent_count FROM `wsc20`.`ecs_user_bonus` GROUP BY bonus_type_id

SELECT bonus_type_id, COUNT(*) AS used_count FROM `wsc20`.`ecs_user_bonus` WHERE used_time > 0 GROUP BY bonus_type_id

SELECT COUNT(*) FROM `wsc20`.`ecs_bonus_type`

SELECT * FROM `wsc20`.`ecs_bonus_type` ORDER BY type_id DESC LIMIT 15

DELETE FROM `wsc20`.`ecs_sessions` WHERE expiry < 1465021438

SELECT userid, adminid, user_name, user_rank, discount, email, data, expiry FROM `wsc20`.`ecs_sessions` WHERE sesskey = '31dec90cbdcea16ba936d70d95350206'

SELECT data, expiry FROM `wsc20`.`ecs_sessions_data` WHERE sesskey = '31dec90cbdcea16ba936d70d95350206'

SELECT code, value FROM `wsc20`.`ecs_shop_config` WHERE parent_id > 0

SELECT * FROM `wsc20`.`ecs_shop_config` WHERE type<>'hidden'  AND (id='5' OR parent_id='5')  ORDER BY parent_id, sort_order, id

DELETE FROM `wsc20`.`ecs_sessions` WHERE expiry < 1465021492

SELECT userid, adminid, user_name, user_rank, discount, email, data, expiry FROM `wsc20`.`ecs_sessions` WHERE sesskey = '31dec90cbdcea16ba936d70d95350206'

SELECT data, expiry FROM `wsc20`.`ecs_sessions_data` WHERE sesskey = '31dec90cbdcea16ba936d70d95350206'

SELECT code, value FROM `wsc20`.`ecs_shop_config` WHERE parent_id > 0

SELECT count(*) FROM `wsc20`.`ecs_email_sendlist` e LEFT JOIN `wsc20`.`ecs_mail_templates` m ON e.template_id = m.template_id

SELECT e.id, e.email, e.pri, e.error, FROM_UNIXTIME(e.last_send) AS last_send, m.template_subject, m.type FROM `wsc20`.`ecs_email_sendlist` e LEFT JOIN `wsc20`.`ecs_mail_templates` m ON e.template_id = m.template_id ORDER by pri DESC LIMIT 0,15

DELETE FROM `wsc20`.`ecs_sessions_data` WHERE expiry < 1465021495

SELECT userid, adminid, user_name, user_rank, discount, email, data, expiry FROM `wsc20`.`ecs_sessions` WHERE sesskey = '31dec90cbdcea16ba936d70d95350206'

SELECT data, expiry FROM `wsc20`.`ecs_sessions_data` WHERE sesskey = '31dec90cbdcea16ba936d70d95350206'

SELECT code, value FROM `wsc20`.`ecs_shop_config` WHERE parent_id > 0

SHOW TABLES LIKE 'ecs\_%'

DELETE FROM `wsc20`.`ecs_sessions_data` WHERE expiry < 1465021503

SELECT userid, adminid, user_name, user_rank, discount, email, data, expiry FROM `wsc20`.`ecs_sessions` WHERE sesskey = '31dec90cbdcea16ba936d70d95350206'

SELECT data, expiry FROM `wsc20`.`ecs_sessions_data` WHERE sesskey = '31dec90cbdcea16ba936d70d95350206'

SELECT code, value FROM `wsc20`.`ecs_shop_config` WHERE parent_id > 0

SHOW TABLES LIKE 'ecs\_%'

SELECT userid, adminid, user_name, user_rank, discount, email, data, expiry FROM `wsc20`.`ecs_sessions` WHERE sesskey = '31dec90cbdcea16ba936d70d95350206'

SELECT data, expiry FROM `wsc20`.`ecs_sessions_data` WHERE sesskey = '31dec90cbdcea16ba936d70d95350206'

SELECT code, value FROM `wsc20`.`ecs_shop_config` WHERE parent_id > 0

DELETE FROM `wsc20`.`ecs_sessions` WHERE expiry < 1465021506

SELECT userid, adminid, user_name, user_rank, discount, email, data, expiry FROM `wsc20`.`ecs_sessions` WHERE sesskey = '31dec90cbdcea16ba936d70d95350206'

SELECT data, expiry FROM `wsc20`.`ecs_sessions_data` WHERE sesskey = '31dec90cbdcea16ba936d70d95350206'

SELECT code, value FROM `wsc20`.`ecs_shop_config` WHERE parent_id > 0

SELECT COUNT(*) FROM `wsc20`.`ecs_order_info` WHERE add_time >= '1464994324'

SELECT COUNT(*) FROM `wsc20`.`ecs_order_info` WHERE pay_time >= 1464994324

DESC `wsc20`.`ecs_sessions_data`

INSERT INTO `wsc20`.`ecs_sessions_data` (sesskey, expiry, data) VALUES ('31dec90cbdcea16ba936d70d95350206', '1465023306', 'a:6:{s:10:\"admin_name\";s:5:\"admin\";s:11:\"action_list\";s:3:\"all\";s:10:\"last_check\";i:1464994506;s:12:\"suppliers_id\";s:1:\"0\";s:9:\"wechat_id\";i:1;s:9:\"user_list\";a:1:{i:0;a:12:{s:7:\"user_id\";s:1:\"1\";s:9:\"user_name\";s:4:\"test\";s:3:\"sex\";s:1:\"0\";s:8:\"birthday\";s:10:\"1956-01-01\";s:12:\"mobile_phone\";s:0:\"\";s:5:\"email\";s:12:\"test@163.com\";s:12:\"is_validated\";s:1:\"0\";s:10:\"user_money\";s:4:\"0.00\";s:12:\"frozen_money\";s:4:\"0.00\";s:11:\"rank_points\";s:1:\"0\";s:10:\"pay_points\";s:1:\"0\";s:8:\"reg_time\";s:10:\"2016-06-01\";}}}')ON DUPLICATE KEY UPDATE expiry = expiry + 1465023306, data = 'a:6:{s:10:\"admin_name\";s:5:\"admin\";s:11:\"action_list\";s:3:\"all\";s:10:\"last_check\";i:1464994506;s:12:\"suppliers_id\";s:1:\"0\";s:9:\"wechat_id\";i:1;s:9:\"user_list\";a:1:{i:0;a:12:{s:7:\"user_id\";s:1:\"1\";s:9:\"user_name\";s:4:\"test\";s:3:\"sex\";s:1:\"0\";s:8:\"birthday\";s:10:\"1956-01-01\";s:12:\"mobile_phone\";s:0:\"\";s:5:\"email\";s:12:\"test@163.com\";s:12:\"is_validated\";s:1:\"0\";s:10:\"user_money\";s:4:\"0.00\";s:12:\"frozen_money\";s:4:\"0.00\";s:11:\"rank_points\";s:1:\"0\";s:10:\"pay_points\";s:1:\"0\";s:8:\"reg_time\";s:10:\"2016-06-01\";}}}'

UPDATE `wsc20`.`ecs_sessions` SET expiry = '1465023306', ip = '127.0.0.1', userid = '0', adminid = '1', user_name='0', user_rank='0', discount='0', email='0', data = '' WHERE sesskey = '31dec90cbdcea16ba936d70d95350206' LIMIT 1

DELETE FROM `wsc20`.`ecs_sessions` WHERE expiry < 1465021506

SELECT userid, adminid, user_name, user_rank, discount, email, data, expiry FROM `wsc20`.`ecs_sessions` WHERE sesskey = '31dec90cbdcea16ba936d70d95350206'

SELECT data, expiry FROM `wsc20`.`ecs_sessions_data` WHERE sesskey = '31dec90cbdcea16ba936d70d95350206'

SELECT code, value FROM `wsc20`.`ecs_shop_config` WHERE parent_id > 0

SHOW TABLE STATUS LIKE 'ecs\_%'

CHECK TABLE ecs_account_log

CHECK TABLE ecs_ad

CHECK TABLE ecs_ad_custom

CHECK TABLE ecs_ad_position

CHECK TABLE ecs_admin_action

CHECK TABLE ecs_admin_log

CHECK TABLE ecs_admin_message

CHECK TABLE ecs_admin_user

CHECK TABLE ecs_adsense

CHECK TABLE ecs_affiliate_log

CHECK TABLE ecs_agency

CHECK TABLE ecs_area_region

CHECK TABLE ecs_article

CHECK TABLE ecs_article_cat

CHECK TABLE ecs_attribute

CHECK TABLE ecs_auction_log

CHECK TABLE ecs_auto_manage

CHECK TABLE ecs_back_goods

CHECK TABLE ecs_back_order

CHECK TABLE ecs_bonus_type

CHECK TABLE ecs_booking_goods

CHECK TABLE ecs_brand

CHECK TABLE ecs_card

CHECK TABLE ecs_cart

CHECK TABLE ecs_cat_recommend

CHECK TABLE ecs_category

CHECK TABLE ecs_collect_goods

CHECK TABLE ecs_comment

CHECK TABLE ecs_crons

CHECK TABLE ecs_delivery_goods

CHECK TABLE ecs_delivery_order

CHECK TABLE ecs_drp_apply

CHECK TABLE ecs_drp_bank

CHECK TABLE ecs_drp_config

CHECK TABLE ecs_drp_goods

CHECK TABLE ecs_drp_log

CHECK TABLE ecs_drp_order_goods

CHECK TABLE ecs_drp_order_info

CHECK TABLE ecs_drp_profit

CHECK TABLE ecs_drp_shop

CHECK TABLE ecs_drp_visiter

CHECK TABLE ecs_email_list

CHECK TABLE ecs_email_sendlist

CHECK TABLE ecs_error_log

CHECK TABLE ecs_exchange_goods

CHECK TABLE ecs_favourable_activity

CHECK TABLE ecs_feedback

CHECK TABLE ecs_friend_link

CHECK TABLE ecs_goods

CHECK TABLE ecs_goods_activity

CHECK TABLE ecs_goods_article

CHECK TABLE ecs_goods_attr

CHECK TABLE ecs_goods_cat

CHECK TABLE ecs_goods_gallery

CHECK TABLE ecs_goods_type

CHECK TABLE ecs_group_goods

CHECK TABLE ecs_keywords

CHECK TABLE ecs_link_goods

CHECK TABLE ecs_mail_templates

CHECK TABLE ecs_member_price

CHECK TABLE ecs_nav

CHECK TABLE ecs_order_action

CHECK TABLE ecs_order_goods

CHECK TABLE ecs_order_info

CHECK TABLE ecs_pack

CHECK TABLE ecs_package_goods

CHECK TABLE ecs_pay_log

CHECK TABLE ecs_payment

CHECK TABLE ecs_plugins

CHECK TABLE ecs_products

CHECK TABLE ecs_reg_extend_info

CHECK TABLE ecs_reg_fields

CHECK TABLE ecs_region

CHECK TABLE ecs_role

CHECK TABLE ecs_searchengine

CHECK TABLE ecs_shipping

CHECK TABLE ecs_shipping_area

CHECK TABLE ecs_shop_config

CHECK TABLE ecs_snatch_log

CHECK TABLE ecs_stats

CHECK TABLE ecs_suppliers

CHECK TABLE ecs_tag

CHECK TABLE ecs_template

CHECK TABLE ecs_topic

CHECK TABLE ecs_touch_activity

CHECK TABLE ecs_touch_auth

CHECK TABLE ecs_touch_category

CHECK TABLE ecs_touch_feedback

CHECK TABLE ecs_touch_goods

CHECK TABLE ecs_touch_goods_activity

CHECK TABLE ecs_touch_nav

CHECK TABLE ecs_touch_topic

CHECK TABLE ecs_touch_user_info

CHECK TABLE ecs_user_account

CHECK TABLE ecs_user_address

CHECK TABLE ecs_user_bonus

CHECK TABLE ecs_user_feed

CHECK TABLE ecs_user_rank

CHECK TABLE ecs_users

CHECK TABLE ecs_virtual_card

CHECK TABLE ecs_volume_price

CHECK TABLE ecs_vote

CHECK TABLE ecs_vote_log

CHECK TABLE ecs_vote_option

CHECK TABLE ecs_wechat

CHECK TABLE ecs_wechat_custom_message

CHECK TABLE ecs_wechat_extend

CHECK TABLE ecs_wechat_mass_history

CHECK TABLE ecs_wechat_media

CHECK TABLE ecs_wechat_menu

CHECK TABLE ecs_wechat_point

CHECK TABLE ecs_wechat_prize

CHECK TABLE ecs_wechat_qrcode

CHECK TABLE ecs_wechat_reply

CHECK TABLE ecs_wechat_rule_keywords

CHECK TABLE ecs_wechat_template

CHECK TABLE ecs_wechat_user

CHECK TABLE ecs_wechat_user_group

CHECK TABLE ecs_wechat_wall

CHECK TABLE ecs_wechat_wall_msg

CHECK TABLE ecs_wechat_wall_user

CHECK TABLE ecs_wholesale

DELETE FROM `wsc20`.`ecs_sessions` WHERE expiry < 1465021508

SELECT userid, adminid, user_name, user_rank, discount, email, data, expiry FROM `wsc20`.`ecs_sessions` WHERE sesskey = '31dec90cbdcea16ba936d70d95350206'

SELECT data, expiry FROM `wsc20`.`ecs_sessions_data` WHERE sesskey = '31dec90cbdcea16ba936d70d95350206'

SELECT code, value FROM `wsc20`.`ecs_shop_config` WHERE parent_id > 0

DELETE FROM `wsc20`.`ecs_template` WHERE 1  AND theme <> 'default' 

DELETE FROM `wsc20`.`ecs_sessions_data` WHERE expiry < 1465021509

SELECT userid, adminid, user_name, user_rank, discount, email, data, expiry FROM `wsc20`.`ecs_sessions` WHERE sesskey = '31dec90cbdcea16ba936d70d95350206'

SELECT data, expiry FROM `wsc20`.`ecs_sessions_data` WHERE sesskey = '31dec90cbdcea16ba936d70d95350206'

SELECT code, value FROM `wsc20`.`ecs_shop_config` WHERE parent_id > 0

DELETE FROM `wsc20`.`ecs_sessions` WHERE expiry < 1465021516

SELECT userid, adminid, user_name, user_rank, discount, email, data, expiry FROM `wsc20`.`ecs_sessions` WHERE sesskey = '31dec90cbdcea16ba936d70d95350206'

SELECT data, expiry FROM `wsc20`.`ecs_sessions_data` WHERE sesskey = '31dec90cbdcea16ba936d70d95350206'

SELECT code, value FROM `wsc20`.`ecs_shop_config` WHERE parent_id > 0

DELETE FROM `wsc20`.`ecs_template` WHERE 1  AND theme <> 'default' 

SELECT userid, adminid, user_name, user_rank, discount, email, data, expiry FROM `wsc20`.`ecs_sessions` WHERE sesskey = '31dec90cbdcea16ba936d70d95350206'

SELECT data, expiry FROM `wsc20`.`ecs_sessions_data` WHERE sesskey = '31dec90cbdcea16ba936d70d95350206'

SELECT code, value FROM `wsc20`.`ecs_shop_config` WHERE parent_id > 0

SELECT FLOOR((access_time - 1464336000) / (24 * 3600)) AS sn, access_time, COUNT(*) AS access_count FROM `wsc20`.`ecs_stats` WHERE access_time >= '1464336000' AND access_time <= 1465027200 GROUP BY sn

SELECT COUNT(*) AS access_count, area FROM `wsc20`.`ecs_stats` WHERE access_time >= '1464336000' AND access_time < 1465027200 GROUP BY area ORDER BY access_count DESC LIMIT 20

SELECT COUNT(*) AS access_count, referer_domain FROM `wsc20`.`ecs_stats` WHERE access_time >= '1464336000' AND access_time <= 1465027200 GROUP BY referer_domain ORDER BY access_count DESC LIMIT 20

DELETE FROM `wsc20`.`ecs_sessions` WHERE expiry < 1465021518

SELECT userid, adminid, user_name, user_rank, discount, email, data, expiry FROM `wsc20`.`ecs_sessions` WHERE sesskey = '31dec90cbdcea16ba936d70d95350206'

SELECT data, expiry FROM `wsc20`.`ecs_sessions_data` WHERE sesskey = '31dec90cbdcea16ba936d70d95350206'

SELECT code, value FROM `wsc20`.`ecs_shop_config` WHERE parent_id > 0

SELECT c.*, COUNT(s.cat_id) AS has_children, COUNT(a.article_id) AS aricle_num  FROM `wsc20`.`ecs_article_cat` AS c LEFT JOIN `wsc20`.`ecs_article_cat` AS s ON s.parent_id=c.cat_id LEFT JOIN `wsc20`.`ecs_article` AS a ON a.cat_id=c.cat_id GROUP BY c.cat_id  ORDER BY parent_id, sort_order ASC

DELETE FROM `wsc20`.`ecs_sessions_data` WHERE expiry < 1465021521

SELECT userid, adminid, user_name, user_rank, discount, email, data, expiry FROM `wsc20`.`ecs_sessions` WHERE sesskey = '31dec90cbdcea16ba936d70d95350206'

SELECT data, expiry FROM `wsc20`.`ecs_sessions_data` WHERE sesskey = '31dec90cbdcea16ba936d70d95350206'

SELECT code, value FROM `wsc20`.`ecs_shop_config` WHERE parent_id > 0

SELECT c.*, COUNT(s.cat_id) AS has_children, COUNT(a.article_id) AS aricle_num  FROM `wsc20`.`ecs_article_cat` AS c LEFT JOIN `wsc20`.`ecs_article_cat` AS s ON s.parent_id=c.cat_id LEFT JOIN `wsc20`.`ecs_article` AS a ON a.cat_id=c.cat_id GROUP BY c.cat_id  ORDER BY parent_id, sort_order ASC

SELECT COUNT(*) FROM `wsc20`.`ecs_article` AS a LEFT JOIN `wsc20`.`ecs_article_cat` AS ac ON ac.cat_id = a.cat_id WHERE 1  AND a.cat_id IN ('2') 

SELECT a.* , ac.cat_name FROM `wsc20`.`ecs_article` AS a LEFT JOIN `wsc20`.`ecs_article_cat` AS ac ON ac.cat_id = a.cat_id WHERE 1  AND a.cat_id IN ('2')  ORDER by a.article_id DESC LIMIT 15

SELECT userid, adminid, user_name, user_rank, discount, email, data, expiry FROM `wsc20`.`ecs_sessions` WHERE sesskey = '31dec90cbdcea16ba936d70d95350206'

SELECT data, expiry FROM `wsc20`.`ecs_sessions_data` WHERE sesskey = '31dec90cbdcea16ba936d70d95350206'

SELECT code, value FROM `wsc20`.`ecs_shop_config` WHERE parent_id > 0

SELECT rank_id, rank_name, min_points FROM `wsc20`.`ecs_user_rank` ORDER BY min_points ASC 

SELECT COUNT(*) FROM `wsc20`.`ecs_users` WHERE 1 

SELECT user_id, user_name,sex,birthday,mobile_phone,email, is_validated, user_money, frozen_money, rank_points, pay_points, reg_time  FROM `wsc20`.`ecs_users` WHERE 1  ORDER by user_id DESC LIMIT 0,15

DELETE FROM `wsc20`.`ecs_sessions_data` WHERE expiry < 1465021527

SELECT userid, adminid, user_name, user_rank, discount, email, data, expiry FROM `wsc20`.`ecs_sessions` WHERE sesskey = '31dec90cbdcea16ba936d70d95350206'

SELECT data, expiry FROM `wsc20`.`ecs_sessions_data` WHERE sesskey = '31dec90cbdcea16ba936d70d95350206'

SELECT code, value FROM `wsc20`.`ecs_shop_config` WHERE parent_id > 0

SELECT agency_id FROM `wsc20`.`ecs_admin_user` WHERE user_id = '1'

SELECT COUNT(*) FROM `wsc20`.`ecs_order_info` AS o WHERE 1 

SELECT o.order_id, o.order_sn, o.add_time, o.order_status, o.shipping_status, o.order_amount, o.money_paid,o.pay_status, o.consignee, o.address, o.email, o.tel, o.extension_code, o.extension_id, (   o.goods_amount + o.tax + o.shipping_fee + o.insure_fee + o.pay_fee + o.pack_fee + o.card_fee ) AS total_fee, IFNULL(u.user_name, '匿名用户') AS buyer  FROM `wsc20`.`ecs_order_info` AS o  LEFT JOIN `wsc20`.`ecs_users` AS u ON u.user_id=o.user_id WHERE 1  ORDER BY add_time DESC  LIMIT 0,15

SELECT userid, adminid, user_name, user_rank, discount, email, data, expiry FROM `wsc20`.`ecs_sessions` WHERE sesskey = '31dec90cbdcea16ba936d70d95350206'

SELECT data, expiry FROM `wsc20`.`ecs_sessions_data` WHERE sesskey = '31dec90cbdcea16ba936d70d95350206'

SELECT code, value FROM `wsc20`.`ecs_shop_config` WHERE parent_id > 0

SELECT suppliers_id, suppliers_name, suppliers_desc
            FROM `wsc20`.`ecs_suppliers`
            WHERE  is_check = 1 

SELECT c.cat_id, c.cat_name, c.measure_unit, c.parent_id, c.is_show, c.show_in_nav, c.grade, c.sort_order, COUNT(s.cat_id) AS has_children FROM `wsc20`.`ecs_category` AS c LEFT JOIN `wsc20`.`ecs_category` AS s ON s.parent_id=c.cat_id GROUP BY c.cat_id ORDER BY c.parent_id, c.sort_order ASC

SELECT cat_id, COUNT(*) AS goods_num  FROM `wsc20`.`ecs_goods` WHERE is_delete = 0 AND is_on_sale = 1  GROUP BY cat_id

SELECT gc.cat_id, COUNT(*) AS goods_num  FROM `wsc20`.`ecs_goods_cat` AS gc , `wsc20`.`ecs_goods` AS g  WHERE g.goods_id = gc.goods_id AND g.is_delete = 0 AND g.is_on_sale = 1  GROUP BY gc.cat_id

SELECT brand_id, brand_name FROM `wsc20`.`ecs_brand` ORDER BY sort_order

SELECT suppliers_id, suppliers_name, suppliers_desc
            FROM `wsc20`.`ecs_suppliers`
            WHERE  is_check = 1 

SELECT COUNT(*) FROM `wsc20`.`ecs_goods` AS g WHERE is_delete='0'  AND is_real='1'

SELECT goods_id, goods_name, goods_type, goods_sn, shop_price, is_on_sale, is_best, is_new, is_hot, sort_order, goods_number, integral,  (promote_price > 0 AND promote_start_date <= '1465027199' AND promote_end_date >= '1465027199') AS is_promote  FROM `wsc20`.`ecs_goods` AS g WHERE is_delete='0'  AND is_real='1' ORDER BY goods_id DESC  LIMIT 0,15

SELECT DISTINCT cat_id
            FROM `wsc20`.`ecs_attribute`
            WHERE attr_type = 1

SELECT userid, adminid, user_name, user_rank, discount, email, data, expiry FROM `wsc20`.`ecs_sessions` WHERE sesskey = '31dec90cbdcea16ba936d70d95350206'

SELECT data, expiry FROM `wsc20`.`ecs_sessions_data` WHERE sesskey = '31dec90cbdcea16ba936d70d95350206'

SELECT code, value FROM `wsc20`.`ecs_shop_config` WHERE parent_id > 0

SELECT * FROM `wsc20`.`ecs_shop_config` WHERE type<>'hidden'   AND (parent_id<>'5' AND id<>'5') ORDER BY parent_id, sort_order, id

SELECT region_id, region_name FROM `wsc20`.`ecs_region` WHERE region_type = '0' AND parent_id = '0'

SELECT region_id, region_name FROM `wsc20`.`ecs_region` WHERE region_type = '1' AND parent_id = '1'

SELECT region_id, region_name FROM `wsc20`.`ecs_region` WHERE region_type = '2' AND parent_id = '2'

DELETE FROM `wsc20`.`ecs_sessions` WHERE expiry < 1465021544

SELECT userid, adminid, user_name, user_rank, discount, email, data, expiry FROM `wsc20`.`ecs_sessions` WHERE sesskey = 'f92058486359c9d2f468c4c91e726bda'

SELECT code, value FROM `wsc20`.`ecs_shop_config` WHERE parent_id > 0

SELECT COUNT(*) FROM `wsc20`.`ecs_order_info` WHERE add_time >= '1464994368'

SELECT COUNT(*) FROM `wsc20`.`ecs_order_info` WHERE pay_time >= 1464994368

UPDATE `wsc20`.`ecs_sessions` SET expiry = '1465023348', ip = '192.168.1.18', userid = '0', adminid = '1', user_name='0', user_rank='0', discount='0', email='0', data = 'a:4:{s:10:\"admin_name\";s:5:\"admin\";s:11:\"action_list\";s:3:\"all\";s:10:\"last_check\";i:1464994548;s:12:\"suppliers_id\";s:1:\"0\";}' WHERE sesskey = 'f92058486359c9d2f468c4c91e726bda' LIMIT 1

DELETE FROM `wsc20`.`ecs_sessions` WHERE expiry < 1465021548

SELECT userid, adminid, user_name, user_rank, discount, email, data, expiry FROM `wsc20`.`ecs_sessions` WHERE sesskey = '31dec90cbdcea16ba936d70d95350206'

SELECT data, expiry FROM `wsc20`.`ecs_sessions_data` WHERE sesskey = '31dec90cbdcea16ba936d70d95350206'

SELECT code, value FROM `wsc20`.`ecs_shop_config` WHERE parent_id > 0

SELECT suppliers_id, suppliers_name, suppliers_desc
            FROM `wsc20`.`ecs_suppliers`
            WHERE  is_check = 1 

SELECT c.cat_id, c.cat_name, c.measure_unit, c.parent_id, c.is_show, c.show_in_nav, c.grade, c.sort_order, COUNT(s.cat_id) AS has_children FROM `wsc20`.`ecs_category` AS c LEFT JOIN `wsc20`.`ecs_category` AS s ON s.parent_id=c.cat_id GROUP BY c.cat_id ORDER BY c.parent_id, c.sort_order ASC

SELECT cat_id, COUNT(*) AS goods_num  FROM `wsc20`.`ecs_goods` WHERE is_delete = 0 AND is_on_sale = 1  GROUP BY cat_id

SELECT gc.cat_id, COUNT(*) AS goods_num  FROM `wsc20`.`ecs_goods_cat` AS gc , `wsc20`.`ecs_goods` AS g  WHERE g.goods_id = gc.goods_id AND g.is_delete = 0 AND g.is_on_sale = 1  GROUP BY gc.cat_id

SELECT brand_id, brand_name FROM `wsc20`.`ecs_brand` ORDER BY sort_order

SELECT suppliers_id, suppliers_name, suppliers_desc
            FROM `wsc20`.`ecs_suppliers`
            WHERE  is_check = 1 

SELECT COUNT(*) FROM `wsc20`.`ecs_goods` AS g WHERE is_delete='0'  AND is_real='1'

SELECT goods_id, goods_name, goods_type, goods_sn, shop_price, is_on_sale, is_best, is_new, is_hot, sort_order, goods_number, integral,  (promote_price > 0 AND promote_start_date <= '1465027199' AND promote_end_date >= '1465027199') AS is_promote  FROM `wsc20`.`ecs_goods` AS g WHERE is_delete='0'  AND is_real='1' ORDER BY goods_id DESC  LIMIT 0,15

SELECT DISTINCT cat_id
            FROM `wsc20`.`ecs_attribute`
            WHERE attr_type = 1

SELECT userid, adminid, user_name, user_rank, discount, email, data, expiry FROM `wsc20`.`ecs_sessions` WHERE sesskey = '31dec90cbdcea16ba936d70d95350206'

SELECT data, expiry FROM `wsc20`.`ecs_sessions_data` WHERE sesskey = '31dec90cbdcea16ba936d70d95350206'

SELECT code, value FROM `wsc20`.`ecs_shop_config` WHERE parent_id > 0

UPDATE `wsc20`.`ecs_goods` SET is_best = '1', last_update=1464994599 WHERE goods_id = '1'

SELECT userid, adminid, user_name, user_rank, discount, email, data, expiry FROM `wsc20`.`ecs_sessions` WHERE sesskey = '31dec90cbdcea16ba936d70d95350206'

SELECT data, expiry FROM `wsc20`.`ecs_sessions_data` WHERE sesskey = '31dec90cbdcea16ba936d70d95350206'

SELECT code, value FROM `wsc20`.`ecs_shop_config` WHERE parent_id > 0

DELETE FROM `wsc20`.`ecs_sessions_data` WHERE expiry < 1465021600

DELETE FROM `wsc20`.`ecs_sessions` WHERE expiry < 1465021600

SELECT userid, adminid, user_name, user_rank, discount, email, data, expiry FROM `wsc20`.`ecs_sessions` WHERE sesskey = '31dec90cbdcea16ba936d70d95350206'

SELECT data, expiry FROM `wsc20`.`ecs_sessions_data` WHERE sesskey = '31dec90cbdcea16ba936d70d95350206'

SELECT code, value FROM `wsc20`.`ecs_shop_config` WHERE parent_id > 0

DELETE FROM `wsc20`.`ecs_sessions_data` WHERE expiry < 1465021621

SELECT userid, adminid, user_name, user_rank, discount, email, data, expiry FROM `wsc20`.`ecs_sessions` WHERE sesskey = '31dec90cbdcea16ba936d70d95350206'

SELECT data, expiry FROM `wsc20`.`ecs_sessions_data` WHERE sesskey = '31dec90cbdcea16ba936d70d95350206'

SELECT code, value FROM `wsc20`.`ecs_shop_config` WHERE parent_id > 0

SELECT suppliers_id, suppliers_name, suppliers_desc
            FROM `wsc20`.`ecs_suppliers`
            WHERE  is_check = 1 

SELECT c.cat_id, c.cat_name, c.measure_unit, c.parent_id, c.is_show, c.show_in_nav, c.grade, c.sort_order, COUNT(s.cat_id) AS has_children FROM `wsc20`.`ecs_category` AS c LEFT JOIN `wsc20`.`ecs_category` AS s ON s.parent_id=c.cat_id GROUP BY c.cat_id ORDER BY c.parent_id, c.sort_order ASC

SELECT cat_id, COUNT(*) AS goods_num  FROM `wsc20`.`ecs_goods` WHERE is_delete = 0 AND is_on_sale = 1  GROUP BY cat_id

SELECT gc.cat_id, COUNT(*) AS goods_num  FROM `wsc20`.`ecs_goods_cat` AS gc , `wsc20`.`ecs_goods` AS g  WHERE g.goods_id = gc.goods_id AND g.is_delete = 0 AND g.is_on_sale = 1  GROUP BY gc.cat_id

SELECT brand_id, brand_name FROM `wsc20`.`ecs_brand` ORDER BY sort_order

SELECT suppliers_id, suppliers_name, suppliers_desc
            FROM `wsc20`.`ecs_suppliers`
            WHERE  is_check = 1 

SELECT COUNT(*) FROM `wsc20`.`ecs_goods` AS g WHERE is_delete='0'  AND is_real='1'

SELECT goods_id, goods_name, goods_type, goods_sn, shop_price, is_on_sale, is_best, is_new, is_hot, sort_order, goods_number, integral,  (promote_price > 0 AND promote_start_date <= '1465027199' AND promote_end_date >= '1465027199') AS is_promote  FROM `wsc20`.`ecs_goods` AS g WHERE is_delete='0'  AND is_real='1' ORDER BY goods_id DESC  LIMIT 0,15

SELECT DISTINCT cat_id
            FROM `wsc20`.`ecs_attribute`
            WHERE attr_type = 1

DELETE FROM `wsc20`.`ecs_sessions_data` WHERE expiry < 1465021623

SELECT userid, adminid, user_name, user_rank, discount, email, data, expiry FROM `wsc20`.`ecs_sessions` WHERE sesskey = 'f92058486359c9d2f468c4c91e726bda'

SELECT code, value FROM `wsc20`.`ecs_shop_config` WHERE parent_id > 0

SELECT COUNT(*) FROM `wsc20`.`ecs_order_info` WHERE add_time >= '1464994548'

SELECT COUNT(*) FROM `wsc20`.`ecs_order_info` WHERE pay_time >= 1464994548

UPDATE `wsc20`.`ecs_sessions` SET expiry = '1465023528', ip = '192.168.1.18', userid = '0', adminid = '1', user_name='0', user_rank='0', discount='0', email='0', data = 'a:4:{s:10:\"admin_name\";s:5:\"admin\";s:11:\"action_list\";s:3:\"all\";s:10:\"last_check\";i:1464994728;s:12:\"suppliers_id\";s:1:\"0\";}' WHERE sesskey = 'f92058486359c9d2f468c4c91e726bda' LIMIT 1

DELETE FROM `wsc20`.`ecs_sessions` WHERE expiry < 1465021728

SELECT userid, adminid, user_name, user_rank, discount, email, data, expiry FROM `wsc20`.`ecs_sessions` WHERE sesskey = '31dec90cbdcea16ba936d70d95350206'

SELECT data, expiry FROM `wsc20`.`ecs_sessions_data` WHERE sesskey = '31dec90cbdcea16ba936d70d95350206'

SELECT code, value FROM `wsc20`.`ecs_shop_config` WHERE parent_id > 0

SELECT COUNT(*) FROM `wsc20`.`ecs_order_info` WHERE add_time >= '1464994506'

SELECT COUNT(*) FROM `wsc20`.`ecs_order_info` WHERE pay_time >= 1464994506

DESC `wsc20`.`ecs_sessions_data`

INSERT INTO `wsc20`.`ecs_sessions_data` (sesskey, expiry, data) VALUES ('31dec90cbdcea16ba936d70d95350206', '1465023603', 'a:6:{s:10:\"admin_name\";s:5:\"admin\";s:11:\"action_list\";s:3:\"all\";s:10:\"last_check\";i:1464994803;s:12:\"suppliers_id\";s:1:\"0\";s:9:\"wechat_id\";i:1;s:9:\"user_list\";a:1:{i:0;a:12:{s:7:\"user_id\";s:1:\"1\";s:9:\"user_name\";s:4:\"test\";s:3:\"sex\";s:1:\"0\";s:8:\"birthday\";s:10:\"1956-01-01\";s:12:\"mobile_phone\";s:0:\"\";s:5:\"email\";s:12:\"test@163.com\";s:12:\"is_validated\";s:1:\"0\";s:10:\"user_money\";s:4:\"0.00\";s:12:\"frozen_money\";s:4:\"0.00\";s:11:\"rank_points\";s:1:\"0\";s:10:\"pay_points\";s:1:\"0\";s:8:\"reg_time\";s:10:\"2016-06-01\";}}}')ON DUPLICATE KEY UPDATE expiry = expiry + 1465023603, data = 'a:6:{s:10:\"admin_name\";s:5:\"admin\";s:11:\"action_list\";s:3:\"all\";s:10:\"last_check\";i:1464994803;s:12:\"suppliers_id\";s:1:\"0\";s:9:\"wechat_id\";i:1;s:9:\"user_list\";a:1:{i:0;a:12:{s:7:\"user_id\";s:1:\"1\";s:9:\"user_name\";s:4:\"test\";s:3:\"sex\";s:1:\"0\";s:8:\"birthday\";s:10:\"1956-01-01\";s:12:\"mobile_phone\";s:0:\"\";s:5:\"email\";s:12:\"test@163.com\";s:12:\"is_validated\";s:1:\"0\";s:10:\"user_money\";s:4:\"0.00\";s:12:\"frozen_money\";s:4:\"0.00\";s:11:\"rank_points\";s:1:\"0\";s:10:\"pay_points\";s:1:\"0\";s:8:\"reg_time\";s:10:\"2016-06-01\";}}}'

UPDATE `wsc20`.`ecs_sessions` SET expiry = '1465023603', ip = '127.0.0.1', userid = '0', adminid = '1', user_name='0', user_rank='0', discount='0', email='0', data = '' WHERE sesskey = '31dec90cbdcea16ba936d70d95350206' LIMIT 1

DELETE FROM `wsc20`.`ecs_sessions_data` WHERE expiry < 1465021803

SELECT userid, adminid, user_name, user_rank, discount, email, data, expiry FROM `wsc20`.`ecs_sessions` WHERE sesskey = '31dec90cbdcea16ba936d70d95350206'

SELECT data, expiry FROM `wsc20`.`ecs_sessions_data` WHERE sesskey = '31dec90cbdcea16ba936d70d95350206'

SELECT code, value FROM `wsc20`.`ecs_shop_config` WHERE parent_id > 0

SELECT COUNT(*) FROM `wsc20`.`ecs_order_info` WHERE add_time >= '1464994803'

SELECT COUNT(*) FROM `wsc20`.`ecs_order_info` WHERE pay_time >= 1464994803

DESC `wsc20`.`ecs_sessions_data`

INSERT INTO `wsc20`.`ecs_sessions_data` (sesskey, expiry, data) VALUES ('31dec90cbdcea16ba936d70d95350206', '1465023783', 'a:6:{s:10:\"admin_name\";s:5:\"admin\";s:11:\"action_list\";s:3:\"all\";s:10:\"last_check\";i:1464994983;s:12:\"suppliers_id\";s:1:\"0\";s:9:\"wechat_id\";i:1;s:9:\"user_list\";a:1:{i:0;a:12:{s:7:\"user_id\";s:1:\"1\";s:9:\"user_name\";s:4:\"test\";s:3:\"sex\";s:1:\"0\";s:8:\"birthday\";s:10:\"1956-01-01\";s:12:\"mobile_phone\";s:0:\"\";s:5:\"email\";s:12:\"test@163.com\";s:12:\"is_validated\";s:1:\"0\";s:10:\"user_money\";s:4:\"0.00\";s:12:\"frozen_money\";s:4:\"0.00\";s:11:\"rank_points\";s:1:\"0\";s:10:\"pay_points\";s:1:\"0\";s:8:\"reg_time\";s:10:\"2016-06-01\";}}}')ON DUPLICATE KEY UPDATE expiry = expiry + 1465023783, data = 'a:6:{s:10:\"admin_name\";s:5:\"admin\";s:11:\"action_list\";s:3:\"all\";s:10:\"last_check\";i:1464994983;s:12:\"suppliers_id\";s:1:\"0\";s:9:\"wechat_id\";i:1;s:9:\"user_list\";a:1:{i:0;a:12:{s:7:\"user_id\";s:1:\"1\";s:9:\"user_name\";s:4:\"test\";s:3:\"sex\";s:1:\"0\";s:8:\"birthday\";s:10:\"1956-01-01\";s:12:\"mobile_phone\";s:0:\"\";s:5:\"email\";s:12:\"test@163.com\";s:12:\"is_validated\";s:1:\"0\";s:10:\"user_money\";s:4:\"0.00\";s:12:\"frozen_money\";s:4:\"0.00\";s:11:\"rank_points\";s:1:\"0\";s:10:\"pay_points\";s:1:\"0\";s:8:\"reg_time\";s:10:\"2016-06-01\";}}}'

UPDATE `wsc20`.`ecs_sessions` SET expiry = '1465023783', ip = '127.0.0.1', userid = '0', adminid = '1', user_name='0', user_rank='0', discount='0', email='0', data = '' WHERE sesskey = '31dec90cbdcea16ba936d70d95350206' LIMIT 1

SELECT userid, adminid, user_name, user_rank, discount, email, data, expiry FROM `wsc20`.`ecs_sessions` WHERE sesskey = '31dec90cbdcea16ba936d70d95350206'

SELECT data, expiry FROM `wsc20`.`ecs_sessions_data` WHERE sesskey = '31dec90cbdcea16ba936d70d95350206'

SELECT code, value FROM `wsc20`.`ecs_shop_config` WHERE parent_id > 0

SELECT suppliers_id, suppliers_name, suppliers_desc
            FROM `wsc20`.`ecs_suppliers`
            WHERE  is_check = 1 

SELECT c.cat_id, c.cat_name, c.measure_unit, c.parent_id, c.is_show, c.show_in_nav, c.grade, c.sort_order, COUNT(s.cat_id) AS has_children FROM `wsc20`.`ecs_category` AS c LEFT JOIN `wsc20`.`ecs_category` AS s ON s.parent_id=c.cat_id GROUP BY c.cat_id ORDER BY c.parent_id, c.sort_order ASC

SELECT cat_id, COUNT(*) AS goods_num  FROM `wsc20`.`ecs_goods` WHERE is_delete = 0 AND is_on_sale = 1  GROUP BY cat_id

SELECT gc.cat_id, COUNT(*) AS goods_num  FROM `wsc20`.`ecs_goods_cat` AS gc , `wsc20`.`ecs_goods` AS g  WHERE g.goods_id = gc.goods_id AND g.is_delete = 0 AND g.is_on_sale = 1  GROUP BY gc.cat_id

SELECT brand_id, brand_name FROM `wsc20`.`ecs_brand` ORDER BY sort_order

SELECT suppliers_id, suppliers_name, suppliers_desc
            FROM `wsc20`.`ecs_suppliers`
            WHERE  is_check = 1 

SELECT COUNT(*) FROM `wsc20`.`ecs_goods` AS g WHERE is_delete='0'  AND is_real='1'

SELECT goods_id, goods_name, goods_type, goods_sn, shop_price, is_on_sale, is_best, is_new, is_hot, sort_order, goods_number, integral,  (promote_price > 0 AND promote_start_date <= '1465027199' AND promote_end_date >= '1465027199') AS is_promote  FROM `wsc20`.`ecs_goods` AS g WHERE is_delete='0'  AND is_real='1' ORDER BY goods_id DESC  LIMIT 0,15

SELECT DISTINCT cat_id
            FROM `wsc20`.`ecs_attribute`
            WHERE attr_type = 1

DELETE FROM `wsc20`.`ecs_sessions_data` WHERE expiry < 1465022109

SELECT userid, adminid, user_name, user_rank, discount, email, data, expiry FROM `wsc20`.`ecs_sessions` WHERE sesskey = '31dec90cbdcea16ba936d70d95350206'

SELECT data, expiry FROM `wsc20`.`ecs_sessions_data` WHERE sesskey = '31dec90cbdcea16ba936d70d95350206'

SELECT code, value FROM `wsc20`.`ecs_shop_config` WHERE parent_id > 0

SELECT suppliers_id, suppliers_name, suppliers_desc
            FROM `wsc20`.`ecs_suppliers`
            WHERE  is_check = 1 

DELETE FROM `wsc20`.`ecs_link_goods` WHERE (goods_id = 0 OR link_goods_id = 0) AND admin_id = '1'

DELETE FROM `wsc20`.`ecs_group_goods` WHERE parent_id = 0 AND admin_id = '1'

DELETE FROM `wsc20`.`ecs_goods_article` WHERE goods_id = 0 AND admin_id = '1'

DELETE FROM `wsc20`.`ecs_goods_attr` WHERE goods_id = 0

SELECT c.cat_id, c.cat_name, c.measure_unit, c.parent_id, c.is_show, c.show_in_nav, c.grade, c.sort_order, COUNT(s.cat_id) AS has_children FROM `wsc20`.`ecs_category` AS c LEFT JOIN `wsc20`.`ecs_category` AS s ON s.parent_id=c.cat_id GROUP BY c.cat_id ORDER BY c.parent_id, c.sort_order ASC

SELECT cat_id, COUNT(*) AS goods_num  FROM `wsc20`.`ecs_goods` WHERE is_delete = 0 AND is_on_sale = 1  GROUP BY cat_id

SELECT gc.cat_id, COUNT(*) AS goods_num  FROM `wsc20`.`ecs_goods_cat` AS gc , `wsc20`.`ecs_goods` AS g  WHERE g.goods_id = gc.goods_id AND g.is_delete = 0 AND g.is_on_sale = 1  GROUP BY gc.cat_id

SELECT brand_id, brand_name FROM `wsc20`.`ecs_brand` ORDER BY sort_order

SELECT * FROM `wsc20`.`ecs_user_rank` ORDER BY min_points

SELECT cat_id, cat_name FROM `wsc20`.`ecs_goods_type` WHERE enabled = 1

DELETE FROM `wsc20`.`ecs_sessions_data` WHERE expiry < 1465022110

DELETE FROM `wsc20`.`ecs_sessions` WHERE expiry < 1465022110

SELECT userid, adminid, user_name, user_rank, discount, email, data, expiry FROM `wsc20`.`ecs_sessions` WHERE sesskey = '31dec90cbdcea16ba936d70d95350206'

SELECT data, expiry FROM `wsc20`.`ecs_sessions_data` WHERE sesskey = '31dec90cbdcea16ba936d70d95350206'

SELECT code, value FROM `wsc20`.`ecs_shop_config` WHERE parent_id > 0

SELECT COUNT(*) FROM `wsc20`.`ecs_order_info` WHERE add_time >= '1464994983'

SELECT COUNT(*) FROM `wsc20`.`ecs_order_info` WHERE pay_time >= 1464994983

DESC `wsc20`.`ecs_sessions_data`

INSERT INTO `wsc20`.`ecs_sessions_data` (sesskey, expiry, data) VALUES ('31dec90cbdcea16ba936d70d95350206', '1465024091', 'a:6:{s:10:\"admin_name\";s:5:\"admin\";s:11:\"action_list\";s:3:\"all\";s:10:\"last_check\";i:1464995291;s:12:\"suppliers_id\";s:1:\"0\";s:9:\"wechat_id\";i:1;s:9:\"user_list\";a:1:{i:0;a:12:{s:7:\"user_id\";s:1:\"1\";s:9:\"user_name\";s:4:\"test\";s:3:\"sex\";s:1:\"0\";s:8:\"birthday\";s:10:\"1956-01-01\";s:12:\"mobile_phone\";s:0:\"\";s:5:\"email\";s:12:\"test@163.com\";s:12:\"is_validated\";s:1:\"0\";s:10:\"user_money\";s:4:\"0.00\";s:12:\"frozen_money\";s:4:\"0.00\";s:11:\"rank_points\";s:1:\"0\";s:10:\"pay_points\";s:1:\"0\";s:8:\"reg_time\";s:10:\"2016-06-01\";}}}')ON DUPLICATE KEY UPDATE expiry = expiry + 1465024091, data = 'a:6:{s:10:\"admin_name\";s:5:\"admin\";s:11:\"action_list\";s:3:\"all\";s:10:\"last_check\";i:1464995291;s:12:\"suppliers_id\";s:1:\"0\";s:9:\"wechat_id\";i:1;s:9:\"user_list\";a:1:{i:0;a:12:{s:7:\"user_id\";s:1:\"1\";s:9:\"user_name\";s:4:\"test\";s:3:\"sex\";s:1:\"0\";s:8:\"birthday\";s:10:\"1956-01-01\";s:12:\"mobile_phone\";s:0:\"\";s:5:\"email\";s:12:\"test@163.com\";s:12:\"is_validated\";s:1:\"0\";s:10:\"user_money\";s:4:\"0.00\";s:12:\"frozen_money\";s:4:\"0.00\";s:11:\"rank_points\";s:1:\"0\";s:10:\"pay_points\";s:1:\"0\";s:8:\"reg_time\";s:10:\"2016-06-01\";}}}'

UPDATE `wsc20`.`ecs_sessions` SET expiry = '1465024091', ip = '127.0.0.1', userid = '0', adminid = '1', user_name='0', user_rank='0', discount='0', email='0', data = '' WHERE sesskey = '31dec90cbdcea16ba936d70d95350206' LIMIT 1

DELETE FROM `wsc20`.`ecs_sessions_data` WHERE expiry < 1465022291

SELECT userid, adminid, user_name, user_rank, discount, email, data, expiry FROM `wsc20`.`ecs_sessions` WHERE sesskey = '31dec90cbdcea16ba936d70d95350206'

SELECT data, expiry FROM `wsc20`.`ecs_sessions_data` WHERE sesskey = '31dec90cbdcea16ba936d70d95350206'

SELECT code, value FROM `wsc20`.`ecs_shop_config` WHERE parent_id > 0

SELECT COUNT(*) FROM `wsc20`.`ecs_order_info` WHERE add_time >= '1464995291'

SELECT COUNT(*) FROM `wsc20`.`ecs_order_info` WHERE pay_time >= 1464995291

DESC `wsc20`.`ecs_sessions_data`

INSERT INTO `wsc20`.`ecs_sessions_data` (sesskey, expiry, data) VALUES ('31dec90cbdcea16ba936d70d95350206', '1465024271', 'a:6:{s:10:\"admin_name\";s:5:\"admin\";s:11:\"action_list\";s:3:\"all\";s:10:\"last_check\";i:1464995471;s:12:\"suppliers_id\";s:1:\"0\";s:9:\"wechat_id\";i:1;s:9:\"user_list\";a:1:{i:0;a:12:{s:7:\"user_id\";s:1:\"1\";s:9:\"user_name\";s:4:\"test\";s:3:\"sex\";s:1:\"0\";s:8:\"birthday\";s:10:\"1956-01-01\";s:12:\"mobile_phone\";s:0:\"\";s:5:\"email\";s:12:\"test@163.com\";s:12:\"is_validated\";s:1:\"0\";s:10:\"user_money\";s:4:\"0.00\";s:12:\"frozen_money\";s:4:\"0.00\";s:11:\"rank_points\";s:1:\"0\";s:10:\"pay_points\";s:1:\"0\";s:8:\"reg_time\";s:10:\"2016-06-01\";}}}')ON DUPLICATE KEY UPDATE expiry = expiry + 1465024271, data = 'a:6:{s:10:\"admin_name\";s:5:\"admin\";s:11:\"action_list\";s:3:\"all\";s:10:\"last_check\";i:1464995471;s:12:\"suppliers_id\";s:1:\"0\";s:9:\"wechat_id\";i:1;s:9:\"user_list\";a:1:{i:0;a:12:{s:7:\"user_id\";s:1:\"1\";s:9:\"user_name\";s:4:\"test\";s:3:\"sex\";s:1:\"0\";s:8:\"birthday\";s:10:\"1956-01-01\";s:12:\"mobile_phone\";s:0:\"\";s:5:\"email\";s:12:\"test@163.com\";s:12:\"is_validated\";s:1:\"0\";s:10:\"user_money\";s:4:\"0.00\";s:12:\"frozen_money\";s:4:\"0.00\";s:11:\"rank_points\";s:1:\"0\";s:10:\"pay_points\";s:1:\"0\";s:8:\"reg_time\";s:10:\"2016-06-01\";}}}'

UPDATE `wsc20`.`ecs_sessions` SET expiry = '1465024271', ip = '127.0.0.1', userid = '0', adminid = '1', user_name='0', user_rank='0', discount='0', email='0', data = '' WHERE sesskey = '31dec90cbdcea16ba936d70d95350206' LIMIT 1

