INSERT INTO `wsc20`.`ecs_sessions` (sesskey, expiry, ip, data) VALUES ('d23580b39bf1a50813e9a94f08a7b3f2', '1463068831', '192.168.1.16', 'a:0:{}')

SELECT code, value FROM `wsc20`.`ecs_shop_config` WHERE parent_id > 0

UPDATE `wsc20`.`ecs_sessions` SET expiry = '1463068831', ip = '192.168.1.16', userid = '0', adminid = '0', user_name='0', user_rank='0', discount='0', email='0', data = 'a:0:{}' WHERE sesskey = 'd23580b39bf1a50813e9a94f08a7b3f2' LIMIT 1

DELETE FROM `wsc20`.`ecs_sessions_data` WHERE expiry < 1463067031

SELECT userid, adminid, user_name, user_rank, discount, email, data, expiry FROM `wsc20`.`ecs_sessions` WHERE sesskey = 'd23580b39bf1a50813e9a94f08a7b3f2'

SELECT code, value FROM `wsc20`.`ecs_shop_config` WHERE parent_id > 0

SELECT userid, adminid, user_name, user_rank, discount, email, data, expiry FROM `wsc20`.`ecs_sessions` WHERE sesskey = 'd23580b39bf1a50813e9a94f08a7b3f2'

SELECT code, value FROM `wsc20`.`ecs_shop_config` WHERE parent_id > 0

SELECT `ec_salt` FROM `wsc20`.`ecs_admin_user`WHERE user_name = 'admin'

SELECT user_id, user_name, password, last_login, action_list, last_login,suppliers_id,ec_salt FROM `wsc20`.`ecs_admin_user` WHERE user_name = 'admin' AND password = 'c628bc777e64fb252b7806b90242c24e'

SELECT userid, adminid, user_name, user_rank, discount, email, data, expiry FROM `wsc20`.`ecs_sessions` WHERE sesskey = 'd23580b39bf1a50813e9a94f08a7b3f2'

SELECT code, value FROM `wsc20`.`ecs_shop_config` WHERE parent_id > 0

SELECT `ec_salt` FROM `wsc20`.`ecs_admin_user`WHERE user_name = 'admin'

SELECT user_id, user_name, password, last_login, action_list, last_login,suppliers_id,ec_salt FROM `wsc20`.`ecs_admin_user` WHERE user_name = 'admin' AND password = 'f5665a35948d42fd1df7d6caba55eec3'

UPDATE `wsc20`.`ecs_admin_user` SET last_login='1463040041', last_ip='192.168.1.16' WHERE user_id='1'

SELECT DISTINCT session_id FROM `wsc20`.`ecs_cart` AS c, `wsc20`.`ecs_sessions` AS s WHERE c.session_id = s.sesskey 

DELETE FROM `wsc20`.`ecs_cart` WHERE session_id NOT  IN ('') 

UPDATE `wsc20`.`ecs_sessions` SET expiry = '1463068841', ip = '192.168.1.16', userid = '0', adminid = '1', user_name='0', user_rank='0', discount='0', email='0', data = 'a:4:{s:10:\"admin_name\";s:5:\"admin\";s:11:\"action_list\";s:3:\"all\";s:10:\"last_check\";s:10:\"1462576663\";s:12:\"suppliers_id\";s:1:\"0\";}' WHERE sesskey = 'd23580b39bf1a50813e9a94f08a7b3f2' LIMIT 1

DELETE FROM `wsc20`.`ecs_sessions_data` WHERE expiry < 1463067041

SELECT userid, adminid, user_name, user_rank, discount, email, data, expiry FROM `wsc20`.`ecs_sessions` WHERE sesskey = 'd23580b39bf1a50813e9a94f08a7b3f2'

SELECT code, value FROM `wsc20`.`ecs_shop_config` WHERE parent_id > 0

DELETE FROM `wsc20`.`ecs_sessions_data` WHERE expiry < 1463067041

SELECT userid, adminid, user_name, user_rank, discount, email, data, expiry FROM `wsc20`.`ecs_sessions` WHERE sesskey = 'd23580b39bf1a50813e9a94f08a7b3f2'

SELECT code, value FROM `wsc20`.`ecs_shop_config` WHERE parent_id > 0

SELECT message_id, sender_id, receiver_id, sent_time, readed, deleted, title, message, user_name FROM `wsc20`.`ecs_admin_message` AS a, `wsc20`.`ecs_admin_user` AS b WHERE a.sender_id = b.user_id AND a.receiver_id = '1' AND a.readed = 0 AND deleted = 0 ORDER BY a.sent_time DESC

SELECT pay_id, is_cod FROM `wsc20`.`ecs_payment` WHERE enabled = 1

SELECT COUNT(*) FROM `wsc20`.`ecs_order_info` WHERE 1  AND order_status  IN ('1','5')  AND shipping_status  IN ('1','2')  AND pay_status  IN ('2','1')  

SELECT pay_id FROM `wsc20`.`ecs_payment` WHERE is_cod = 1

SELECT COUNT(*) FROM `wsc20`.`ecs_order_info` WHERE 1  AND   order_status  IN ('1','5','6')  AND   shipping_status  IN ('0','3','5')  AND ( pay_status  IN ('2','1')  OR pay_id  IN ('') ) 

SELECT pay_id FROM `wsc20`.`ecs_payment` WHERE is_cod = 0

SELECT COUNT(*) FROM `wsc20`.`ecs_order_info` WHERE 1  AND   order_status  IN ('1','5')  AND   pay_status = '0' AND ( shipping_status  IN ('1','2')  OR pay_id  IN ('') ) 

SELECT COUNT(*) FROM `wsc20`.`ecs_order_info` WHERE 1  AND order_status = '0' 

SELECT COUNT(*) FROM `wsc20`.`ecs_order_info` WHERE  shipping_status=4

SELECT COUNT(*) AS oCount, IFNULL(SUM(order_amount), 0) AS oAmount FROM `wsc20`.`ecs_order_info`

SELECT COUNT(*) FROM `wsc20`.`ecs_goods` WHERE is_delete = 0 AND is_alone_sale = 1 AND is_real = 1

SELECT COUNT(*) FROM `wsc20`.`ecs_goods` WHERE is_delete = 0 AND is_alone_sale = 1 AND is_real=0 AND extension_code='virtual_card'

SELECT COUNT(*) FROM `wsc20`.`ecs_goods` WHERE is_delete = 0 AND is_new = 1 AND is_real = 1

SELECT COUNT(*) FROM `wsc20`.`ecs_goods` WHERE is_delete = 0 AND is_new = 1 AND is_real=0 AND extension_code='virtual_card'

SELECT COUNT(*) FROM `wsc20`.`ecs_goods` WHERE is_delete = 0 AND is_best = 1 AND is_real = 1

SELECT COUNT(*) FROM `wsc20`.`ecs_goods` WHERE is_delete = 0 AND is_best = 1 AND is_real=0 AND extension_code='virtual_card'

SELECT COUNT(*) FROM `wsc20`.`ecs_goods` WHERE is_delete = 0 AND is_hot = 1 AND is_real = 1

SELECT COUNT(*) FROM `wsc20`.`ecs_goods` WHERE is_delete = 0 AND is_hot = 1 AND is_real=0 AND extension_code='virtual_card'

SELECT COUNT(*) FROM `wsc20`.`ecs_goods` WHERE is_delete = 0 AND promote_price>0 AND promote_start_date <= '1463040041' AND promote_end_date >= '1463040041' AND is_real = 1

SELECT COUNT(*) FROM `wsc20`.`ecs_goods` WHERE is_delete = 0 AND promote_price>0 AND promote_start_date <= '1463040041' AND promote_end_date >= '1463040041' AND is_real=0 AND extension_code='virtual_card'

SELECT COUNT(*) FROM `wsc20`.`ecs_goods` WHERE is_delete = 0 AND goods_number <= warn_number AND is_real = 1

SELECT COUNT(*) FROM `wsc20`.`ecs_goods` WHERE is_delete = 0 AND goods_number <= warn_number AND is_real=0 AND extension_code='virtual_card'

SELECT COUNT(*) FROM `wsc20`.`ecs_stats` WHERE access_time > 1463040000

SELECT count(*) FROM `wsc20`.`ecs_sessions`

SELECT COUNT(f.msg_id) FROM `wsc20`.`ecs_feedback` AS f LEFT JOIN `wsc20`.`ecs_feedback` AS r ON r.parent_id=f.msg_id WHERE f.parent_id=0 AND ISNULL(r.msg_id) 

SELECT COUNT(*) FROM `wsc20`.`ecs_comment` WHERE status = 0 AND parent_id = 0

SELECT COUNT(*) FROM `wsc20`.`ecs_booking_goods` WHERE is_dispose = 0

SELECT COUNT(*) FROM `wsc20`.`ecs_user_account` WHERE process_type = 1 AND is_paid = 0 

SELECT userid, adminid, user_name, user_rank, discount, email, data, expiry FROM `wsc20`.`ecs_sessions` WHERE sesskey = 'd23580b39bf1a50813e9a94f08a7b3f2'

SELECT code, value FROM `wsc20`.`ecs_shop_config` WHERE parent_id > 0

SELECT COUNT(*) AS oCount, IFNULL(SUM(order_amount), 0) AS oAmount FROM `wsc20`.`ecs_order_info`

SELECT COUNT(*) FROM `wsc20`.`ecs_goods` WHERE is_delete = 0 AND is_alone_sale = 1 AND is_real = 1

SELECT COUNT(*) FROM `wsc20`.`ecs_users`

SELECT value FROM `wsc20`.`ecs_shop_config` WHERE code = 'template'

SELECT value FROM `wsc20`.`ecs_shop_config` WHERE code = 'stylename'

SELECT userid, adminid, user_name, user_rank, discount, email, data, expiry FROM `wsc20`.`ecs_sessions` WHERE sesskey = 'd23580b39bf1a50813e9a94f08a7b3f2'

SELECT code, value FROM `wsc20`.`ecs_shop_config` WHERE parent_id > 0

SELECT userid, adminid, user_name, user_rank, discount, email, data, expiry FROM `wsc20`.`ecs_sessions` WHERE sesskey = 'd23580b39bf1a50813e9a94f08a7b3f2'

SELECT code, value FROM `wsc20`.`ecs_shop_config` WHERE parent_id > 0

SELECT COUNT(*) FROM `wsc20`.`ecs_order_info` WHERE add_time >= '1462576663'

SELECT COUNT(*) FROM `wsc20`.`ecs_order_info` WHERE pay_time >= 1462576663

UPDATE `wsc20`.`ecs_sessions` SET expiry = '1463068844', ip = '192.168.1.16', userid = '0', adminid = '1', user_name='0', user_rank='0', discount='0', email='0', data = 'a:4:{s:10:\"admin_name\";s:5:\"admin\";s:11:\"action_list\";s:3:\"all\";s:10:\"last_check\";i:1463040044;s:12:\"suppliers_id\";s:1:\"0\";}' WHERE sesskey = 'd23580b39bf1a50813e9a94f08a7b3f2' LIMIT 1

DELETE FROM `wsc20`.`ecs_sessions` WHERE expiry < 1463067044

SELECT userid, adminid, user_name, user_rank, discount, email, data, expiry FROM `wsc20`.`ecs_sessions` WHERE sesskey = 'd23580b39bf1a50813e9a94f08a7b3f2'

SELECT code, value FROM `wsc20`.`ecs_shop_config` WHERE parent_id > 0

SELECT c.*, COUNT(s.cat_id) AS has_children, COUNT(a.article_id) AS aricle_num  FROM `wsc20`.`ecs_article_cat` AS c LEFT JOIN `wsc20`.`ecs_article_cat` AS s ON s.parent_id=c.cat_id LEFT JOIN `wsc20`.`ecs_article` AS a ON a.cat_id=c.cat_id GROUP BY c.cat_id  ORDER BY parent_id, sort_order ASC

DELETE FROM `wsc20`.`ecs_sessions_data` WHERE expiry < 1463067044

DELETE FROM `wsc20`.`ecs_sessions` WHERE expiry < 1463067044

SELECT userid, adminid, user_name, user_rank, discount, email, data, expiry FROM `wsc20`.`ecs_sessions` WHERE sesskey = 'd23580b39bf1a50813e9a94f08a7b3f2'

SELECT code, value FROM `wsc20`.`ecs_shop_config` WHERE parent_id > 0

DELETE FROM `wsc20`.`ecs_sessions_data` WHERE expiry < 1463067045

DELETE FROM `wsc20`.`ecs_template` WHERE 1  AND theme <> 'default' 

SELECT userid, adminid, user_name, user_rank, discount, email, data, expiry FROM `wsc20`.`ecs_sessions` WHERE sesskey = 'd23580b39bf1a50813e9a94f08a7b3f2'

SELECT code, value FROM `wsc20`.`ecs_shop_config` WHERE parent_id > 0

SELECT FLOOR((access_time - 1462435200) / (24 * 3600)) AS sn, access_time, COUNT(*) AS access_count FROM `wsc20`.`ecs_stats` WHERE access_time >= '1462435200' AND access_time <= 1463126400 GROUP BY sn

SELECT COUNT(*) AS access_count, area FROM `wsc20`.`ecs_stats` WHERE access_time >= '1462435200' AND access_time < 1463126400 GROUP BY area ORDER BY access_count DESC LIMIT 20

SELECT COUNT(*) AS access_count, referer_domain FROM `wsc20`.`ecs_stats` WHERE access_time >= '1462435200' AND access_time <= 1463126400 GROUP BY referer_domain ORDER BY access_count DESC LIMIT 20

DELETE FROM `wsc20`.`ecs_sessions` WHERE expiry < 1463067046

SELECT userid, adminid, user_name, user_rank, discount, email, data, expiry FROM `wsc20`.`ecs_sessions` WHERE sesskey = 'd23580b39bf1a50813e9a94f08a7b3f2'

SELECT code, value FROM `wsc20`.`ecs_shop_config` WHERE parent_id > 0

SELECT COUNT(*) FROM `wsc20`.`ecs_ad_position`

SELECT * FROM `wsc20`.`ecs_ad_position` ORDER BY position_id DESC LIMIT 15

DELETE FROM `wsc20`.`ecs_sessions_data` WHERE expiry < 1463067047

SELECT userid, adminid, user_name, user_rank, discount, email, data, expiry FROM `wsc20`.`ecs_sessions` WHERE sesskey = 'd23580b39bf1a50813e9a94f08a7b3f2'

SELECT code, value FROM `wsc20`.`ecs_shop_config` WHERE parent_id > 0

SELECT * FROM `wsc20`.`ecs_ad_position` WHERE position_id='255'

SELECT userid, adminid, user_name, user_rank, discount, email, data, expiry FROM `wsc20`.`ecs_sessions` WHERE sesskey = 'd23580b39bf1a50813e9a94f08a7b3f2'

SELECT code, value FROM `wsc20`.`ecs_shop_config` WHERE parent_id > 0

SELECT COUNT(*) FROM `wsc20`.`ecs_order_info` WHERE add_time >= '1463040044'

SELECT COUNT(*) FROM `wsc20`.`ecs_order_info` WHERE pay_time >= 1463040044

UPDATE `wsc20`.`ecs_sessions` SET expiry = '1463069029', ip = '192.168.1.16', userid = '0', adminid = '1', user_name='0', user_rank='0', discount='0', email='0', data = 'a:4:{s:10:\"admin_name\";s:5:\"admin\";s:11:\"action_list\";s:3:\"all\";s:10:\"last_check\";i:1463040229;s:12:\"suppliers_id\";s:1:\"0\";}' WHERE sesskey = 'd23580b39bf1a50813e9a94f08a7b3f2' LIMIT 1

DELETE FROM `wsc20`.`ecs_sessions_data` WHERE expiry < 1463067229

SELECT userid, adminid, user_name, user_rank, discount, email, data, expiry FROM `wsc20`.`ecs_sessions` WHERE sesskey = 'd23580b39bf1a50813e9a94f08a7b3f2'

SELECT code, value FROM `wsc20`.`ecs_shop_config` WHERE parent_id > 0

SELECT COUNT(*) FROM `wsc20`.`ecs_order_info` WHERE add_time >= '1463040229'

SELECT COUNT(*) FROM `wsc20`.`ecs_order_info` WHERE pay_time >= 1463040229

UPDATE `wsc20`.`ecs_sessions` SET expiry = '1463069209', ip = '192.168.1.16', userid = '0', adminid = '1', user_name='0', user_rank='0', discount='0', email='0', data = 'a:4:{s:10:\"admin_name\";s:5:\"admin\";s:11:\"action_list\";s:3:\"all\";s:10:\"last_check\";i:1463040409;s:12:\"suppliers_id\";s:1:\"0\";}' WHERE sesskey = 'd23580b39bf1a50813e9a94f08a7b3f2' LIMIT 1

SELECT userid, adminid, user_name, user_rank, discount, email, data, expiry FROM `wsc20`.`ecs_sessions` WHERE sesskey = 'd23580b39bf1a50813e9a94f08a7b3f2'

SELECT code, value FROM `wsc20`.`ecs_shop_config` WHERE parent_id > 0

SELECT COUNT(*) FROM `wsc20`.`ecs_order_info` WHERE add_time >= '1463040409'

SELECT COUNT(*) FROM `wsc20`.`ecs_order_info` WHERE pay_time >= 1463040409

UPDATE `wsc20`.`ecs_sessions` SET expiry = '1463069389', ip = '192.168.1.16', userid = '0', adminid = '1', user_name='0', user_rank='0', discount='0', email='0', data = 'a:4:{s:10:\"admin_name\";s:5:\"admin\";s:11:\"action_list\";s:3:\"all\";s:10:\"last_check\";i:1463040589;s:12:\"suppliers_id\";s:1:\"0\";}' WHERE sesskey = 'd23580b39bf1a50813e9a94f08a7b3f2' LIMIT 1

DELETE FROM `wsc20`.`ecs_sessions_data` WHERE expiry < 1463067589

SELECT userid, adminid, user_name, user_rank, discount, email, data, expiry FROM `wsc20`.`ecs_sessions` WHERE sesskey = 'd23580b39bf1a50813e9a94f08a7b3f2'

SELECT code, value FROM `wsc20`.`ecs_shop_config` WHERE parent_id > 0

SELECT COUNT(*) FROM `wsc20`.`ecs_order_info` WHERE add_time >= '1463040589'

SELECT COUNT(*) FROM `wsc20`.`ecs_order_info` WHERE pay_time >= 1463040589

UPDATE `wsc20`.`ecs_sessions` SET expiry = '1463069569', ip = '192.168.1.16', userid = '0', adminid = '1', user_name='0', user_rank='0', discount='0', email='0', data = 'a:4:{s:10:\"admin_name\";s:5:\"admin\";s:11:\"action_list\";s:3:\"all\";s:10:\"last_check\";i:1463040769;s:12:\"suppliers_id\";s:1:\"0\";}' WHERE sesskey = 'd23580b39bf1a50813e9a94f08a7b3f2' LIMIT 1

SELECT userid, adminid, user_name, user_rank, discount, email, data, expiry FROM `wsc20`.`ecs_sessions` WHERE sesskey = 'd23580b39bf1a50813e9a94f08a7b3f2'

SELECT code, value FROM `wsc20`.`ecs_shop_config` WHERE parent_id > 0

SELECT COUNT(*) FROM `wsc20`.`ecs_order_info` WHERE add_time >= '1463040769'

SELECT COUNT(*) FROM `wsc20`.`ecs_order_info` WHERE pay_time >= 1463040769

UPDATE `wsc20`.`ecs_sessions` SET expiry = '1463069749', ip = '192.168.1.16', userid = '0', adminid = '1', user_name='0', user_rank='0', discount='0', email='0', data = 'a:4:{s:10:\"admin_name\";s:5:\"admin\";s:11:\"action_list\";s:3:\"all\";s:10:\"last_check\";i:1463040949;s:12:\"suppliers_id\";s:1:\"0\";}' WHERE sesskey = 'd23580b39bf1a50813e9a94f08a7b3f2' LIMIT 1

DELETE FROM `wsc20`.`ecs_sessions_data` WHERE expiry < 1463067949

SELECT userid, adminid, user_name, user_rank, discount, email, data, expiry FROM `wsc20`.`ecs_sessions` WHERE sesskey = 'd23580b39bf1a50813e9a94f08a7b3f2'

SELECT code, value FROM `wsc20`.`ecs_shop_config` WHERE parent_id > 0

SELECT COUNT(*) FROM `wsc20`.`ecs_order_info` WHERE add_time >= '1463040949'

SELECT COUNT(*) FROM `wsc20`.`ecs_order_info` WHERE pay_time >= 1463040949

UPDATE `wsc20`.`ecs_sessions` SET expiry = '1463069929', ip = '192.168.1.16', userid = '0', adminid = '1', user_name='0', user_rank='0', discount='0', email='0', data = 'a:4:{s:10:\"admin_name\";s:5:\"admin\";s:11:\"action_list\";s:3:\"all\";s:10:\"last_check\";i:1463041129;s:12:\"suppliers_id\";s:1:\"0\";}' WHERE sesskey = 'd23580b39bf1a50813e9a94f08a7b3f2' LIMIT 1

SELECT userid, adminid, user_name, user_rank, discount, email, data, expiry FROM `wsc20`.`ecs_sessions` WHERE sesskey = 'd23580b39bf1a50813e9a94f08a7b3f2'

SELECT code, value FROM `wsc20`.`ecs_shop_config` WHERE parent_id > 0

SELECT COUNT(*) FROM `wsc20`.`ecs_order_info` WHERE add_time >= '1463041129'

SELECT COUNT(*) FROM `wsc20`.`ecs_order_info` WHERE pay_time >= 1463041129

UPDATE `wsc20`.`ecs_sessions` SET expiry = '1463070110', ip = '192.168.1.16', userid = '0', adminid = '1', user_name='0', user_rank='0', discount='0', email='0', data = 'a:4:{s:10:\"admin_name\";s:5:\"admin\";s:11:\"action_list\";s:3:\"all\";s:10:\"last_check\";i:1463041310;s:12:\"suppliers_id\";s:1:\"0\";}' WHERE sesskey = 'd23580b39bf1a50813e9a94f08a7b3f2' LIMIT 1

DELETE FROM `wsc20`.`ecs_sessions` WHERE expiry < 1463068310

SELECT userid, adminid, user_name, user_rank, discount, email, data, expiry FROM `wsc20`.`ecs_sessions` WHERE sesskey = 'd23580b39bf1a50813e9a94f08a7b3f2'

SELECT code, value FROM `wsc20`.`ecs_shop_config` WHERE parent_id > 0

SELECT COUNT(*) FROM `wsc20`.`ecs_order_info` WHERE add_time >= '1463041310'

SELECT COUNT(*) FROM `wsc20`.`ecs_order_info` WHERE pay_time >= 1463041310

UPDATE `wsc20`.`ecs_sessions` SET expiry = '1463070291', ip = '192.168.1.16', userid = '0', adminid = '1', user_name='0', user_rank='0', discount='0', email='0', data = 'a:4:{s:10:\"admin_name\";s:5:\"admin\";s:11:\"action_list\";s:3:\"all\";s:10:\"last_check\";i:1463041491;s:12:\"suppliers_id\";s:1:\"0\";}' WHERE sesskey = 'd23580b39bf1a50813e9a94f08a7b3f2' LIMIT 1

SELECT userid, adminid, user_name, user_rank, discount, email, data, expiry FROM `wsc20`.`ecs_sessions` WHERE sesskey = 'd23580b39bf1a50813e9a94f08a7b3f2'

SELECT code, value FROM `wsc20`.`ecs_shop_config` WHERE parent_id > 0

SELECT COUNT(*) FROM `wsc20`.`ecs_order_info` WHERE add_time >= '1463041491'

SELECT COUNT(*) FROM `wsc20`.`ecs_order_info` WHERE pay_time >= 1463041491

UPDATE `wsc20`.`ecs_sessions` SET expiry = '1463070471', ip = '192.168.1.16', userid = '0', adminid = '1', user_name='0', user_rank='0', discount='0', email='0', data = 'a:4:{s:10:\"admin_name\";s:5:\"admin\";s:11:\"action_list\";s:3:\"all\";s:10:\"last_check\";i:1463041671;s:12:\"suppliers_id\";s:1:\"0\";}' WHERE sesskey = 'd23580b39bf1a50813e9a94f08a7b3f2' LIMIT 1

SELECT userid, adminid, user_name, user_rank, discount, email, data, expiry FROM `wsc20`.`ecs_sessions` WHERE sesskey = 'd23580b39bf1a50813e9a94f08a7b3f2'

SELECT code, value FROM `wsc20`.`ecs_shop_config` WHERE parent_id > 0

SELECT COUNT(*) FROM `wsc20`.`ecs_order_info` WHERE add_time >= '1463041671'

SELECT COUNT(*) FROM `wsc20`.`ecs_order_info` WHERE pay_time >= 1463041671

UPDATE `wsc20`.`ecs_sessions` SET expiry = '1463070651', ip = '192.168.1.16', userid = '0', adminid = '1', user_name='0', user_rank='0', discount='0', email='0', data = 'a:4:{s:10:\"admin_name\";s:5:\"admin\";s:11:\"action_list\";s:3:\"all\";s:10:\"last_check\";i:1463041851;s:12:\"suppliers_id\";s:1:\"0\";}' WHERE sesskey = 'd23580b39bf1a50813e9a94f08a7b3f2' LIMIT 1

SELECT userid, adminid, user_name, user_rank, discount, email, data, expiry FROM `wsc20`.`ecs_sessions` WHERE sesskey = 'd23580b39bf1a50813e9a94f08a7b3f2'

SELECT code, value FROM `wsc20`.`ecs_shop_config` WHERE parent_id > 0

SELECT COUNT(*) FROM `wsc20`.`ecs_order_info` WHERE add_time >= '1463041851'

SELECT COUNT(*) FROM `wsc20`.`ecs_order_info` WHERE pay_time >= 1463041851

UPDATE `wsc20`.`ecs_sessions` SET expiry = '1463070831', ip = '192.168.1.16', userid = '0', adminid = '1', user_name='0', user_rank='0', discount='0', email='0', data = 'a:4:{s:10:\"admin_name\";s:5:\"admin\";s:11:\"action_list\";s:3:\"all\";s:10:\"last_check\";i:1463042031;s:12:\"suppliers_id\";s:1:\"0\";}' WHERE sesskey = 'd23580b39bf1a50813e9a94f08a7b3f2' LIMIT 1

SELECT userid, adminid, user_name, user_rank, discount, email, data, expiry FROM `wsc20`.`ecs_sessions` WHERE sesskey = 'd23580b39bf1a50813e9a94f08a7b3f2'

SELECT code, value FROM `wsc20`.`ecs_shop_config` WHERE parent_id > 0

SELECT COUNT(*) FROM `wsc20`.`ecs_order_info` WHERE add_time >= '1463042031'

SELECT COUNT(*) FROM `wsc20`.`ecs_order_info` WHERE pay_time >= 1463042031

UPDATE `wsc20`.`ecs_sessions` SET expiry = '1463071011', ip = '192.168.1.16', userid = '0', adminid = '1', user_name='0', user_rank='0', discount='0', email='0', data = 'a:4:{s:10:\"admin_name\";s:5:\"admin\";s:11:\"action_list\";s:3:\"all\";s:10:\"last_check\";i:1463042211;s:12:\"suppliers_id\";s:1:\"0\";}' WHERE sesskey = 'd23580b39bf1a50813e9a94f08a7b3f2' LIMIT 1

SELECT userid, adminid, user_name, user_rank, discount, email, data, expiry FROM `wsc20`.`ecs_sessions` WHERE sesskey = 'd23580b39bf1a50813e9a94f08a7b3f2'

SELECT code, value FROM `wsc20`.`ecs_shop_config` WHERE parent_id > 0

SELECT COUNT(*) FROM `wsc20`.`ecs_order_info` WHERE add_time >= '1463042211'

SELECT COUNT(*) FROM `wsc20`.`ecs_order_info` WHERE pay_time >= 1463042211

UPDATE `wsc20`.`ecs_sessions` SET expiry = '1463071191', ip = '192.168.1.16', userid = '0', adminid = '1', user_name='0', user_rank='0', discount='0', email='0', data = 'a:4:{s:10:\"admin_name\";s:5:\"admin\";s:11:\"action_list\";s:3:\"all\";s:10:\"last_check\";i:1463042391;s:12:\"suppliers_id\";s:1:\"0\";}' WHERE sesskey = 'd23580b39bf1a50813e9a94f08a7b3f2' LIMIT 1

SELECT userid, adminid, user_name, user_rank, discount, email, data, expiry FROM `wsc20`.`ecs_sessions` WHERE sesskey = 'd23580b39bf1a50813e9a94f08a7b3f2'

SELECT code, value FROM `wsc20`.`ecs_shop_config` WHERE parent_id > 0

SELECT COUNT(*) FROM `wsc20`.`ecs_order_info` WHERE add_time >= '1463042391'

SELECT COUNT(*) FROM `wsc20`.`ecs_order_info` WHERE pay_time >= 1463042391

UPDATE `wsc20`.`ecs_sessions` SET expiry = '1463071371', ip = '192.168.1.16', userid = '0', adminid = '1', user_name='0', user_rank='0', discount='0', email='0', data = 'a:4:{s:10:\"admin_name\";s:5:\"admin\";s:11:\"action_list\";s:3:\"all\";s:10:\"last_check\";i:1463042571;s:12:\"suppliers_id\";s:1:\"0\";}' WHERE sesskey = 'd23580b39bf1a50813e9a94f08a7b3f2' LIMIT 1

DELETE FROM `wsc20`.`ecs_sessions_data` WHERE expiry < 1463069571

SELECT userid, adminid, user_name, user_rank, discount, email, data, expiry FROM `wsc20`.`ecs_sessions` WHERE sesskey = 'd23580b39bf1a50813e9a94f08a7b3f2'

SELECT code, value FROM `wsc20`.`ecs_shop_config` WHERE parent_id > 0

SELECT COUNT(*) FROM `wsc20`.`ecs_order_info` WHERE add_time >= '1463042571'

SELECT COUNT(*) FROM `wsc20`.`ecs_order_info` WHERE pay_time >= 1463042571

UPDATE `wsc20`.`ecs_sessions` SET expiry = '1463071551', ip = '192.168.1.16', userid = '0', adminid = '1', user_name='0', user_rank='0', discount='0', email='0', data = 'a:4:{s:10:\"admin_name\";s:5:\"admin\";s:11:\"action_list\";s:3:\"all\";s:10:\"last_check\";i:1463042751;s:12:\"suppliers_id\";s:1:\"0\";}' WHERE sesskey = 'd23580b39bf1a50813e9a94f08a7b3f2' LIMIT 1

SELECT userid, adminid, user_name, user_rank, discount, email, data, expiry FROM `wsc20`.`ecs_sessions` WHERE sesskey = 'd23580b39bf1a50813e9a94f08a7b3f2'

SELECT code, value FROM `wsc20`.`ecs_shop_config` WHERE parent_id > 0

SELECT COUNT(*) FROM `wsc20`.`ecs_order_info` WHERE add_time >= '1463042751'

SELECT COUNT(*) FROM `wsc20`.`ecs_order_info` WHERE pay_time >= 1463042751

UPDATE `wsc20`.`ecs_sessions` SET expiry = '1463071731', ip = '192.168.1.16', userid = '0', adminid = '1', user_name='0', user_rank='0', discount='0', email='0', data = 'a:4:{s:10:\"admin_name\";s:5:\"admin\";s:11:\"action_list\";s:3:\"all\";s:10:\"last_check\";i:1463042931;s:12:\"suppliers_id\";s:1:\"0\";}' WHERE sesskey = 'd23580b39bf1a50813e9a94f08a7b3f2' LIMIT 1

SELECT userid, adminid, user_name, user_rank, discount, email, data, expiry FROM `wsc20`.`ecs_sessions` WHERE sesskey = 'd23580b39bf1a50813e9a94f08a7b3f2'

SELECT code, value FROM `wsc20`.`ecs_shop_config` WHERE parent_id > 0

SELECT COUNT(*) FROM `wsc20`.`ecs_order_info` WHERE add_time >= '1463042931'

SELECT COUNT(*) FROM `wsc20`.`ecs_order_info` WHERE pay_time >= 1463042931

UPDATE `wsc20`.`ecs_sessions` SET expiry = '1463071911', ip = '192.168.1.16', userid = '0', adminid = '1', user_name='0', user_rank='0', discount='0', email='0', data = 'a:4:{s:10:\"admin_name\";s:5:\"admin\";s:11:\"action_list\";s:3:\"all\";s:10:\"last_check\";i:1463043111;s:12:\"suppliers_id\";s:1:\"0\";}' WHERE sesskey = 'd23580b39bf1a50813e9a94f08a7b3f2' LIMIT 1

DELETE FROM `wsc20`.`ecs_sessions_data` WHERE expiry < 1463070111

SELECT userid, adminid, user_name, user_rank, discount, email, data, expiry FROM `wsc20`.`ecs_sessions` WHERE sesskey = 'd23580b39bf1a50813e9a94f08a7b3f2'

SELECT code, value FROM `wsc20`.`ecs_shop_config` WHERE parent_id > 0

SELECT COUNT(*) FROM `wsc20`.`ecs_order_info` WHERE add_time >= '1463043111'

SELECT COUNT(*) FROM `wsc20`.`ecs_order_info` WHERE pay_time >= 1463043111

UPDATE `wsc20`.`ecs_sessions` SET expiry = '1463072091', ip = '192.168.1.16', userid = '0', adminid = '1', user_name='0', user_rank='0', discount='0', email='0', data = 'a:4:{s:10:\"admin_name\";s:5:\"admin\";s:11:\"action_list\";s:3:\"all\";s:10:\"last_check\";i:1463043291;s:12:\"suppliers_id\";s:1:\"0\";}' WHERE sesskey = 'd23580b39bf1a50813e9a94f08a7b3f2' LIMIT 1

DELETE FROM `wsc20`.`ecs_sessions_data` WHERE expiry < 1463070291

