INSERT INTO `ectouch2.0`.`ecs_sessions` (sesskey, expiry, ip, data) VALUES ('8b1652653eb768deb492498ddadcbeba', '1452735707', '0.0.0.0', 'a:0:{}')

SELECT code, value FROM `ectouch2.0`.`ecs_shop_config` WHERE parent_id > 0

UPDATE `ectouch2.0`.`ecs_sessions` SET expiry = '1452735708', ip = '0.0.0.0', userid = '0', adminid = '0', user_name='0', user_rank='0', discount='0', email='0', data = 'a:0:{}' WHERE sesskey = '8b1652653eb768deb492498ddadcbeba' LIMIT 1

DELETE FROM `ectouch2.0`.`ecs_sessions` WHERE expiry < 1452733908

SELECT userid, adminid, user_name, user_rank, discount, email, data, expiry FROM `ectouch2.0`.`ecs_sessions` WHERE sesskey = '8b1652653eb768deb492498ddadcbeba'

SELECT code, value FROM `ectouch2.0`.`ecs_shop_config` WHERE parent_id > 0

DELETE FROM `ectouch2.0`.`ecs_sessions_data` WHERE expiry < 1452733910

DELETE FROM `ectouch2.0`.`ecs_sessions` WHERE expiry < 1452733910

SELECT userid, adminid, user_name, user_rank, discount, email, data, expiry FROM `ectouch2.0`.`ecs_sessions` WHERE sesskey = '8b1652653eb768deb492498ddadcbeba'

SELECT code, value FROM `ectouch2.0`.`ecs_shop_config` WHERE parent_id > 0

SELECT `ec_salt` FROM `ectouch2.0`.`ecs_admin_user`WHERE user_name = 'admin'

SELECT user_id, user_name, password, last_login, action_list, last_login,suppliers_id,ec_salt FROM `ectouch2.0`.`ecs_admin_user` WHERE user_name = 'admin' AND password = '04451404768a172c2d79ff75b0b26a92'

UPDATE `ectouch2.0`.`ecs_admin_user` SET last_login='1452706915', last_ip='0.0.0.0' WHERE user_id='1'

SELECT DISTINCT session_id FROM `ectouch2.0`.`ecs_cart` AS c, `ectouch2.0`.`ecs_sessions` AS s WHERE c.session_id = s.sesskey 

DELETE FROM `ectouch2.0`.`ecs_cart` WHERE session_id NOT  IN ('') 

UPDATE `ectouch2.0`.`ecs_sessions` SET expiry = '1452735715', ip = '0.0.0.0', userid = '0', adminid = '1', user_name='0', user_rank='0', discount='0', email='0', data = 'a:5:{s:10:\"admin_name\";s:5:\"admin\";s:11:\"action_list\";s:3:\"all\";s:10:\"last_check\";s:1:\"0\";s:12:\"suppliers_id\";s:1:\"0\";s:10:\"shop_guide\";b:1;}' WHERE sesskey = '8b1652653eb768deb492498ddadcbeba' LIMIT 1

SELECT userid, adminid, user_name, user_rank, discount, email, data, expiry FROM `ectouch2.0`.`ecs_sessions` WHERE sesskey = '8b1652653eb768deb492498ddadcbeba'

SELECT code, value FROM `ectouch2.0`.`ecs_shop_config` WHERE parent_id > 0

DELETE FROM `ectouch2.0`.`ecs_sessions` WHERE expiry < 1452733916

SELECT userid, adminid, user_name, user_rank, discount, email, data, expiry FROM `ectouch2.0`.`ecs_sessions` WHERE sesskey = '8b1652653eb768deb492498ddadcbeba'

SELECT code, value FROM `ectouch2.0`.`ecs_shop_config` WHERE parent_id > 0

UPDATE `ectouch2.0`.`ecs_sessions` SET expiry = '1452735718', ip = '0.0.0.0', userid = '0', adminid = '1', user_name='0', user_rank='0', discount='0', email='0', data = 'a:4:{s:10:\"admin_name\";s:5:\"admin\";s:11:\"action_list\";s:3:\"all\";s:10:\"last_check\";s:1:\"0\";s:12:\"suppliers_id\";s:1:\"0\";}' WHERE sesskey = '8b1652653eb768deb492498ddadcbeba' LIMIT 1

DELETE FROM `ectouch2.0`.`ecs_sessions` WHERE expiry < 1452733918

SELECT userid, adminid, user_name, user_rank, discount, email, data, expiry FROM `ectouch2.0`.`ecs_sessions` WHERE sesskey = '8b1652653eb768deb492498ddadcbeba'

SELECT code, value FROM `ectouch2.0`.`ecs_shop_config` WHERE parent_id > 0

SELECT region_id, region_name FROM `ectouch2.0`.`ecs_region` WHERE region_type = '0' AND parent_id = '0'

SELECT region_id, region_name FROM `ectouch2.0`.`ecs_region` WHERE region_type = '1' AND parent_id = '1'

SELECT region_id, region_name FROM `ectouch2.0`.`ecs_region` WHERE region_type = '2' AND parent_id = '2'

SELECT value from `ectouch2.0`.`ecs_shop_config` WHERE code='shop_name'

SELECT value from `ectouch2.0`.`ecs_shop_config` WHERE code='shop_title'

DELETE FROM `ectouch2.0`.`ecs_sessions_data` WHERE expiry < 1452733919

SELECT userid, adminid, user_name, user_rank, discount, email, data, expiry FROM `ectouch2.0`.`ecs_sessions` WHERE sesskey = '8b1652653eb768deb492498ddadcbeba'

SELECT code, value FROM `ectouch2.0`.`ecs_shop_config` WHERE parent_id > 0

SELECT suppliers_id, suppliers_name, suppliers_desc
            FROM `ectouch2.0`.`ecs_suppliers`
            WHERE  is_check = 1 

SELECT c.cat_id, c.cat_name, c.measure_unit, c.parent_id, c.is_show, c.show_in_nav, c.grade, c.sort_order, COUNT(s.cat_id) AS has_children FROM `ectouch2.0`.`ecs_category` AS c LEFT JOIN `ectouch2.0`.`ecs_category` AS s ON s.parent_id=c.cat_id GROUP BY c.cat_id ORDER BY c.parent_id, c.sort_order ASC

SELECT cat_id, COUNT(*) AS goods_num  FROM `ectouch2.0`.`ecs_goods` WHERE is_delete = 0 AND is_on_sale = 1  GROUP BY cat_id

SELECT gc.cat_id, COUNT(*) AS goods_num  FROM `ectouch2.0`.`ecs_goods_cat` AS gc , `ectouch2.0`.`ecs_goods` AS g  WHERE g.goods_id = gc.goods_id AND g.is_delete = 0 AND g.is_on_sale = 1  GROUP BY gc.cat_id

SELECT brand_id, brand_name FROM `ectouch2.0`.`ecs_brand` ORDER BY sort_order

SELECT suppliers_id, suppliers_name, suppliers_desc
            FROM `ectouch2.0`.`ecs_suppliers`
            WHERE  is_check = 1 

SELECT COUNT(*) FROM `ectouch2.0`.`ecs_goods` AS g WHERE is_delete='0'  AND is_real='1'

SELECT goods_id, goods_name, goods_type, goods_sn, shop_price, is_on_sale, is_best, is_new, is_hot, sort_order, goods_number, integral,  (promote_price > 0 AND promote_start_date <= '1452758399' AND promote_end_date >= '1452758399') AS is_promote  FROM `ectouch2.0`.`ecs_goods` AS g WHERE is_delete='0'  AND is_real='1' ORDER BY goods_id DESC  LIMIT 0,15

SELECT DISTINCT cat_id
            FROM `ectouch2.0`.`ecs_attribute`
            WHERE attr_type = 1

UPDATE `ectouch2.0`.`ecs_sessions` SET expiry = '1452735748', ip = '0.0.0.0', userid = '0', adminid = '1', user_name='0', user_rank='0', discount='0', email='0', data = 'a:4:{s:10:\"admin_name\";s:5:\"admin\";s:11:\"action_list\";s:3:\"all\";s:10:\"last_check\";s:1:\"0\";s:12:\"suppliers_id\";s:1:\"0\";}' WHERE sesskey = '8b1652653eb768deb492498ddadcbeba' LIMIT 1

DELETE FROM `ectouch2.0`.`ecs_sessions_data` WHERE expiry < 1452733948

DELETE FROM `ectouch2.0`.`ecs_sessions` WHERE expiry < 1452733948

SELECT userid, adminid, user_name, user_rank, discount, email, data, expiry FROM `ectouch2.0`.`ecs_sessions` WHERE sesskey = '8b1652653eb768deb492498ddadcbeba'

SELECT code, value FROM `ectouch2.0`.`ecs_shop_config` WHERE parent_id > 0

UPDATE `ectouch2.0`.`ecs_sessions` SET expiry = '1452735749', ip = '0.0.0.0', userid = '0', adminid = '1', user_name='0', user_rank='0', discount='0', email='0', data = 'a:4:{s:10:\"admin_name\";s:5:\"admin\";s:11:\"action_list\";s:3:\"all\";s:10:\"last_check\";i:1452706949;s:12:\"suppliers_id\";s:1:\"0\";}' WHERE sesskey = '8b1652653eb768deb492498ddadcbeba' LIMIT 1

SELECT userid, adminid, user_name, user_rank, discount, email, data, expiry FROM `ectouch2.0`.`ecs_sessions` WHERE sesskey = '8b1652653eb768deb492498ddadcbeba'

SELECT code, value FROM `ectouch2.0`.`ecs_shop_config` WHERE parent_id > 0

SELECT COUNT(*) FROM `ectouch2.0`.`ecs_brand`

SELECT * FROM `ectouch2.0`.`ecs_brand` ORDER BY sort_order ASC LIMIT 15

UPDATE `ectouch2.0`.`ecs_sessions` SET expiry = '1452735774', ip = '0.0.0.0', userid = '0', adminid = '1', user_name='0', user_rank='0', discount='0', email='0', data = 'a:4:{s:10:\"admin_name\";s:5:\"admin\";s:11:\"action_list\";s:3:\"all\";s:10:\"last_check\";i:1452706949;s:12:\"suppliers_id\";s:1:\"0\";}' WHERE sesskey = '8b1652653eb768deb492498ddadcbeba' LIMIT 1

DELETE FROM `ectouch2.0`.`ecs_sessions` WHERE expiry < 1452733974

SELECT userid, adminid, user_name, user_rank, discount, email, data, expiry FROM `ectouch2.0`.`ecs_sessions` WHERE sesskey = '8b1652653eb768deb492498ddadcbeba'

SELECT code, value FROM `ectouch2.0`.`ecs_shop_config` WHERE parent_id > 0

SELECT c.cat_id, c.cat_name, c.measure_unit, c.parent_id, c.is_show, c.show_in_nav, c.grade, c.sort_order, COUNT(s.cat_id) AS has_children FROM `ectouch2.0`.`ecs_category` AS c LEFT JOIN `ectouch2.0`.`ecs_category` AS s ON s.parent_id=c.cat_id GROUP BY c.cat_id ORDER BY c.parent_id, c.sort_order ASC

SELECT cat_id, COUNT(*) AS goods_num  FROM `ectouch2.0`.`ecs_goods` WHERE is_delete = 0 AND is_on_sale = 1  GROUP BY cat_id

SELECT gc.cat_id, COUNT(*) AS goods_num  FROM `ectouch2.0`.`ecs_goods_cat` AS gc , `ectouch2.0`.`ecs_goods` AS g  WHERE g.goods_id = gc.goods_id AND g.is_delete = 0 AND g.is_on_sale = 1  GROUP BY gc.cat_id

DELETE FROM `ectouch2.0`.`ecs_sessions` WHERE expiry < 1452733976

SELECT userid, adminid, user_name, user_rank, discount, email, data, expiry FROM `ectouch2.0`.`ecs_sessions` WHERE sesskey = '8b1652653eb768deb492498ddadcbeba'

SELECT code, value FROM `ectouch2.0`.`ecs_shop_config` WHERE parent_id > 0

SELECT cat_id, cat_name FROM `ectouch2.0`.`ecs_goods_type` WHERE enabled = 1

SELECT a.attr_id, a.cat_id, a.attr_name  FROM `ectouch2.0`.`ecs_attribute` AS a,  `ectouch2.0`.`ecs_goods_type` AS c  WHERE  a.cat_id = c.cat_id AND c.enabled = 1  ORDER BY a.cat_id , a.sort_order

SELECT c.cat_id, c.cat_name, c.measure_unit, c.parent_id, c.is_show, c.show_in_nav, c.grade, c.sort_order, COUNT(s.cat_id) AS has_children FROM `ectouch2.0`.`ecs_category` AS c LEFT JOIN `ectouch2.0`.`ecs_category` AS s ON s.parent_id=c.cat_id GROUP BY c.cat_id ORDER BY c.parent_id, c.sort_order ASC

SELECT cat_id, COUNT(*) AS goods_num  FROM `ectouch2.0`.`ecs_goods` WHERE is_delete = 0 AND is_on_sale = 1  GROUP BY cat_id

SELECT gc.cat_id, COUNT(*) AS goods_num  FROM `ectouch2.0`.`ecs_goods_cat` AS gc , `ectouch2.0`.`ecs_goods` AS g  WHERE g.goods_id = gc.goods_id AND g.is_delete = 0 AND g.is_on_sale = 1  GROUP BY gc.cat_id

DELETE FROM `ectouch2.0`.`ecs_sessions` WHERE expiry < 1452733980

SELECT userid, adminid, user_name, user_rank, discount, email, data, expiry FROM `ectouch2.0`.`ecs_sessions` WHERE sesskey = '8b1652653eb768deb492498ddadcbeba'

SELECT code, value FROM `ectouch2.0`.`ecs_shop_config` WHERE parent_id > 0

SELECT COUNT(*) FROM `ectouch2.0`.`ecs_category` WHERE parent_id = '0' AND cat_name = '女装' AND cat_id<>'0'

DESC `ectouch2.0`.`ecs_category`

INSERT INTO `ectouch2.0`.`ecs_category` (cat_id, cat_name, keywords, cat_desc, parent_id, sort_order, measure_unit, show_in_nav, style, is_show, grade, filter_attr) VALUES ('0', '女装', '', '', '0', '50', '', '0', '', '1', '0', '')

SELECT cat_id,parent_id FROM `ectouch2.0`.`ecs_category` ORDER BY cat_id DESC LIMIT 1

DELETE FROM `ectouch2.0`.`ecs_cat_recommend` WHERE cat_id=0

INSERT INTO `ectouch2.0`.`ecs_admin_log` (log_time, user_id, log_info, ip_address)  VALUES ('1452706996', 1, '添加商品分类: 女装', '0.0.0.0')

UPDATE `ectouch2.0`.`ecs_sessions` SET expiry = '1452735796', ip = '0.0.0.0', userid = '0', adminid = '1', user_name='0', user_rank='0', discount='0', email='0', data = 'a:4:{s:10:\"admin_name\";s:5:\"admin\";s:11:\"action_list\";s:3:\"all\";s:10:\"last_check\";i:1452706949;s:12:\"suppliers_id\";s:1:\"0\";}' WHERE sesskey = '8b1652653eb768deb492498ddadcbeba' LIMIT 1

DELETE FROM `ectouch2.0`.`ecs_sessions` WHERE expiry < 1452733996

SELECT userid, adminid, user_name, user_rank, discount, email, data, expiry FROM `ectouch2.0`.`ecs_sessions` WHERE sesskey = '8b1652653eb768deb492498ddadcbeba'

SELECT code, value FROM `ectouch2.0`.`ecs_shop_config` WHERE parent_id > 0

SELECT c.cat_id, c.cat_name, c.measure_unit, c.parent_id, c.is_show, c.show_in_nav, c.grade, c.sort_order, COUNT(s.cat_id) AS has_children FROM `ectouch2.0`.`ecs_category` AS c LEFT JOIN `ectouch2.0`.`ecs_category` AS s ON s.parent_id=c.cat_id GROUP BY c.cat_id ORDER BY c.parent_id, c.sort_order ASC

SELECT cat_id, COUNT(*) AS goods_num  FROM `ectouch2.0`.`ecs_goods` WHERE is_delete = 0 AND is_on_sale = 1  GROUP BY cat_id

SELECT gc.cat_id, COUNT(*) AS goods_num  FROM `ectouch2.0`.`ecs_goods_cat` AS gc , `ectouch2.0`.`ecs_goods` AS g  WHERE g.goods_id = gc.goods_id AND g.is_delete = 0 AND g.is_on_sale = 1  GROUP BY gc.cat_id

DELETE FROM `ectouch2.0`.`ecs_sessions` WHERE expiry < 1452734000

SELECT userid, adminid, user_name, user_rank, discount, email, data, expiry FROM `ectouch2.0`.`ecs_sessions` WHERE sesskey = '8b1652653eb768deb492498ddadcbeba'

SELECT code, value FROM `ectouch2.0`.`ecs_shop_config` WHERE parent_id > 0

SELECT cat_id, cat_name FROM `ectouch2.0`.`ecs_goods_type` WHERE enabled = 1

SELECT a.attr_id, a.cat_id, a.attr_name  FROM `ectouch2.0`.`ecs_attribute` AS a,  `ectouch2.0`.`ecs_goods_type` AS c  WHERE  a.cat_id = c.cat_id AND c.enabled = 1  ORDER BY a.cat_id , a.sort_order

SELECT c.cat_id, c.cat_name, c.measure_unit, c.parent_id, c.is_show, c.show_in_nav, c.grade, c.sort_order, COUNT(s.cat_id) AS has_children FROM `ectouch2.0`.`ecs_category` AS c LEFT JOIN `ectouch2.0`.`ecs_category` AS s ON s.parent_id=c.cat_id GROUP BY c.cat_id ORDER BY c.parent_id, c.sort_order ASC

SELECT cat_id, COUNT(*) AS goods_num  FROM `ectouch2.0`.`ecs_goods` WHERE is_delete = 0 AND is_on_sale = 1  GROUP BY cat_id

SELECT gc.cat_id, COUNT(*) AS goods_num  FROM `ectouch2.0`.`ecs_goods_cat` AS gc , `ectouch2.0`.`ecs_goods` AS g  WHERE g.goods_id = gc.goods_id AND g.is_delete = 0 AND g.is_on_sale = 1  GROUP BY gc.cat_id

DELETE FROM `ectouch2.0`.`ecs_sessions_data` WHERE expiry < 1452734000

DELETE FROM `ectouch2.0`.`ecs_sessions` WHERE expiry < 1452734000

SELECT userid, adminid, user_name, user_rank, discount, email, data, expiry FROM `ectouch2.0`.`ecs_sessions` WHERE sesskey = '8b1652653eb768deb492498ddadcbeba'

SELECT code, value FROM `ectouch2.0`.`ecs_shop_config` WHERE parent_id > 0

SELECT c.cat_id, c.cat_name, c.measure_unit, c.parent_id, c.is_show, c.show_in_nav, c.grade, c.sort_order, COUNT(s.cat_id) AS has_children FROM `ectouch2.0`.`ecs_category` AS c LEFT JOIN `ectouch2.0`.`ecs_category` AS s ON s.parent_id=c.cat_id GROUP BY c.cat_id ORDER BY c.parent_id, c.sort_order ASC

SELECT cat_id, COUNT(*) AS goods_num  FROM `ectouch2.0`.`ecs_goods` WHERE is_delete = 0 AND is_on_sale = 1  GROUP BY cat_id

SELECT gc.cat_id, COUNT(*) AS goods_num  FROM `ectouch2.0`.`ecs_goods_cat` AS gc , `ectouch2.0`.`ecs_goods` AS g  WHERE g.goods_id = gc.goods_id AND g.is_delete = 0 AND g.is_on_sale = 1  GROUP BY gc.cat_id

SELECT userid, adminid, user_name, user_rank, discount, email, data, expiry FROM `ectouch2.0`.`ecs_sessions` WHERE sesskey = '8b1652653eb768deb492498ddadcbeba'

SELECT code, value FROM `ectouch2.0`.`ecs_shop_config` WHERE parent_id > 0

SELECT * FROM `ectouch2.0`.`ecs_category` WHERE cat_id='1' LIMIT 1

SELECT a.attr_id, a.cat_id, a.attr_name  FROM `ectouch2.0`.`ecs_attribute` AS a,  `ectouch2.0`.`ecs_goods_type` AS c  WHERE  a.cat_id = c.cat_id AND c.enabled = 1  ORDER BY a.cat_id , a.sort_order

SELECT recommend_type FROM `ectouch2.0`.`ecs_cat_recommend` WHERE cat_id=1

SELECT c.cat_id, c.cat_name, c.measure_unit, c.parent_id, c.is_show, c.show_in_nav, c.grade, c.sort_order, COUNT(s.cat_id) AS has_children FROM `ectouch2.0`.`ecs_category` AS c LEFT JOIN `ectouch2.0`.`ecs_category` AS s ON s.parent_id=c.cat_id GROUP BY c.cat_id ORDER BY c.parent_id, c.sort_order ASC

SELECT cat_id, COUNT(*) AS goods_num  FROM `ectouch2.0`.`ecs_goods` WHERE is_delete = 0 AND is_on_sale = 1  GROUP BY cat_id

SELECT gc.cat_id, COUNT(*) AS goods_num  FROM `ectouch2.0`.`ecs_goods_cat` AS gc , `ectouch2.0`.`ecs_goods` AS g  WHERE g.goods_id = gc.goods_id AND g.is_delete = 0 AND g.is_on_sale = 1  GROUP BY gc.cat_id

SELECT cat_id, cat_name FROM `ectouch2.0`.`ecs_goods_type` WHERE enabled = 1

SELECT userid, adminid, user_name, user_rank, discount, email, data, expiry FROM `ectouch2.0`.`ecs_sessions` WHERE sesskey = '8b1652653eb768deb492498ddadcbeba'

SELECT code, value FROM `ectouch2.0`.`ecs_shop_config` WHERE parent_id > 0

SELECT c.cat_id, c.cat_name, c.measure_unit, c.parent_id, c.is_show, c.show_in_nav, c.grade, c.sort_order, COUNT(s.cat_id) AS has_children FROM `ectouch2.0`.`ecs_category` AS c LEFT JOIN `ectouch2.0`.`ecs_category` AS s ON s.parent_id=c.cat_id GROUP BY c.cat_id ORDER BY c.parent_id, c.sort_order ASC

SELECT cat_id, COUNT(*) AS goods_num  FROM `ectouch2.0`.`ecs_goods` WHERE is_delete = 0 AND is_on_sale = 1  GROUP BY cat_id

SELECT gc.cat_id, COUNT(*) AS goods_num  FROM `ectouch2.0`.`ecs_goods_cat` AS gc , `ectouch2.0`.`ecs_goods` AS g  WHERE g.goods_id = gc.goods_id AND g.is_delete = 0 AND g.is_on_sale = 1  GROUP BY gc.cat_id

SELECT cat_name, show_in_nav FROM `ectouch2.0`.`ecs_category` WHERE cat_id = '1'

DESC `ectouch2.0`.`ecs_category`

UPDATE `ectouch2.0`.`ecs_category` SET cat_name = '女装', keywords = '', cat_desc = '', parent_id = '0', sort_order = '50', measure_unit = '', show_in_nav = '0', style = '', is_show = '1', grade = '0', filter_attr = '' WHERE cat_id='1'

INSERT INTO `ectouch2.0`.`ecs_touch_category`(`cat_id`,`cat_image`)VALUES('1','images/201601/1452707019216575051.jpg')

DELETE FROM `ectouch2.0`.`ecs_cat_recommend` WHERE cat_id=1

INSERT INTO `ectouch2.0`.`ecs_admin_log` (log_time, user_id, log_info, ip_address)  VALUES ('1452707019', 1, '编辑商品分类: 女装', '0.0.0.0')

UPDATE `ectouch2.0`.`ecs_sessions` SET expiry = '1452735819', ip = '0.0.0.0', userid = '0', adminid = '1', user_name='0', user_rank='0', discount='0', email='0', data = 'a:4:{s:10:\"admin_name\";s:5:\"admin\";s:11:\"action_list\";s:3:\"all\";s:10:\"last_check\";i:1452706949;s:12:\"suppliers_id\";s:1:\"0\";}' WHERE sesskey = '8b1652653eb768deb492498ddadcbeba' LIMIT 1

SELECT userid, adminid, user_name, user_rank, discount, email, data, expiry FROM `ectouch2.0`.`ecs_sessions` WHERE sesskey = '8b1652653eb768deb492498ddadcbeba'

SELECT code, value FROM `ectouch2.0`.`ecs_shop_config` WHERE parent_id > 0

SELECT c.cat_id, c.cat_name, c.measure_unit, c.parent_id, c.is_show, c.show_in_nav, c.grade, c.sort_order, COUNT(s.cat_id) AS has_children FROM `ectouch2.0`.`ecs_category` AS c LEFT JOIN `ectouch2.0`.`ecs_category` AS s ON s.parent_id=c.cat_id GROUP BY c.cat_id ORDER BY c.parent_id, c.sort_order ASC

SELECT cat_id, COUNT(*) AS goods_num  FROM `ectouch2.0`.`ecs_goods` WHERE is_delete = 0 AND is_on_sale = 1  GROUP BY cat_id

SELECT gc.cat_id, COUNT(*) AS goods_num  FROM `ectouch2.0`.`ecs_goods_cat` AS gc , `ectouch2.0`.`ecs_goods` AS g  WHERE g.goods_id = gc.goods_id AND g.is_delete = 0 AND g.is_on_sale = 1  GROUP BY gc.cat_id

DELETE FROM `ectouch2.0`.`ecs_sessions` WHERE expiry < 1452734024

SELECT userid, adminid, user_name, user_rank, discount, email, data, expiry FROM `ectouch2.0`.`ecs_sessions` WHERE sesskey = '8b1652653eb768deb492498ddadcbeba'

SELECT code, value FROM `ectouch2.0`.`ecs_shop_config` WHERE parent_id > 0

SELECT suppliers_id, suppliers_name, suppliers_desc
            FROM `ectouch2.0`.`ecs_suppliers`
            WHERE  is_check = 1 

SELECT c.cat_id, c.cat_name, c.measure_unit, c.parent_id, c.is_show, c.show_in_nav, c.grade, c.sort_order, COUNT(s.cat_id) AS has_children FROM `ectouch2.0`.`ecs_category` AS c LEFT JOIN `ectouch2.0`.`ecs_category` AS s ON s.parent_id=c.cat_id GROUP BY c.cat_id ORDER BY c.parent_id, c.sort_order ASC

SELECT cat_id, COUNT(*) AS goods_num  FROM `ectouch2.0`.`ecs_goods` WHERE is_delete = 0 AND is_on_sale = 1  GROUP BY cat_id

SELECT gc.cat_id, COUNT(*) AS goods_num  FROM `ectouch2.0`.`ecs_goods_cat` AS gc , `ectouch2.0`.`ecs_goods` AS g  WHERE g.goods_id = gc.goods_id AND g.is_delete = 0 AND g.is_on_sale = 1  GROUP BY gc.cat_id

SELECT brand_id, brand_name FROM `ectouch2.0`.`ecs_brand` ORDER BY sort_order

SELECT suppliers_id, suppliers_name, suppliers_desc
            FROM `ectouch2.0`.`ecs_suppliers`
            WHERE  is_check = 1 

SELECT COUNT(*) FROM `ectouch2.0`.`ecs_goods` AS g WHERE is_delete='0'  AND is_real='1'

SELECT goods_id, goods_name, goods_type, goods_sn, shop_price, is_on_sale, is_best, is_new, is_hot, sort_order, goods_number, integral,  (promote_price > 0 AND promote_start_date <= '1452758399' AND promote_end_date >= '1452758399') AS is_promote  FROM `ectouch2.0`.`ecs_goods` AS g WHERE is_delete='0'  AND is_real='1' ORDER BY goods_id DESC  LIMIT 0,15

SELECT DISTINCT cat_id
            FROM `ectouch2.0`.`ecs_attribute`
            WHERE attr_type = 1

UPDATE `ectouch2.0`.`ecs_sessions` SET expiry = '1452735853', ip = '0.0.0.0', userid = '0', adminid = '1', user_name='0', user_rank='0', discount='0', email='0', data = 'a:4:{s:10:\"admin_name\";s:5:\"admin\";s:11:\"action_list\";s:3:\"all\";s:10:\"last_check\";i:1452706949;s:12:\"suppliers_id\";s:1:\"0\";}' WHERE sesskey = '8b1652653eb768deb492498ddadcbeba' LIMIT 1

SELECT userid, adminid, user_name, user_rank, discount, email, data, expiry FROM `ectouch2.0`.`ecs_sessions` WHERE sesskey = '8b1652653eb768deb492498ddadcbeba'

SELECT code, value FROM `ectouch2.0`.`ecs_shop_config` WHERE parent_id > 0

SELECT suppliers_id, suppliers_name, suppliers_desc
            FROM `ectouch2.0`.`ecs_suppliers`
            WHERE  is_check = 1 

DELETE FROM `ectouch2.0`.`ecs_link_goods` WHERE (goods_id = 0 OR link_goods_id = 0) AND admin_id = '1'

DELETE FROM `ectouch2.0`.`ecs_group_goods` WHERE parent_id = 0 AND admin_id = '1'

DELETE FROM `ectouch2.0`.`ecs_goods_article` WHERE goods_id = 0 AND admin_id = '1'

DELETE FROM `ectouch2.0`.`ecs_goods_attr` WHERE goods_id = 0

SELECT c.cat_id, c.cat_name, c.measure_unit, c.parent_id, c.is_show, c.show_in_nav, c.grade, c.sort_order, COUNT(s.cat_id) AS has_children FROM `ectouch2.0`.`ecs_category` AS c LEFT JOIN `ectouch2.0`.`ecs_category` AS s ON s.parent_id=c.cat_id GROUP BY c.cat_id ORDER BY c.parent_id, c.sort_order ASC

SELECT cat_id, COUNT(*) AS goods_num  FROM `ectouch2.0`.`ecs_goods` WHERE is_delete = 0 AND is_on_sale = 1  GROUP BY cat_id

SELECT gc.cat_id, COUNT(*) AS goods_num  FROM `ectouch2.0`.`ecs_goods_cat` AS gc , `ectouch2.0`.`ecs_goods` AS g  WHERE g.goods_id = gc.goods_id AND g.is_delete = 0 AND g.is_on_sale = 1  GROUP BY gc.cat_id

SELECT brand_id, brand_name FROM `ectouch2.0`.`ecs_brand` ORDER BY sort_order

SELECT * FROM `ectouch2.0`.`ecs_user_rank` ORDER BY min_points

SELECT cat_id, cat_name FROM `ectouch2.0`.`ecs_goods_type` WHERE enabled = 1

DELETE FROM `ectouch2.0`.`ecs_sessions` WHERE expiry < 1452734058

SELECT userid, adminid, user_name, user_rank, discount, email, data, expiry FROM `ectouch2.0`.`ecs_sessions` WHERE sesskey = '8b1652653eb768deb492498ddadcbeba'

SELECT code, value FROM `ectouch2.0`.`ecs_shop_config` WHERE parent_id > 0

SELECT COUNT(*) FROM `ectouch2.0`.`ecs_goods` WHERE goods_sn = ''

UPDATE `ectouch2.0`.`ecs_sessions` SET expiry = '1452735887', ip = '0.0.0.0', userid = '0', adminid = '1', user_name='0', user_rank='0', discount='0', email='0', data = 'a:4:{s:10:\"admin_name\";s:5:\"admin\";s:11:\"action_list\";s:3:\"all\";s:10:\"last_check\";i:1452706949;s:12:\"suppliers_id\";s:1:\"0\";}' WHERE sesskey = '8b1652653eb768deb492498ddadcbeba' LIMIT 1

SELECT userid, adminid, user_name, user_rank, discount, email, data, expiry FROM `ectouch2.0`.`ecs_sessions` WHERE sesskey = '8b1652653eb768deb492498ddadcbeba'

SELECT code, value FROM `ectouch2.0`.`ecs_shop_config` WHERE parent_id > 0

SELECT MAX(goods_id) + 1 FROM `ectouch2.0`.`ecs_goods`

SELECT goods_sn FROM `ectouch2.0`.`ecs_goods` WHERE goods_sn LIKE 'ECS000000%' AND goods_id <> ''  ORDER BY LENGTH(goods_sn) DESC

INSERT INTO `ectouch2.0`.`ecs_goods` (goods_name, goods_name_style, goods_sn, cat_id, brand_id, shop_price, market_price, is_promote, promote_price, promote_start_date, promote_end_date, goods_img, goods_thumb, original_img, keywords, goods_brief, seller_note, goods_weight, goods_number, warn_number, integral, give_integral, is_best, is_new, is_hot, is_on_sale, is_alone_sale, is_shipping, goods_desc, add_time, last_update, goods_type, rank_integral, suppliers_id)VALUES ('皮裤', '+', 'ECS000000', '1', '', '100', '120', '0','0', '0', '0', 'images/201601/1452707088157501855.jpg', 'images/201601/1452707088789425140.jpg', 'images/201601/1452707088105011840.jpg', '', '', '', '0', '1', '1', '1', '-1', '0', '0', '0', '1', '1', 0,  '', '1452707088', '1452707088', '0', '-1', '0')

INSERT INTO `ectouch2.0`.`ecs_admin_log` (log_time, user_id, log_info, ip_address)  VALUES ('1452707088', 1, '添加商品: 皮裤', '0.0.0.0')

SELECT attr_id, attr_index FROM `ectouch2.0`.`ecs_attribute` WHERE cat_id = '0'

SELECT g.*, a.attr_type
                FROM `ectouch2.0`.`ecs_goods_attr` AS g
                    LEFT JOIN `ectouch2.0`.`ecs_attribute` AS a
                        ON a.attr_id = g.attr_id
                WHERE g.goods_id = '1'

UPDATE `ectouch2.0`.`ecs_goods` SET keywords = '' WHERE goods_id = '1' LIMIT 1

SELECT COUNT(*) FROM `ectouch2.0`.`ecs_member_price` WHERE goods_id = '1' AND user_rank = '1'

DELETE FROM `ectouch2.0`.`ecs_volume_price` WHERE price_type = '1' AND goods_id = '1'

UPDATE `ectouch2.0`.`ecs_link_goods` SET  goods_id = '1'  WHERE goods_id = '0' AND admin_id = '1'

UPDATE `ectouch2.0`.`ecs_link_goods` SET  link_goods_id = '1'  WHERE link_goods_id = '0' AND admin_id = '1'

UPDATE `ectouch2.0`.`ecs_group_goods` SET  parent_id = '1'  WHERE parent_id = '0' AND admin_id = '1'

UPDATE `ectouch2.0`.`ecs_goods_article` SET  goods_id = '1'  WHERE goods_id = '0' AND admin_id = '1'

UPDATE `ectouch2.0`.`ecs_goods` SET goods_img = 'images/201601/goods_img/1_G_1452707089547.jpg' WHERE goods_id='1'

UPDATE `ectouch2.0`.`ecs_goods` SET original_img = 'images/201601/source_img/1_G_1452707089313.jpg' WHERE goods_id='1'

UPDATE `ectouch2.0`.`ecs_goods` SET goods_thumb = 'images/201601/thumb_img/1_thumb_G_1452707089781.jpg' WHERE goods_id='1'

INSERT INTO `ectouch2.0`.`ecs_goods_gallery` (goods_id, img_url, img_desc, thumb_url, img_original) VALUES ('1', 'images/201601/goods_img/1_P_1452707089865.jpg', '', 'images/201601/thumb_img/1_thumb_P_1452707089929.jpg', 'images/201601/source_img/1_P_1452707089750.jpg')

SELECT COUNT(a.attr_id)
            FROM `ectouch2.0`.`ecs_attribute` AS a, `ectouch2.0`.`ecs_goods` AS g
            WHERE a.cat_id = g.goods_type
            AND g.goods_id = '1'

DELETE FROM `ectouch2.0`.`ecs_sessions_data` WHERE expiry < 1452734089

SELECT userid, adminid, user_name, user_rank, discount, email, data, expiry FROM `ectouch2.0`.`ecs_sessions` WHERE sesskey = '8b1652653eb768deb492498ddadcbeba'

SELECT code, value FROM `ectouch2.0`.`ecs_shop_config` WHERE parent_id > 0

SELECT suppliers_id, suppliers_name, suppliers_desc
            FROM `ectouch2.0`.`ecs_suppliers`
            WHERE  is_check = 1 

SELECT c.cat_id, c.cat_name, c.measure_unit, c.parent_id, c.is_show, c.show_in_nav, c.grade, c.sort_order, COUNT(s.cat_id) AS has_children FROM `ectouch2.0`.`ecs_category` AS c LEFT JOIN `ectouch2.0`.`ecs_category` AS s ON s.parent_id=c.cat_id GROUP BY c.cat_id ORDER BY c.parent_id, c.sort_order ASC

SELECT cat_id, COUNT(*) AS goods_num  FROM `ectouch2.0`.`ecs_goods` WHERE is_delete = 0 AND is_on_sale = 1  GROUP BY cat_id

SELECT gc.cat_id, COUNT(*) AS goods_num  FROM `ectouch2.0`.`ecs_goods_cat` AS gc , `ectouch2.0`.`ecs_goods` AS g  WHERE g.goods_id = gc.goods_id AND g.is_delete = 0 AND g.is_on_sale = 1  GROUP BY gc.cat_id

SELECT brand_id, brand_name FROM `ectouch2.0`.`ecs_brand` ORDER BY sort_order

SELECT suppliers_id, suppliers_name, suppliers_desc
            FROM `ectouch2.0`.`ecs_suppliers`
            WHERE  is_check = 1 

SELECT COUNT(*) FROM `ectouch2.0`.`ecs_goods` AS g WHERE is_delete='0'  AND is_real='1'

SELECT goods_id, goods_name, goods_type, goods_sn, shop_price, is_on_sale, is_best, is_new, is_hot, sort_order, goods_number, integral,  (promote_price > 0 AND promote_start_date <= '1452758399' AND promote_end_date >= '1452758399') AS is_promote  FROM `ectouch2.0`.`ecs_goods` AS g WHERE is_delete='0'  AND is_real='1' ORDER BY goods_id DESC  LIMIT 0,15

SELECT DISTINCT cat_id
            FROM `ectouch2.0`.`ecs_attribute`
            WHERE attr_type = 1

SELECT userid, adminid, user_name, user_rank, discount, email, data, expiry FROM `ectouch2.0`.`ecs_sessions` WHERE sesskey = '8b1652653eb768deb492498ddadcbeba'

SELECT code, value FROM `ectouch2.0`.`ecs_shop_config` WHERE parent_id > 0

SELECT COUNT(*) FROM `ectouch2.0`.`ecs_goods_type`

SELECT t.*, COUNT(a.cat_id) AS attr_count FROM `ectouch2.0`.`ecs_goods_type` AS t LEFT JOIN `ectouch2.0`.`ecs_attribute` AS a ON a.cat_id=t.cat_id GROUP BY t.cat_id LIMIT 0,15

SELECT a.cat_id FROM `ectouch2.0`.`ecs_attribute` AS a RIGHT JOIN `ectouch2.0`.`ecs_goods_attr` AS g ON g.attr_id = a.attr_id GROUP BY a.cat_id

UPDATE `ectouch2.0`.`ecs_sessions` SET expiry = '1452735915', ip = '0.0.0.0', userid = '0', adminid = '1', user_name='0', user_rank='0', discount='0', email='0', data = 'a:4:{s:10:\"admin_name\";s:5:\"admin\";s:11:\"action_list\";s:3:\"all\";s:10:\"last_check\";i:1452706949;s:12:\"suppliers_id\";s:1:\"0\";}' WHERE sesskey = '8b1652653eb768deb492498ddadcbeba' LIMIT 1

SELECT userid, adminid, user_name, user_rank, discount, email, data, expiry FROM `ectouch2.0`.`ecs_sessions` WHERE sesskey = '8b1652653eb768deb492498ddadcbeba'

SELECT code, value FROM `ectouch2.0`.`ecs_shop_config` WHERE parent_id > 0

DELETE FROM `ectouch2.0`.`ecs_sessions_data` WHERE expiry < 1452734117

SELECT userid, adminid, user_name, user_rank, discount, email, data, expiry FROM `ectouch2.0`.`ecs_sessions` WHERE sesskey = '8b1652653eb768deb492498ddadcbeba'

SELECT code, value FROM `ectouch2.0`.`ecs_shop_config` WHERE parent_id > 0

DELETE FROM `ectouch2.0`.`ecs_sessions_data` WHERE expiry < 1452734118

DELETE FROM `ectouch2.0`.`ecs_sessions` WHERE expiry < 1452734118

SELECT userid, adminid, user_name, user_rank, discount, email, data, expiry FROM `ectouch2.0`.`ecs_sessions` WHERE sesskey = '8b1652653eb768deb492498ddadcbeba'

SELECT code, value FROM `ectouch2.0`.`ecs_shop_config` WHERE parent_id > 0

DESC `ectouch2.0`.`ecs_goods_type`

INSERT INTO `ectouch2.0`.`ecs_goods_type` (cat_name, enabled, attr_group) VALUES ('女裤', '1', '')

UPDATE `ectouch2.0`.`ecs_sessions` SET expiry = '1452735934', ip = '0.0.0.0', userid = '0', adminid = '1', user_name='0', user_rank='0', discount='0', email='0', data = 'a:4:{s:10:\"admin_name\";s:5:\"admin\";s:11:\"action_list\";s:3:\"all\";s:10:\"last_check\";i:1452706949;s:12:\"suppliers_id\";s:1:\"0\";}' WHERE sesskey = '8b1652653eb768deb492498ddadcbeba' LIMIT 1

DELETE FROM `ectouch2.0`.`ecs_sessions_data` WHERE expiry < 1452734134

DELETE FROM `ectouch2.0`.`ecs_sessions` WHERE expiry < 1452734134

SELECT userid, adminid, user_name, user_rank, discount, email, data, expiry FROM `ectouch2.0`.`ecs_sessions` WHERE sesskey = '8b1652653eb768deb492498ddadcbeba'

SELECT code, value FROM `ectouch2.0`.`ecs_shop_config` WHERE parent_id > 0

SELECT COUNT(*) FROM `ectouch2.0`.`ecs_goods_type`

SELECT t.*, COUNT(a.cat_id) AS attr_count FROM `ectouch2.0`.`ecs_goods_type` AS t LEFT JOIN `ectouch2.0`.`ecs_attribute` AS a ON a.cat_id=t.cat_id GROUP BY t.cat_id LIMIT 0,15

SELECT a.cat_id FROM `ectouch2.0`.`ecs_attribute` AS a RIGHT JOIN `ectouch2.0`.`ecs_goods_attr` AS g ON g.attr_id = a.attr_id GROUP BY a.cat_id

DELETE FROM `ectouch2.0`.`ecs_sessions` WHERE expiry < 1452734136

SELECT userid, adminid, user_name, user_rank, discount, email, data, expiry FROM `ectouch2.0`.`ecs_sessions` WHERE sesskey = '8b1652653eb768deb492498ddadcbeba'

SELECT code, value FROM `ectouch2.0`.`ecs_shop_config` WHERE parent_id > 0

SELECT COUNT(*) FROM `ectouch2.0`.`ecs_order_info` WHERE add_time >= '1452706949'

SELECT COUNT(*) FROM `ectouch2.0`.`ecs_order_info` WHERE pay_time >= 1452706949

UPDATE `ectouch2.0`.`ecs_sessions` SET expiry = '1452735937', ip = '0.0.0.0', userid = '0', adminid = '1', user_name='0', user_rank='0', discount='0', email='0', data = 'a:4:{s:10:\"admin_name\";s:5:\"admin\";s:11:\"action_list\";s:3:\"all\";s:10:\"last_check\";i:1452707137;s:12:\"suppliers_id\";s:1:\"0\";}' WHERE sesskey = '8b1652653eb768deb492498ddadcbeba' LIMIT 1

SELECT userid, adminid, user_name, user_rank, discount, email, data, expiry FROM `ectouch2.0`.`ecs_sessions` WHERE sesskey = '8b1652653eb768deb492498ddadcbeba'

SELECT code, value FROM `ectouch2.0`.`ecs_shop_config` WHERE parent_id > 0

SELECT cat_id, cat_name FROM `ectouch2.0`.`ecs_goods_type` WHERE enabled = 1

SELECT COUNT(*) FROM `ectouch2.0`.`ecs_attribute` AS a  WHERE a.cat_id = '1' 

SELECT a.*, t.cat_name  FROM `ectouch2.0`.`ecs_attribute` AS a  LEFT JOIN `ectouch2.0`.`ecs_goods_type` AS t ON a.cat_id = t.cat_id  WHERE a.cat_id = '1'  ORDER BY sort_order DESC  LIMIT 0, 15

DELETE FROM `ectouch2.0`.`ecs_sessions_data` WHERE expiry < 1452734139

SELECT userid, adminid, user_name, user_rank, discount, email, data, expiry FROM `ectouch2.0`.`ecs_sessions` WHERE sesskey = '8b1652653eb768deb492498ddadcbeba'

SELECT code, value FROM `ectouch2.0`.`ecs_shop_config` WHERE parent_id > 0

SELECT attr_group FROM `ectouch2.0`.`ecs_goods_type` WHERE cat_id='1'

SELECT cat_id, cat_name FROM `ectouch2.0`.`ecs_goods_type` WHERE enabled = 1

DELETE FROM `ectouch2.0`.`ecs_sessions` WHERE expiry < 1452734142

SELECT userid, adminid, user_name, user_rank, discount, email, data, expiry FROM `ectouch2.0`.`ecs_sessions` WHERE sesskey = '8b1652653eb768deb492498ddadcbeba'

SELECT code, value FROM `ectouch2.0`.`ecs_shop_config` WHERE parent_id > 0

SELECT attr_group FROM `ectouch2.0`.`ecs_goods_type` WHERE cat_id='1'

SELECT userid, adminid, user_name, user_rank, discount, email, data, expiry FROM `ectouch2.0`.`ecs_sessions` WHERE sesskey = '8b1652653eb768deb492498ddadcbeba'

SELECT code, value FROM `ectouch2.0`.`ecs_shop_config` WHERE parent_id > 0

SELECT COUNT(*) FROM `ectouch2.0`.`ecs_attribute` WHERE attr_name = '款式' AND  cat_id = '1'

DESC `ectouch2.0`.`ecs_attribute`

INSERT INTO `ectouch2.0`.`ecs_attribute` (cat_id, attr_name, attr_input_type, attr_type, attr_values, attr_index, is_linked, attr_group) VALUES ('1', '款式', '0', '1', '', '0', '0', '0')

INSERT INTO `ectouch2.0`.`ecs_admin_log` (log_time, user_id, log_info, ip_address)  VALUES ('1452707165', 1, '添加属性: 款式', '0.0.0.0')

UPDATE `ectouch2.0`.`ecs_sessions` SET expiry = '1452735965', ip = '0.0.0.0', userid = '0', adminid = '1', user_name='0', user_rank='0', discount='0', email='0', data = 'a:4:{s:10:\"admin_name\";s:5:\"admin\";s:11:\"action_list\";s:3:\"all\";s:10:\"last_check\";i:1452707137;s:12:\"suppliers_id\";s:1:\"0\";}' WHERE sesskey = '8b1652653eb768deb492498ddadcbeba' LIMIT 1

SELECT userid, adminid, user_name, user_rank, discount, email, data, expiry FROM `ectouch2.0`.`ecs_sessions` WHERE sesskey = '8b1652653eb768deb492498ddadcbeba'

SELECT code, value FROM `ectouch2.0`.`ecs_shop_config` WHERE parent_id > 0

SELECT suppliers_id, suppliers_name, suppliers_desc
            FROM `ectouch2.0`.`ecs_suppliers`
            WHERE  is_check = 1 

SELECT c.cat_id, c.cat_name, c.measure_unit, c.parent_id, c.is_show, c.show_in_nav, c.grade, c.sort_order, COUNT(s.cat_id) AS has_children FROM `ectouch2.0`.`ecs_category` AS c LEFT JOIN `ectouch2.0`.`ecs_category` AS s ON s.parent_id=c.cat_id GROUP BY c.cat_id ORDER BY c.parent_id, c.sort_order ASC

SELECT cat_id, COUNT(*) AS goods_num  FROM `ectouch2.0`.`ecs_goods` WHERE is_delete = 0 AND is_on_sale = 1  GROUP BY cat_id

SELECT gc.cat_id, COUNT(*) AS goods_num  FROM `ectouch2.0`.`ecs_goods_cat` AS gc , `ectouch2.0`.`ecs_goods` AS g  WHERE g.goods_id = gc.goods_id AND g.is_delete = 0 AND g.is_on_sale = 1  GROUP BY gc.cat_id

SELECT brand_id, brand_name FROM `ectouch2.0`.`ecs_brand` ORDER BY sort_order

SELECT suppliers_id, suppliers_name, suppliers_desc
            FROM `ectouch2.0`.`ecs_suppliers`
            WHERE  is_check = 1 

SELECT COUNT(*) FROM `ectouch2.0`.`ecs_goods` AS g WHERE is_delete='0'  AND is_real='1'

SELECT goods_id, goods_name, goods_type, goods_sn, shop_price, is_on_sale, is_best, is_new, is_hot, sort_order, goods_number, integral,  (promote_price > 0 AND promote_start_date <= '1452758399' AND promote_end_date >= '1452758399') AS is_promote  FROM `ectouch2.0`.`ecs_goods` AS g WHERE is_delete='0'  AND is_real='1' ORDER BY goods_id DESC  LIMIT 0,15

SELECT DISTINCT cat_id
            FROM `ectouch2.0`.`ecs_attribute`
            WHERE attr_type = 1

DELETE FROM `ectouch2.0`.`ecs_sessions_data` WHERE expiry < 1452734168

DELETE FROM `ectouch2.0`.`ecs_sessions` WHERE expiry < 1452734168

SELECT userid, adminid, user_name, user_rank, discount, email, data, expiry FROM `ectouch2.0`.`ecs_sessions` WHERE sesskey = '8b1652653eb768deb492498ddadcbeba'

SELECT code, value FROM `ectouch2.0`.`ecs_shop_config` WHERE parent_id > 0

SELECT suppliers_id, suppliers_name, suppliers_desc
            FROM `ectouch2.0`.`ecs_suppliers`
            WHERE  is_check = 1 

SELECT * FROM `ectouch2.0`.`ecs_goods` WHERE goods_id = '1'

SELECT DISTINCT cat_id
            FROM `ectouch2.0`.`ecs_attribute`
            WHERE attr_type = 1

SELECT g.goods_attr_id, g.attr_value, g.attr_id, a.attr_name
            FROM `ectouch2.0`.`ecs_goods_attr` AS g
                LEFT JOIN `ectouch2.0`.`ecs_attribute` AS a
                    ON a.attr_id = g.attr_id
            WHERE goods_id = '1'
            AND a.attr_type = 1
            ORDER BY g.attr_id ASC

SELECT cat_id FROM `ectouch2.0`.`ecs_goods_cat` WHERE goods_id = '1'

SELECT lg.link_goods_id AS goods_id, g.goods_name, lg.is_double FROM `ectouch2.0`.`ecs_link_goods` AS lg, `ectouch2.0`.`ecs_goods` AS g WHERE lg.goods_id = '1' AND lg.link_goods_id = g.goods_id 

SELECT gg.goods_id, CONCAT(g.goods_name, ' -- [', gg.goods_price, ']') AS goods_name FROM `ectouch2.0`.`ecs_group_goods` AS gg, `ectouch2.0`.`ecs_goods` AS g WHERE gg.parent_id = '1' AND gg.goods_id = g.goods_id 

SELECT g.article_id, a.title FROM `ectouch2.0`.`ecs_goods_article` AS g, `ectouch2.0`.`ecs_article` AS a WHERE g.goods_id = '1' AND g.article_id = a.article_id 

SELECT * FROM `ectouch2.0`.`ecs_goods_gallery` WHERE goods_id = '1'

SELECT c.cat_id, c.cat_name, c.measure_unit, c.parent_id, c.is_show, c.show_in_nav, c.grade, c.sort_order, COUNT(s.cat_id) AS has_children FROM `ectouch2.0`.`ecs_category` AS c LEFT JOIN `ectouch2.0`.`ecs_category` AS s ON s.parent_id=c.cat_id GROUP BY c.cat_id ORDER BY c.parent_id, c.sort_order ASC

SELECT cat_id, COUNT(*) AS goods_num  FROM `ectouch2.0`.`ecs_goods` WHERE is_delete = 0 AND is_on_sale = 1  GROUP BY cat_id

SELECT gc.cat_id, COUNT(*) AS goods_num  FROM `ectouch2.0`.`ecs_goods_cat` AS gc , `ectouch2.0`.`ecs_goods` AS g  WHERE g.goods_id = gc.goods_id AND g.is_delete = 0 AND g.is_on_sale = 1  GROUP BY gc.cat_id

SELECT brand_id, brand_name FROM `ectouch2.0`.`ecs_brand` ORDER BY sort_order

SELECT * FROM `ectouch2.0`.`ecs_user_rank` ORDER BY min_points

SELECT user_rank, user_price FROM `ectouch2.0`.`ecs_member_price` WHERE goods_id = '1'

SELECT cat_id, cat_name FROM `ectouch2.0`.`ecs_goods_type` WHERE enabled = 1

SELECT `volume_number` , `volume_price` FROM `ectouch2.0`.`ecs_volume_price` WHERE `goods_id` = '1' AND `price_type` = '1' ORDER BY `volume_number`

DELETE FROM `ectouch2.0`.`ecs_sessions` WHERE expiry < 1452734172

SELECT userid, adminid, user_name, user_rank, discount, email, data, expiry FROM `ectouch2.0`.`ecs_sessions` WHERE sesskey = '8b1652653eb768deb492498ddadcbeba'

SELECT code, value FROM `ectouch2.0`.`ecs_shop_config` WHERE parent_id > 0

SELECT a.attr_id, a.attr_name, a.attr_input_type, a.attr_type, a.attr_values, v.attr_value, v.attr_price FROM `ectouch2.0`.`ecs_attribute` AS a LEFT JOIN `ectouch2.0`.`ecs_goods_attr` AS v ON v.attr_id = a.attr_id AND v.goods_id = '1' WHERE a.cat_id = 1 OR a.cat_id = 0 ORDER BY a.sort_order, a.attr_type, a.attr_id, v.attr_price, v.goods_attr_id

SELECT userid, adminid, user_name, user_rank, discount, email, data, expiry FROM `ectouch2.0`.`ecs_sessions` WHERE sesskey = '8b1652653eb768deb492498ddadcbeba'

SELECT code, value FROM `ectouch2.0`.`ecs_shop_config` WHERE parent_id > 0

SELECT COUNT(*) FROM `ectouch2.0`.`ecs_goods` WHERE goods_sn = 'ECS000000' AND goods_id <> '1'

SELECT goods_id FROM `ectouch2.0`.`ecs_products`WHERE product_sn='ECS000000'

DELETE FROM `ectouch2.0`.`ecs_sessions_data` WHERE expiry < 1452734184

DELETE FROM `ectouch2.0`.`ecs_sessions` WHERE expiry < 1452734184

SELECT userid, adminid, user_name, user_rank, discount, email, data, expiry FROM `ectouch2.0`.`ecs_sessions` WHERE sesskey = '8b1652653eb768deb492498ddadcbeba'

SELECT code, value FROM `ectouch2.0`.`ecs_shop_config` WHERE parent_id > 0

SELECT COUNT(*) FROM `ectouch2.0`.`ecs_goods` WHERE goods_sn = 'ECS000000' AND is_delete = 0 AND goods_id <> '1'

SELECT goods_thumb, goods_img, original_img  FROM `ectouch2.0`.`ecs_goods` WHERE goods_id = '1'

UPDATE `ectouch2.0`.`ecs_goods` SET goods_name = '皮裤', goods_name_style = '+', goods_sn = 'ECS000000', cat_id = '1', brand_id = '', shop_price = '100.00', market_price = '120.00', is_promote = '0', promote_price = '0', promote_start_date = '0', suppliers_id = '0', promote_end_date = '0', keywords = '', goods_brief = '', seller_note = '', goods_weight = '0',goods_number = '1', warn_number = '1', integral = '1', give_integral = '-1', rank_integral = '-1', is_best = '0', is_new = '0', is_hot = '0', is_on_sale = '1', is_alone_sale = '1', is_shipping = '0', goods_desc = '', last_update = '1452707186', goods_type = '1' WHERE goods_id = '1' LIMIT 1

INSERT INTO `ectouch2.0`.`ecs_admin_log` (log_time, user_id, log_info, ip_address)  VALUES ('1452707186', 1, '编辑商品: 皮裤', '0.0.0.0')

SELECT attr_id, attr_index FROM `ectouch2.0`.`ecs_attribute` WHERE cat_id = '1'

SELECT g.*, a.attr_type
                FROM `ectouch2.0`.`ecs_goods_attr` AS g
                    LEFT JOIN `ectouch2.0`.`ecs_attribute` AS a
                        ON a.attr_id = g.attr_id
                WHERE g.goods_id = '1'

UPDATE `ectouch2.0`.`ecs_goods` SET keywords = '' WHERE goods_id = '1' LIMIT 1

INSERT INTO `ectouch2.0`.`ecs_goods_attr` (attr_id, goods_id, attr_value, attr_price)VALUES ('1', '1', '直筒', '')

SELECT COUNT(*) FROM `ectouch2.0`.`ecs_member_price` WHERE goods_id = '1' AND user_rank = '1'

DELETE FROM `ectouch2.0`.`ecs_volume_price` WHERE price_type = '1' AND goods_id = '1'

UPDATE `ectouch2.0`.`ecs_goods_gallery` SET img_desc = '' WHERE img_id = '1' LIMIT 1

SELECT COUNT(a.attr_id)
            FROM `ectouch2.0`.`ecs_attribute` AS a, `ectouch2.0`.`ecs_goods` AS g
            WHERE a.cat_id = g.goods_type
            AND g.goods_id = '1'

UPDATE `ectouch2.0`.`ecs_sessions` SET expiry = '1452735986', ip = '0.0.0.0', userid = '0', adminid = '1', user_name='0', user_rank='0', discount='0', email='0', data = 'a:4:{s:10:\"admin_name\";s:5:\"admin\";s:11:\"action_list\";s:3:\"all\";s:10:\"last_check\";i:1452707137;s:12:\"suppliers_id\";s:1:\"0\";}' WHERE sesskey = '8b1652653eb768deb492498ddadcbeba' LIMIT 1

DELETE FROM `ectouch2.0`.`ecs_sessions` WHERE expiry < 1452734186

SELECT userid, adminid, user_name, user_rank, discount, email, data, expiry FROM `ectouch2.0`.`ecs_sessions` WHERE sesskey = '8b1652653eb768deb492498ddadcbeba'

SELECT code, value FROM `ectouch2.0`.`ecs_shop_config` WHERE parent_id > 0

SELECT suppliers_id, suppliers_name, suppliers_desc
            FROM `ectouch2.0`.`ecs_suppliers`
            WHERE  is_check = 1 

SELECT c.cat_id, c.cat_name, c.measure_unit, c.parent_id, c.is_show, c.show_in_nav, c.grade, c.sort_order, COUNT(s.cat_id) AS has_children FROM `ectouch2.0`.`ecs_category` AS c LEFT JOIN `ectouch2.0`.`ecs_category` AS s ON s.parent_id=c.cat_id GROUP BY c.cat_id ORDER BY c.parent_id, c.sort_order ASC

SELECT cat_id, COUNT(*) AS goods_num  FROM `ectouch2.0`.`ecs_goods` WHERE is_delete = 0 AND is_on_sale = 1  GROUP BY cat_id

SELECT gc.cat_id, COUNT(*) AS goods_num  FROM `ectouch2.0`.`ecs_goods_cat` AS gc , `ectouch2.0`.`ecs_goods` AS g  WHERE g.goods_id = gc.goods_id AND g.is_delete = 0 AND g.is_on_sale = 1  GROUP BY gc.cat_id

SELECT brand_id, brand_name FROM `ectouch2.0`.`ecs_brand` ORDER BY sort_order

SELECT suppliers_id, suppliers_name, suppliers_desc
            FROM `ectouch2.0`.`ecs_suppliers`
            WHERE  is_check = 1 

SELECT goods_id, goods_name, goods_type, goods_sn, shop_price, is_on_sale, is_best, is_new, is_hot, sort_order, goods_number, integral,  (promote_price > 0 AND promote_start_date <= '1452758399' AND promote_end_date >= '1452758399') AS is_promote  FROM `ectouch2.0`.`ecs_goods` AS g WHERE is_delete='0'  AND is_real='1' ORDER BY goods_id DESC  LIMIT 0,15

SELECT DISTINCT cat_id
            FROM `ectouch2.0`.`ecs_attribute`
            WHERE attr_type = 1

DELETE FROM `ectouch2.0`.`ecs_sessions_data` WHERE expiry < 1452734190

DELETE FROM `ectouch2.0`.`ecs_sessions` WHERE expiry < 1452734190

SELECT userid, adminid, user_name, user_rank, discount, email, data, expiry FROM `ectouch2.0`.`ecs_sessions` WHERE sesskey = '8b1652653eb768deb492498ddadcbeba'

SELECT code, value FROM `ectouch2.0`.`ecs_shop_config` WHERE parent_id > 0

SELECT agency_id FROM `ectouch2.0`.`ecs_admin_user` WHERE user_id = '1'

SELECT COUNT(*) FROM `ectouch2.0`.`ecs_order_info` AS o WHERE 1 

SELECT o.order_id, o.order_sn, o.add_time, o.order_status, o.shipping_status, o.order_amount, o.money_paid,o.pay_status, o.consignee, o.address, o.email, o.tel, o.extension_code, o.extension_id, (   o.goods_amount + o.tax + o.shipping_fee + o.insure_fee + o.pay_fee + o.pack_fee + o.card_fee ) AS total_fee, IFNULL(u.user_name, '匿名用户') AS buyer  FROM `ectouch2.0`.`ecs_order_info` AS o  LEFT JOIN `ectouch2.0`.`ecs_users` AS u ON u.user_id=o.user_id WHERE 1  ORDER BY add_time DESC  LIMIT 0,15

UPDATE `ectouch2.0`.`ecs_sessions` SET expiry = '1452736009', ip = '0.0.0.0', userid = '0', adminid = '1', user_name='0', user_rank='0', discount='0', email='0', data = 'a:4:{s:10:\"admin_name\";s:5:\"admin\";s:11:\"action_list\";s:3:\"all\";s:10:\"last_check\";i:1452707137;s:12:\"suppliers_id\";s:1:\"0\";}' WHERE sesskey = '8b1652653eb768deb492498ddadcbeba' LIMIT 1

DELETE FROM `ectouch2.0`.`ecs_sessions_data` WHERE expiry < 1452734209

SELECT userid, adminid, user_name, user_rank, discount, email, data, expiry FROM `ectouch2.0`.`ecs_sessions` WHERE sesskey = '8b1652653eb768deb492498ddadcbeba'

SELECT code, value FROM `ectouch2.0`.`ecs_shop_config` WHERE parent_id > 0

SELECT message_id, sender_id, receiver_id, sent_time, readed, deleted, title, message, user_name FROM `ectouch2.0`.`ecs_admin_message` AS a, `ectouch2.0`.`ecs_admin_user` AS b WHERE a.sender_id = b.user_id AND a.receiver_id = '1' AND a.readed = 0 AND deleted = 0 ORDER BY a.sent_time DESC

SELECT pay_id, is_cod FROM `ectouch2.0`.`ecs_payment` WHERE enabled = 1

SELECT COUNT(*) FROM `ectouch2.0`.`ecs_order_info` WHERE 1  AND order_status  IN ('1','5')  AND shipping_status  IN ('1','2')  AND pay_status  IN ('2','1')  

SELECT pay_id FROM `ectouch2.0`.`ecs_payment` WHERE is_cod = 1

SELECT COUNT(*) FROM `ectouch2.0`.`ecs_order_info` WHERE 1  AND   order_status  IN ('1','5','6')  AND   shipping_status  IN ('0','3','5')  AND ( pay_status  IN ('2','1')  OR pay_id  IN ('') ) 

SELECT pay_id FROM `ectouch2.0`.`ecs_payment` WHERE is_cod = 0

SELECT COUNT(*) FROM `ectouch2.0`.`ecs_order_info` WHERE 1  AND   order_status  IN ('1','5')  AND   pay_status = '0' AND ( shipping_status  IN ('1','2')  OR pay_id  IN ('') ) 

SELECT COUNT(*) FROM `ectouch2.0`.`ecs_order_info` WHERE 1  AND order_status = '0' 

SELECT COUNT(*) FROM `ectouch2.0`.`ecs_order_info` WHERE  shipping_status=4

SELECT COUNT(*) AS oCount, IFNULL(SUM(order_amount), 0) AS oAmount FROM `ectouch2.0`.`ecs_order_info`

SELECT COUNT(*) FROM `ectouch2.0`.`ecs_goods` WHERE is_delete = 0 AND is_alone_sale = 1 AND is_real = 1

SELECT COUNT(*) FROM `ectouch2.0`.`ecs_goods` WHERE is_delete = 0 AND is_alone_sale = 1 AND is_real=0 AND extension_code='virtual_card'

SELECT COUNT(*) FROM `ectouch2.0`.`ecs_goods` WHERE is_delete = 0 AND is_new = 1 AND is_real = 1

SELECT COUNT(*) FROM `ectouch2.0`.`ecs_goods` WHERE is_delete = 0 AND is_new = 1 AND is_real=0 AND extension_code='virtual_card'

SELECT COUNT(*) FROM `ectouch2.0`.`ecs_goods` WHERE is_delete = 0 AND is_best = 1 AND is_real = 1

SELECT COUNT(*) FROM `ectouch2.0`.`ecs_goods` WHERE is_delete = 0 AND is_best = 1 AND is_real=0 AND extension_code='virtual_card'

SELECT COUNT(*) FROM `ectouch2.0`.`ecs_goods` WHERE is_delete = 0 AND is_hot = 1 AND is_real = 1

SELECT COUNT(*) FROM `ectouch2.0`.`ecs_goods` WHERE is_delete = 0 AND is_hot = 1 AND is_real=0 AND extension_code='virtual_card'

SELECT COUNT(*) FROM `ectouch2.0`.`ecs_goods` WHERE is_delete = 0 AND promote_price>0 AND promote_start_date <= '1452707212' AND promote_end_date >= '1452707212' AND is_real = 1

SELECT COUNT(*) FROM `ectouch2.0`.`ecs_goods` WHERE is_delete = 0 AND promote_price>0 AND promote_start_date <= '1452707212' AND promote_end_date >= '1452707212' AND is_real=0 AND extension_code='virtual_card'

SELECT COUNT(*) FROM `ectouch2.0`.`ecs_goods` WHERE is_delete = 0 AND goods_number <= warn_number AND is_real = 1

SELECT COUNT(*) FROM `ectouch2.0`.`ecs_goods` WHERE is_delete = 0 AND goods_number <= warn_number AND is_real=0 AND extension_code='virtual_card'

SELECT COUNT(*) FROM `ectouch2.0`.`ecs_stats` WHERE access_time > 1452672000

SELECT count(*) FROM `ectouch2.0`.`ecs_sessions`

SELECT COUNT(f.msg_id) FROM `ectouch2.0`.`ecs_feedback` AS f LEFT JOIN `ectouch2.0`.`ecs_feedback` AS r ON r.parent_id=f.msg_id WHERE f.parent_id=0 AND ISNULL(r.msg_id) 

SELECT COUNT(*) FROM `ectouch2.0`.`ecs_comment` WHERE status = 0 AND parent_id = 0

SELECT COUNT(*) FROM `ectouch2.0`.`ecs_booking_goods` WHERE is_dispose = 0

SELECT COUNT(*) FROM `ectouch2.0`.`ecs_user_account` WHERE process_type = 1 AND is_paid = 0 

SELECT userid, adminid, user_name, user_rank, discount, email, data, expiry FROM `ectouch2.0`.`ecs_sessions` WHERE sesskey = '8b1652653eb768deb492498ddadcbeba'

SELECT code, value FROM `ectouch2.0`.`ecs_shop_config` WHERE parent_id > 0

SELECT userid, adminid, user_name, user_rank, discount, email, data, expiry FROM `ectouch2.0`.`ecs_sessions` WHERE sesskey = '8b1652653eb768deb492498ddadcbeba'

SELECT code, value FROM `ectouch2.0`.`ecs_shop_config` WHERE parent_id > 0

SELECT COUNT(*) AS oCount, IFNULL(SUM(order_amount), 0) AS oAmount FROM `ectouch2.0`.`ecs_order_info`

SELECT COUNT(*) FROM `ectouch2.0`.`ecs_goods` WHERE is_delete = 0 AND is_alone_sale = 1 AND is_real = 1

SELECT COUNT(*) FROM `ectouch2.0`.`ecs_users`

SELECT value FROM `ectouch2.0`.`ecs_shop_config` WHERE code = 'template'

SELECT value FROM `ectouch2.0`.`ecs_shop_config` WHERE code = 'stylename'

DELETE FROM `ectouch2.0`.`ecs_sessions_data` WHERE expiry < 1452734214

DELETE FROM `ectouch2.0`.`ecs_sessions` WHERE expiry < 1452734214

DELETE FROM `ectouch2.0`.`ecs_sessions` WHERE expiry < 1452734214

SELECT userid, adminid, user_name, user_rank, discount, email, data, expiry FROM `ectouch2.0`.`ecs_sessions` WHERE sesskey = '8b1652653eb768deb492498ddadcbeba'

SELECT code, value FROM `ectouch2.0`.`ecs_shop_config` WHERE parent_id > 0

SELECT * FROM `ectouch2.0`.`ecs_shop_config` WHERE type<>'hidden'   AND (parent_id<>'5' AND id<>'5') ORDER BY parent_id, sort_order, id

SELECT region_id, region_name FROM `ectouch2.0`.`ecs_region` WHERE region_type = '0' AND parent_id = '0'

SELECT region_id, region_name FROM `ectouch2.0`.`ecs_region` WHERE region_type = '1' AND parent_id = '1'

SELECT region_id, region_name FROM `ectouch2.0`.`ecs_region` WHERE region_type = '2' AND parent_id = '2'

SELECT userid, adminid, user_name, user_rank, discount, email, data, expiry FROM `ectouch2.0`.`ecs_sessions` WHERE sesskey = '8b1652653eb768deb492498ddadcbeba'

SELECT code, value FROM `ectouch2.0`.`ecs_shop_config` WHERE parent_id > 0

SELECT * FROM `ectouch2.0`.`ecs_shop_config` WHERE type<>'hidden'   AND (parent_id<>'5' AND id<>'5') ORDER BY parent_id, sort_order, id

SELECT region_id, region_name FROM `ectouch2.0`.`ecs_region` WHERE region_type = '0' AND parent_id = '0'

SELECT region_id, region_name FROM `ectouch2.0`.`ecs_region` WHERE region_type = '1' AND parent_id = '1'

SELECT region_id, region_name FROM `ectouch2.0`.`ecs_region` WHERE region_type = '2' AND parent_id = '2'

UPDATE `ectouch2.0`.`ecs_sessions` SET expiry = '1452736174', ip = '0.0.0.0', userid = '0', adminid = '1', user_name='0', user_rank='0', discount='0', email='0', data = 'a:4:{s:10:\"admin_name\";s:5:\"admin\";s:11:\"action_list\";s:3:\"all\";s:10:\"last_check\";i:1452707137;s:12:\"suppliers_id\";s:1:\"0\";}' WHERE sesskey = '8b1652653eb768deb492498ddadcbeba' LIMIT 1

DELETE FROM `ectouch2.0`.`ecs_sessions` WHERE expiry < 1452734374

SELECT userid, adminid, user_name, user_rank, discount, email, data, expiry FROM `ectouch2.0`.`ecs_sessions` WHERE sesskey = '8b1652653eb768deb492498ddadcbeba'

SELECT code, value FROM `ectouch2.0`.`ecs_shop_config` WHERE parent_id > 0

SELECT COUNT(*) FROM `ectouch2.0`.`ecs_order_info` WHERE add_time >= '1452707137'

SELECT COUNT(*) FROM `ectouch2.0`.`ecs_order_info` WHERE pay_time >= 1452707137

UPDATE `ectouch2.0`.`ecs_sessions` SET expiry = '1452736175', ip = '0.0.0.0', userid = '0', adminid = '1', user_name='0', user_rank='0', discount='0', email='0', data = 'a:4:{s:10:\"admin_name\";s:5:\"admin\";s:11:\"action_list\";s:3:\"all\";s:10:\"last_check\";i:1452707375;s:12:\"suppliers_id\";s:1:\"0\";}' WHERE sesskey = '8b1652653eb768deb492498ddadcbeba' LIMIT 1

SELECT userid, adminid, user_name, user_rank, discount, email, data, expiry FROM `ectouch2.0`.`ecs_sessions` WHERE sesskey = '8b1652653eb768deb492498ddadcbeba'

SELECT code, value FROM `ectouch2.0`.`ecs_shop_config` WHERE parent_id > 0

SELECT code FROM `ectouch2.0`.`ecs_plugins`

SELECT user_id, user_name, email, nav_list FROM `ectouch2.0`.`ecs_admin_user` WHERE user_id = '1'

UPDATE `ectouch2.0`.`ecs_sessions` SET expiry = '1452736187', ip = '0.0.0.0', userid = '0', adminid = '1', user_name='0', user_rank='0', discount='0', email='0', data = 'a:4:{s:10:\"admin_name\";s:5:\"admin\";s:11:\"action_list\";s:3:\"all\";s:10:\"last_check\";i:1452707375;s:12:\"suppliers_id\";s:1:\"0\";}' WHERE sesskey = '8b1652653eb768deb492498ddadcbeba' LIMIT 1

DELETE FROM `ectouch2.0`.`ecs_sessions_data` WHERE expiry < 1452734387

SELECT userid, adminid, user_name, user_rank, discount, email, data, expiry FROM `ectouch2.0`.`ecs_sessions` WHERE sesskey = '8b1652653eb768deb492498ddadcbeba'

SELECT code, value FROM `ectouch2.0`.`ecs_shop_config` WHERE parent_id > 0

SELECT COUNT(*) FROM `ectouch2.0`.`ecs_order_info` WHERE add_time >= '1452707375'

SELECT COUNT(*) FROM `ectouch2.0`.`ecs_order_info` WHERE pay_time >= 1452707375

UPDATE `ectouch2.0`.`ecs_sessions` SET expiry = '1452736368', ip = '0.0.0.0', userid = '0', adminid = '1', user_name='0', user_rank='0', discount='0', email='0', data = 'a:4:{s:10:\"admin_name\";s:5:\"admin\";s:11:\"action_list\";s:3:\"all\";s:10:\"last_check\";i:1452707568;s:12:\"suppliers_id\";s:1:\"0\";}' WHERE sesskey = '8b1652653eb768deb492498ddadcbeba' LIMIT 1

DELETE FROM `ectouch2.0`.`ecs_sessions_data` WHERE expiry < 1452734568

DELETE FROM `ectouch2.0`.`ecs_sessions` WHERE expiry < 1452734568

SELECT userid, adminid, user_name, user_rank, discount, email, data, expiry FROM `ectouch2.0`.`ecs_sessions` WHERE sesskey = '8b1652653eb768deb492498ddadcbeba'

SELECT code, value FROM `ectouch2.0`.`ecs_shop_config` WHERE parent_id > 0

SELECT user_id, user_name, email, add_time, last_login FROM `ectouch2.0`.`ecs_admin_user` ORDER BY user_id DESC

DELETE FROM `ectouch2.0`.`ecs_sessions_data` WHERE expiry < 1452734571

SELECT userid, adminid, user_name, user_rank, discount, email, data, expiry FROM `ectouch2.0`.`ecs_sessions` WHERE sesskey = '8b1652653eb768deb492498ddadcbeba'

SELECT code, value FROM `ectouch2.0`.`ecs_shop_config` WHERE parent_id > 0

SELECT role_id, role_name, action_list FROM `ectouch2.0`.`ecs_role`

UPDATE `ectouch2.0`.`ecs_sessions` SET expiry = '1452736379', ip = '0.0.0.0', userid = '0', adminid = '1', user_name='0', user_rank='0', discount='0', email='0', data = 'a:4:{s:10:\"admin_name\";s:5:\"admin\";s:11:\"action_list\";s:3:\"all\";s:10:\"last_check\";i:1452707568;s:12:\"suppliers_id\";s:1:\"0\";}' WHERE sesskey = '8b1652653eb768deb492498ddadcbeba' LIMIT 1

SELECT userid, adminid, user_name, user_rank, discount, email, data, expiry FROM `ectouch2.0`.`ecs_sessions` WHERE sesskey = '8b1652653eb768deb492498ddadcbeba'

SELECT code, value FROM `ectouch2.0`.`ecs_shop_config` WHERE parent_id > 0

SELECT COUNT(*) FROM `ectouch2.0`.`ecs_admin_user` WHERE user_name = 'xiaowang'

SELECT COUNT(*) FROM `ectouch2.0`.`ecs_admin_user` WHERE email = 'xiaowang@qq.com'

SELECT nav_list FROM `ectouch2.0`.`ecs_admin_user` WHERE action_list = 'all'

INSERT INTO `ectouch2.0`.`ecs_admin_user` (user_name, email, password, add_time, nav_list, action_list, role_id) VALUES ('xiaowang', 'xiaowang@qq.com', '0192023a7bbd73250516f069df18b500', '1452707601', '', '', '')

UPDATE `ectouch2.0`.`ecs_sessions` SET expiry = '1452736401', ip = '0.0.0.0', userid = '0', adminid = '1', user_name='0', user_rank='0', discount='0', email='0', data = 'a:4:{s:10:\"admin_name\";s:5:\"admin\";s:11:\"action_list\";s:3:\"all\";s:10:\"last_check\";i:1452707568;s:12:\"suppliers_id\";s:1:\"0\";}' WHERE sesskey = '8b1652653eb768deb492498ddadcbeba' LIMIT 1

SELECT userid, adminid, user_name, user_rank, discount, email, data, expiry FROM `ectouch2.0`.`ecs_sessions` WHERE sesskey = '8b1652653eb768deb492498ddadcbeba'

SELECT code, value FROM `ectouch2.0`.`ecs_shop_config` WHERE parent_id > 0

SELECT action_list FROM `ectouch2.0`.`ecs_admin_user` WHERE user_id = '2'

SELECT action_id, parent_id, action_code,relevance FROM `ectouch2.0`.`ecs_admin_action` WHERE parent_id = 0

SELECT action_id, parent_id, action_code,relevance FROM `ectouch2.0`.`ecs_admin_action` WHERE parent_id  IN ('1','2','3','4','5','6','7','8','9','10','11') 

SELECT userid, adminid, user_name, user_rank, discount, email, data, expiry FROM `ectouch2.0`.`ecs_sessions` WHERE sesskey = '8b1652653eb768deb492498ddadcbeba'

SELECT code, value FROM `ectouch2.0`.`ecs_shop_config` WHERE parent_id > 0

SELECT user_id, user_name, email, add_time, last_login FROM `ectouch2.0`.`ecs_admin_user` ORDER BY user_id DESC

UPDATE `ectouch2.0`.`ecs_sessions` SET expiry = '1452736698', ip = '0.0.0.0', userid = '0', adminid = '1', user_name='0', user_rank='0', discount='0', email='0', data = 'a:4:{s:10:\"admin_name\";s:5:\"admin\";s:11:\"action_list\";s:3:\"all\";s:10:\"last_check\";i:1452707568;s:12:\"suppliers_id\";s:1:\"0\";}' WHERE sesskey = '8b1652653eb768deb492498ddadcbeba' LIMIT 1

DELETE FROM `ectouch2.0`.`ecs_sessions` WHERE expiry < 1452734898

SELECT userid, adminid, user_name, user_rank, discount, email, data, expiry FROM `ectouch2.0`.`ecs_sessions` WHERE sesskey = '8b1652653eb768deb492498ddadcbeba'

SELECT code, value FROM `ectouch2.0`.`ecs_shop_config` WHERE parent_id > 0

SELECT COUNT(*) FROM `ectouch2.0`.`ecs_order_info` WHERE add_time >= '1452707568'

SELECT COUNT(*) FROM `ectouch2.0`.`ecs_order_info` WHERE pay_time >= 1452707568

UPDATE `ectouch2.0`.`ecs_sessions` SET expiry = '1452736699', ip = '0.0.0.0', userid = '0', adminid = '1', user_name='0', user_rank='0', discount='0', email='0', data = 'a:4:{s:10:\"admin_name\";s:5:\"admin\";s:11:\"action_list\";s:3:\"all\";s:10:\"last_check\";i:1452707899;s:12:\"suppliers_id\";s:1:\"0\";}' WHERE sesskey = '8b1652653eb768deb492498ddadcbeba' LIMIT 1

SELECT userid, adminid, user_name, user_rank, discount, email, data, expiry FROM `ectouch2.0`.`ecs_sessions` WHERE sesskey = '8b1652653eb768deb492498ddadcbeba'

SELECT code, value FROM `ectouch2.0`.`ecs_shop_config` WHERE parent_id > 0

SELECT action_list FROM `ectouch2.0`.`ecs_admin_user` WHERE user_id = '2'

SELECT action_id, parent_id, action_code,relevance FROM `ectouch2.0`.`ecs_admin_action` WHERE parent_id = 0

SELECT action_id, parent_id, action_code,relevance FROM `ectouch2.0`.`ecs_admin_action` WHERE parent_id  IN ('1','2','3','4','5','6','7','8','9','10','11') 

DELETE FROM `ectouch2.0`.`ecs_sessions_data` WHERE expiry < 1452734902

DELETE FROM `ectouch2.0`.`ecs_sessions` WHERE expiry < 1452734902

SELECT userid, adminid, user_name, user_rank, discount, email, data, expiry FROM `ectouch2.0`.`ecs_sessions` WHERE sesskey = '8b1652653eb768deb492498ddadcbeba'

SELECT code, value FROM `ectouch2.0`.`ecs_shop_config` WHERE parent_id > 0

SELECT suppliers_id, suppliers_name, suppliers_desc
            FROM `ectouch2.0`.`ecs_suppliers`
            WHERE  is_check = 1 

SELECT c.cat_id, c.cat_name, c.measure_unit, c.parent_id, c.is_show, c.show_in_nav, c.grade, c.sort_order, COUNT(s.cat_id) AS has_children FROM `ectouch2.0`.`ecs_category` AS c LEFT JOIN `ectouch2.0`.`ecs_category` AS s ON s.parent_id=c.cat_id GROUP BY c.cat_id ORDER BY c.parent_id, c.sort_order ASC

SELECT cat_id, COUNT(*) AS goods_num  FROM `ectouch2.0`.`ecs_goods` WHERE is_delete = 0 AND is_on_sale = 1  GROUP BY cat_id

SELECT gc.cat_id, COUNT(*) AS goods_num  FROM `ectouch2.0`.`ecs_goods_cat` AS gc , `ectouch2.0`.`ecs_goods` AS g  WHERE g.goods_id = gc.goods_id AND g.is_delete = 0 AND g.is_on_sale = 1  GROUP BY gc.cat_id

SELECT brand_id, brand_name FROM `ectouch2.0`.`ecs_brand` ORDER BY sort_order

SELECT suppliers_id, suppliers_name, suppliers_desc
            FROM `ectouch2.0`.`ecs_suppliers`
            WHERE  is_check = 1 

SELECT COUNT(*) FROM `ectouch2.0`.`ecs_goods` AS g WHERE is_delete='0'  AND is_real='1'

SELECT goods_id, goods_name, goods_type, goods_sn, shop_price, is_on_sale, is_best, is_new, is_hot, sort_order, goods_number, integral,  (promote_price > 0 AND promote_start_date <= '1452758399' AND promote_end_date >= '1452758399') AS is_promote  FROM `ectouch2.0`.`ecs_goods` AS g WHERE is_delete='0'  AND is_real='1' ORDER BY goods_id DESC  LIMIT 0,15

SELECT DISTINCT cat_id
            FROM `ectouch2.0`.`ecs_attribute`
            WHERE attr_type = 1

UPDATE `ectouch2.0`.`ecs_sessions` SET expiry = '1452738034', ip = '0.0.0.0', userid = '0', adminid = '1', user_name='0', user_rank='0', discount='0', email='0', data = 'a:4:{s:10:\"admin_name\";s:5:\"admin\";s:11:\"action_list\";s:3:\"all\";s:10:\"last_check\";i:1452707899;s:12:\"suppliers_id\";s:1:\"0\";}' WHERE sesskey = '8b1652653eb768deb492498ddadcbeba' LIMIT 1

DELETE FROM `ectouch2.0`.`ecs_sessions` WHERE expiry < 1452736234

SELECT userid, adminid, user_name, user_rank, discount, email, data, expiry FROM `ectouch2.0`.`ecs_sessions` WHERE sesskey = '8b1652653eb768deb492498ddadcbeba'

SELECT code, value FROM `ectouch2.0`.`ecs_shop_config` WHERE parent_id > 0

SELECT COUNT(*) FROM `ectouch2.0`.`ecs_order_info` WHERE add_time >= '1452707899'

SELECT COUNT(*) FROM `ectouch2.0`.`ecs_order_info` WHERE pay_time >= 1452707899

UPDATE `ectouch2.0`.`ecs_sessions` SET expiry = '1452738036', ip = '0.0.0.0', userid = '0', adminid = '1', user_name='0', user_rank='0', discount='0', email='0', data = 'a:4:{s:10:\"admin_name\";s:5:\"admin\";s:11:\"action_list\";s:3:\"all\";s:10:\"last_check\";i:1452709236;s:12:\"suppliers_id\";s:1:\"0\";}' WHERE sesskey = '8b1652653eb768deb492498ddadcbeba' LIMIT 1

DELETE FROM `ectouch2.0`.`ecs_sessions` WHERE expiry < 1452736236

SELECT userid, adminid, user_name, user_rank, discount, email, data, expiry FROM `ectouch2.0`.`ecs_sessions` WHERE sesskey = '8b1652653eb768deb492498ddadcbeba'

SELECT code, value FROM `ectouch2.0`.`ecs_shop_config` WHERE parent_id > 0

UPDATE `ectouch2.0`.`ecs_goods` SET is_best = '1', last_update=1452709237 WHERE goods_id = '1'

DELETE FROM `ectouch2.0`.`ecs_sessions_data` WHERE expiry < 1452736237

SELECT userid, adminid, user_name, user_rank, discount, email, data, expiry FROM `ectouch2.0`.`ecs_sessions` WHERE sesskey = '8b1652653eb768deb492498ddadcbeba'

SELECT code, value FROM `ectouch2.0`.`ecs_shop_config` WHERE parent_id > 0

SELECT COUNT(*) FROM `ectouch2.0`.`ecs_order_info` WHERE add_time >= '1452709236'

SELECT COUNT(*) FROM `ectouch2.0`.`ecs_order_info` WHERE pay_time >= 1452709236

UPDATE `ectouch2.0`.`ecs_sessions` SET expiry = '1452738216', ip = '0.0.0.0', userid = '0', adminid = '1', user_name='0', user_rank='0', discount='0', email='0', data = 'a:4:{s:10:\"admin_name\";s:5:\"admin\";s:11:\"action_list\";s:3:\"all\";s:10:\"last_check\";i:1452709416;s:12:\"suppliers_id\";s:1:\"0\";}' WHERE sesskey = '8b1652653eb768deb492498ddadcbeba' LIMIT 1

DELETE FROM `ectouch2.0`.`ecs_sessions` WHERE expiry < 1452736416

SELECT userid, adminid, user_name, user_rank, discount, email, data, expiry FROM `ectouch2.0`.`ecs_sessions` WHERE sesskey = '8b1652653eb768deb492498ddadcbeba'

SELECT code, value FROM `ectouch2.0`.`ecs_shop_config` WHERE parent_id > 0

SELECT COUNT(*) FROM `ectouch2.0`.`ecs_order_info` WHERE add_time >= '1452709416'

SELECT COUNT(*) FROM `ectouch2.0`.`ecs_order_info` WHERE pay_time >= 1452709416

UPDATE `ectouch2.0`.`ecs_sessions` SET expiry = '1452738397', ip = '0.0.0.0', userid = '0', adminid = '1', user_name='0', user_rank='0', discount='0', email='0', data = 'a:4:{s:10:\"admin_name\";s:5:\"admin\";s:11:\"action_list\";s:3:\"all\";s:10:\"last_check\";i:1452709597;s:12:\"suppliers_id\";s:1:\"0\";}' WHERE sesskey = '8b1652653eb768deb492498ddadcbeba' LIMIT 1

SELECT userid, adminid, user_name, user_rank, discount, email, data, expiry FROM `ectouch2.0`.`ecs_sessions` WHERE sesskey = '8b1652653eb768deb492498ddadcbeba'

SELECT code, value FROM `ectouch2.0`.`ecs_shop_config` WHERE parent_id > 0

SELECT COUNT(*) FROM `ectouch2.0`.`ecs_order_info` WHERE add_time >= '1452709597'

SELECT COUNT(*) FROM `ectouch2.0`.`ecs_order_info` WHERE pay_time >= 1452709597

UPDATE `ectouch2.0`.`ecs_sessions` SET expiry = '1452738577', ip = '0.0.0.0', userid = '0', adminid = '1', user_name='0', user_rank='0', discount='0', email='0', data = 'a:4:{s:10:\"admin_name\";s:5:\"admin\";s:11:\"action_list\";s:3:\"all\";s:10:\"last_check\";i:1452709777;s:12:\"suppliers_id\";s:1:\"0\";}' WHERE sesskey = '8b1652653eb768deb492498ddadcbeba' LIMIT 1

DELETE FROM `ectouch2.0`.`ecs_sessions_data` WHERE expiry < 1452736777

SELECT userid, adminid, user_name, user_rank, discount, email, data, expiry FROM `ectouch2.0`.`ecs_sessions` WHERE sesskey = '8b1652653eb768deb492498ddadcbeba'

SELECT code, value FROM `ectouch2.0`.`ecs_shop_config` WHERE parent_id > 0

SELECT COUNT(*) FROM `ectouch2.0`.`ecs_order_info` WHERE add_time >= '1452709777'

SELECT COUNT(*) FROM `ectouch2.0`.`ecs_order_info` WHERE pay_time >= 1452709777

UPDATE `ectouch2.0`.`ecs_sessions` SET expiry = '1452738757', ip = '0.0.0.0', userid = '0', adminid = '1', user_name='0', user_rank='0', discount='0', email='0', data = 'a:4:{s:10:\"admin_name\";s:5:\"admin\";s:11:\"action_list\";s:3:\"all\";s:10:\"last_check\";i:1452709957;s:12:\"suppliers_id\";s:1:\"0\";}' WHERE sesskey = '8b1652653eb768deb492498ddadcbeba' LIMIT 1

SELECT userid, adminid, user_name, user_rank, discount, email, data, expiry FROM `ectouch2.0`.`ecs_sessions` WHERE sesskey = '8b1652653eb768deb492498ddadcbeba'

SELECT code, value FROM `ectouch2.0`.`ecs_shop_config` WHERE parent_id > 0

SELECT rank_id, rank_name, min_points FROM `ectouch2.0`.`ecs_user_rank` ORDER BY min_points ASC 

SELECT COUNT(*) FROM `ectouch2.0`.`ecs_users` WHERE 1 

SELECT user_id, user_name,sex,birthday,mobile_phone,email, is_validated, user_money, frozen_money, rank_points, pay_points, reg_time  FROM `ectouch2.0`.`ecs_users` WHERE 1  ORDER by user_id DESC LIMIT 0,15

UPDATE `ectouch2.0`.`ecs_sessions` SET expiry = '1452738860', ip = '0.0.0.0', userid = '0', adminid = '1', user_name='0', user_rank='0', discount='0', email='0', data = 'a:5:{s:10:\"admin_name\";s:5:\"admin\";s:11:\"action_list\";s:3:\"all\";s:10:\"last_check\";i:1452709957;s:12:\"suppliers_id\";s:1:\"0\";s:9:\"user_list\";a:0:{}}' WHERE sesskey = '8b1652653eb768deb492498ddadcbeba' LIMIT 1

DELETE FROM `ectouch2.0`.`ecs_sessions` WHERE expiry < 1452737060

SELECT userid, adminid, user_name, user_rank, discount, email, data, expiry FROM `ectouch2.0`.`ecs_sessions` WHERE sesskey = '8b1652653eb768deb492498ddadcbeba'

SELECT code, value FROM `ectouch2.0`.`ecs_shop_config` WHERE parent_id > 0

SELECT rank_id, rank_name, min_points FROM `ectouch2.0`.`ecs_user_rank` ORDER BY min_points ASC 

SELECT COUNT(*) FROM `ectouch2.0`.`ecs_users` WHERE 1 

SELECT user_id, user_name,sex,birthday,mobile_phone,email, is_validated, user_money, frozen_money, rank_points, pay_points, reg_time  FROM `ectouch2.0`.`ecs_users` WHERE 1  ORDER by user_id DESC LIMIT 0,15

DELETE FROM `ectouch2.0`.`ecs_sessions` WHERE expiry < 1452737066

SELECT userid, adminid, user_name, user_rank, discount, email, data, expiry FROM `ectouch2.0`.`ecs_sessions` WHERE sesskey = '8b1652653eb768deb492498ddadcbeba'

SELECT code, value FROM `ectouch2.0`.`ecs_shop_config` WHERE parent_id > 0

SELECT rank_id, rank_name, min_points FROM `ectouch2.0`.`ecs_user_rank` ORDER BY min_points ASC 

SELECT COUNT(*) FROM `ectouch2.0`.`ecs_users` WHERE 1 

SELECT user_id, user_name,sex,birthday,mobile_phone,email, is_validated, user_money, frozen_money, rank_points, pay_points, reg_time  FROM `ectouch2.0`.`ecs_users` WHERE 1  ORDER by user_id DESC LIMIT 0,15

UPDATE `ectouch2.0`.`ecs_sessions` SET expiry = '1452738907', ip = '0.0.0.0', userid = '0', adminid = '1', user_name='0', user_rank='0', discount='0', email='0', data = 'a:5:{s:10:\"admin_name\";s:5:\"admin\";s:11:\"action_list\";s:3:\"all\";s:10:\"last_check\";i:1452709957;s:12:\"suppliers_id\";s:1:\"0\";s:9:\"user_list\";a:0:{}}' WHERE sesskey = '8b1652653eb768deb492498ddadcbeba' LIMIT 1

SELECT userid, adminid, user_name, user_rank, discount, email, data, expiry FROM `ectouch2.0`.`ecs_sessions` WHERE sesskey = '8b1652653eb768deb492498ddadcbeba'

SELECT code, value FROM `ectouch2.0`.`ecs_shop_config` WHERE parent_id > 0

SELECT rank_id, rank_name, min_points FROM `ectouch2.0`.`ecs_user_rank` ORDER BY min_points ASC 

SELECT COUNT(*) FROM `ectouch2.0`.`ecs_users` WHERE 1 

SELECT user_id, user_name,sex,birthday,mobile_phone,email, is_validated, user_money, frozen_money, rank_points, pay_points, reg_time  FROM `ectouch2.0`.`ecs_users` WHERE 1  ORDER by user_id DESC LIMIT 0,15

UPDATE `ectouch2.0`.`ecs_sessions` SET expiry = '1452738967', ip = '0.0.0.0', userid = '0', adminid = '1', user_name='0', user_rank='0', discount='0', email='0', data = 'a:5:{s:10:\"admin_name\";s:5:\"admin\";s:11:\"action_list\";s:3:\"all\";s:10:\"last_check\";i:1452709957;s:12:\"suppliers_id\";s:1:\"0\";s:9:\"user_list\";a:0:{}}' WHERE sesskey = '8b1652653eb768deb492498ddadcbeba' LIMIT 1

SELECT userid, adminid, user_name, user_rank, discount, email, data, expiry FROM `ectouch2.0`.`ecs_sessions` WHERE sesskey = '8b1652653eb768deb492498ddadcbeba'

SELECT code, value FROM `ectouch2.0`.`ecs_shop_config` WHERE parent_id > 0

SELECT COUNT(*) FROM `ectouch2.0`.`ecs_order_info` WHERE add_time >= '1452709957'

SELECT COUNT(*) FROM `ectouch2.0`.`ecs_order_info` WHERE pay_time >= 1452709957

UPDATE `ectouch2.0`.`ecs_sessions` SET expiry = '1452738968', ip = '0.0.0.0', userid = '0', adminid = '1', user_name='0', user_rank='0', discount='0', email='0', data = 'a:5:{s:10:\"admin_name\";s:5:\"admin\";s:11:\"action_list\";s:3:\"all\";s:10:\"last_check\";i:1452710168;s:12:\"suppliers_id\";s:1:\"0\";s:9:\"user_list\";a:0:{}}' WHERE sesskey = '8b1652653eb768deb492498ddadcbeba' LIMIT 1

DELETE FROM `ectouch2.0`.`ecs_sessions_data` WHERE expiry < 1452737168

DELETE FROM `ectouch2.0`.`ecs_sessions` WHERE expiry < 1452737168

SELECT userid, adminid, user_name, user_rank, discount, email, data, expiry FROM `ectouch2.0`.`ecs_sessions` WHERE sesskey = '8b1652653eb768deb492498ddadcbeba'

SELECT code, value FROM `ectouch2.0`.`ecs_shop_config` WHERE parent_id > 0

SELECT rank_id, rank_name, min_points FROM `ectouch2.0`.`ecs_user_rank` ORDER BY min_points ASC 

SELECT COUNT(*) FROM `ectouch2.0`.`ecs_users` WHERE 1 

SELECT user_id, user_name,sex,birthday,mobile_phone,email, is_validated, user_money, frozen_money, rank_points, pay_points, reg_time  FROM `ectouch2.0`.`ecs_users` WHERE 1  ORDER by user_id DESC LIMIT 0,15

UPDATE `ectouch2.0`.`ecs_sessions` SET expiry = '1452739025', ip = '0.0.0.0', userid = '0', adminid = '1', user_name='0', user_rank='0', discount='0', email='0', data = 'a:5:{s:10:\"admin_name\";s:5:\"admin\";s:11:\"action_list\";s:3:\"all\";s:10:\"last_check\";i:1452710168;s:12:\"suppliers_id\";s:1:\"0\";s:9:\"user_list\";a:0:{}}' WHERE sesskey = '8b1652653eb768deb492498ddadcbeba' LIMIT 1

DELETE FROM `ectouch2.0`.`ecs_sessions_data` WHERE expiry < 1452737225

DELETE FROM `ectouch2.0`.`ecs_sessions` WHERE expiry < 1452737225

SELECT userid, adminid, user_name, user_rank, discount, email, data, expiry FROM `ectouch2.0`.`ecs_sessions` WHERE sesskey = '8b1652653eb768deb492498ddadcbeba'

SELECT code, value FROM `ectouch2.0`.`ecs_shop_config` WHERE parent_id > 0

DELETE FROM `ectouch2.0`.`ecs_sessions_data` WHERE expiry < 1452737227

SELECT userid, adminid, user_name, user_rank, discount, email, data, expiry FROM `ectouch2.0`.`ecs_sessions` WHERE sesskey = '8b1652653eb768deb492498ddadcbeba'

SELECT code, value FROM `ectouch2.0`.`ecs_shop_config` WHERE parent_id > 0

DELETE FROM `ectouch2.0`.`ecs_sessions_data` WHERE expiry < 1452737229

SELECT userid, adminid, user_name, user_rank, discount, email, data, expiry FROM `ectouch2.0`.`ecs_sessions` WHERE sesskey = '8b1652653eb768deb492498ddadcbeba'

SELECT code, value FROM `ectouch2.0`.`ecs_shop_config` WHERE parent_id > 0

SELECT rank_id, rank_name, min_points FROM `ectouch2.0`.`ecs_user_rank` ORDER BY min_points ASC 

SELECT COUNT(*) FROM `ectouch2.0`.`ecs_users` WHERE 1 

SELECT user_id, user_name,sex,birthday,mobile_phone,email, is_validated, user_money, frozen_money, rank_points, pay_points, reg_time  FROM `ectouch2.0`.`ecs_users` WHERE 1  ORDER by user_id DESC LIMIT 0,15

DESC `ectouch2.0`.`ecs_sessions_data`

INSERT INTO `ectouch2.0`.`ecs_sessions_data` (sesskey, expiry, data) VALUES ('8b1652653eb768deb492498ddadcbeba', '1452739131', 'a:5:{s:10:\"admin_name\";s:5:\"admin\";s:11:\"action_list\";s:3:\"all\";s:10:\"last_check\";i:1452710168;s:12:\"suppliers_id\";s:1:\"0\";s:9:\"user_list\";a:1:{i:0;a:12:{s:7:\"user_id\";s:1:\"1\";s:9:\"user_name\";s:7:\"xiaolin\";s:3:\"sex\";s:1:\"0\";s:8:\"birthday\";s:10:\"0000-00-00\";s:12:\"mobile_phone\";s:0:\"\";s:5:\"email\";s:20:\"8cd1452739041@qq.com\";s:12:\"is_validated\";s:1:\"0\";s:10:\"user_money\";s:4:\"0.00\";s:12:\"frozen_money\";s:4:\"0.00\";s:11:\"rank_points\";s:1:\"0\";s:10:\"pay_points\";s:1:\"0\";s:8:\"reg_time\";s:10:\"2016-01-14\";}}}')ON DUPLICATE KEY UPDATE expiry = expiry + 1452739131, data = 'a:5:{s:10:\"admin_name\";s:5:\"admin\";s:11:\"action_list\";s:3:\"all\";s:10:\"last_check\";i:1452710168;s:12:\"suppliers_id\";s:1:\"0\";s:9:\"user_list\";a:1:{i:0;a:12:{s:7:\"user_id\";s:1:\"1\";s:9:\"user_name\";s:7:\"xiaolin\";s:3:\"sex\";s:1:\"0\";s:8:\"birthday\";s:10:\"0000-00-00\";s:12:\"mobile_phone\";s:0:\"\";s:5:\"email\";s:20:\"8cd1452739041@qq.com\";s:12:\"is_validated\";s:1:\"0\";s:10:\"user_money\";s:4:\"0.00\";s:12:\"frozen_money\";s:4:\"0.00\";s:11:\"rank_points\";s:1:\"0\";s:10:\"pay_points\";s:1:\"0\";s:8:\"reg_time\";s:10:\"2016-01-14\";}}}'

UPDATE `ectouch2.0`.`ecs_sessions` SET expiry = '1452739131', ip = '0.0.0.0', userid = '0', adminid = '1', user_name='0', user_rank='0', discount='0', email='0', data = '' WHERE sesskey = '8b1652653eb768deb492498ddadcbeba' LIMIT 1

SELECT userid, adminid, user_name, user_rank, discount, email, data, expiry FROM `ectouch2.0`.`ecs_sessions` WHERE sesskey = '8b1652653eb768deb492498ddadcbeba'

SELECT data, expiry FROM `ectouch2.0`.`ecs_sessions_data` WHERE sesskey = '8b1652653eb768deb492498ddadcbeba'

SELECT code, value FROM `ectouch2.0`.`ecs_shop_config` WHERE parent_id > 0

SELECT COUNT(*) FROM `ectouch2.0`.`ecs_order_info` WHERE add_time >= '1452710168'

SELECT COUNT(*) FROM `ectouch2.0`.`ecs_order_info` WHERE pay_time >= 1452710168

DESC `ectouch2.0`.`ecs_sessions_data`

INSERT INTO `ectouch2.0`.`ecs_sessions_data` (sesskey, expiry, data) VALUES ('8b1652653eb768deb492498ddadcbeba', '1452739313', 'a:5:{s:10:\"admin_name\";s:5:\"admin\";s:11:\"action_list\";s:3:\"all\";s:10:\"last_check\";i:1452710513;s:12:\"suppliers_id\";s:1:\"0\";s:9:\"user_list\";a:1:{i:0;a:12:{s:7:\"user_id\";s:1:\"1\";s:9:\"user_name\";s:7:\"xiaolin\";s:3:\"sex\";s:1:\"0\";s:8:\"birthday\";s:10:\"0000-00-00\";s:12:\"mobile_phone\";s:0:\"\";s:5:\"email\";s:20:\"8cd1452739041@qq.com\";s:12:\"is_validated\";s:1:\"0\";s:10:\"user_money\";s:4:\"0.00\";s:12:\"frozen_money\";s:4:\"0.00\";s:11:\"rank_points\";s:1:\"0\";s:10:\"pay_points\";s:1:\"0\";s:8:\"reg_time\";s:10:\"2016-01-14\";}}}')ON DUPLICATE KEY UPDATE expiry = expiry + 1452739313, data = 'a:5:{s:10:\"admin_name\";s:5:\"admin\";s:11:\"action_list\";s:3:\"all\";s:10:\"last_check\";i:1452710513;s:12:\"suppliers_id\";s:1:\"0\";s:9:\"user_list\";a:1:{i:0;a:12:{s:7:\"user_id\";s:1:\"1\";s:9:\"user_name\";s:7:\"xiaolin\";s:3:\"sex\";s:1:\"0\";s:8:\"birthday\";s:10:\"0000-00-00\";s:12:\"mobile_phone\";s:0:\"\";s:5:\"email\";s:20:\"8cd1452739041@qq.com\";s:12:\"is_validated\";s:1:\"0\";s:10:\"user_money\";s:4:\"0.00\";s:12:\"frozen_money\";s:4:\"0.00\";s:11:\"rank_points\";s:1:\"0\";s:10:\"pay_points\";s:1:\"0\";s:8:\"reg_time\";s:10:\"2016-01-14\";}}}'

UPDATE `ectouch2.0`.`ecs_sessions` SET expiry = '1452739313', ip = '0.0.0.0', userid = '0', adminid = '1', user_name='0', user_rank='0', discount='0', email='0', data = '' WHERE sesskey = '8b1652653eb768deb492498ddadcbeba' LIMIT 1

SELECT userid, adminid, user_name, user_rank, discount, email, data, expiry FROM `ectouch2.0`.`ecs_sessions` WHERE sesskey = '8b1652653eb768deb492498ddadcbeba'

SELECT data, expiry FROM `ectouch2.0`.`ecs_sessions_data` WHERE sesskey = '8b1652653eb768deb492498ddadcbeba'

SELECT code, value FROM `ectouch2.0`.`ecs_shop_config` WHERE parent_id > 0

SELECT COUNT(*) FROM `ectouch2.0`.`ecs_order_info` WHERE add_time >= '1452710513'

SELECT COUNT(*) FROM `ectouch2.0`.`ecs_order_info` WHERE pay_time >= 1452710513

DESC `ectouch2.0`.`ecs_sessions_data`

INSERT INTO `ectouch2.0`.`ecs_sessions_data` (sesskey, expiry, data) VALUES ('8b1652653eb768deb492498ddadcbeba', '1452739494', 'a:5:{s:10:\"admin_name\";s:5:\"admin\";s:11:\"action_list\";s:3:\"all\";s:10:\"last_check\";i:1452710694;s:12:\"suppliers_id\";s:1:\"0\";s:9:\"user_list\";a:1:{i:0;a:12:{s:7:\"user_id\";s:1:\"1\";s:9:\"user_name\";s:7:\"xiaolin\";s:3:\"sex\";s:1:\"0\";s:8:\"birthday\";s:10:\"0000-00-00\";s:12:\"mobile_phone\";s:0:\"\";s:5:\"email\";s:20:\"8cd1452739041@qq.com\";s:12:\"is_validated\";s:1:\"0\";s:10:\"user_money\";s:4:\"0.00\";s:12:\"frozen_money\";s:4:\"0.00\";s:11:\"rank_points\";s:1:\"0\";s:10:\"pay_points\";s:1:\"0\";s:8:\"reg_time\";s:10:\"2016-01-14\";}}}')ON DUPLICATE KEY UPDATE expiry = expiry + 1452739494, data = 'a:5:{s:10:\"admin_name\";s:5:\"admin\";s:11:\"action_list\";s:3:\"all\";s:10:\"last_check\";i:1452710694;s:12:\"suppliers_id\";s:1:\"0\";s:9:\"user_list\";a:1:{i:0;a:12:{s:7:\"user_id\";s:1:\"1\";s:9:\"user_name\";s:7:\"xiaolin\";s:3:\"sex\";s:1:\"0\";s:8:\"birthday\";s:10:\"0000-00-00\";s:12:\"mobile_phone\";s:0:\"\";s:5:\"email\";s:20:\"8cd1452739041@qq.com\";s:12:\"is_validated\";s:1:\"0\";s:10:\"user_money\";s:4:\"0.00\";s:12:\"frozen_money\";s:4:\"0.00\";s:11:\"rank_points\";s:1:\"0\";s:10:\"pay_points\";s:1:\"0\";s:8:\"reg_time\";s:10:\"2016-01-14\";}}}'

UPDATE `ectouch2.0`.`ecs_sessions` SET expiry = '1452739494', ip = '0.0.0.0', userid = '0', adminid = '1', user_name='0', user_rank='0', discount='0', email='0', data = '' WHERE sesskey = '8b1652653eb768deb492498ddadcbeba' LIMIT 1

DELETE FROM `ectouch2.0`.`ecs_sessions` WHERE expiry < 1452737694

SELECT userid, adminid, user_name, user_rank, discount, email, data, expiry FROM `ectouch2.0`.`ecs_sessions` WHERE sesskey = '8b1652653eb768deb492498ddadcbeba'

SELECT data, expiry FROM `ectouch2.0`.`ecs_sessions_data` WHERE sesskey = '8b1652653eb768deb492498ddadcbeba'

SELECT code, value FROM `ectouch2.0`.`ecs_shop_config` WHERE parent_id > 0

SELECT COUNT(*) FROM `ectouch2.0`.`ecs_order_info` WHERE add_time >= '1452710694'

SELECT COUNT(*) FROM `ectouch2.0`.`ecs_order_info` WHERE pay_time >= 1452710694

DESC `ectouch2.0`.`ecs_sessions_data`

INSERT INTO `ectouch2.0`.`ecs_sessions_data` (sesskey, expiry, data) VALUES ('8b1652653eb768deb492498ddadcbeba', '1452739674', 'a:5:{s:10:\"admin_name\";s:5:\"admin\";s:11:\"action_list\";s:3:\"all\";s:10:\"last_check\";i:1452710874;s:12:\"suppliers_id\";s:1:\"0\";s:9:\"user_list\";a:1:{i:0;a:12:{s:7:\"user_id\";s:1:\"1\";s:9:\"user_name\";s:7:\"xiaolin\";s:3:\"sex\";s:1:\"0\";s:8:\"birthday\";s:10:\"0000-00-00\";s:12:\"mobile_phone\";s:0:\"\";s:5:\"email\";s:20:\"8cd1452739041@qq.com\";s:12:\"is_validated\";s:1:\"0\";s:10:\"user_money\";s:4:\"0.00\";s:12:\"frozen_money\";s:4:\"0.00\";s:11:\"rank_points\";s:1:\"0\";s:10:\"pay_points\";s:1:\"0\";s:8:\"reg_time\";s:10:\"2016-01-14\";}}}')ON DUPLICATE KEY UPDATE expiry = expiry + 1452739674, data = 'a:5:{s:10:\"admin_name\";s:5:\"admin\";s:11:\"action_list\";s:3:\"all\";s:10:\"last_check\";i:1452710874;s:12:\"suppliers_id\";s:1:\"0\";s:9:\"user_list\";a:1:{i:0;a:12:{s:7:\"user_id\";s:1:\"1\";s:9:\"user_name\";s:7:\"xiaolin\";s:3:\"sex\";s:1:\"0\";s:8:\"birthday\";s:10:\"0000-00-00\";s:12:\"mobile_phone\";s:0:\"\";s:5:\"email\";s:20:\"8cd1452739041@qq.com\";s:12:\"is_validated\";s:1:\"0\";s:10:\"user_money\";s:4:\"0.00\";s:12:\"frozen_money\";s:4:\"0.00\";s:11:\"rank_points\";s:1:\"0\";s:10:\"pay_points\";s:1:\"0\";s:8:\"reg_time\";s:10:\"2016-01-14\";}}}'

UPDATE `ectouch2.0`.`ecs_sessions` SET expiry = '1452739674', ip = '0.0.0.0', userid = '0', adminid = '1', user_name='0', user_rank='0', discount='0', email='0', data = '' WHERE sesskey = '8b1652653eb768deb492498ddadcbeba' LIMIT 1

DELETE FROM `ectouch2.0`.`ecs_sessions_data` WHERE expiry < 1452737874

DELETE FROM `ectouch2.0`.`ecs_sessions` WHERE expiry < 1452737874

SELECT userid, adminid, user_name, user_rank, discount, email, data, expiry FROM `ectouch2.0`.`ecs_sessions` WHERE sesskey = '8b1652653eb768deb492498ddadcbeba'

SELECT data, expiry FROM `ectouch2.0`.`ecs_sessions_data` WHERE sesskey = '8b1652653eb768deb492498ddadcbeba'

SELECT code, value FROM `ectouch2.0`.`ecs_shop_config` WHERE parent_id > 0

SELECT COUNT(*) FROM `ectouch2.0`.`ecs_order_info` WHERE add_time >= '1452710874'

SELECT COUNT(*) FROM `ectouch2.0`.`ecs_order_info` WHERE pay_time >= 1452710874

DESC `ectouch2.0`.`ecs_sessions_data`

INSERT INTO `ectouch2.0`.`ecs_sessions_data` (sesskey, expiry, data) VALUES ('8b1652653eb768deb492498ddadcbeba', '1452739854', 'a:5:{s:10:\"admin_name\";s:5:\"admin\";s:11:\"action_list\";s:3:\"all\";s:10:\"last_check\";i:1452711054;s:12:\"suppliers_id\";s:1:\"0\";s:9:\"user_list\";a:1:{i:0;a:12:{s:7:\"user_id\";s:1:\"1\";s:9:\"user_name\";s:7:\"xiaolin\";s:3:\"sex\";s:1:\"0\";s:8:\"birthday\";s:10:\"0000-00-00\";s:12:\"mobile_phone\";s:0:\"\";s:5:\"email\";s:20:\"8cd1452739041@qq.com\";s:12:\"is_validated\";s:1:\"0\";s:10:\"user_money\";s:4:\"0.00\";s:12:\"frozen_money\";s:4:\"0.00\";s:11:\"rank_points\";s:1:\"0\";s:10:\"pay_points\";s:1:\"0\";s:8:\"reg_time\";s:10:\"2016-01-14\";}}}')ON DUPLICATE KEY UPDATE expiry = expiry + 1452739854, data = 'a:5:{s:10:\"admin_name\";s:5:\"admin\";s:11:\"action_list\";s:3:\"all\";s:10:\"last_check\";i:1452711054;s:12:\"suppliers_id\";s:1:\"0\";s:9:\"user_list\";a:1:{i:0;a:12:{s:7:\"user_id\";s:1:\"1\";s:9:\"user_name\";s:7:\"xiaolin\";s:3:\"sex\";s:1:\"0\";s:8:\"birthday\";s:10:\"0000-00-00\";s:12:\"mobile_phone\";s:0:\"\";s:5:\"email\";s:20:\"8cd1452739041@qq.com\";s:12:\"is_validated\";s:1:\"0\";s:10:\"user_money\";s:4:\"0.00\";s:12:\"frozen_money\";s:4:\"0.00\";s:11:\"rank_points\";s:1:\"0\";s:10:\"pay_points\";s:1:\"0\";s:8:\"reg_time\";s:10:\"2016-01-14\";}}}'

UPDATE `ectouch2.0`.`ecs_sessions` SET expiry = '1452739854', ip = '0.0.0.0', userid = '0', adminid = '1', user_name='0', user_rank='0', discount='0', email='0', data = '' WHERE sesskey = '8b1652653eb768deb492498ddadcbeba' LIMIT 1

DELETE FROM `ectouch2.0`.`ecs_sessions_data` WHERE expiry < 1452738054

DELETE FROM `ectouch2.0`.`ecs_sessions` WHERE expiry < 1452738054

SELECT userid, adminid, user_name, user_rank, discount, email, data, expiry FROM `ectouch2.0`.`ecs_sessions` WHERE sesskey = '8b1652653eb768deb492498ddadcbeba'

SELECT data, expiry FROM `ectouch2.0`.`ecs_sessions_data` WHERE sesskey = '8b1652653eb768deb492498ddadcbeba'

SELECT code, value FROM `ectouch2.0`.`ecs_shop_config` WHERE parent_id > 0

SELECT * FROM `ectouch2.0`.`ecs_shop_config` WHERE type<>'hidden'   AND (parent_id<>'5' AND id<>'5') ORDER BY parent_id, sort_order, id

SELECT region_id, region_name FROM `ectouch2.0`.`ecs_region` WHERE region_type = '0' AND parent_id = '0'

SELECT region_id, region_name FROM `ectouch2.0`.`ecs_region` WHERE region_type = '1' AND parent_id = '1'

SELECT region_id, region_name FROM `ectouch2.0`.`ecs_region` WHERE region_type = '2' AND parent_id = '2'

SELECT userid, adminid, user_name, user_rank, discount, email, data, expiry FROM `ectouch2.0`.`ecs_sessions` WHERE sesskey = '8b1652653eb768deb492498ddadcbeba'

SELECT data, expiry FROM `ectouch2.0`.`ecs_sessions_data` WHERE sesskey = '8b1652653eb768deb492498ddadcbeba'

SELECT code, value FROM `ectouch2.0`.`ecs_shop_config` WHERE parent_id > 0

SELECT COUNT(*) FROM `ectouch2.0`.`ecs_order_info` WHERE add_time >= '1452711054'

SELECT COUNT(*) FROM `ectouch2.0`.`ecs_order_info` WHERE pay_time >= 1452711054

DESC `ectouch2.0`.`ecs_sessions_data`

INSERT INTO `ectouch2.0`.`ecs_sessions_data` (sesskey, expiry, data) VALUES ('8b1652653eb768deb492498ddadcbeba', '1452741148', 'a:6:{s:10:\"admin_name\";s:5:\"admin\";s:11:\"action_list\";s:3:\"all\";s:10:\"last_check\";i:1452712348;s:12:\"suppliers_id\";s:1:\"0\";s:9:\"user_list\";a:1:{i:0;a:12:{s:7:\"user_id\";s:1:\"1\";s:9:\"user_name\";s:7:\"xiaolin\";s:3:\"sex\";s:1:\"0\";s:8:\"birthday\";s:10:\"0000-00-00\";s:12:\"mobile_phone\";s:0:\"\";s:5:\"email\";s:20:\"8cd1452739041@qq.com\";s:12:\"is_validated\";s:1:\"0\";s:10:\"user_money\";s:4:\"0.00\";s:12:\"frozen_money\";s:4:\"0.00\";s:11:\"rank_points\";s:1:\"0\";s:10:\"pay_points\";s:1:\"0\";s:8:\"reg_time\";s:10:\"2016-01-14\";}}s:9:\"wechat_id\";i:1;}')ON DUPLICATE KEY UPDATE expiry = expiry + 1452741148, data = 'a:6:{s:10:\"admin_name\";s:5:\"admin\";s:11:\"action_list\";s:3:\"all\";s:10:\"last_check\";i:1452712348;s:12:\"suppliers_id\";s:1:\"0\";s:9:\"user_list\";a:1:{i:0;a:12:{s:7:\"user_id\";s:1:\"1\";s:9:\"user_name\";s:7:\"xiaolin\";s:3:\"sex\";s:1:\"0\";s:8:\"birthday\";s:10:\"0000-00-00\";s:12:\"mobile_phone\";s:0:\"\";s:5:\"email\";s:20:\"8cd1452739041@qq.com\";s:12:\"is_validated\";s:1:\"0\";s:10:\"user_money\";s:4:\"0.00\";s:12:\"frozen_money\";s:4:\"0.00\";s:11:\"rank_points\";s:1:\"0\";s:10:\"pay_points\";s:1:\"0\";s:8:\"reg_time\";s:10:\"2016-01-14\";}}s:9:\"wechat_id\";i:1;}'

UPDATE `ectouch2.0`.`ecs_sessions` SET expiry = '1452741148', ip = '0.0.0.0', userid = '0', adminid = '1', user_name='0', user_rank='0', discount='0', email='0', data = '' WHERE sesskey = '8b1652653eb768deb492498ddadcbeba' LIMIT 1

DELETE FROM `ectouch2.0`.`ecs_sessions_data` WHERE expiry < 1452739348

DELETE FROM `ectouch2.0`.`ecs_sessions` WHERE expiry < 1452739348

SELECT userid, adminid, user_name, user_rank, discount, email, data, expiry FROM `ectouch2.0`.`ecs_sessions` WHERE sesskey = '8b1652653eb768deb492498ddadcbeba'

SELECT data, expiry FROM `ectouch2.0`.`ecs_sessions_data` WHERE sesskey = '8b1652653eb768deb492498ddadcbeba'

SELECT code, value FROM `ectouch2.0`.`ecs_shop_config` WHERE parent_id > 0

SELECT c.*, COUNT(s.cat_id) AS has_children, COUNT(a.article_id) AS aricle_num  FROM `ectouch2.0`.`ecs_article_cat` AS c LEFT JOIN `ectouch2.0`.`ecs_article_cat` AS s ON s.parent_id=c.cat_id LEFT JOIN `ectouch2.0`.`ecs_article` AS a ON a.cat_id=c.cat_id GROUP BY c.cat_id  ORDER BY parent_id, sort_order ASC

DELETE FROM `ectouch2.0`.`ecs_sessions` WHERE expiry < 1452739352

SELECT userid, adminid, user_name, user_rank, discount, email, data, expiry FROM `ectouch2.0`.`ecs_sessions` WHERE sesskey = '8b1652653eb768deb492498ddadcbeba'

SELECT data, expiry FROM `ectouch2.0`.`ecs_sessions_data` WHERE sesskey = '8b1652653eb768deb492498ddadcbeba'

SELECT code, value FROM `ectouch2.0`.`ecs_shop_config` WHERE parent_id > 0

SELECT bonus_type_id, COUNT(*) AS sent_count FROM `ectouch2.0`.`ecs_user_bonus` GROUP BY bonus_type_id

SELECT bonus_type_id, COUNT(*) AS used_count FROM `ectouch2.0`.`ecs_user_bonus` WHERE used_time > 0 GROUP BY bonus_type_id

SELECT COUNT(*) FROM `ectouch2.0`.`ecs_bonus_type`

SELECT * FROM `ectouch2.0`.`ecs_bonus_type` ORDER BY type_id DESC LIMIT 15

DELETE FROM `ectouch2.0`.`ecs_sessions_data` WHERE expiry < 1452739355

SELECT userid, adminid, user_name, user_rank, discount, email, data, expiry FROM `ectouch2.0`.`ecs_sessions` WHERE sesskey = '8b1652653eb768deb492498ddadcbeba'

SELECT data, expiry FROM `ectouch2.0`.`ecs_sessions_data` WHERE sesskey = '8b1652653eb768deb492498ddadcbeba'

SELECT code, value FROM `ectouch2.0`.`ecs_shop_config` WHERE parent_id > 0

DELETE FROM `ectouch2.0`.`ecs_template` WHERE 1  AND theme <> 'default' 

SELECT userid, adminid, user_name, user_rank, discount, email, data, expiry FROM `ectouch2.0`.`ecs_sessions` WHERE sesskey = '8b1652653eb768deb492498ddadcbeba'

SELECT data, expiry FROM `ectouch2.0`.`ecs_sessions_data` WHERE sesskey = '8b1652653eb768deb492498ddadcbeba'

SELECT code, value FROM `ectouch2.0`.`ecs_shop_config` WHERE parent_id > 0

SHOW TABLES LIKE 'ecs\_%'

SELECT userid, adminid, user_name, user_rank, discount, email, data, expiry FROM `ectouch2.0`.`ecs_sessions` WHERE sesskey = '8b1652653eb768deb492498ddadcbeba'

SELECT code, value FROM `ectouch2.0`.`ecs_shop_config` WHERE parent_id > 0

DELETE FROM `ectouch2.0`.`ecs_sessions_data` WHERE expiry < 1452741228

DELETE FROM `ectouch2.0`.`ecs_sessions` WHERE expiry < 1452741228

SELECT userid, adminid, user_name, user_rank, discount, email, data, expiry FROM `ectouch2.0`.`ecs_sessions` WHERE sesskey = '8b1652653eb768deb492498ddadcbeba'

SELECT code, value FROM `ectouch2.0`.`ecs_shop_config` WHERE parent_id > 0

SELECT userid, adminid, user_name, user_rank, discount, email, data, expiry FROM `ectouch2.0`.`ecs_sessions` WHERE sesskey = '8b1652653eb768deb492498ddadcbeba'

SELECT code, value FROM `ectouch2.0`.`ecs_shop_config` WHERE parent_id > 0

DELETE FROM `ectouch2.0`.`ecs_sessions` WHERE expiry < 1452741230

SELECT userid, adminid, user_name, user_rank, discount, email, data, expiry FROM `ectouch2.0`.`ecs_sessions` WHERE sesskey = '8b1652653eb768deb492498ddadcbeba'

SELECT code, value FROM `ectouch2.0`.`ecs_shop_config` WHERE parent_id > 0

SELECT `ec_salt` FROM `ectouch2.0`.`ecs_admin_user`WHERE user_name = 'admin'

SELECT user_id, user_name, password, last_login, action_list, last_login,suppliers_id,ec_salt FROM `ectouch2.0`.`ecs_admin_user` WHERE user_name = 'admin' AND password = '24624890c65ce3f248bc30a14233d8db'

UPDATE `ectouch2.0`.`ecs_sessions` SET expiry = '1452743039', ip = '0.0.0.0', userid = '0', adminid = '0', user_name='0', user_rank='0', discount='0', email='0', data = 'a:0:{}' WHERE sesskey = '8b1652653eb768deb492498ddadcbeba' LIMIT 1

SELECT userid, adminid, user_name, user_rank, discount, email, data, expiry FROM `ectouch2.0`.`ecs_sessions` WHERE sesskey = '8b1652653eb768deb492498ddadcbeba'

SELECT code, value FROM `ectouch2.0`.`ecs_shop_config` WHERE parent_id > 0

SELECT `ec_salt` FROM `ectouch2.0`.`ecs_admin_user`WHERE user_name = 'admin'

SELECT user_id, user_name, password, last_login, action_list, last_login,suppliers_id,ec_salt FROM `ectouch2.0`.`ecs_admin_user` WHERE user_name = 'admin' AND password = '04451404768a172c2d79ff75b0b26a92'

UPDATE `ectouch2.0`.`ecs_admin_user` SET last_login='1452714248', last_ip='0.0.0.0' WHERE user_id='1'

SELECT DISTINCT session_id FROM `ectouch2.0`.`ecs_cart` AS c, `ectouch2.0`.`ecs_sessions` AS s WHERE c.session_id = s.sesskey 

DELETE FROM `ectouch2.0`.`ecs_cart` WHERE session_id NOT  IN ('') 

UPDATE `ectouch2.0`.`ecs_sessions` SET expiry = '1452743048', ip = '0.0.0.0', userid = '0', adminid = '1', user_name='0', user_rank='0', discount='0', email='0', data = 'a:4:{s:10:\"admin_name\";s:5:\"admin\";s:11:\"action_list\";s:3:\"all\";s:10:\"last_check\";s:10:\"1452706915\";s:12:\"suppliers_id\";s:1:\"0\";}' WHERE sesskey = '8b1652653eb768deb492498ddadcbeba' LIMIT 1

DELETE FROM `ectouch2.0`.`ecs_sessions_data` WHERE expiry < 1452741248

DELETE FROM `ectouch2.0`.`ecs_sessions` WHERE expiry < 1452741248

SELECT userid, adminid, user_name, user_rank, discount, email, data, expiry FROM `ectouch2.0`.`ecs_sessions` WHERE sesskey = '8b1652653eb768deb492498ddadcbeba'

SELECT code, value FROM `ectouch2.0`.`ecs_shop_config` WHERE parent_id > 0

