SELECT userid, adminid, user_name, user_rank, discount, email, data, expiry FROM `wsc20`.`ecs_sessions` WHERE sesskey = '30640ae9316f78876fea50acbbbc34a4'

INSERT INTO `wsc20`.`ecs_sessions` (sesskey, expiry, ip, data) VALUES ('30640ae9316f78876fea50acbbbc34a4', '1462605453', '192.168.1.16', 'a:0:{}')

SELECT code, value FROM `wsc20`.`ecs_shop_config` WHERE parent_id > 0

UPDATE `wsc20`.`ecs_sessions` SET expiry = '1462605453', ip = '192.168.1.16', userid = '0', adminid = '0', user_name='0', user_rank='0', discount='0', email='0', data = 'a:0:{}' WHERE sesskey = '30640ae9316f78876fea50acbbbc34a4' LIMIT 1

SELECT userid, adminid, user_name, user_rank, discount, email, data, expiry FROM `wsc20`.`ecs_sessions` WHERE sesskey = '30640ae9316f78876fea50acbbbc34a4'

SELECT code, value FROM `wsc20`.`ecs_shop_config` WHERE parent_id > 0

SELECT `ec_salt` FROM `wsc20`.`ecs_admin_user`WHERE user_name = 'admin'

SELECT user_id, user_name, password, last_login, action_list, last_login,suppliers_id,ec_salt FROM `wsc20`.`ecs_admin_user` WHERE user_name = 'admin' AND password = 'c628bc777e64fb252b7806b90242c24e'

SELECT userid, adminid, user_name, user_rank, discount, email, data, expiry FROM `wsc20`.`ecs_sessions` WHERE sesskey = '30640ae9316f78876fea50acbbbc34a4'

SELECT code, value FROM `wsc20`.`ecs_shop_config` WHERE parent_id > 0

SELECT `ec_salt` FROM `wsc20`.`ecs_admin_user`WHERE user_name = 'admin'

SELECT user_id, user_name, password, last_login, action_list, last_login,suppliers_id,ec_salt FROM `wsc20`.`ecs_admin_user` WHERE user_name = 'admin' AND password = 'f5665a35948d42fd1df7d6caba55eec3'

UPDATE `wsc20`.`ecs_admin_user` SET last_login='1462576663', last_ip='192.168.1.16' WHERE user_id='1'

SELECT DISTINCT session_id FROM `wsc20`.`ecs_cart` AS c, `wsc20`.`ecs_sessions` AS s WHERE c.session_id = s.sesskey 

DELETE FROM `wsc20`.`ecs_cart` WHERE session_id NOT  IN ('') 

UPDATE `wsc20`.`ecs_sessions` SET expiry = '1462605463', ip = '192.168.1.16', userid = '0', adminid = '1', user_name='0', user_rank='0', discount='0', email='0', data = 'a:4:{s:10:\"admin_name\";s:5:\"admin\";s:11:\"action_list\";s:3:\"all\";s:10:\"last_check\";s:10:\"1461743585\";s:12:\"suppliers_id\";s:1:\"0\";}' WHERE sesskey = '30640ae9316f78876fea50acbbbc34a4' LIMIT 1

SELECT userid, adminid, user_name, user_rank, discount, email, data, expiry FROM `wsc20`.`ecs_sessions` WHERE sesskey = '30640ae9316f78876fea50acbbbc34a4'

SELECT code, value FROM `wsc20`.`ecs_shop_config` WHERE parent_id > 0

SELECT userid, adminid, user_name, user_rank, discount, email, data, expiry FROM `wsc20`.`ecs_sessions` WHERE sesskey = '30640ae9316f78876fea50acbbbc34a4'

SELECT code, value FROM `wsc20`.`ecs_shop_config` WHERE parent_id > 0

SELECT message_id, sender_id, receiver_id, sent_time, readed, deleted, title, message, user_name FROM `wsc20`.`ecs_admin_message` AS a, `wsc20`.`ecs_admin_user` AS b WHERE a.sender_id = b.user_id AND a.receiver_id = '1' AND a.readed = 0 AND deleted = 0 ORDER BY a.sent_time DESC

SELECT pay_id, is_cod FROM `wsc20`.`ecs_payment` WHERE enabled = 1

SELECT COUNT(*) FROM `wsc20`.`ecs_order_info` WHERE 1  AND order_status  IN ('1','5')  AND shipping_status  IN ('1','2')  AND pay_status  IN ('2','1')  

SELECT pay_id FROM `wsc20`.`ecs_payment` WHERE is_cod = 1

SELECT COUNT(*) FROM `wsc20`.`ecs_order_info` WHERE 1  AND   order_status  IN ('1','5','6')  AND   shipping_status  IN ('0','3','5')  AND ( pay_status  IN ('2','1')  OR pay_id  IN ('') ) 

SELECT pay_id FROM `wsc20`.`ecs_payment` WHERE is_cod = 0

SELECT COUNT(*) FROM `wsc20`.`ecs_order_info` WHERE 1  AND   order_status  IN ('1','5')  AND   pay_status = '0' AND ( shipping_status  IN ('1','2')  OR pay_id  IN ('') ) 

SELECT COUNT(*) FROM `wsc20`.`ecs_order_info` WHERE 1  AND order_status = '0' 

SELECT COUNT(*) FROM `wsc20`.`ecs_order_info` WHERE  shipping_status=4

SELECT COUNT(*) AS oCount, IFNULL(SUM(order_amount), 0) AS oAmount FROM `wsc20`.`ecs_order_info`

SELECT COUNT(*) FROM `wsc20`.`ecs_goods` WHERE is_delete = 0 AND is_alone_sale = 1 AND is_real = 1

SELECT COUNT(*) FROM `wsc20`.`ecs_goods` WHERE is_delete = 0 AND is_alone_sale = 1 AND is_real=0 AND extension_code='virtual_card'

SELECT COUNT(*) FROM `wsc20`.`ecs_goods` WHERE is_delete = 0 AND is_new = 1 AND is_real = 1

SELECT COUNT(*) FROM `wsc20`.`ecs_goods` WHERE is_delete = 0 AND is_new = 1 AND is_real=0 AND extension_code='virtual_card'

SELECT COUNT(*) FROM `wsc20`.`ecs_goods` WHERE is_delete = 0 AND is_best = 1 AND is_real = 1

SELECT COUNT(*) FROM `wsc20`.`ecs_goods` WHERE is_delete = 0 AND is_best = 1 AND is_real=0 AND extension_code='virtual_card'

SELECT COUNT(*) FROM `wsc20`.`ecs_goods` WHERE is_delete = 0 AND is_hot = 1 AND is_real = 1

SELECT COUNT(*) FROM `wsc20`.`ecs_goods` WHERE is_delete = 0 AND is_hot = 1 AND is_real=0 AND extension_code='virtual_card'

SELECT COUNT(*) FROM `wsc20`.`ecs_goods` WHERE is_delete = 0 AND promote_price>0 AND promote_start_date <= '1462576664' AND promote_end_date >= '1462576664' AND is_real = 1

SELECT COUNT(*) FROM `wsc20`.`ecs_goods` WHERE is_delete = 0 AND promote_price>0 AND promote_start_date <= '1462576664' AND promote_end_date >= '1462576664' AND is_real=0 AND extension_code='virtual_card'

SELECT COUNT(*) FROM `wsc20`.`ecs_goods` WHERE is_delete = 0 AND goods_number <= warn_number AND is_real = 1

SELECT COUNT(*) FROM `wsc20`.`ecs_goods` WHERE is_delete = 0 AND goods_number <= warn_number AND is_real=0 AND extension_code='virtual_card'

SELECT COUNT(*) FROM `wsc20`.`ecs_stats` WHERE access_time > 1462521600

SELECT count(*) FROM `wsc20`.`ecs_sessions`

SELECT COUNT(f.msg_id) FROM `wsc20`.`ecs_feedback` AS f LEFT JOIN `wsc20`.`ecs_feedback` AS r ON r.parent_id=f.msg_id WHERE f.parent_id=0 AND ISNULL(r.msg_id) 

SELECT COUNT(*) FROM `wsc20`.`ecs_comment` WHERE status = 0 AND parent_id = 0

SELECT COUNT(*) FROM `wsc20`.`ecs_booking_goods` WHERE is_dispose = 0

SELECT COUNT(*) FROM `wsc20`.`ecs_user_account` WHERE process_type = 1 AND is_paid = 0 

DELETE FROM `wsc20`.`ecs_sessions_data` WHERE expiry < 1462603664

DELETE FROM `wsc20`.`ecs_sessions` WHERE expiry < 1462603664

SELECT userid, adminid, user_name, user_rank, discount, email, data, expiry FROM `wsc20`.`ecs_sessions` WHERE sesskey = '30640ae9316f78876fea50acbbbc34a4'

SELECT code, value FROM `wsc20`.`ecs_shop_config` WHERE parent_id > 0

SELECT userid, adminid, user_name, user_rank, discount, email, data, expiry FROM `wsc20`.`ecs_sessions` WHERE sesskey = '30640ae9316f78876fea50acbbbc34a4'

SELECT userid, adminid, user_name, user_rank, discount, email, data, expiry FROM `wsc20`.`ecs_sessions` WHERE sesskey = '30640ae9316f78876fea50acbbbc34a4'

SELECT code, value FROM `wsc20`.`ecs_shop_config` WHERE parent_id > 0

SELECT code, value FROM `wsc20`.`ecs_shop_config` WHERE parent_id > 0

SELECT COUNT(*) AS oCount, IFNULL(SUM(order_amount), 0) AS oAmount FROM `wsc20`.`ecs_order_info`

SELECT COUNT(*) FROM `wsc20`.`ecs_goods` WHERE is_delete = 0 AND is_alone_sale = 1 AND is_real = 1

SELECT COUNT(*) FROM `wsc20`.`ecs_order_info` WHERE add_time >= '1461743585'

SELECT COUNT(*) FROM `wsc20`.`ecs_order_info` WHERE pay_time >= 1461743585

SELECT COUNT(*) FROM `wsc20`.`ecs_users`

SELECT value FROM `wsc20`.`ecs_shop_config` WHERE code = 'template'

SELECT value FROM `wsc20`.`ecs_shop_config` WHERE code = 'stylename'

UPDATE `wsc20`.`ecs_sessions` SET expiry = '1462605464', ip = '192.168.1.16', userid = '0', adminid = '1', user_name='0', user_rank='0', discount='0', email='0', data = 'a:4:{s:10:\"admin_name\";s:5:\"admin\";s:11:\"action_list\";s:3:\"all\";s:10:\"last_check\";i:1462576664;s:12:\"suppliers_id\";s:1:\"0\";}' WHERE sesskey = '30640ae9316f78876fea50acbbbc34a4' LIMIT 1

DELETE FROM `wsc20`.`ecs_sessions` WHERE expiry < 1462603664

DELETE FROM `wsc20`.`ecs_sessions` WHERE expiry < 1462603664

DELETE FROM `wsc20`.`ecs_sessions_data` WHERE expiry < 1462603667

SELECT userid, adminid, user_name, user_rank, discount, email, data, expiry FROM `wsc20`.`ecs_sessions` WHERE sesskey = '30640ae9316f78876fea50acbbbc34a4'

SELECT code, value FROM `wsc20`.`ecs_shop_config` WHERE parent_id > 0

SELECT agency_id FROM `wsc20`.`ecs_admin_user` WHERE user_id = '1'

SELECT COUNT(*) FROM `wsc20`.`ecs_order_info` AS o WHERE 1 

SELECT o.order_id, o.order_sn, o.add_time, o.order_status, o.shipping_status, o.order_amount, o.money_paid,o.pay_status, o.consignee, o.address, o.email, o.tel, o.extension_code, o.extension_id, (   o.goods_amount + o.tax + o.shipping_fee + o.insure_fee + o.pay_fee + o.pack_fee + o.card_fee ) AS total_fee, IFNULL(u.user_name, '匿名用户') AS buyer  FROM `wsc20`.`ecs_order_info` AS o  LEFT JOIN `wsc20`.`ecs_users` AS u ON u.user_id=o.user_id WHERE 1  ORDER BY add_time DESC  LIMIT 0,15

UPDATE `wsc20`.`ecs_sessions` SET expiry = '1462605507', ip = '192.168.1.16', userid = '0', adminid = '1', user_name='0', user_rank='0', discount='0', email='0', data = 'a:4:{s:10:\"admin_name\";s:5:\"admin\";s:11:\"action_list\";s:3:\"all\";s:10:\"last_check\";i:1462576664;s:12:\"suppliers_id\";s:1:\"0\";}' WHERE sesskey = '30640ae9316f78876fea50acbbbc34a4' LIMIT 1

SELECT userid, adminid, user_name, user_rank, discount, email, data, expiry FROM `wsc20`.`ecs_sessions` WHERE sesskey = '30640ae9316f78876fea50acbbbc34a4'

SELECT code, value FROM `wsc20`.`ecs_shop_config` WHERE parent_id > 0

SELECT shipping_id, shipping_name FROM `wsc20`.`ecs_shipping` WHERE enabled = 1

SELECT pay_id, pay_name FROM `wsc20`.`ecs_payment` WHERE enabled = 1

SELECT region_id, region_name FROM `wsc20`.`ecs_region` WHERE region_type = '0' AND parent_id = '0'

DELETE FROM `wsc20`.`ecs_sessions` WHERE expiry < 1462603710

SELECT userid, adminid, user_name, user_rank, discount, email, data, expiry FROM `wsc20`.`ecs_sessions` WHERE sesskey = '30640ae9316f78876fea50acbbbc34a4'

SELECT code, value FROM `wsc20`.`ecs_shop_config` WHERE parent_id > 0

DELETE FROM `wsc20`.`ecs_sessions_data` WHERE expiry < 1462603712

DELETE FROM `wsc20`.`ecs_sessions` WHERE expiry < 1462603712

SELECT userid, adminid, user_name, user_rank, discount, email, data, expiry FROM `wsc20`.`ecs_sessions` WHERE sesskey = '30640ae9316f78876fea50acbbbc34a4'

SELECT code, value FROM `wsc20`.`ecs_shop_config` WHERE parent_id > 0

SELECT COUNT(*) FROM `wsc20`.`ecs_booking_goods` AS bg, `wsc20`.`ecs_goods` AS g WHERE bg.goods_id = g.goods_id 

SELECT bg.rec_id, bg.link_man, g.goods_id, g.goods_name, bg.goods_number, bg.booking_time, bg.is_dispose FROM `wsc20`.`ecs_booking_goods` AS bg, `wsc20`.`ecs_goods` AS g WHERE bg.goods_id = g.goods_id  ORDER BY sort_order DESC LIMIT 0, 15

DELETE FROM `wsc20`.`ecs_sessions` WHERE expiry < 1462603716

SELECT userid, adminid, user_name, user_rank, discount, email, data, expiry FROM `wsc20`.`ecs_sessions` WHERE sesskey = '30640ae9316f78876fea50acbbbc34a4'

SELECT code, value FROM `wsc20`.`ecs_shop_config` WHERE parent_id > 0

SELECT shipping_id, shipping_name FROM `wsc20`.`ecs_shipping` WHERE enabled = 1

SELECT pay_id, pay_name FROM `wsc20`.`ecs_payment` WHERE enabled = 1

SELECT region_id, region_name FROM `wsc20`.`ecs_region` WHERE region_type = '0' AND parent_id = '0'

UPDATE `wsc20`.`ecs_sessions` SET expiry = '1462605519', ip = '192.168.1.16', userid = '0', adminid = '1', user_name='0', user_rank='0', discount='0', email='0', data = 'a:4:{s:10:\"admin_name\";s:5:\"admin\";s:11:\"action_list\";s:3:\"all\";s:10:\"last_check\";i:1462576664;s:12:\"suppliers_id\";s:1:\"0\";}' WHERE sesskey = '30640ae9316f78876fea50acbbbc34a4' LIMIT 1

DELETE FROM `wsc20`.`ecs_sessions_data` WHERE expiry < 1462603719

SELECT userid, adminid, user_name, user_rank, discount, email, data, expiry FROM `wsc20`.`ecs_sessions` WHERE sesskey = '30640ae9316f78876fea50acbbbc34a4'

SELECT code, value FROM `wsc20`.`ecs_shop_config` WHERE parent_id > 0

SELECT agency_id FROM `wsc20`.`ecs_admin_user` WHERE user_id = '1'

SELECT COUNT(*) FROM `wsc20`.`ecs_order_info` AS o WHERE 1 

SELECT o.order_id, o.order_sn, o.add_time, o.order_status, o.shipping_status, o.order_amount, o.money_paid,o.pay_status, o.consignee, o.address, o.email, o.tel, o.extension_code, o.extension_id, (   o.goods_amount + o.tax + o.shipping_fee + o.insure_fee + o.pay_fee + o.pack_fee + o.card_fee ) AS total_fee, IFNULL(u.user_name, '匿名用户') AS buyer  FROM `wsc20`.`ecs_order_info` AS o  LEFT JOIN `wsc20`.`ecs_users` AS u ON u.user_id=o.user_id WHERE 1  ORDER BY add_time DESC  LIMIT 0,15

DELETE FROM `wsc20`.`ecs_sessions_data` WHERE expiry < 1462603720

DELETE FROM `wsc20`.`ecs_sessions` WHERE expiry < 1462603720

SELECT userid, adminid, user_name, user_rank, discount, email, data, expiry FROM `wsc20`.`ecs_sessions` WHERE sesskey = '30640ae9316f78876fea50acbbbc34a4'

SELECT code, value FROM `wsc20`.`ecs_shop_config` WHERE parent_id > 0

SELECT rank_id, rank_name, min_points FROM `wsc20`.`ecs_user_rank` ORDER BY min_points ASC 

SELECT COUNT(*) FROM `wsc20`.`ecs_users` WHERE 1 

SELECT user_id, user_name,sex,birthday,mobile_phone,email, is_validated, user_money, frozen_money, rank_points, pay_points, reg_time  FROM `wsc20`.`ecs_users` WHERE 1  ORDER by user_id DESC LIMIT 0,15

UPDATE `wsc20`.`ecs_sessions` SET expiry = '1462605523', ip = '192.168.1.16', userid = '0', adminid = '1', user_name='0', user_rank='0', discount='0', email='0', data = 'a:5:{s:10:\"admin_name\";s:5:\"admin\";s:11:\"action_list\";s:3:\"all\";s:10:\"last_check\";i:1462576664;s:12:\"suppliers_id\";s:1:\"0\";s:9:\"user_list\";a:0:{}}' WHERE sesskey = '30640ae9316f78876fea50acbbbc34a4' LIMIT 1

SELECT userid, adminid, user_name, user_rank, discount, email, data, expiry FROM `wsc20`.`ecs_sessions` WHERE sesskey = '30640ae9316f78876fea50acbbbc34a4'

SELECT code, value FROM `wsc20`.`ecs_shop_config` WHERE parent_id > 0

SELECT * FROM `wsc20`.`ecs_reg_fields` WHERE type < 2 AND display = 1 AND id != 6 ORDER BY dis_order, id

SELECT rank_id, rank_name, min_points FROM `wsc20`.`ecs_user_rank` WHERE special_rank = 1 ORDER BY min_points

DELETE FROM `wsc20`.`ecs_sessions_data` WHERE expiry < 1462603725

SELECT userid, adminid, user_name, user_rank, discount, email, data, expiry FROM `wsc20`.`ecs_sessions` WHERE sesskey = '30640ae9316f78876fea50acbbbc34a4'

SELECT code, value FROM `wsc20`.`ecs_shop_config` WHERE parent_id > 0

SELECT c.*, COUNT(s.cat_id) AS has_children, COUNT(a.article_id) AS aricle_num  FROM `wsc20`.`ecs_article_cat` AS c LEFT JOIN `wsc20`.`ecs_article_cat` AS s ON s.parent_id=c.cat_id LEFT JOIN `wsc20`.`ecs_article` AS a ON a.cat_id=c.cat_id GROUP BY c.cat_id  ORDER BY parent_id, sort_order ASC

DELETE FROM `wsc20`.`ecs_sessions` WHERE expiry < 1462603728

SELECT userid, adminid, user_name, user_rank, discount, email, data, expiry FROM `wsc20`.`ecs_sessions` WHERE sesskey = '30640ae9316f78876fea50acbbbc34a4'

SELECT code, value FROM `wsc20`.`ecs_shop_config` WHERE parent_id > 0

SELECT c.*, COUNT(s.cat_id) AS has_children, COUNT(a.article_id) AS aricle_num  FROM `wsc20`.`ecs_article_cat` AS c LEFT JOIN `wsc20`.`ecs_article_cat` AS s ON s.parent_id=c.cat_id LEFT JOIN `wsc20`.`ecs_article` AS a ON a.cat_id=c.cat_id GROUP BY c.cat_id  ORDER BY parent_id, sort_order ASC

SELECT COUNT(*) FROM `wsc20`.`ecs_article` AS a LEFT JOIN `wsc20`.`ecs_article_cat` AS ac ON ac.cat_id = a.cat_id WHERE 1  AND a.cat_id IN ('2') 

SELECT a.* , ac.cat_name FROM `wsc20`.`ecs_article` AS a LEFT JOIN `wsc20`.`ecs_article_cat` AS ac ON ac.cat_id = a.cat_id WHERE 1  AND a.cat_id IN ('2')  ORDER by a.article_id DESC LIMIT 15

SELECT userid, adminid, user_name, user_rank, discount, email, data, expiry FROM `wsc20`.`ecs_sessions` WHERE sesskey = '30640ae9316f78876fea50acbbbc34a4'

SELECT code, value FROM `wsc20`.`ecs_shop_config` WHERE parent_id > 0

DELETE FROM `wsc20`.`ecs_template` WHERE 1  AND theme <> 'default' 

UPDATE `wsc20`.`ecs_sessions` SET expiry = '1462605534', ip = '192.168.1.16', userid = '0', adminid = '1', user_name='0', user_rank='0', discount='0', email='0', data = 'a:5:{s:10:\"admin_name\";s:5:\"admin\";s:11:\"action_list\";s:3:\"all\";s:10:\"last_check\";i:1462576664;s:12:\"suppliers_id\";s:1:\"0\";s:9:\"user_list\";a:0:{}}' WHERE sesskey = '30640ae9316f78876fea50acbbbc34a4' LIMIT 1

DELETE FROM `wsc20`.`ecs_sessions_data` WHERE expiry < 1462603734

DELETE FROM `wsc20`.`ecs_sessions` WHERE expiry < 1462603734

SELECT userid, adminid, user_name, user_rank, discount, email, data, expiry FROM `wsc20`.`ecs_sessions` WHERE sesskey = '30640ae9316f78876fea50acbbbc34a4'

SELECT code, value FROM `wsc20`.`ecs_shop_config` WHERE parent_id > 0

DELETE FROM `wsc20`.`ecs_sessions_data` WHERE expiry < 1462603737

SELECT userid, adminid, user_name, user_rank, discount, email, data, expiry FROM `wsc20`.`ecs_sessions` WHERE sesskey = '30640ae9316f78876fea50acbbbc34a4'

SELECT code, value FROM `wsc20`.`ecs_shop_config` WHERE parent_id > 0

SHOW TABLES LIKE 'ecs\_%'

UPDATE `wsc20`.`ecs_sessions` SET expiry = '1462606077', ip = '192.168.1.16', userid = '0', adminid = '1', user_name='0', user_rank='0', discount='0', email='0', data = 'a:6:{s:10:\"admin_name\";s:5:\"admin\";s:11:\"action_list\";s:3:\"all\";s:10:\"last_check\";i:1462576664;s:12:\"suppliers_id\";s:1:\"0\";s:9:\"user_list\";a:0:{}s:9:\"wechat_id\";i:1;}' WHERE sesskey = '30640ae9316f78876fea50acbbbc34a4' LIMIT 1

SELECT userid, adminid, user_name, user_rank, discount, email, data, expiry FROM `wsc20`.`ecs_sessions` WHERE sesskey = '30640ae9316f78876fea50acbbbc34a4'

SELECT code, value FROM `wsc20`.`ecs_shop_config` WHERE parent_id > 0

SELECT COUNT(*) FROM `wsc20`.`ecs_order_info` WHERE add_time >= '1462576664'

SELECT COUNT(*) FROM `wsc20`.`ecs_order_info` WHERE pay_time >= 1462576664

UPDATE `wsc20`.`ecs_sessions` SET expiry = '1462606077', ip = '192.168.1.16', userid = '0', adminid = '1', user_name='0', user_rank='0', discount='0', email='0', data = 'a:6:{s:10:\"admin_name\";s:5:\"admin\";s:11:\"action_list\";s:3:\"all\";s:10:\"last_check\";i:1462577277;s:12:\"suppliers_id\";s:1:\"0\";s:9:\"user_list\";a:0:{}s:9:\"wechat_id\";i:1;}' WHERE sesskey = '30640ae9316f78876fea50acbbbc34a4' LIMIT 1

SELECT userid, adminid, user_name, user_rank, discount, email, data, expiry FROM `wsc20`.`ecs_sessions` WHERE sesskey = '30640ae9316f78876fea50acbbbc34a4'

SELECT code, value FROM `wsc20`.`ecs_shop_config` WHERE parent_id > 0

SHOW TABLES LIKE 'ecs\_%'

DELETE FROM `wsc20`.`ecs_sessions_data` WHERE expiry < 1462604280

DELETE FROM `wsc20`.`ecs_sessions` WHERE expiry < 1462604280

SELECT userid, adminid, user_name, user_rank, discount, email, data, expiry FROM `wsc20`.`ecs_sessions` WHERE sesskey = '30640ae9316f78876fea50acbbbc34a4'

SELECT code, value FROM `wsc20`.`ecs_shop_config` WHERE parent_id > 0

DELETE FROM `wsc20`.`ecs_template` WHERE 1  AND theme <> 'default' 

DELETE FROM `wsc20`.`ecs_sessions_data` WHERE expiry < 1462604281

SELECT userid, adminid, user_name, user_rank, discount, email, data, expiry FROM `wsc20`.`ecs_sessions` WHERE sesskey = '30640ae9316f78876fea50acbbbc34a4'

SELECT code, value FROM `wsc20`.`ecs_shop_config` WHERE parent_id > 0

SELECT bonus_type_id, COUNT(*) AS sent_count FROM `wsc20`.`ecs_user_bonus` GROUP BY bonus_type_id

SELECT bonus_type_id, COUNT(*) AS used_count FROM `wsc20`.`ecs_user_bonus` WHERE used_time > 0 GROUP BY bonus_type_id

SELECT COUNT(*) FROM `wsc20`.`ecs_bonus_type`

SELECT * FROM `wsc20`.`ecs_bonus_type` ORDER BY type_id DESC LIMIT 15

DELETE FROM `wsc20`.`ecs_sessions` WHERE expiry < 1462604282

SELECT userid, adminid, user_name, user_rank, discount, email, data, expiry FROM `wsc20`.`ecs_sessions` WHERE sesskey = '30640ae9316f78876fea50acbbbc34a4'

SELECT code, value FROM `wsc20`.`ecs_shop_config` WHERE parent_id > 0

SELECT c.*, COUNT(s.cat_id) AS has_children, COUNT(a.article_id) AS aricle_num  FROM `wsc20`.`ecs_article_cat` AS c LEFT JOIN `wsc20`.`ecs_article_cat` AS s ON s.parent_id=c.cat_id LEFT JOIN `wsc20`.`ecs_article` AS a ON a.cat_id=c.cat_id GROUP BY c.cat_id  ORDER BY parent_id, sort_order ASC

DELETE FROM `wsc20`.`ecs_sessions` WHERE expiry < 1462604282

SELECT userid, adminid, user_name, user_rank, discount, email, data, expiry FROM `wsc20`.`ecs_sessions` WHERE sesskey = '30640ae9316f78876fea50acbbbc34a4'

SELECT code, value FROM `wsc20`.`ecs_shop_config` WHERE parent_id > 0

SELECT suppliers_id, suppliers_name, suppliers_desc
            FROM `wsc20`.`ecs_suppliers`
            WHERE  is_check = 1 

SELECT c.cat_id, c.cat_name, c.measure_unit, c.parent_id, c.is_show, c.show_in_nav, c.grade, c.sort_order, COUNT(s.cat_id) AS has_children FROM `wsc20`.`ecs_category` AS c LEFT JOIN `wsc20`.`ecs_category` AS s ON s.parent_id=c.cat_id GROUP BY c.cat_id ORDER BY c.parent_id, c.sort_order ASC

SELECT cat_id, COUNT(*) AS goods_num  FROM `wsc20`.`ecs_goods` WHERE is_delete = 0 AND is_on_sale = 1  GROUP BY cat_id

SELECT gc.cat_id, COUNT(*) AS goods_num  FROM `wsc20`.`ecs_goods_cat` AS gc , `wsc20`.`ecs_goods` AS g  WHERE g.goods_id = gc.goods_id AND g.is_delete = 0 AND g.is_on_sale = 1  GROUP BY gc.cat_id

SELECT brand_id, brand_name FROM `wsc20`.`ecs_brand` ORDER BY sort_order

SELECT suppliers_id, suppliers_name, suppliers_desc
            FROM `wsc20`.`ecs_suppliers`
            WHERE  is_check = 1 

SELECT COUNT(*) FROM `wsc20`.`ecs_goods` AS g WHERE is_delete='0'  AND is_real='1'

SELECT goods_id, goods_name, goods_type, goods_sn, shop_price, is_on_sale, is_best, is_new, is_hot, sort_order, goods_number, integral,  (promote_price > 0 AND promote_start_date <= '1462607999' AND promote_end_date >= '1462607999') AS is_promote  FROM `wsc20`.`ecs_goods` AS g WHERE is_delete='0'  AND is_real='1' ORDER BY goods_id DESC  LIMIT 0,15

SELECT DISTINCT cat_id
            FROM `wsc20`.`ecs_attribute`
            WHERE attr_type = 1

DELETE FROM `wsc20`.`ecs_sessions_data` WHERE expiry < 1462604283

SELECT userid, adminid, user_name, user_rank, discount, email, data, expiry FROM `wsc20`.`ecs_sessions` WHERE sesskey = '30640ae9316f78876fea50acbbbc34a4'

SELECT code, value FROM `wsc20`.`ecs_shop_config` WHERE parent_id > 0

SELECT * FROM `wsc20`.`ecs_shop_config` WHERE type<>'hidden'   AND (parent_id<>'5' AND id<>'5') ORDER BY parent_id, sort_order, id

SELECT region_id, region_name FROM `wsc20`.`ecs_region` WHERE region_type = '0' AND parent_id = '0'

SELECT region_id, region_name FROM `wsc20`.`ecs_region` WHERE region_type = '1' AND parent_id = '1'

SELECT region_id, region_name FROM `wsc20`.`ecs_region` WHERE region_type = '2' AND parent_id = '2'

DELETE FROM `wsc20`.`ecs_sessions_data` WHERE expiry < 1462604284

DELETE FROM `wsc20`.`ecs_sessions` WHERE expiry < 1462604284

SELECT userid, adminid, user_name, user_rank, discount, email, data, expiry FROM `wsc20`.`ecs_sessions` WHERE sesskey = '30640ae9316f78876fea50acbbbc34a4'

SELECT code, value FROM `wsc20`.`ecs_shop_config` WHERE parent_id > 0

SELECT message_id, sender_id, receiver_id, sent_time, readed, deleted, title, message, user_name FROM `wsc20`.`ecs_admin_message` AS a, `wsc20`.`ecs_admin_user` AS b WHERE a.sender_id = b.user_id AND a.receiver_id = '1' AND a.readed = 0 AND deleted = 0 ORDER BY a.sent_time DESC

SELECT pay_id, is_cod FROM `wsc20`.`ecs_payment` WHERE enabled = 1

SELECT COUNT(*) FROM `wsc20`.`ecs_order_info` WHERE 1  AND order_status  IN ('1','5')  AND shipping_status  IN ('1','2')  AND pay_status  IN ('2','1')  

SELECT pay_id FROM `wsc20`.`ecs_payment` WHERE is_cod = 1

SELECT COUNT(*) FROM `wsc20`.`ecs_order_info` WHERE 1  AND   order_status  IN ('1','5','6')  AND   shipping_status  IN ('0','3','5')  AND ( pay_status  IN ('2','1')  OR pay_id  IN ('') ) 

SELECT pay_id FROM `wsc20`.`ecs_payment` WHERE is_cod = 0

SELECT COUNT(*) FROM `wsc20`.`ecs_order_info` WHERE 1  AND   order_status  IN ('1','5')  AND   pay_status = '0' AND ( shipping_status  IN ('1','2')  OR pay_id  IN ('') ) 

SELECT COUNT(*) FROM `wsc20`.`ecs_order_info` WHERE 1  AND order_status = '0' 

SELECT COUNT(*) FROM `wsc20`.`ecs_order_info` WHERE  shipping_status=4

SELECT COUNT(*) AS oCount, IFNULL(SUM(order_amount), 0) AS oAmount FROM `wsc20`.`ecs_order_info`

SELECT COUNT(*) FROM `wsc20`.`ecs_goods` WHERE is_delete = 0 AND is_alone_sale = 1 AND is_real = 1

SELECT COUNT(*) FROM `wsc20`.`ecs_goods` WHERE is_delete = 0 AND is_alone_sale = 1 AND is_real=0 AND extension_code='virtual_card'

SELECT COUNT(*) FROM `wsc20`.`ecs_goods` WHERE is_delete = 0 AND is_new = 1 AND is_real = 1

SELECT COUNT(*) FROM `wsc20`.`ecs_goods` WHERE is_delete = 0 AND is_new = 1 AND is_real=0 AND extension_code='virtual_card'

SELECT COUNT(*) FROM `wsc20`.`ecs_goods` WHERE is_delete = 0 AND is_best = 1 AND is_real = 1

SELECT COUNT(*) FROM `wsc20`.`ecs_goods` WHERE is_delete = 0 AND is_best = 1 AND is_real=0 AND extension_code='virtual_card'

SELECT COUNT(*) FROM `wsc20`.`ecs_goods` WHERE is_delete = 0 AND is_hot = 1 AND is_real = 1

SELECT COUNT(*) FROM `wsc20`.`ecs_goods` WHERE is_delete = 0 AND is_hot = 1 AND is_real=0 AND extension_code='virtual_card'

SELECT COUNT(*) FROM `wsc20`.`ecs_goods` WHERE is_delete = 0 AND promote_price>0 AND promote_start_date <= '1462577284' AND promote_end_date >= '1462577284' AND is_real = 1

SELECT COUNT(*) FROM `wsc20`.`ecs_goods` WHERE is_delete = 0 AND promote_price>0 AND promote_start_date <= '1462577284' AND promote_end_date >= '1462577284' AND is_real=0 AND extension_code='virtual_card'

SELECT COUNT(*) FROM `wsc20`.`ecs_goods` WHERE is_delete = 0 AND goods_number <= warn_number AND is_real = 1

SELECT COUNT(*) FROM `wsc20`.`ecs_goods` WHERE is_delete = 0 AND goods_number <= warn_number AND is_real=0 AND extension_code='virtual_card'

SELECT COUNT(*) FROM `wsc20`.`ecs_stats` WHERE access_time > 1462521600

SELECT count(*) FROM `wsc20`.`ecs_sessions`

SELECT COUNT(f.msg_id) FROM `wsc20`.`ecs_feedback` AS f LEFT JOIN `wsc20`.`ecs_feedback` AS r ON r.parent_id=f.msg_id WHERE f.parent_id=0 AND ISNULL(r.msg_id) 

SELECT COUNT(*) FROM `wsc20`.`ecs_comment` WHERE status = 0 AND parent_id = 0

SELECT COUNT(*) FROM `wsc20`.`ecs_booking_goods` WHERE is_dispose = 0

SELECT COUNT(*) FROM `wsc20`.`ecs_user_account` WHERE process_type = 1 AND is_paid = 0 

DELETE FROM `wsc20`.`ecs_sessions` WHERE expiry < 1462604284

SELECT userid, adminid, user_name, user_rank, discount, email, data, expiry FROM `wsc20`.`ecs_sessions` WHERE sesskey = '30640ae9316f78876fea50acbbbc34a4'

SELECT code, value FROM `wsc20`.`ecs_shop_config` WHERE parent_id > 0

SELECT COUNT(*) AS oCount, IFNULL(SUM(order_amount), 0) AS oAmount FROM `wsc20`.`ecs_order_info`

SELECT COUNT(*) FROM `wsc20`.`ecs_goods` WHERE is_delete = 0 AND is_alone_sale = 1 AND is_real = 1

SELECT COUNT(*) FROM `wsc20`.`ecs_users`

SELECT value FROM `wsc20`.`ecs_shop_config` WHERE code = 'template'

SELECT value FROM `wsc20`.`ecs_shop_config` WHERE code = 'stylename'

SELECT userid, adminid, user_name, user_rank, discount, email, data, expiry FROM `wsc20`.`ecs_sessions` WHERE sesskey = '30640ae9316f78876fea50acbbbc34a4'

SELECT code, value FROM `wsc20`.`ecs_shop_config` WHERE parent_id > 0

UPDATE `wsc20`.`ecs_sessions` SET expiry = '1462606087', ip = '192.168.1.16', userid = '0', adminid = '1', user_name='0', user_rank='0', discount='0', email='0', data = 'a:6:{s:10:\"admin_name\";s:5:\"admin\";s:11:\"action_list\";s:3:\"all\";s:10:\"last_check\";i:1462577277;s:12:\"suppliers_id\";s:1:\"0\";s:9:\"user_list\";a:0:{}s:9:\"wechat_id\";i:1;}' WHERE sesskey = '30640ae9316f78876fea50acbbbc34a4' LIMIT 1

DELETE FROM `wsc20`.`ecs_sessions_data` WHERE expiry < 1462604287

SELECT userid, adminid, user_name, user_rank, discount, email, data, expiry FROM `wsc20`.`ecs_sessions` WHERE sesskey = '30640ae9316f78876fea50acbbbc34a4'

SELECT code, value FROM `wsc20`.`ecs_shop_config` WHERE parent_id > 0

SELECT COUNT(*) FROM `wsc20`.`ecs_order_info` WHERE add_time >= '1462577277'

SELECT COUNT(*) FROM `wsc20`.`ecs_order_info` WHERE pay_time >= 1462577277

UPDATE `wsc20`.`ecs_sessions` SET expiry = '1462606264', ip = '192.168.1.16', userid = '0', adminid = '1', user_name='0', user_rank='0', discount='0', email='0', data = 'a:6:{s:10:\"admin_name\";s:5:\"admin\";s:11:\"action_list\";s:3:\"all\";s:10:\"last_check\";i:1462577464;s:12:\"suppliers_id\";s:1:\"0\";s:9:\"user_list\";a:0:{}s:9:\"wechat_id\";i:1;}' WHERE sesskey = '30640ae9316f78876fea50acbbbc34a4' LIMIT 1

DELETE FROM `wsc20`.`ecs_sessions` WHERE expiry < 1462604464

SELECT userid, adminid, user_name, user_rank, discount, email, data, expiry FROM `wsc20`.`ecs_sessions` WHERE sesskey = '30640ae9316f78876fea50acbbbc34a4'

SELECT code, value FROM `wsc20`.`ecs_shop_config` WHERE parent_id > 0

SELECT COUNT(*) FROM `wsc20`.`ecs_order_info` WHERE add_time >= '1462577464'

SELECT COUNT(*) FROM `wsc20`.`ecs_order_info` WHERE pay_time >= 1462577464

UPDATE `wsc20`.`ecs_sessions` SET expiry = '1462606444', ip = '192.168.1.16', userid = '0', adminid = '1', user_name='0', user_rank='0', discount='0', email='0', data = 'a:6:{s:10:\"admin_name\";s:5:\"admin\";s:11:\"action_list\";s:3:\"all\";s:10:\"last_check\";i:1462577644;s:12:\"suppliers_id\";s:1:\"0\";s:9:\"user_list\";a:0:{}s:9:\"wechat_id\";i:1;}' WHERE sesskey = '30640ae9316f78876fea50acbbbc34a4' LIMIT 1

DELETE FROM `wsc20`.`ecs_sessions` WHERE expiry < 1462604644

SELECT userid, adminid, user_name, user_rank, discount, email, data, expiry FROM `wsc20`.`ecs_sessions` WHERE sesskey = '30640ae9316f78876fea50acbbbc34a4'

SELECT code, value FROM `wsc20`.`ecs_shop_config` WHERE parent_id > 0

SELECT COUNT(*) FROM `wsc20`.`ecs_order_info` WHERE add_time >= '1462577644'

SELECT COUNT(*) FROM `wsc20`.`ecs_order_info` WHERE pay_time >= 1462577644

UPDATE `wsc20`.`ecs_sessions` SET expiry = '1462606624', ip = '192.168.1.16', userid = '0', adminid = '1', user_name='0', user_rank='0', discount='0', email='0', data = 'a:6:{s:10:\"admin_name\";s:5:\"admin\";s:11:\"action_list\";s:3:\"all\";s:10:\"last_check\";i:1462577824;s:12:\"suppliers_id\";s:1:\"0\";s:9:\"user_list\";a:0:{}s:9:\"wechat_id\";i:1;}' WHERE sesskey = '30640ae9316f78876fea50acbbbc34a4' LIMIT 1

DELETE FROM `wsc20`.`ecs_sessions` WHERE expiry < 1462604824

SELECT userid, adminid, user_name, user_rank, discount, email, data, expiry FROM `wsc20`.`ecs_sessions` WHERE sesskey = '30640ae9316f78876fea50acbbbc34a4'

SELECT code, value FROM `wsc20`.`ecs_shop_config` WHERE parent_id > 0

SELECT COUNT(*) FROM `wsc20`.`ecs_order_info` WHERE add_time >= '1462577824'

SELECT COUNT(*) FROM `wsc20`.`ecs_order_info` WHERE pay_time >= 1462577824

UPDATE `wsc20`.`ecs_sessions` SET expiry = '1462606804', ip = '192.168.1.16', userid = '0', adminid = '1', user_name='0', user_rank='0', discount='0', email='0', data = 'a:6:{s:10:\"admin_name\";s:5:\"admin\";s:11:\"action_list\";s:3:\"all\";s:10:\"last_check\";i:1462578004;s:12:\"suppliers_id\";s:1:\"0\";s:9:\"user_list\";a:0:{}s:9:\"wechat_id\";i:1;}' WHERE sesskey = '30640ae9316f78876fea50acbbbc34a4' LIMIT 1

DELETE FROM `wsc20`.`ecs_sessions_data` WHERE expiry < 1462605004

DELETE FROM `wsc20`.`ecs_sessions` WHERE expiry < 1462605004

SELECT userid, adminid, user_name, user_rank, discount, email, data, expiry FROM `wsc20`.`ecs_sessions` WHERE sesskey = '30640ae9316f78876fea50acbbbc34a4'

SELECT code, value FROM `wsc20`.`ecs_shop_config` WHERE parent_id > 0

SELECT COUNT(*) FROM `wsc20`.`ecs_order_info` WHERE add_time >= '1462578004'

SELECT COUNT(*) FROM `wsc20`.`ecs_order_info` WHERE pay_time >= 1462578004

UPDATE `wsc20`.`ecs_sessions` SET expiry = '1462606984', ip = '192.168.1.16', userid = '0', adminid = '1', user_name='0', user_rank='0', discount='0', email='0', data = 'a:6:{s:10:\"admin_name\";s:5:\"admin\";s:11:\"action_list\";s:3:\"all\";s:10:\"last_check\";i:1462578184;s:12:\"suppliers_id\";s:1:\"0\";s:9:\"user_list\";a:0:{}s:9:\"wechat_id\";i:1;}' WHERE sesskey = '30640ae9316f78876fea50acbbbc34a4' LIMIT 1

DELETE FROM `wsc20`.`ecs_sessions` WHERE expiry < 1462605184

SELECT userid, adminid, user_name, user_rank, discount, email, data, expiry FROM `wsc20`.`ecs_sessions` WHERE sesskey = '30640ae9316f78876fea50acbbbc34a4'

SELECT code, value FROM `wsc20`.`ecs_shop_config` WHERE parent_id > 0

SELECT COUNT(*) FROM `wsc20`.`ecs_order_info` WHERE add_time >= '1462578184'

SELECT COUNT(*) FROM `wsc20`.`ecs_order_info` WHERE pay_time >= 1462578184

UPDATE `wsc20`.`ecs_sessions` SET expiry = '1462607164', ip = '192.168.1.16', userid = '0', adminid = '1', user_name='0', user_rank='0', discount='0', email='0', data = 'a:6:{s:10:\"admin_name\";s:5:\"admin\";s:11:\"action_list\";s:3:\"all\";s:10:\"last_check\";i:1462578364;s:12:\"suppliers_id\";s:1:\"0\";s:9:\"user_list\";a:0:{}s:9:\"wechat_id\";i:1;}' WHERE sesskey = '30640ae9316f78876fea50acbbbc34a4' LIMIT 1

DELETE FROM `wsc20`.`ecs_sessions` WHERE expiry < 1462605364

SELECT userid, adminid, user_name, user_rank, discount, email, data, expiry FROM `wsc20`.`ecs_sessions` WHERE sesskey = '30640ae9316f78876fea50acbbbc34a4'

SELECT code, value FROM `wsc20`.`ecs_shop_config` WHERE parent_id > 0

SELECT COUNT(*) FROM `wsc20`.`ecs_order_info` WHERE add_time >= '1462578364'

SELECT COUNT(*) FROM `wsc20`.`ecs_order_info` WHERE pay_time >= 1462578364

UPDATE `wsc20`.`ecs_sessions` SET expiry = '1462607344', ip = '192.168.1.16', userid = '0', adminid = '1', user_name='0', user_rank='0', discount='0', email='0', data = 'a:6:{s:10:\"admin_name\";s:5:\"admin\";s:11:\"action_list\";s:3:\"all\";s:10:\"last_check\";i:1462578544;s:12:\"suppliers_id\";s:1:\"0\";s:9:\"user_list\";a:0:{}s:9:\"wechat_id\";i:1;}' WHERE sesskey = '30640ae9316f78876fea50acbbbc34a4' LIMIT 1

DELETE FROM `wsc20`.`ecs_sessions` WHERE expiry < 1462605544

SELECT userid, adminid, user_name, user_rank, discount, email, data, expiry FROM `wsc20`.`ecs_sessions` WHERE sesskey = '30640ae9316f78876fea50acbbbc34a4'

SELECT code, value FROM `wsc20`.`ecs_shop_config` WHERE parent_id > 0

SELECT COUNT(*) FROM `wsc20`.`ecs_order_info` WHERE add_time >= '1462578544'

SELECT COUNT(*) FROM `wsc20`.`ecs_order_info` WHERE pay_time >= 1462578544

UPDATE `wsc20`.`ecs_sessions` SET expiry = '1462607524', ip = '192.168.1.16', userid = '0', adminid = '1', user_name='0', user_rank='0', discount='0', email='0', data = 'a:6:{s:10:\"admin_name\";s:5:\"admin\";s:11:\"action_list\";s:3:\"all\";s:10:\"last_check\";i:1462578724;s:12:\"suppliers_id\";s:1:\"0\";s:9:\"user_list\";a:0:{}s:9:\"wechat_id\";i:1;}' WHERE sesskey = '30640ae9316f78876fea50acbbbc34a4' LIMIT 1

DELETE FROM `wsc20`.`ecs_sessions_data` WHERE expiry < 1462605724

DELETE FROM `wsc20`.`ecs_sessions` WHERE expiry < 1462605724

SELECT userid, adminid, user_name, user_rank, discount, email, data, expiry FROM `wsc20`.`ecs_sessions` WHERE sesskey = '30640ae9316f78876fea50acbbbc34a4'

SELECT code, value FROM `wsc20`.`ecs_shop_config` WHERE parent_id > 0

SELECT COUNT(*) FROM `wsc20`.`ecs_order_info` WHERE add_time >= '1462578724'

SELECT COUNT(*) FROM `wsc20`.`ecs_order_info` WHERE pay_time >= 1462578724

UPDATE `wsc20`.`ecs_sessions` SET expiry = '1462607704', ip = '192.168.1.16', userid = '0', adminid = '1', user_name='0', user_rank='0', discount='0', email='0', data = 'a:6:{s:10:\"admin_name\";s:5:\"admin\";s:11:\"action_list\";s:3:\"all\";s:10:\"last_check\";i:1462578904;s:12:\"suppliers_id\";s:1:\"0\";s:9:\"user_list\";a:0:{}s:9:\"wechat_id\";i:1;}' WHERE sesskey = '30640ae9316f78876fea50acbbbc34a4' LIMIT 1

DELETE FROM `wsc20`.`ecs_sessions` WHERE expiry < 1462605904

SELECT userid, adminid, user_name, user_rank, discount, email, data, expiry FROM `wsc20`.`ecs_sessions` WHERE sesskey = '30640ae9316f78876fea50acbbbc34a4'

SELECT code, value FROM `wsc20`.`ecs_shop_config` WHERE parent_id > 0

SELECT COUNT(*) FROM `wsc20`.`ecs_order_info` WHERE add_time >= '1462578904'

SELECT COUNT(*) FROM `wsc20`.`ecs_order_info` WHERE pay_time >= 1462578904

UPDATE `wsc20`.`ecs_sessions` SET expiry = '1462607884', ip = '192.168.1.16', userid = '0', adminid = '1', user_name='0', user_rank='0', discount='0', email='0', data = 'a:6:{s:10:\"admin_name\";s:5:\"admin\";s:11:\"action_list\";s:3:\"all\";s:10:\"last_check\";i:1462579084;s:12:\"suppliers_id\";s:1:\"0\";s:9:\"user_list\";a:0:{}s:9:\"wechat_id\";i:1;}' WHERE sesskey = '30640ae9316f78876fea50acbbbc34a4' LIMIT 1

DELETE FROM `wsc20`.`ecs_sessions_data` WHERE expiry < 1462606084

DELETE FROM `wsc20`.`ecs_sessions` WHERE expiry < 1462606084

SELECT userid, adminid, user_name, user_rank, discount, email, data, expiry FROM `wsc20`.`ecs_sessions` WHERE sesskey = '30640ae9316f78876fea50acbbbc34a4'

SELECT code, value FROM `wsc20`.`ecs_shop_config` WHERE parent_id > 0

SELECT COUNT(*) FROM `wsc20`.`ecs_order_info` WHERE add_time >= '1462579084'

SELECT COUNT(*) FROM `wsc20`.`ecs_order_info` WHERE pay_time >= 1462579084

UPDATE `wsc20`.`ecs_sessions` SET expiry = '1462608064', ip = '192.168.1.16', userid = '0', adminid = '1', user_name='0', user_rank='0', discount='0', email='0', data = 'a:6:{s:10:\"admin_name\";s:5:\"admin\";s:11:\"action_list\";s:3:\"all\";s:10:\"last_check\";i:1462579264;s:12:\"suppliers_id\";s:1:\"0\";s:9:\"user_list\";a:0:{}s:9:\"wechat_id\";i:1;}' WHERE sesskey = '30640ae9316f78876fea50acbbbc34a4' LIMIT 1

DELETE FROM `wsc20`.`ecs_sessions_data` WHERE expiry < 1462606264

DELETE FROM `wsc20`.`ecs_sessions` WHERE expiry < 1462606264

SELECT userid, adminid, user_name, user_rank, discount, email, data, expiry FROM `wsc20`.`ecs_sessions` WHERE sesskey = '30640ae9316f78876fea50acbbbc34a4'

SELECT code, value FROM `wsc20`.`ecs_shop_config` WHERE parent_id > 0

SELECT COUNT(*) FROM `wsc20`.`ecs_order_info` WHERE add_time >= '1462579264'

SELECT COUNT(*) FROM `wsc20`.`ecs_order_info` WHERE pay_time >= 1462579264

UPDATE `wsc20`.`ecs_sessions` SET expiry = '1462608244', ip = '192.168.1.16', userid = '0', adminid = '1', user_name='0', user_rank='0', discount='0', email='0', data = 'a:6:{s:10:\"admin_name\";s:5:\"admin\";s:11:\"action_list\";s:3:\"all\";s:10:\"last_check\";i:1462579444;s:12:\"suppliers_id\";s:1:\"0\";s:9:\"user_list\";a:0:{}s:9:\"wechat_id\";i:1;}' WHERE sesskey = '30640ae9316f78876fea50acbbbc34a4' LIMIT 1

DELETE FROM `wsc20`.`ecs_sessions_data` WHERE expiry < 1462606444

DELETE FROM `wsc20`.`ecs_sessions` WHERE expiry < 1462606444

SELECT userid, adminid, user_name, user_rank, discount, email, data, expiry FROM `wsc20`.`ecs_sessions` WHERE sesskey = '30640ae9316f78876fea50acbbbc34a4'

SELECT code, value FROM `wsc20`.`ecs_shop_config` WHERE parent_id > 0

SELECT COUNT(*) FROM `wsc20`.`ecs_order_info` WHERE add_time >= '1462579444'

SELECT COUNT(*) FROM `wsc20`.`ecs_order_info` WHERE pay_time >= 1462579444

UPDATE `wsc20`.`ecs_sessions` SET expiry = '1462608424', ip = '192.168.1.16', userid = '0', adminid = '1', user_name='0', user_rank='0', discount='0', email='0', data = 'a:6:{s:10:\"admin_name\";s:5:\"admin\";s:11:\"action_list\";s:3:\"all\";s:10:\"last_check\";i:1462579624;s:12:\"suppliers_id\";s:1:\"0\";s:9:\"user_list\";a:0:{}s:9:\"wechat_id\";i:1;}' WHERE sesskey = '30640ae9316f78876fea50acbbbc34a4' LIMIT 1

DELETE FROM `wsc20`.`ecs_sessions_data` WHERE expiry < 1462606624

DELETE FROM `wsc20`.`ecs_sessions` WHERE expiry < 1462606624

SELECT userid, adminid, user_name, user_rank, discount, email, data, expiry FROM `wsc20`.`ecs_sessions` WHERE sesskey = '30640ae9316f78876fea50acbbbc34a4'

SELECT code, value FROM `wsc20`.`ecs_shop_config` WHERE parent_id > 0

SELECT COUNT(*) FROM `wsc20`.`ecs_order_info` WHERE add_time >= '1462579624'

SELECT COUNT(*) FROM `wsc20`.`ecs_order_info` WHERE pay_time >= 1462579624

UPDATE `wsc20`.`ecs_sessions` SET expiry = '1462608604', ip = '192.168.1.16', userid = '0', adminid = '1', user_name='0', user_rank='0', discount='0', email='0', data = 'a:6:{s:10:\"admin_name\";s:5:\"admin\";s:11:\"action_list\";s:3:\"all\";s:10:\"last_check\";i:1462579804;s:12:\"suppliers_id\";s:1:\"0\";s:9:\"user_list\";a:0:{}s:9:\"wechat_id\";i:1;}' WHERE sesskey = '30640ae9316f78876fea50acbbbc34a4' LIMIT 1

DELETE FROM `wsc20`.`ecs_sessions` WHERE expiry < 1462606804

SELECT userid, adminid, user_name, user_rank, discount, email, data, expiry FROM `wsc20`.`ecs_sessions` WHERE sesskey = '30640ae9316f78876fea50acbbbc34a4'

SELECT code, value FROM `wsc20`.`ecs_shop_config` WHERE parent_id > 0

SELECT COUNT(*) FROM `wsc20`.`ecs_order_info` WHERE add_time >= '1462579804'

SELECT COUNT(*) FROM `wsc20`.`ecs_order_info` WHERE pay_time >= 1462579804

UPDATE `wsc20`.`ecs_sessions` SET expiry = '1462608784', ip = '192.168.1.16', userid = '0', adminid = '1', user_name='0', user_rank='0', discount='0', email='0', data = 'a:6:{s:10:\"admin_name\";s:5:\"admin\";s:11:\"action_list\";s:3:\"all\";s:10:\"last_check\";i:1462579984;s:12:\"suppliers_id\";s:1:\"0\";s:9:\"user_list\";a:0:{}s:9:\"wechat_id\";i:1;}' WHERE sesskey = '30640ae9316f78876fea50acbbbc34a4' LIMIT 1

DELETE FROM `wsc20`.`ecs_sessions` WHERE expiry < 1462606984

SELECT userid, adminid, user_name, user_rank, discount, email, data, expiry FROM `wsc20`.`ecs_sessions` WHERE sesskey = '30640ae9316f78876fea50acbbbc34a4'

SELECT code, value FROM `wsc20`.`ecs_shop_config` WHERE parent_id > 0

SELECT COUNT(*) FROM `wsc20`.`ecs_order_info` WHERE add_time >= '1462579984'

SELECT COUNT(*) FROM `wsc20`.`ecs_order_info` WHERE pay_time >= 1462579984

UPDATE `wsc20`.`ecs_sessions` SET expiry = '1462608964', ip = '192.168.1.16', userid = '0', adminid = '1', user_name='0', user_rank='0', discount='0', email='0', data = 'a:6:{s:10:\"admin_name\";s:5:\"admin\";s:11:\"action_list\";s:3:\"all\";s:10:\"last_check\";i:1462580164;s:12:\"suppliers_id\";s:1:\"0\";s:9:\"user_list\";a:0:{}s:9:\"wechat_id\";i:1;}' WHERE sesskey = '30640ae9316f78876fea50acbbbc34a4' LIMIT 1

DELETE FROM `wsc20`.`ecs_sessions` WHERE expiry < 1462607164

SELECT userid, adminid, user_name, user_rank, discount, email, data, expiry FROM `wsc20`.`ecs_sessions` WHERE sesskey = '30640ae9316f78876fea50acbbbc34a4'

SELECT code, value FROM `wsc20`.`ecs_shop_config` WHERE parent_id > 0

SELECT COUNT(*) FROM `wsc20`.`ecs_order_info` WHERE add_time >= '1462580164'

SELECT COUNT(*) FROM `wsc20`.`ecs_order_info` WHERE pay_time >= 1462580164

UPDATE `wsc20`.`ecs_sessions` SET expiry = '1462609144', ip = '192.168.1.16', userid = '0', adminid = '1', user_name='0', user_rank='0', discount='0', email='0', data = 'a:6:{s:10:\"admin_name\";s:5:\"admin\";s:11:\"action_list\";s:3:\"all\";s:10:\"last_check\";i:1462580344;s:12:\"suppliers_id\";s:1:\"0\";s:9:\"user_list\";a:0:{}s:9:\"wechat_id\";i:1;}' WHERE sesskey = '30640ae9316f78876fea50acbbbc34a4' LIMIT 1

DELETE FROM `wsc20`.`ecs_sessions` WHERE expiry < 1462607344

SELECT userid, adminid, user_name, user_rank, discount, email, data, expiry FROM `wsc20`.`ecs_sessions` WHERE sesskey = '30640ae9316f78876fea50acbbbc34a4'

SELECT code, value FROM `wsc20`.`ecs_shop_config` WHERE parent_id > 0

SELECT COUNT(*) FROM `wsc20`.`ecs_order_info` WHERE add_time >= '1462580344'

SELECT COUNT(*) FROM `wsc20`.`ecs_order_info` WHERE pay_time >= 1462580344

UPDATE `wsc20`.`ecs_sessions` SET expiry = '1462609324', ip = '192.168.1.16', userid = '0', adminid = '1', user_name='0', user_rank='0', discount='0', email='0', data = 'a:6:{s:10:\"admin_name\";s:5:\"admin\";s:11:\"action_list\";s:3:\"all\";s:10:\"last_check\";i:1462580524;s:12:\"suppliers_id\";s:1:\"0\";s:9:\"user_list\";a:0:{}s:9:\"wechat_id\";i:1;}' WHERE sesskey = '30640ae9316f78876fea50acbbbc34a4' LIMIT 1

DELETE FROM `wsc20`.`ecs_sessions` WHERE expiry < 1462607524

SELECT userid, adminid, user_name, user_rank, discount, email, data, expiry FROM `wsc20`.`ecs_sessions` WHERE sesskey = '30640ae9316f78876fea50acbbbc34a4'

SELECT code, value FROM `wsc20`.`ecs_shop_config` WHERE parent_id > 0

SELECT COUNT(*) FROM `wsc20`.`ecs_order_info` WHERE add_time >= '1462580524'

SELECT COUNT(*) FROM `wsc20`.`ecs_order_info` WHERE pay_time >= 1462580524

UPDATE `wsc20`.`ecs_sessions` SET expiry = '1462609683', ip = '192.168.1.16', userid = '0', adminid = '1', user_name='0', user_rank='0', discount='0', email='0', data = 'a:6:{s:10:\"admin_name\";s:5:\"admin\";s:11:\"action_list\";s:3:\"all\";s:10:\"last_check\";i:1462580883;s:12:\"suppliers_id\";s:1:\"0\";s:9:\"user_list\";a:0:{}s:9:\"wechat_id\";i:1;}' WHERE sesskey = '30640ae9316f78876fea50acbbbc34a4' LIMIT 1

SELECT userid, adminid, user_name, user_rank, discount, email, data, expiry FROM `wsc20`.`ecs_sessions` WHERE sesskey = '30640ae9316f78876fea50acbbbc34a4'

SELECT code, value FROM `wsc20`.`ecs_shop_config` WHERE parent_id > 0

SELECT COUNT(*) FROM `wsc20`.`ecs_order_info` WHERE add_time >= '1462580883'

SELECT COUNT(*) FROM `wsc20`.`ecs_order_info` WHERE pay_time >= 1462580883

UPDATE `wsc20`.`ecs_sessions` SET expiry = '1462609863', ip = '192.168.1.16', userid = '0', adminid = '1', user_name='0', user_rank='0', discount='0', email='0', data = 'a:6:{s:10:\"admin_name\";s:5:\"admin\";s:11:\"action_list\";s:3:\"all\";s:10:\"last_check\";i:1462581063;s:12:\"suppliers_id\";s:1:\"0\";s:9:\"user_list\";a:0:{}s:9:\"wechat_id\";i:1;}' WHERE sesskey = '30640ae9316f78876fea50acbbbc34a4' LIMIT 1

DELETE FROM `wsc20`.`ecs_sessions_data` WHERE expiry < 1462608063

SELECT userid, adminid, user_name, user_rank, discount, email, data, expiry FROM `wsc20`.`ecs_sessions` WHERE sesskey = '30640ae9316f78876fea50acbbbc34a4'

SELECT code, value FROM `wsc20`.`ecs_shop_config` WHERE parent_id > 0

SELECT COUNT(*) FROM `wsc20`.`ecs_order_info` WHERE add_time >= '1462581063'

SELECT COUNT(*) FROM `wsc20`.`ecs_order_info` WHERE pay_time >= 1462581063

UPDATE `wsc20`.`ecs_sessions` SET expiry = '1462610043', ip = '192.168.1.16', userid = '0', adminid = '1', user_name='0', user_rank='0', discount='0', email='0', data = 'a:6:{s:10:\"admin_name\";s:5:\"admin\";s:11:\"action_list\";s:3:\"all\";s:10:\"last_check\";i:1462581243;s:12:\"suppliers_id\";s:1:\"0\";s:9:\"user_list\";a:0:{}s:9:\"wechat_id\";i:1;}' WHERE sesskey = '30640ae9316f78876fea50acbbbc34a4' LIMIT 1

SELECT userid, adminid, user_name, user_rank, discount, email, data, expiry FROM `wsc20`.`ecs_sessions` WHERE sesskey = '30640ae9316f78876fea50acbbbc34a4'

SELECT code, value FROM `wsc20`.`ecs_shop_config` WHERE parent_id > 0

SELECT COUNT(*) FROM `wsc20`.`ecs_order_info` WHERE add_time >= '1462581243'

SELECT COUNT(*) FROM `wsc20`.`ecs_order_info` WHERE pay_time >= 1462581243

UPDATE `wsc20`.`ecs_sessions` SET expiry = '1462610223', ip = '192.168.1.16', userid = '0', adminid = '1', user_name='0', user_rank='0', discount='0', email='0', data = 'a:6:{s:10:\"admin_name\";s:5:\"admin\";s:11:\"action_list\";s:3:\"all\";s:10:\"last_check\";i:1462581423;s:12:\"suppliers_id\";s:1:\"0\";s:9:\"user_list\";a:0:{}s:9:\"wechat_id\";i:1;}' WHERE sesskey = '30640ae9316f78876fea50acbbbc34a4' LIMIT 1

SELECT userid, adminid, user_name, user_rank, discount, email, data, expiry FROM `wsc20`.`ecs_sessions` WHERE sesskey = '30640ae9316f78876fea50acbbbc34a4'

SELECT code, value FROM `wsc20`.`ecs_shop_config` WHERE parent_id > 0

SELECT COUNT(*) FROM `wsc20`.`ecs_order_info` WHERE add_time >= '1462581423'

SELECT COUNT(*) FROM `wsc20`.`ecs_order_info` WHERE pay_time >= 1462581423

UPDATE `wsc20`.`ecs_sessions` SET expiry = '1462610403', ip = '192.168.1.16', userid = '0', adminid = '1', user_name='0', user_rank='0', discount='0', email='0', data = 'a:6:{s:10:\"admin_name\";s:5:\"admin\";s:11:\"action_list\";s:3:\"all\";s:10:\"last_check\";i:1462581603;s:12:\"suppliers_id\";s:1:\"0\";s:9:\"user_list\";a:0:{}s:9:\"wechat_id\";i:1;}' WHERE sesskey = '30640ae9316f78876fea50acbbbc34a4' LIMIT 1

SELECT userid, adminid, user_name, user_rank, discount, email, data, expiry FROM `wsc20`.`ecs_sessions` WHERE sesskey = '30640ae9316f78876fea50acbbbc34a4'

SELECT code, value FROM `wsc20`.`ecs_shop_config` WHERE parent_id > 0

SELECT COUNT(*) FROM `wsc20`.`ecs_order_info` WHERE add_time >= '1462581603'

SELECT COUNT(*) FROM `wsc20`.`ecs_order_info` WHERE pay_time >= 1462581603

UPDATE `wsc20`.`ecs_sessions` SET expiry = '1462610583', ip = '192.168.1.16', userid = '0', adminid = '1', user_name='0', user_rank='0', discount='0', email='0', data = 'a:6:{s:10:\"admin_name\";s:5:\"admin\";s:11:\"action_list\";s:3:\"all\";s:10:\"last_check\";i:1462581783;s:12:\"suppliers_id\";s:1:\"0\";s:9:\"user_list\";a:0:{}s:9:\"wechat_id\";i:1;}' WHERE sesskey = '30640ae9316f78876fea50acbbbc34a4' LIMIT 1

SELECT userid, adminid, user_name, user_rank, discount, email, data, expiry FROM `wsc20`.`ecs_sessions` WHERE sesskey = '30640ae9316f78876fea50acbbbc34a4'

SELECT code, value FROM `wsc20`.`ecs_shop_config` WHERE parent_id > 0

SELECT COUNT(*) FROM `wsc20`.`ecs_order_info` WHERE add_time >= '1462581783'

SELECT COUNT(*) FROM `wsc20`.`ecs_order_info` WHERE pay_time >= 1462581783

UPDATE `wsc20`.`ecs_sessions` SET expiry = '1462610763', ip = '192.168.1.16', userid = '0', adminid = '1', user_name='0', user_rank='0', discount='0', email='0', data = 'a:6:{s:10:\"admin_name\";s:5:\"admin\";s:11:\"action_list\";s:3:\"all\";s:10:\"last_check\";i:1462581963;s:12:\"suppliers_id\";s:1:\"0\";s:9:\"user_list\";a:0:{}s:9:\"wechat_id\";i:1;}' WHERE sesskey = '30640ae9316f78876fea50acbbbc34a4' LIMIT 1

SELECT userid, adminid, user_name, user_rank, discount, email, data, expiry FROM `wsc20`.`ecs_sessions` WHERE sesskey = '30640ae9316f78876fea50acbbbc34a4'

SELECT code, value FROM `wsc20`.`ecs_shop_config` WHERE parent_id > 0

SELECT COUNT(*) FROM `wsc20`.`ecs_order_info` WHERE add_time >= '1462581963'

SELECT COUNT(*) FROM `wsc20`.`ecs_order_info` WHERE pay_time >= 1462581963

UPDATE `wsc20`.`ecs_sessions` SET expiry = '1462610943', ip = '192.168.1.16', userid = '0', adminid = '1', user_name='0', user_rank='0', discount='0', email='0', data = 'a:6:{s:10:\"admin_name\";s:5:\"admin\";s:11:\"action_list\";s:3:\"all\";s:10:\"last_check\";i:1462582143;s:12:\"suppliers_id\";s:1:\"0\";s:9:\"user_list\";a:0:{}s:9:\"wechat_id\";i:1;}' WHERE sesskey = '30640ae9316f78876fea50acbbbc34a4' LIMIT 1

SELECT userid, adminid, user_name, user_rank, discount, email, data, expiry FROM `wsc20`.`ecs_sessions` WHERE sesskey = '30640ae9316f78876fea50acbbbc34a4'

SELECT code, value FROM `wsc20`.`ecs_shop_config` WHERE parent_id > 0

SELECT COUNT(*) FROM `wsc20`.`ecs_order_info` WHERE add_time >= '1462582143'

SELECT COUNT(*) FROM `wsc20`.`ecs_order_info` WHERE pay_time >= 1462582143

UPDATE `wsc20`.`ecs_sessions` SET expiry = '1462611123', ip = '192.168.1.16', userid = '0', adminid = '1', user_name='0', user_rank='0', discount='0', email='0', data = 'a:6:{s:10:\"admin_name\";s:5:\"admin\";s:11:\"action_list\";s:3:\"all\";s:10:\"last_check\";i:1462582323;s:12:\"suppliers_id\";s:1:\"0\";s:9:\"user_list\";a:0:{}s:9:\"wechat_id\";i:1;}' WHERE sesskey = '30640ae9316f78876fea50acbbbc34a4' LIMIT 1

SELECT userid, adminid, user_name, user_rank, discount, email, data, expiry FROM `wsc20`.`ecs_sessions` WHERE sesskey = '30640ae9316f78876fea50acbbbc34a4'

SELECT code, value FROM `wsc20`.`ecs_shop_config` WHERE parent_id > 0

SELECT COUNT(*) FROM `wsc20`.`ecs_order_info` WHERE add_time >= '1462582323'

SELECT COUNT(*) FROM `wsc20`.`ecs_order_info` WHERE pay_time >= 1462582323

UPDATE `wsc20`.`ecs_sessions` SET expiry = '1462611303', ip = '192.168.1.16', userid = '0', adminid = '1', user_name='0', user_rank='0', discount='0', email='0', data = 'a:6:{s:10:\"admin_name\";s:5:\"admin\";s:11:\"action_list\";s:3:\"all\";s:10:\"last_check\";i:1462582503;s:12:\"suppliers_id\";s:1:\"0\";s:9:\"user_list\";a:0:{}s:9:\"wechat_id\";i:1;}' WHERE sesskey = '30640ae9316f78876fea50acbbbc34a4' LIMIT 1

SELECT userid, adminid, user_name, user_rank, discount, email, data, expiry FROM `wsc20`.`ecs_sessions` WHERE sesskey = '30640ae9316f78876fea50acbbbc34a4'

SELECT code, value FROM `wsc20`.`ecs_shop_config` WHERE parent_id > 0

SELECT COUNT(*) FROM `wsc20`.`ecs_order_info` WHERE add_time >= '1462582503'

SELECT COUNT(*) FROM `wsc20`.`ecs_order_info` WHERE pay_time >= 1462582503

UPDATE `wsc20`.`ecs_sessions` SET expiry = '1462611483', ip = '192.168.1.16', userid = '0', adminid = '1', user_name='0', user_rank='0', discount='0', email='0', data = 'a:6:{s:10:\"admin_name\";s:5:\"admin\";s:11:\"action_list\";s:3:\"all\";s:10:\"last_check\";i:1462582683;s:12:\"suppliers_id\";s:1:\"0\";s:9:\"user_list\";a:0:{}s:9:\"wechat_id\";i:1;}' WHERE sesskey = '30640ae9316f78876fea50acbbbc34a4' LIMIT 1

SELECT userid, adminid, user_name, user_rank, discount, email, data, expiry FROM `wsc20`.`ecs_sessions` WHERE sesskey = '30640ae9316f78876fea50acbbbc34a4'

SELECT code, value FROM `wsc20`.`ecs_shop_config` WHERE parent_id > 0

SELECT COUNT(*) FROM `wsc20`.`ecs_order_info` WHERE add_time >= '1462582683'

SELECT COUNT(*) FROM `wsc20`.`ecs_order_info` WHERE pay_time >= 1462582683

UPDATE `wsc20`.`ecs_sessions` SET expiry = '1462611663', ip = '192.168.1.16', userid = '0', adminid = '1', user_name='0', user_rank='0', discount='0', email='0', data = 'a:6:{s:10:\"admin_name\";s:5:\"admin\";s:11:\"action_list\";s:3:\"all\";s:10:\"last_check\";i:1462582863;s:12:\"suppliers_id\";s:1:\"0\";s:9:\"user_list\";a:0:{}s:9:\"wechat_id\";i:1;}' WHERE sesskey = '30640ae9316f78876fea50acbbbc34a4' LIMIT 1

SELECT userid, adminid, user_name, user_rank, discount, email, data, expiry FROM `wsc20`.`ecs_sessions` WHERE sesskey = '30640ae9316f78876fea50acbbbc34a4'

SELECT code, value FROM `wsc20`.`ecs_shop_config` WHERE parent_id > 0

SELECT COUNT(*) FROM `wsc20`.`ecs_order_info` WHERE add_time >= '1462582863'

SELECT COUNT(*) FROM `wsc20`.`ecs_order_info` WHERE pay_time >= 1462582863

UPDATE `wsc20`.`ecs_sessions` SET expiry = '1462611843', ip = '192.168.1.16', userid = '0', adminid = '1', user_name='0', user_rank='0', discount='0', email='0', data = 'a:6:{s:10:\"admin_name\";s:5:\"admin\";s:11:\"action_list\";s:3:\"all\";s:10:\"last_check\";i:1462583043;s:12:\"suppliers_id\";s:1:\"0\";s:9:\"user_list\";a:0:{}s:9:\"wechat_id\";i:1;}' WHERE sesskey = '30640ae9316f78876fea50acbbbc34a4' LIMIT 1

SELECT userid, adminid, user_name, user_rank, discount, email, data, expiry FROM `wsc20`.`ecs_sessions` WHERE sesskey = '30640ae9316f78876fea50acbbbc34a4'

SELECT code, value FROM `wsc20`.`ecs_shop_config` WHERE parent_id > 0

SELECT COUNT(*) FROM `wsc20`.`ecs_order_info` WHERE add_time >= '1462583043'

SELECT COUNT(*) FROM `wsc20`.`ecs_order_info` WHERE pay_time >= 1462583043

UPDATE `wsc20`.`ecs_sessions` SET expiry = '1462612023', ip = '192.168.1.16', userid = '0', adminid = '1', user_name='0', user_rank='0', discount='0', email='0', data = 'a:6:{s:10:\"admin_name\";s:5:\"admin\";s:11:\"action_list\";s:3:\"all\";s:10:\"last_check\";i:1462583223;s:12:\"suppliers_id\";s:1:\"0\";s:9:\"user_list\";a:0:{}s:9:\"wechat_id\";i:1;}' WHERE sesskey = '30640ae9316f78876fea50acbbbc34a4' LIMIT 1

SELECT userid, adminid, user_name, user_rank, discount, email, data, expiry FROM `wsc20`.`ecs_sessions` WHERE sesskey = '30640ae9316f78876fea50acbbbc34a4'

SELECT code, value FROM `wsc20`.`ecs_shop_config` WHERE parent_id > 0

SELECT COUNT(*) FROM `wsc20`.`ecs_order_info` WHERE add_time >= '1462583223'

SELECT COUNT(*) FROM `wsc20`.`ecs_order_info` WHERE pay_time >= 1462583223

UPDATE `wsc20`.`ecs_sessions` SET expiry = '1462612203', ip = '192.168.1.16', userid = '0', adminid = '1', user_name='0', user_rank='0', discount='0', email='0', data = 'a:6:{s:10:\"admin_name\";s:5:\"admin\";s:11:\"action_list\";s:3:\"all\";s:10:\"last_check\";i:1462583403;s:12:\"suppliers_id\";s:1:\"0\";s:9:\"user_list\";a:0:{}s:9:\"wechat_id\";i:1;}' WHERE sesskey = '30640ae9316f78876fea50acbbbc34a4' LIMIT 1

SELECT userid, adminid, user_name, user_rank, discount, email, data, expiry FROM `wsc20`.`ecs_sessions` WHERE sesskey = '30640ae9316f78876fea50acbbbc34a4'

SELECT code, value FROM `wsc20`.`ecs_shop_config` WHERE parent_id > 0

SELECT COUNT(*) FROM `wsc20`.`ecs_order_info` WHERE add_time >= '1462583403'

SELECT COUNT(*) FROM `wsc20`.`ecs_order_info` WHERE pay_time >= 1462583403

UPDATE `wsc20`.`ecs_sessions` SET expiry = '1462612383', ip = '192.168.1.16', userid = '0', adminid = '1', user_name='0', user_rank='0', discount='0', email='0', data = 'a:6:{s:10:\"admin_name\";s:5:\"admin\";s:11:\"action_list\";s:3:\"all\";s:10:\"last_check\";i:1462583583;s:12:\"suppliers_id\";s:1:\"0\";s:9:\"user_list\";a:0:{}s:9:\"wechat_id\";i:1;}' WHERE sesskey = '30640ae9316f78876fea50acbbbc34a4' LIMIT 1

DELETE FROM `wsc20`.`ecs_sessions_data` WHERE expiry < 1462610583

SELECT userid, adminid, user_name, user_rank, discount, email, data, expiry FROM `wsc20`.`ecs_sessions` WHERE sesskey = '30640ae9316f78876fea50acbbbc34a4'

SELECT code, value FROM `wsc20`.`ecs_shop_config` WHERE parent_id > 0

SELECT COUNT(*) FROM `wsc20`.`ecs_order_info` WHERE add_time >= '1462583583'

SELECT COUNT(*) FROM `wsc20`.`ecs_order_info` WHERE pay_time >= 1462583583

UPDATE `wsc20`.`ecs_sessions` SET expiry = '1462612563', ip = '192.168.1.16', userid = '0', adminid = '1', user_name='0', user_rank='0', discount='0', email='0', data = 'a:6:{s:10:\"admin_name\";s:5:\"admin\";s:11:\"action_list\";s:3:\"all\";s:10:\"last_check\";i:1462583763;s:12:\"suppliers_id\";s:1:\"0\";s:9:\"user_list\";a:0:{}s:9:\"wechat_id\";i:1;}' WHERE sesskey = '30640ae9316f78876fea50acbbbc34a4' LIMIT 1

SELECT userid, adminid, user_name, user_rank, discount, email, data, expiry FROM `wsc20`.`ecs_sessions` WHERE sesskey = '30640ae9316f78876fea50acbbbc34a4'

SELECT code, value FROM `wsc20`.`ecs_shop_config` WHERE parent_id > 0

SELECT COUNT(*) FROM `wsc20`.`ecs_order_info` WHERE add_time >= '1462583763'

SELECT COUNT(*) FROM `wsc20`.`ecs_order_info` WHERE pay_time >= 1462583763

UPDATE `wsc20`.`ecs_sessions` SET expiry = '1462612743', ip = '192.168.1.16', userid = '0', adminid = '1', user_name='0', user_rank='0', discount='0', email='0', data = 'a:6:{s:10:\"admin_name\";s:5:\"admin\";s:11:\"action_list\";s:3:\"all\";s:10:\"last_check\";i:1462583943;s:12:\"suppliers_id\";s:1:\"0\";s:9:\"user_list\";a:0:{}s:9:\"wechat_id\";i:1;}' WHERE sesskey = '30640ae9316f78876fea50acbbbc34a4' LIMIT 1

SELECT userid, adminid, user_name, user_rank, discount, email, data, expiry FROM `wsc20`.`ecs_sessions` WHERE sesskey = '30640ae9316f78876fea50acbbbc34a4'

SELECT code, value FROM `wsc20`.`ecs_shop_config` WHERE parent_id > 0

SELECT COUNT(*) FROM `wsc20`.`ecs_order_info` WHERE add_time >= '1462583943'

SELECT COUNT(*) FROM `wsc20`.`ecs_order_info` WHERE pay_time >= 1462583943

UPDATE `wsc20`.`ecs_sessions` SET expiry = '1462612923', ip = '192.168.1.16', userid = '0', adminid = '1', user_name='0', user_rank='0', discount='0', email='0', data = 'a:6:{s:10:\"admin_name\";s:5:\"admin\";s:11:\"action_list\";s:3:\"all\";s:10:\"last_check\";i:1462584123;s:12:\"suppliers_id\";s:1:\"0\";s:9:\"user_list\";a:0:{}s:9:\"wechat_id\";i:1;}' WHERE sesskey = '30640ae9316f78876fea50acbbbc34a4' LIMIT 1

DELETE FROM `wsc20`.`ecs_sessions_data` WHERE expiry < 1462611123

SELECT userid, adminid, user_name, user_rank, discount, email, data, expiry FROM `wsc20`.`ecs_sessions` WHERE sesskey = '30640ae9316f78876fea50acbbbc34a4'

SELECT code, value FROM `wsc20`.`ecs_shop_config` WHERE parent_id > 0

SELECT COUNT(*) FROM `wsc20`.`ecs_order_info` WHERE add_time >= '1462584123'

SELECT COUNT(*) FROM `wsc20`.`ecs_order_info` WHERE pay_time >= 1462584123

UPDATE `wsc20`.`ecs_sessions` SET expiry = '1462613103', ip = '192.168.1.16', userid = '0', adminid = '1', user_name='0', user_rank='0', discount='0', email='0', data = 'a:6:{s:10:\"admin_name\";s:5:\"admin\";s:11:\"action_list\";s:3:\"all\";s:10:\"last_check\";i:1462584303;s:12:\"suppliers_id\";s:1:\"0\";s:9:\"user_list\";a:0:{}s:9:\"wechat_id\";i:1;}' WHERE sesskey = '30640ae9316f78876fea50acbbbc34a4' LIMIT 1

SELECT userid, adminid, user_name, user_rank, discount, email, data, expiry FROM `wsc20`.`ecs_sessions` WHERE sesskey = '30640ae9316f78876fea50acbbbc34a4'

SELECT code, value FROM `wsc20`.`ecs_shop_config` WHERE parent_id > 0

SELECT COUNT(*) FROM `wsc20`.`ecs_order_info` WHERE add_time >= '1462584303'

SELECT COUNT(*) FROM `wsc20`.`ecs_order_info` WHERE pay_time >= 1462584303

UPDATE `wsc20`.`ecs_sessions` SET expiry = '1462613283', ip = '192.168.1.16', userid = '0', adminid = '1', user_name='0', user_rank='0', discount='0', email='0', data = 'a:6:{s:10:\"admin_name\";s:5:\"admin\";s:11:\"action_list\";s:3:\"all\";s:10:\"last_check\";i:1462584483;s:12:\"suppliers_id\";s:1:\"0\";s:9:\"user_list\";a:0:{}s:9:\"wechat_id\";i:1;}' WHERE sesskey = '30640ae9316f78876fea50acbbbc34a4' LIMIT 1

DELETE FROM `wsc20`.`ecs_sessions_data` WHERE expiry < 1462611483

SELECT userid, adminid, user_name, user_rank, discount, email, data, expiry FROM `wsc20`.`ecs_sessions` WHERE sesskey = '30640ae9316f78876fea50acbbbc34a4'

SELECT code, value FROM `wsc20`.`ecs_shop_config` WHERE parent_id > 0

SELECT COUNT(*) FROM `wsc20`.`ecs_order_info` WHERE add_time >= '1462584483'

SELECT COUNT(*) FROM `wsc20`.`ecs_order_info` WHERE pay_time >= 1462584483

UPDATE `wsc20`.`ecs_sessions` SET expiry = '1462613463', ip = '192.168.1.16', userid = '0', adminid = '1', user_name='0', user_rank='0', discount='0', email='0', data = 'a:6:{s:10:\"admin_name\";s:5:\"admin\";s:11:\"action_list\";s:3:\"all\";s:10:\"last_check\";i:1462584663;s:12:\"suppliers_id\";s:1:\"0\";s:9:\"user_list\";a:0:{}s:9:\"wechat_id\";i:1;}' WHERE sesskey = '30640ae9316f78876fea50acbbbc34a4' LIMIT 1

DELETE FROM `wsc20`.`ecs_sessions_data` WHERE expiry < 1462611663

SELECT userid, adminid, user_name, user_rank, discount, email, data, expiry FROM `wsc20`.`ecs_sessions` WHERE sesskey = '30640ae9316f78876fea50acbbbc34a4'

SELECT code, value FROM `wsc20`.`ecs_shop_config` WHERE parent_id > 0

SELECT COUNT(*) FROM `wsc20`.`ecs_order_info` WHERE add_time >= '1462584663'

SELECT COUNT(*) FROM `wsc20`.`ecs_order_info` WHERE pay_time >= 1462584663

UPDATE `wsc20`.`ecs_sessions` SET expiry = '1462613643', ip = '192.168.1.16', userid = '0', adminid = '1', user_name='0', user_rank='0', discount='0', email='0', data = 'a:6:{s:10:\"admin_name\";s:5:\"admin\";s:11:\"action_list\";s:3:\"all\";s:10:\"last_check\";i:1462584843;s:12:\"suppliers_id\";s:1:\"0\";s:9:\"user_list\";a:0:{}s:9:\"wechat_id\";i:1;}' WHERE sesskey = '30640ae9316f78876fea50acbbbc34a4' LIMIT 1

SELECT userid, adminid, user_name, user_rank, discount, email, data, expiry FROM `wsc20`.`ecs_sessions` WHERE sesskey = '30640ae9316f78876fea50acbbbc34a4'

SELECT code, value FROM `wsc20`.`ecs_shop_config` WHERE parent_id > 0

SELECT COUNT(*) FROM `wsc20`.`ecs_order_info` WHERE add_time >= '1462584843'

SELECT COUNT(*) FROM `wsc20`.`ecs_order_info` WHERE pay_time >= 1462584843

UPDATE `wsc20`.`ecs_sessions` SET expiry = '1462613823', ip = '192.168.1.16', userid = '0', adminid = '1', user_name='0', user_rank='0', discount='0', email='0', data = 'a:6:{s:10:\"admin_name\";s:5:\"admin\";s:11:\"action_list\";s:3:\"all\";s:10:\"last_check\";i:1462585023;s:12:\"suppliers_id\";s:1:\"0\";s:9:\"user_list\";a:0:{}s:9:\"wechat_id\";i:1;}' WHERE sesskey = '30640ae9316f78876fea50acbbbc34a4' LIMIT 1

SELECT userid, adminid, user_name, user_rank, discount, email, data, expiry FROM `wsc20`.`ecs_sessions` WHERE sesskey = '30640ae9316f78876fea50acbbbc34a4'

SELECT code, value FROM `wsc20`.`ecs_shop_config` WHERE parent_id > 0

SELECT COUNT(*) FROM `wsc20`.`ecs_order_info` WHERE add_time >= '1462585023'

SELECT COUNT(*) FROM `wsc20`.`ecs_order_info` WHERE pay_time >= 1462585023

UPDATE `wsc20`.`ecs_sessions` SET expiry = '1462614003', ip = '192.168.1.16', userid = '0', adminid = '1', user_name='0', user_rank='0', discount='0', email='0', data = 'a:6:{s:10:\"admin_name\";s:5:\"admin\";s:11:\"action_list\";s:3:\"all\";s:10:\"last_check\";i:1462585203;s:12:\"suppliers_id\";s:1:\"0\";s:9:\"user_list\";a:0:{}s:9:\"wechat_id\";i:1;}' WHERE sesskey = '30640ae9316f78876fea50acbbbc34a4' LIMIT 1

SELECT userid, adminid, user_name, user_rank, discount, email, data, expiry FROM `wsc20`.`ecs_sessions` WHERE sesskey = '30640ae9316f78876fea50acbbbc34a4'

SELECT code, value FROM `wsc20`.`ecs_shop_config` WHERE parent_id > 0

SELECT COUNT(*) FROM `wsc20`.`ecs_order_info` WHERE add_time >= '1462585203'

SELECT COUNT(*) FROM `wsc20`.`ecs_order_info` WHERE pay_time >= 1462585203

UPDATE `wsc20`.`ecs_sessions` SET expiry = '1462614183', ip = '192.168.1.16', userid = '0', adminid = '1', user_name='0', user_rank='0', discount='0', email='0', data = 'a:6:{s:10:\"admin_name\";s:5:\"admin\";s:11:\"action_list\";s:3:\"all\";s:10:\"last_check\";i:1462585383;s:12:\"suppliers_id\";s:1:\"0\";s:9:\"user_list\";a:0:{}s:9:\"wechat_id\";i:1;}' WHERE sesskey = '30640ae9316f78876fea50acbbbc34a4' LIMIT 1

SELECT userid, adminid, user_name, user_rank, discount, email, data, expiry FROM `wsc20`.`ecs_sessions` WHERE sesskey = '30640ae9316f78876fea50acbbbc34a4'

SELECT code, value FROM `wsc20`.`ecs_shop_config` WHERE parent_id > 0

SELECT COUNT(*) FROM `wsc20`.`ecs_order_info` WHERE add_time >= '1462585383'

SELECT COUNT(*) FROM `wsc20`.`ecs_order_info` WHERE pay_time >= 1462585383

UPDATE `wsc20`.`ecs_sessions` SET expiry = '1462614363', ip = '192.168.1.16', userid = '0', adminid = '1', user_name='0', user_rank='0', discount='0', email='0', data = 'a:6:{s:10:\"admin_name\";s:5:\"admin\";s:11:\"action_list\";s:3:\"all\";s:10:\"last_check\";i:1462585563;s:12:\"suppliers_id\";s:1:\"0\";s:9:\"user_list\";a:0:{}s:9:\"wechat_id\";i:1;}' WHERE sesskey = '30640ae9316f78876fea50acbbbc34a4' LIMIT 1

DELETE FROM `wsc20`.`ecs_sessions_data` WHERE expiry < 1462612563

SELECT userid, adminid, user_name, user_rank, discount, email, data, expiry FROM `wsc20`.`ecs_sessions` WHERE sesskey = '30640ae9316f78876fea50acbbbc34a4'

SELECT code, value FROM `wsc20`.`ecs_shop_config` WHERE parent_id > 0

SELECT COUNT(*) FROM `wsc20`.`ecs_order_info` WHERE add_time >= '1462585563'

SELECT COUNT(*) FROM `wsc20`.`ecs_order_info` WHERE pay_time >= 1462585563

UPDATE `wsc20`.`ecs_sessions` SET expiry = '1462614543', ip = '192.168.1.16', userid = '0', adminid = '1', user_name='0', user_rank='0', discount='0', email='0', data = 'a:6:{s:10:\"admin_name\";s:5:\"admin\";s:11:\"action_list\";s:3:\"all\";s:10:\"last_check\";i:1462585743;s:12:\"suppliers_id\";s:1:\"0\";s:9:\"user_list\";a:0:{}s:9:\"wechat_id\";i:1;}' WHERE sesskey = '30640ae9316f78876fea50acbbbc34a4' LIMIT 1

SELECT userid, adminid, user_name, user_rank, discount, email, data, expiry FROM `wsc20`.`ecs_sessions` WHERE sesskey = '30640ae9316f78876fea50acbbbc34a4'

SELECT code, value FROM `wsc20`.`ecs_shop_config` WHERE parent_id > 0

SELECT COUNT(*) FROM `wsc20`.`ecs_order_info` WHERE add_time >= '1462585743'

SELECT COUNT(*) FROM `wsc20`.`ecs_order_info` WHERE pay_time >= 1462585743

UPDATE `wsc20`.`ecs_sessions` SET expiry = '1462614723', ip = '192.168.1.16', userid = '0', adminid = '1', user_name='0', user_rank='0', discount='0', email='0', data = 'a:6:{s:10:\"admin_name\";s:5:\"admin\";s:11:\"action_list\";s:3:\"all\";s:10:\"last_check\";i:1462585923;s:12:\"suppliers_id\";s:1:\"0\";s:9:\"user_list\";a:0:{}s:9:\"wechat_id\";i:1;}' WHERE sesskey = '30640ae9316f78876fea50acbbbc34a4' LIMIT 1

DELETE FROM `wsc20`.`ecs_sessions_data` WHERE expiry < 1462612923

SELECT userid, adminid, user_name, user_rank, discount, email, data, expiry FROM `wsc20`.`ecs_sessions` WHERE sesskey = '30640ae9316f78876fea50acbbbc34a4'

SELECT code, value FROM `wsc20`.`ecs_shop_config` WHERE parent_id > 0

SELECT COUNT(*) FROM `wsc20`.`ecs_order_info` WHERE add_time >= '1462585923'

SELECT COUNT(*) FROM `wsc20`.`ecs_order_info` WHERE pay_time >= 1462585923

UPDATE `wsc20`.`ecs_sessions` SET expiry = '1462614903', ip = '192.168.1.16', userid = '0', adminid = '1', user_name='0', user_rank='0', discount='0', email='0', data = 'a:6:{s:10:\"admin_name\";s:5:\"admin\";s:11:\"action_list\";s:3:\"all\";s:10:\"last_check\";i:1462586103;s:12:\"suppliers_id\";s:1:\"0\";s:9:\"user_list\";a:0:{}s:9:\"wechat_id\";i:1;}' WHERE sesskey = '30640ae9316f78876fea50acbbbc34a4' LIMIT 1

SELECT userid, adminid, user_name, user_rank, discount, email, data, expiry FROM `wsc20`.`ecs_sessions` WHERE sesskey = '30640ae9316f78876fea50acbbbc34a4'

SELECT code, value FROM `wsc20`.`ecs_shop_config` WHERE parent_id > 0

SELECT COUNT(*) FROM `wsc20`.`ecs_order_info` WHERE add_time >= '1462586103'

SELECT COUNT(*) FROM `wsc20`.`ecs_order_info` WHERE pay_time >= 1462586103

UPDATE `wsc20`.`ecs_sessions` SET expiry = '1462615083', ip = '192.168.1.16', userid = '0', adminid = '1', user_name='0', user_rank='0', discount='0', email='0', data = 'a:6:{s:10:\"admin_name\";s:5:\"admin\";s:11:\"action_list\";s:3:\"all\";s:10:\"last_check\";i:1462586283;s:12:\"suppliers_id\";s:1:\"0\";s:9:\"user_list\";a:0:{}s:9:\"wechat_id\";i:1;}' WHERE sesskey = '30640ae9316f78876fea50acbbbc34a4' LIMIT 1

DELETE FROM `wsc20`.`ecs_sessions_data` WHERE expiry < 1462613283

SELECT userid, adminid, user_name, user_rank, discount, email, data, expiry FROM `wsc20`.`ecs_sessions` WHERE sesskey = '30640ae9316f78876fea50acbbbc34a4'

SELECT code, value FROM `wsc20`.`ecs_shop_config` WHERE parent_id > 0

SELECT COUNT(*) FROM `wsc20`.`ecs_order_info` WHERE add_time >= '1462586283'

SELECT COUNT(*) FROM `wsc20`.`ecs_order_info` WHERE pay_time >= 1462586283

UPDATE `wsc20`.`ecs_sessions` SET expiry = '1462615263', ip = '192.168.1.16', userid = '0', adminid = '1', user_name='0', user_rank='0', discount='0', email='0', data = 'a:6:{s:10:\"admin_name\";s:5:\"admin\";s:11:\"action_list\";s:3:\"all\";s:10:\"last_check\";i:1462586463;s:12:\"suppliers_id\";s:1:\"0\";s:9:\"user_list\";a:0:{}s:9:\"wechat_id\";i:1;}' WHERE sesskey = '30640ae9316f78876fea50acbbbc34a4' LIMIT 1

DELETE FROM `wsc20`.`ecs_sessions_data` WHERE expiry < 1462613463

SELECT userid, adminid, user_name, user_rank, discount, email, data, expiry FROM `wsc20`.`ecs_sessions` WHERE sesskey = '30640ae9316f78876fea50acbbbc34a4'

SELECT code, value FROM `wsc20`.`ecs_shop_config` WHERE parent_id > 0

SELECT COUNT(*) FROM `wsc20`.`ecs_order_info` WHERE add_time >= '1462586463'

SELECT COUNT(*) FROM `wsc20`.`ecs_order_info` WHERE pay_time >= 1462586463

UPDATE `wsc20`.`ecs_sessions` SET expiry = '1462615443', ip = '192.168.1.16', userid = '0', adminid = '1', user_name='0', user_rank='0', discount='0', email='0', data = 'a:6:{s:10:\"admin_name\";s:5:\"admin\";s:11:\"action_list\";s:3:\"all\";s:10:\"last_check\";i:1462586643;s:12:\"suppliers_id\";s:1:\"0\";s:9:\"user_list\";a:0:{}s:9:\"wechat_id\";i:1;}' WHERE sesskey = '30640ae9316f78876fea50acbbbc34a4' LIMIT 1

SELECT userid, adminid, user_name, user_rank, discount, email, data, expiry FROM `wsc20`.`ecs_sessions` WHERE sesskey = '30640ae9316f78876fea50acbbbc34a4'

SELECT code, value FROM `wsc20`.`ecs_shop_config` WHERE parent_id > 0

SELECT COUNT(*) FROM `wsc20`.`ecs_order_info` WHERE add_time >= '1462586643'

SELECT COUNT(*) FROM `wsc20`.`ecs_order_info` WHERE pay_time >= 1462586643

UPDATE `wsc20`.`ecs_sessions` SET expiry = '1462615623', ip = '192.168.1.16', userid = '0', adminid = '1', user_name='0', user_rank='0', discount='0', email='0', data = 'a:6:{s:10:\"admin_name\";s:5:\"admin\";s:11:\"action_list\";s:3:\"all\";s:10:\"last_check\";i:1462586823;s:12:\"suppliers_id\";s:1:\"0\";s:9:\"user_list\";a:0:{}s:9:\"wechat_id\";i:1;}' WHERE sesskey = '30640ae9316f78876fea50acbbbc34a4' LIMIT 1

DELETE FROM `wsc20`.`ecs_sessions_data` WHERE expiry < 1462613823

SELECT userid, adminid, user_name, user_rank, discount, email, data, expiry FROM `wsc20`.`ecs_sessions` WHERE sesskey = '30640ae9316f78876fea50acbbbc34a4'

SELECT code, value FROM `wsc20`.`ecs_shop_config` WHERE parent_id > 0

SELECT COUNT(*) FROM `wsc20`.`ecs_order_info` WHERE add_time >= '1462586823'

SELECT COUNT(*) FROM `wsc20`.`ecs_order_info` WHERE pay_time >= 1462586823

UPDATE `wsc20`.`ecs_sessions` SET expiry = '1462615803', ip = '192.168.1.16', userid = '0', adminid = '1', user_name='0', user_rank='0', discount='0', email='0', data = 'a:6:{s:10:\"admin_name\";s:5:\"admin\";s:11:\"action_list\";s:3:\"all\";s:10:\"last_check\";i:1462587003;s:12:\"suppliers_id\";s:1:\"0\";s:9:\"user_list\";a:0:{}s:9:\"wechat_id\";i:1;}' WHERE sesskey = '30640ae9316f78876fea50acbbbc34a4' LIMIT 1

DELETE FROM `wsc20`.`ecs_sessions_data` WHERE expiry < 1462614003

SELECT userid, adminid, user_name, user_rank, discount, email, data, expiry FROM `wsc20`.`ecs_sessions` WHERE sesskey = '30640ae9316f78876fea50acbbbc34a4'

SELECT code, value FROM `wsc20`.`ecs_shop_config` WHERE parent_id > 0

SELECT COUNT(*) FROM `wsc20`.`ecs_order_info` WHERE add_time >= '1462587003'

SELECT COUNT(*) FROM `wsc20`.`ecs_order_info` WHERE pay_time >= 1462587003

UPDATE `wsc20`.`ecs_sessions` SET expiry = '1462615983', ip = '192.168.1.16', userid = '0', adminid = '1', user_name='0', user_rank='0', discount='0', email='0', data = 'a:6:{s:10:\"admin_name\";s:5:\"admin\";s:11:\"action_list\";s:3:\"all\";s:10:\"last_check\";i:1462587183;s:12:\"suppliers_id\";s:1:\"0\";s:9:\"user_list\";a:0:{}s:9:\"wechat_id\";i:1;}' WHERE sesskey = '30640ae9316f78876fea50acbbbc34a4' LIMIT 1

SELECT userid, adminid, user_name, user_rank, discount, email, data, expiry FROM `wsc20`.`ecs_sessions` WHERE sesskey = '30640ae9316f78876fea50acbbbc34a4'

SELECT code, value FROM `wsc20`.`ecs_shop_config` WHERE parent_id > 0

SELECT COUNT(*) FROM `wsc20`.`ecs_order_info` WHERE add_time >= '1462587183'

SELECT COUNT(*) FROM `wsc20`.`ecs_order_info` WHERE pay_time >= 1462587183

UPDATE `wsc20`.`ecs_sessions` SET expiry = '1462616163', ip = '192.168.1.16', userid = '0', adminid = '1', user_name='0', user_rank='0', discount='0', email='0', data = 'a:6:{s:10:\"admin_name\";s:5:\"admin\";s:11:\"action_list\";s:3:\"all\";s:10:\"last_check\";i:1462587363;s:12:\"suppliers_id\";s:1:\"0\";s:9:\"user_list\";a:0:{}s:9:\"wechat_id\";i:1;}' WHERE sesskey = '30640ae9316f78876fea50acbbbc34a4' LIMIT 1

SELECT userid, adminid, user_name, user_rank, discount, email, data, expiry FROM `wsc20`.`ecs_sessions` WHERE sesskey = '30640ae9316f78876fea50acbbbc34a4'

SELECT code, value FROM `wsc20`.`ecs_shop_config` WHERE parent_id > 0

SELECT COUNT(*) FROM `wsc20`.`ecs_order_info` WHERE add_time >= '1462587363'

SELECT COUNT(*) FROM `wsc20`.`ecs_order_info` WHERE pay_time >= 1462587363

UPDATE `wsc20`.`ecs_sessions` SET expiry = '1462616343', ip = '192.168.1.16', userid = '0', adminid = '1', user_name='0', user_rank='0', discount='0', email='0', data = 'a:6:{s:10:\"admin_name\";s:5:\"admin\";s:11:\"action_list\";s:3:\"all\";s:10:\"last_check\";i:1462587543;s:12:\"suppliers_id\";s:1:\"0\";s:9:\"user_list\";a:0:{}s:9:\"wechat_id\";i:1;}' WHERE sesskey = '30640ae9316f78876fea50acbbbc34a4' LIMIT 1

SELECT userid, adminid, user_name, user_rank, discount, email, data, expiry FROM `wsc20`.`ecs_sessions` WHERE sesskey = '30640ae9316f78876fea50acbbbc34a4'

SELECT code, value FROM `wsc20`.`ecs_shop_config` WHERE parent_id > 0

SELECT COUNT(*) FROM `wsc20`.`ecs_order_info` WHERE add_time >= '1462587543'

SELECT COUNT(*) FROM `wsc20`.`ecs_order_info` WHERE pay_time >= 1462587543

UPDATE `wsc20`.`ecs_sessions` SET expiry = '1462616523', ip = '192.168.1.16', userid = '0', adminid = '1', user_name='0', user_rank='0', discount='0', email='0', data = 'a:6:{s:10:\"admin_name\";s:5:\"admin\";s:11:\"action_list\";s:3:\"all\";s:10:\"last_check\";i:1462587723;s:12:\"suppliers_id\";s:1:\"0\";s:9:\"user_list\";a:0:{}s:9:\"wechat_id\";i:1;}' WHERE sesskey = '30640ae9316f78876fea50acbbbc34a4' LIMIT 1

DELETE FROM `wsc20`.`ecs_sessions_data` WHERE expiry < 1462614723

SELECT userid, adminid, user_name, user_rank, discount, email, data, expiry FROM `wsc20`.`ecs_sessions` WHERE sesskey = '30640ae9316f78876fea50acbbbc34a4'

SELECT code, value FROM `wsc20`.`ecs_shop_config` WHERE parent_id > 0

SELECT COUNT(*) FROM `wsc20`.`ecs_order_info` WHERE add_time >= '1462587723'

SELECT COUNT(*) FROM `wsc20`.`ecs_order_info` WHERE pay_time >= 1462587723

UPDATE `wsc20`.`ecs_sessions` SET expiry = '1462616703', ip = '192.168.1.16', userid = '0', adminid = '1', user_name='0', user_rank='0', discount='0', email='0', data = 'a:6:{s:10:\"admin_name\";s:5:\"admin\";s:11:\"action_list\";s:3:\"all\";s:10:\"last_check\";i:1462587903;s:12:\"suppliers_id\";s:1:\"0\";s:9:\"user_list\";a:0:{}s:9:\"wechat_id\";i:1;}' WHERE sesskey = '30640ae9316f78876fea50acbbbc34a4' LIMIT 1

DELETE FROM `wsc20`.`ecs_sessions_data` WHERE expiry < 1462614903

SELECT userid, adminid, user_name, user_rank, discount, email, data, expiry FROM `wsc20`.`ecs_sessions` WHERE sesskey = '30640ae9316f78876fea50acbbbc34a4'

SELECT code, value FROM `wsc20`.`ecs_shop_config` WHERE parent_id > 0

SELECT COUNT(*) FROM `wsc20`.`ecs_order_info` WHERE add_time >= '1462587903'

SELECT COUNT(*) FROM `wsc20`.`ecs_order_info` WHERE pay_time >= 1462587903

UPDATE `wsc20`.`ecs_sessions` SET expiry = '1462616883', ip = '192.168.1.16', userid = '0', adminid = '1', user_name='0', user_rank='0', discount='0', email='0', data = 'a:6:{s:10:\"admin_name\";s:5:\"admin\";s:11:\"action_list\";s:3:\"all\";s:10:\"last_check\";i:1462588083;s:12:\"suppliers_id\";s:1:\"0\";s:9:\"user_list\";a:0:{}s:9:\"wechat_id\";i:1;}' WHERE sesskey = '30640ae9316f78876fea50acbbbc34a4' LIMIT 1

DELETE FROM `wsc20`.`ecs_sessions_data` WHERE expiry < 1462615083

SELECT userid, adminid, user_name, user_rank, discount, email, data, expiry FROM `wsc20`.`ecs_sessions` WHERE sesskey = '30640ae9316f78876fea50acbbbc34a4'

SELECT code, value FROM `wsc20`.`ecs_shop_config` WHERE parent_id > 0

SELECT COUNT(*) FROM `wsc20`.`ecs_order_info` WHERE add_time >= '1462588083'

SELECT COUNT(*) FROM `wsc20`.`ecs_order_info` WHERE pay_time >= 1462588083

UPDATE `wsc20`.`ecs_sessions` SET expiry = '1462617063', ip = '192.168.1.16', userid = '0', adminid = '1', user_name='0', user_rank='0', discount='0', email='0', data = 'a:6:{s:10:\"admin_name\";s:5:\"admin\";s:11:\"action_list\";s:3:\"all\";s:10:\"last_check\";i:1462588263;s:12:\"suppliers_id\";s:1:\"0\";s:9:\"user_list\";a:0:{}s:9:\"wechat_id\";i:1;}' WHERE sesskey = '30640ae9316f78876fea50acbbbc34a4' LIMIT 1

SELECT userid, adminid, user_name, user_rank, discount, email, data, expiry FROM `wsc20`.`ecs_sessions` WHERE sesskey = '30640ae9316f78876fea50acbbbc34a4'

SELECT code, value FROM `wsc20`.`ecs_shop_config` WHERE parent_id > 0

SELECT COUNT(*) FROM `wsc20`.`ecs_order_info` WHERE add_time >= '1462588263'

SELECT COUNT(*) FROM `wsc20`.`ecs_order_info` WHERE pay_time >= 1462588263

UPDATE `wsc20`.`ecs_sessions` SET expiry = '1462617243', ip = '192.168.1.16', userid = '0', adminid = '1', user_name='0', user_rank='0', discount='0', email='0', data = 'a:6:{s:10:\"admin_name\";s:5:\"admin\";s:11:\"action_list\";s:3:\"all\";s:10:\"last_check\";i:1462588443;s:12:\"suppliers_id\";s:1:\"0\";s:9:\"user_list\";a:0:{}s:9:\"wechat_id\";i:1;}' WHERE sesskey = '30640ae9316f78876fea50acbbbc34a4' LIMIT 1

DELETE FROM `wsc20`.`ecs_sessions_data` WHERE expiry < 1462615443

SELECT userid, adminid, user_name, user_rank, discount, email, data, expiry FROM `wsc20`.`ecs_sessions` WHERE sesskey = '30640ae9316f78876fea50acbbbc34a4'

SELECT code, value FROM `wsc20`.`ecs_shop_config` WHERE parent_id > 0

SELECT COUNT(*) FROM `wsc20`.`ecs_order_info` WHERE add_time >= '1462588443'

SELECT COUNT(*) FROM `wsc20`.`ecs_order_info` WHERE pay_time >= 1462588443

UPDATE `wsc20`.`ecs_sessions` SET expiry = '1462617423', ip = '192.168.1.16', userid = '0', adminid = '1', user_name='0', user_rank='0', discount='0', email='0', data = 'a:6:{s:10:\"admin_name\";s:5:\"admin\";s:11:\"action_list\";s:3:\"all\";s:10:\"last_check\";i:1462588623;s:12:\"suppliers_id\";s:1:\"0\";s:9:\"user_list\";a:0:{}s:9:\"wechat_id\";i:1;}' WHERE sesskey = '30640ae9316f78876fea50acbbbc34a4' LIMIT 1

DELETE FROM `wsc20`.`ecs_sessions_data` WHERE expiry < 1462615623

SELECT userid, adminid, user_name, user_rank, discount, email, data, expiry FROM `wsc20`.`ecs_sessions` WHERE sesskey = '30640ae9316f78876fea50acbbbc34a4'

SELECT code, value FROM `wsc20`.`ecs_shop_config` WHERE parent_id > 0

SELECT COUNT(*) FROM `wsc20`.`ecs_order_info` WHERE add_time >= '1462588623'

SELECT COUNT(*) FROM `wsc20`.`ecs_order_info` WHERE pay_time >= 1462588623

UPDATE `wsc20`.`ecs_sessions` SET expiry = '1462617603', ip = '192.168.1.16', userid = '0', adminid = '1', user_name='0', user_rank='0', discount='0', email='0', data = 'a:6:{s:10:\"admin_name\";s:5:\"admin\";s:11:\"action_list\";s:3:\"all\";s:10:\"last_check\";i:1462588803;s:12:\"suppliers_id\";s:1:\"0\";s:9:\"user_list\";a:0:{}s:9:\"wechat_id\";i:1;}' WHERE sesskey = '30640ae9316f78876fea50acbbbc34a4' LIMIT 1

SELECT userid, adminid, user_name, user_rank, discount, email, data, expiry FROM `wsc20`.`ecs_sessions` WHERE sesskey = '30640ae9316f78876fea50acbbbc34a4'

SELECT code, value FROM `wsc20`.`ecs_shop_config` WHERE parent_id > 0

SELECT COUNT(*) FROM `wsc20`.`ecs_order_info` WHERE add_time >= '1462588803'

SELECT COUNT(*) FROM `wsc20`.`ecs_order_info` WHERE pay_time >= 1462588803

UPDATE `wsc20`.`ecs_sessions` SET expiry = '1462617783', ip = '192.168.1.16', userid = '0', adminid = '1', user_name='0', user_rank='0', discount='0', email='0', data = 'a:6:{s:10:\"admin_name\";s:5:\"admin\";s:11:\"action_list\";s:3:\"all\";s:10:\"last_check\";i:1462588983;s:12:\"suppliers_id\";s:1:\"0\";s:9:\"user_list\";a:0:{}s:9:\"wechat_id\";i:1;}' WHERE sesskey = '30640ae9316f78876fea50acbbbc34a4' LIMIT 1

DELETE FROM `wsc20`.`ecs_sessions_data` WHERE expiry < 1462615983

SELECT userid, adminid, user_name, user_rank, discount, email, data, expiry FROM `wsc20`.`ecs_sessions` WHERE sesskey = '30640ae9316f78876fea50acbbbc34a4'

SELECT code, value FROM `wsc20`.`ecs_shop_config` WHERE parent_id > 0

SELECT COUNT(*) FROM `wsc20`.`ecs_order_info` WHERE add_time >= '1462588983'

SELECT COUNT(*) FROM `wsc20`.`ecs_order_info` WHERE pay_time >= 1462588983

UPDATE `wsc20`.`ecs_sessions` SET expiry = '1462617963', ip = '192.168.1.16', userid = '0', adminid = '1', user_name='0', user_rank='0', discount='0', email='0', data = 'a:6:{s:10:\"admin_name\";s:5:\"admin\";s:11:\"action_list\";s:3:\"all\";s:10:\"last_check\";i:1462589163;s:12:\"suppliers_id\";s:1:\"0\";s:9:\"user_list\";a:0:{}s:9:\"wechat_id\";i:1;}' WHERE sesskey = '30640ae9316f78876fea50acbbbc34a4' LIMIT 1

DELETE FROM `wsc20`.`ecs_sessions_data` WHERE expiry < 1462616163

SELECT userid, adminid, user_name, user_rank, discount, email, data, expiry FROM `wsc20`.`ecs_sessions` WHERE sesskey = '30640ae9316f78876fea50acbbbc34a4'

SELECT code, value FROM `wsc20`.`ecs_shop_config` WHERE parent_id > 0

SELECT COUNT(*) FROM `wsc20`.`ecs_order_info` WHERE add_time >= '1462589163'

SELECT COUNT(*) FROM `wsc20`.`ecs_order_info` WHERE pay_time >= 1462589163

UPDATE `wsc20`.`ecs_sessions` SET expiry = '1462618143', ip = '192.168.1.16', userid = '0', adminid = '1', user_name='0', user_rank='0', discount='0', email='0', data = 'a:6:{s:10:\"admin_name\";s:5:\"admin\";s:11:\"action_list\";s:3:\"all\";s:10:\"last_check\";i:1462589343;s:12:\"suppliers_id\";s:1:\"0\";s:9:\"user_list\";a:0:{}s:9:\"wechat_id\";i:1;}' WHERE sesskey = '30640ae9316f78876fea50acbbbc34a4' LIMIT 1

DELETE FROM `wsc20`.`ecs_sessions_data` WHERE expiry < 1462616343

SELECT userid, adminid, user_name, user_rank, discount, email, data, expiry FROM `wsc20`.`ecs_sessions` WHERE sesskey = '30640ae9316f78876fea50acbbbc34a4'

SELECT code, value FROM `wsc20`.`ecs_shop_config` WHERE parent_id > 0

SELECT COUNT(*) FROM `wsc20`.`ecs_order_info` WHERE add_time >= '1462589343'

SELECT COUNT(*) FROM `wsc20`.`ecs_order_info` WHERE pay_time >= 1462589343

UPDATE `wsc20`.`ecs_sessions` SET expiry = '1462618323', ip = '192.168.1.16', userid = '0', adminid = '1', user_name='0', user_rank='0', discount='0', email='0', data = 'a:6:{s:10:\"admin_name\";s:5:\"admin\";s:11:\"action_list\";s:3:\"all\";s:10:\"last_check\";i:1462589523;s:12:\"suppliers_id\";s:1:\"0\";s:9:\"user_list\";a:0:{}s:9:\"wechat_id\";i:1;}' WHERE sesskey = '30640ae9316f78876fea50acbbbc34a4' LIMIT 1

SELECT userid, adminid, user_name, user_rank, discount, email, data, expiry FROM `wsc20`.`ecs_sessions` WHERE sesskey = '30640ae9316f78876fea50acbbbc34a4'

SELECT code, value FROM `wsc20`.`ecs_shop_config` WHERE parent_id > 0

SELECT COUNT(*) FROM `wsc20`.`ecs_order_info` WHERE add_time >= '1462589523'

SELECT COUNT(*) FROM `wsc20`.`ecs_order_info` WHERE pay_time >= 1462589523

UPDATE `wsc20`.`ecs_sessions` SET expiry = '1462618503', ip = '192.168.1.16', userid = '0', adminid = '1', user_name='0', user_rank='0', discount='0', email='0', data = 'a:6:{s:10:\"admin_name\";s:5:\"admin\";s:11:\"action_list\";s:3:\"all\";s:10:\"last_check\";i:1462589703;s:12:\"suppliers_id\";s:1:\"0\";s:9:\"user_list\";a:0:{}s:9:\"wechat_id\";i:1;}' WHERE sesskey = '30640ae9316f78876fea50acbbbc34a4' LIMIT 1

SELECT userid, adminid, user_name, user_rank, discount, email, data, expiry FROM `wsc20`.`ecs_sessions` WHERE sesskey = '30640ae9316f78876fea50acbbbc34a4'

SELECT code, value FROM `wsc20`.`ecs_shop_config` WHERE parent_id > 0

SELECT COUNT(*) FROM `wsc20`.`ecs_order_info` WHERE add_time >= '1462589703'

SELECT COUNT(*) FROM `wsc20`.`ecs_order_info` WHERE pay_time >= 1462589703

UPDATE `wsc20`.`ecs_sessions` SET expiry = '1462618683', ip = '192.168.1.16', userid = '0', adminid = '1', user_name='0', user_rank='0', discount='0', email='0', data = 'a:6:{s:10:\"admin_name\";s:5:\"admin\";s:11:\"action_list\";s:3:\"all\";s:10:\"last_check\";i:1462589883;s:12:\"suppliers_id\";s:1:\"0\";s:9:\"user_list\";a:0:{}s:9:\"wechat_id\";i:1;}' WHERE sesskey = '30640ae9316f78876fea50acbbbc34a4' LIMIT 1

SELECT userid, adminid, user_name, user_rank, discount, email, data, expiry FROM `wsc20`.`ecs_sessions` WHERE sesskey = '30640ae9316f78876fea50acbbbc34a4'

SELECT code, value FROM `wsc20`.`ecs_shop_config` WHERE parent_id > 0

SELECT COUNT(*) FROM `wsc20`.`ecs_order_info` WHERE add_time >= '1462589883'

SELECT COUNT(*) FROM `wsc20`.`ecs_order_info` WHERE pay_time >= 1462589883

UPDATE `wsc20`.`ecs_sessions` SET expiry = '1462618863', ip = '192.168.1.16', userid = '0', adminid = '1', user_name='0', user_rank='0', discount='0', email='0', data = 'a:6:{s:10:\"admin_name\";s:5:\"admin\";s:11:\"action_list\";s:3:\"all\";s:10:\"last_check\";i:1462590063;s:12:\"suppliers_id\";s:1:\"0\";s:9:\"user_list\";a:0:{}s:9:\"wechat_id\";i:1;}' WHERE sesskey = '30640ae9316f78876fea50acbbbc34a4' LIMIT 1

SELECT userid, adminid, user_name, user_rank, discount, email, data, expiry FROM `wsc20`.`ecs_sessions` WHERE sesskey = '30640ae9316f78876fea50acbbbc34a4'

SELECT code, value FROM `wsc20`.`ecs_shop_config` WHERE parent_id > 0

SELECT COUNT(*) FROM `wsc20`.`ecs_order_info` WHERE add_time >= '1462590063'

SELECT COUNT(*) FROM `wsc20`.`ecs_order_info` WHERE pay_time >= 1462590063

UPDATE `wsc20`.`ecs_sessions` SET expiry = '1462619043', ip = '192.168.1.16', userid = '0', adminid = '1', user_name='0', user_rank='0', discount='0', email='0', data = 'a:6:{s:10:\"admin_name\";s:5:\"admin\";s:11:\"action_list\";s:3:\"all\";s:10:\"last_check\";i:1462590243;s:12:\"suppliers_id\";s:1:\"0\";s:9:\"user_list\";a:0:{}s:9:\"wechat_id\";i:1;}' WHERE sesskey = '30640ae9316f78876fea50acbbbc34a4' LIMIT 1

DELETE FROM `wsc20`.`ecs_sessions_data` WHERE expiry < 1462617243

SELECT userid, adminid, user_name, user_rank, discount, email, data, expiry FROM `wsc20`.`ecs_sessions` WHERE sesskey = '30640ae9316f78876fea50acbbbc34a4'

SELECT code, value FROM `wsc20`.`ecs_shop_config` WHERE parent_id > 0

SELECT COUNT(*) FROM `wsc20`.`ecs_order_info` WHERE add_time >= '1462590243'

SELECT COUNT(*) FROM `wsc20`.`ecs_order_info` WHERE pay_time >= 1462590243

UPDATE `wsc20`.`ecs_sessions` SET expiry = '1462619223', ip = '192.168.1.16', userid = '0', adminid = '1', user_name='0', user_rank='0', discount='0', email='0', data = 'a:6:{s:10:\"admin_name\";s:5:\"admin\";s:11:\"action_list\";s:3:\"all\";s:10:\"last_check\";i:1462590423;s:12:\"suppliers_id\";s:1:\"0\";s:9:\"user_list\";a:0:{}s:9:\"wechat_id\";i:1;}' WHERE sesskey = '30640ae9316f78876fea50acbbbc34a4' LIMIT 1

DELETE FROM `wsc20`.`ecs_sessions_data` WHERE expiry < 1462617423

SELECT userid, adminid, user_name, user_rank, discount, email, data, expiry FROM `wsc20`.`ecs_sessions` WHERE sesskey = '30640ae9316f78876fea50acbbbc34a4'

SELECT code, value FROM `wsc20`.`ecs_shop_config` WHERE parent_id > 0

SELECT COUNT(*) FROM `wsc20`.`ecs_order_info` WHERE add_time >= '1462590423'

SELECT COUNT(*) FROM `wsc20`.`ecs_order_info` WHERE pay_time >= 1462590423

UPDATE `wsc20`.`ecs_sessions` SET expiry = '1462619403', ip = '192.168.1.16', userid = '0', adminid = '1', user_name='0', user_rank='0', discount='0', email='0', data = 'a:6:{s:10:\"admin_name\";s:5:\"admin\";s:11:\"action_list\";s:3:\"all\";s:10:\"last_check\";i:1462590603;s:12:\"suppliers_id\";s:1:\"0\";s:9:\"user_list\";a:0:{}s:9:\"wechat_id\";i:1;}' WHERE sesskey = '30640ae9316f78876fea50acbbbc34a4' LIMIT 1

