INSERT INTO `weishangcheng`.`ecs_sessions` (sesskey, expiry, ip, data) VALUES ('20bc0c1069e062cad68a00854d2a29e7', '1460433741', '192.168.1.18', 'a:0:{}')

SELECT code, value FROM `weishangcheng`.`ecs_shop_config` WHERE parent_id > 0

UPDATE `weishangcheng`.`ecs_sessions` SET expiry = '1460433742', ip = '192.168.1.18', userid = '0', adminid = '0', user_name='0', user_rank='0', discount='0', email='0', data = 'a:0:{}' WHERE sesskey = '20bc0c1069e062cad68a00854d2a29e7' LIMIT 1

DELETE FROM `weishangcheng`.`ecs_sessions` WHERE expiry < 1460431942

SELECT userid, adminid, user_name, user_rank, discount, email, data, expiry FROM `weishangcheng`.`ecs_sessions` WHERE sesskey = '20bc0c1069e062cad68a00854d2a29e7'

SELECT code, value FROM `weishangcheng`.`ecs_shop_config` WHERE parent_id > 0

SELECT `ec_salt` FROM `weishangcheng`.`ecs_admin_user`WHERE user_name = 'admin'

SELECT user_id, user_name, password, last_login, action_list, last_login,suppliers_id,ec_salt FROM `weishangcheng`.`ecs_admin_user` WHERE user_name = 'admin' AND password = 'c9f41843a2652fc42c9f42883f91185c'

UPDATE `weishangcheng`.`ecs_admin_user` SET last_login='1460404950', last_ip='192.168.1.18' WHERE user_id='1'

SELECT DISTINCT session_id FROM `weishangcheng`.`ecs_cart` AS c, `weishangcheng`.`ecs_sessions` AS s WHERE c.session_id = s.sesskey 

DELETE FROM `weishangcheng`.`ecs_cart` WHERE session_id NOT  IN ('') 

UPDATE `weishangcheng`.`ecs_sessions` SET expiry = '1460433750', ip = '192.168.1.18', userid = '0', adminid = '1', user_name='0', user_rank='0', discount='0', email='0', data = 'a:4:{s:10:\"admin_name\";s:5:\"admin\";s:11:\"action_list\";s:3:\"all\";s:10:\"last_check\";s:10:\"1460333347\";s:12:\"suppliers_id\";s:1:\"0\";}' WHERE sesskey = '20bc0c1069e062cad68a00854d2a29e7' LIMIT 1

DELETE FROM `weishangcheng`.`ecs_sessions` WHERE expiry < 1460431950

SELECT userid, adminid, user_name, user_rank, discount, email, data, expiry FROM `weishangcheng`.`ecs_sessions` WHERE sesskey = '20bc0c1069e062cad68a00854d2a29e7'

SELECT code, value FROM `weishangcheng`.`ecs_shop_config` WHERE parent_id > 0

DELETE FROM `weishangcheng`.`ecs_sessions` WHERE expiry < 1460431950

SELECT userid, adminid, user_name, user_rank, discount, email, data, expiry FROM `weishangcheng`.`ecs_sessions` WHERE sesskey = '20bc0c1069e062cad68a00854d2a29e7'

SELECT code, value FROM `weishangcheng`.`ecs_shop_config` WHERE parent_id > 0

SELECT message_id, sender_id, receiver_id, sent_time, readed, deleted, title, message, user_name FROM `weishangcheng`.`ecs_admin_message` AS a, `weishangcheng`.`ecs_admin_user` AS b WHERE a.sender_id = b.user_id AND a.receiver_id = '1' AND a.readed = 0 AND deleted = 0 ORDER BY a.sent_time DESC

SELECT pay_id, is_cod FROM `weishangcheng`.`ecs_payment` WHERE enabled = 1

SELECT COUNT(*) FROM `weishangcheng`.`ecs_order_info` WHERE 1  AND order_status  IN ('1','5')  AND shipping_status  IN ('1','2')  AND pay_status  IN ('2','1')  

SELECT pay_id FROM `weishangcheng`.`ecs_payment` WHERE is_cod = 1

SELECT COUNT(*) FROM `weishangcheng`.`ecs_order_info` WHERE 1  AND   order_status  IN ('1','5','6')  AND   shipping_status  IN ('0','3','5')  AND ( pay_status  IN ('2','1')  OR pay_id  IN ('') ) 

SELECT pay_id FROM `weishangcheng`.`ecs_payment` WHERE is_cod = 0

SELECT COUNT(*) FROM `weishangcheng`.`ecs_order_info` WHERE 1  AND   order_status  IN ('1','5')  AND   pay_status = '0' AND ( shipping_status  IN ('1','2')  OR pay_id  IN ('') ) 

SELECT COUNT(*) FROM `weishangcheng`.`ecs_order_info` WHERE 1  AND order_status = '0' 

SELECT COUNT(*) FROM `weishangcheng`.`ecs_order_info` WHERE  shipping_status=4

SELECT COUNT(*) AS oCount, IFNULL(SUM(order_amount), 0) AS oAmount FROM `weishangcheng`.`ecs_order_info`

SELECT COUNT(*) FROM `weishangcheng`.`ecs_goods` WHERE is_delete = 0 AND is_alone_sale = 1 AND is_real = 1

SELECT COUNT(*) FROM `weishangcheng`.`ecs_goods` WHERE is_delete = 0 AND is_alone_sale = 1 AND is_real=0 AND extension_code='virtual_card'

SELECT COUNT(*) FROM `weishangcheng`.`ecs_goods` WHERE is_delete = 0 AND is_new = 1 AND is_real = 1

SELECT COUNT(*) FROM `weishangcheng`.`ecs_goods` WHERE is_delete = 0 AND is_new = 1 AND is_real=0 AND extension_code='virtual_card'

SELECT COUNT(*) FROM `weishangcheng`.`ecs_goods` WHERE is_delete = 0 AND is_best = 1 AND is_real = 1

SELECT COUNT(*) FROM `weishangcheng`.`ecs_goods` WHERE is_delete = 0 AND is_best = 1 AND is_real=0 AND extension_code='virtual_card'

SELECT COUNT(*) FROM `weishangcheng`.`ecs_goods` WHERE is_delete = 0 AND is_hot = 1 AND is_real = 1

SELECT COUNT(*) FROM `weishangcheng`.`ecs_goods` WHERE is_delete = 0 AND is_hot = 1 AND is_real=0 AND extension_code='virtual_card'

SELECT COUNT(*) FROM `weishangcheng`.`ecs_goods` WHERE is_delete = 0 AND promote_price>0 AND promote_start_date <= '1460404950' AND promote_end_date >= '1460404950' AND is_real = 1

SELECT COUNT(*) FROM `weishangcheng`.`ecs_goods` WHERE is_delete = 0 AND promote_price>0 AND promote_start_date <= '1460404950' AND promote_end_date >= '1460404950' AND is_real=0 AND extension_code='virtual_card'

SELECT COUNT(*) FROM `weishangcheng`.`ecs_goods` WHERE is_delete = 0 AND goods_number <= warn_number AND is_real = 1

SELECT COUNT(*) FROM `weishangcheng`.`ecs_goods` WHERE is_delete = 0 AND goods_number <= warn_number AND is_real=0 AND extension_code='virtual_card'

SELECT COUNT(*) FROM `weishangcheng`.`ecs_stats` WHERE access_time > 1460361600

SELECT count(*) FROM `weishangcheng`.`ecs_sessions`

SELECT COUNT(f.msg_id) FROM `weishangcheng`.`ecs_feedback` AS f LEFT JOIN `weishangcheng`.`ecs_feedback` AS r ON r.parent_id=f.msg_id WHERE f.parent_id=0 AND ISNULL(r.msg_id) 

SELECT COUNT(*) FROM `weishangcheng`.`ecs_comment` WHERE status = 0 AND parent_id = 0

SELECT COUNT(*) FROM `weishangcheng`.`ecs_booking_goods` WHERE is_dispose = 0

SELECT COUNT(*) FROM `weishangcheng`.`ecs_user_account` WHERE process_type = 1 AND is_paid = 0 

SELECT userid, adminid, user_name, user_rank, discount, email, data, expiry FROM `weishangcheng`.`ecs_sessions` WHERE sesskey = '20bc0c1069e062cad68a00854d2a29e7'

SELECT code, value FROM `weishangcheng`.`ecs_shop_config` WHERE parent_id > 0

SELECT userid, adminid, user_name, user_rank, discount, email, data, expiry FROM `weishangcheng`.`ecs_sessions` WHERE sesskey = '20bc0c1069e062cad68a00854d2a29e7'

SELECT code, value FROM `weishangcheng`.`ecs_shop_config` WHERE parent_id > 0

SELECT rank_id, rank_name, min_points FROM `weishangcheng`.`ecs_user_rank` ORDER BY min_points ASC 

SELECT COUNT(*) FROM `weishangcheng`.`ecs_users` WHERE 1 

SELECT user_id, user_name,sex,birthday,mobile_phone,email, is_validated, user_money, frozen_money, rank_points, pay_points, reg_time  FROM `weishangcheng`.`ecs_users` WHERE 1  ORDER by user_id DESC LIMIT 0,15

DESC `weishangcheng`.`ecs_sessions_data`

INSERT INTO `weishangcheng`.`ecs_sessions_data` (sesskey, expiry, data) VALUES ('20bc0c1069e062cad68a00854d2a29e7', '1460433752', 'a:5:{s:10:\"admin_name\";s:5:\"admin\";s:11:\"action_list\";s:3:\"all\";s:10:\"last_check\";s:10:\"1460333347\";s:12:\"suppliers_id\";s:1:\"0\";s:9:\"user_list\";a:1:{i:0;a:12:{s:7:\"user_id\";s:1:\"1\";s:9:\"user_name\";s:4:\"test\";s:3:\"sex\";s:1:\"0\";s:8:\"birthday\";s:10:\"0000-00-00\";s:12:\"mobile_phone\";s:0:\"\";s:5:\"email\";s:20:\"0981460279473@qq.com\";s:12:\"is_validated\";s:1:\"0\";s:10:\"user_money\";s:4:\"0.00\";s:12:\"frozen_money\";s:4:\"0.00\";s:11:\"rank_points\";s:1:\"0\";s:10:\"pay_points\";s:1:\"0\";s:8:\"reg_time\";s:10:\"2016-04-10\";}}}')ON DUPLICATE KEY UPDATE expiry = expiry + 1460433752, data = 'a:5:{s:10:\"admin_name\";s:5:\"admin\";s:11:\"action_list\";s:3:\"all\";s:10:\"last_check\";s:10:\"1460333347\";s:12:\"suppliers_id\";s:1:\"0\";s:9:\"user_list\";a:1:{i:0;a:12:{s:7:\"user_id\";s:1:\"1\";s:9:\"user_name\";s:4:\"test\";s:3:\"sex\";s:1:\"0\";s:8:\"birthday\";s:10:\"0000-00-00\";s:12:\"mobile_phone\";s:0:\"\";s:5:\"email\";s:20:\"0981460279473@qq.com\";s:12:\"is_validated\";s:1:\"0\";s:10:\"user_money\";s:4:\"0.00\";s:12:\"frozen_money\";s:4:\"0.00\";s:11:\"rank_points\";s:1:\"0\";s:10:\"pay_points\";s:1:\"0\";s:8:\"reg_time\";s:10:\"2016-04-10\";}}}'

UPDATE `weishangcheng`.`ecs_sessions` SET expiry = '1460433752', ip = '192.168.1.18', userid = '0', adminid = '1', user_name='0', user_rank='0', discount='0', email='0', data = '' WHERE sesskey = '20bc0c1069e062cad68a00854d2a29e7' LIMIT 1

DELETE FROM `weishangcheng`.`ecs_sessions` WHERE expiry < 1460431952

SELECT userid, adminid, user_name, user_rank, discount, email, data, expiry FROM `weishangcheng`.`ecs_sessions` WHERE sesskey = '20bc0c1069e062cad68a00854d2a29e7'

SELECT data, expiry FROM `weishangcheng`.`ecs_sessions_data` WHERE sesskey = '20bc0c1069e062cad68a00854d2a29e7'

SELECT code, value FROM `weishangcheng`.`ecs_shop_config` WHERE parent_id > 0

SELECT COUNT(*) AS oCount, IFNULL(SUM(order_amount), 0) AS oAmount FROM `weishangcheng`.`ecs_order_info`

SELECT COUNT(*) FROM `weishangcheng`.`ecs_goods` WHERE is_delete = 0 AND is_alone_sale = 1 AND is_real = 1

SELECT COUNT(*) FROM `weishangcheng`.`ecs_users`

SELECT value FROM `weishangcheng`.`ecs_shop_config` WHERE code = 'template'

SELECT value FROM `weishangcheng`.`ecs_shop_config` WHERE code = 'stylename'

SELECT userid, adminid, user_name, user_rank, discount, email, data, expiry FROM `weishangcheng`.`ecs_sessions` WHERE sesskey = '20bc0c1069e062cad68a00854d2a29e7'

SELECT data, expiry FROM `weishangcheng`.`ecs_sessions_data` WHERE sesskey = '20bc0c1069e062cad68a00854d2a29e7'

SELECT code, value FROM `weishangcheng`.`ecs_shop_config` WHERE parent_id > 0

SELECT COUNT(*) FROM `weishangcheng`.`ecs_order_info` WHERE add_time >= '1460333347'

SELECT COUNT(*) FROM `weishangcheng`.`ecs_order_info` WHERE pay_time >= 1460333347

DESC `weishangcheng`.`ecs_sessions_data`

INSERT INTO `weishangcheng`.`ecs_sessions_data` (sesskey, expiry, data) VALUES ('20bc0c1069e062cad68a00854d2a29e7', '1460433753', 'a:5:{s:10:\"admin_name\";s:5:\"admin\";s:11:\"action_list\";s:3:\"all\";s:10:\"last_check\";i:1460404953;s:12:\"suppliers_id\";s:1:\"0\";s:9:\"user_list\";a:1:{i:0;a:12:{s:7:\"user_id\";s:1:\"1\";s:9:\"user_name\";s:4:\"test\";s:3:\"sex\";s:1:\"0\";s:8:\"birthday\";s:10:\"0000-00-00\";s:12:\"mobile_phone\";s:0:\"\";s:5:\"email\";s:20:\"0981460279473@qq.com\";s:12:\"is_validated\";s:1:\"0\";s:10:\"user_money\";s:4:\"0.00\";s:12:\"frozen_money\";s:4:\"0.00\";s:11:\"rank_points\";s:1:\"0\";s:10:\"pay_points\";s:1:\"0\";s:8:\"reg_time\";s:10:\"2016-04-10\";}}}')ON DUPLICATE KEY UPDATE expiry = expiry + 1460433753, data = 'a:5:{s:10:\"admin_name\";s:5:\"admin\";s:11:\"action_list\";s:3:\"all\";s:10:\"last_check\";i:1460404953;s:12:\"suppliers_id\";s:1:\"0\";s:9:\"user_list\";a:1:{i:0;a:12:{s:7:\"user_id\";s:1:\"1\";s:9:\"user_name\";s:4:\"test\";s:3:\"sex\";s:1:\"0\";s:8:\"birthday\";s:10:\"0000-00-00\";s:12:\"mobile_phone\";s:0:\"\";s:5:\"email\";s:20:\"0981460279473@qq.com\";s:12:\"is_validated\";s:1:\"0\";s:10:\"user_money\";s:4:\"0.00\";s:12:\"frozen_money\";s:4:\"0.00\";s:11:\"rank_points\";s:1:\"0\";s:10:\"pay_points\";s:1:\"0\";s:8:\"reg_time\";s:10:\"2016-04-10\";}}}'

UPDATE `weishangcheng`.`ecs_sessions` SET expiry = '1460433753', ip = '192.168.1.18', userid = '0', adminid = '1', user_name='0', user_rank='0', discount='0', email='0', data = '' WHERE sesskey = '20bc0c1069e062cad68a00854d2a29e7' LIMIT 1

SELECT userid, adminid, user_name, user_rank, discount, email, data, expiry FROM `weishangcheng`.`ecs_sessions` WHERE sesskey = '20bc0c1069e062cad68a00854d2a29e7'

SELECT data, expiry FROM `weishangcheng`.`ecs_sessions_data` WHERE sesskey = '20bc0c1069e062cad68a00854d2a29e7'

SELECT code, value FROM `weishangcheng`.`ecs_shop_config` WHERE parent_id > 0

SELECT bonus_type_id, COUNT(*) AS sent_count FROM `weishangcheng`.`ecs_user_bonus` GROUP BY bonus_type_id

SELECT bonus_type_id, COUNT(*) AS used_count FROM `weishangcheng`.`ecs_user_bonus` WHERE used_time > 0 GROUP BY bonus_type_id

SELECT COUNT(*) FROM `weishangcheng`.`ecs_bonus_type`

SELECT * FROM `weishangcheng`.`ecs_bonus_type` ORDER BY type_id DESC LIMIT 15

DELETE FROM `weishangcheng`.`ecs_sessions` WHERE expiry < 1460431954

DELETE FROM `weishangcheng`.`ecs_sessions` WHERE expiry < 1460431956

SELECT userid, adminid, user_name, user_rank, discount, email, data, expiry FROM `weishangcheng`.`ecs_sessions` WHERE sesskey = '20bc0c1069e062cad68a00854d2a29e7'

SELECT data, expiry FROM `weishangcheng`.`ecs_sessions_data` WHERE sesskey = '20bc0c1069e062cad68a00854d2a29e7'

SELECT code, value FROM `weishangcheng`.`ecs_shop_config` WHERE parent_id > 0

SELECT COUNT(*) FROM `weishangcheng`.`ecs_order_info` WHERE add_time >= '1460404953'

SELECT COUNT(*) FROM `weishangcheng`.`ecs_order_info` WHERE pay_time >= 1460404953

DESC `weishangcheng`.`ecs_sessions_data`

INSERT INTO `weishangcheng`.`ecs_sessions_data` (sesskey, expiry, data) VALUES ('20bc0c1069e062cad68a00854d2a29e7', '1460433934', 'a:5:{s:10:\"admin_name\";s:5:\"admin\";s:11:\"action_list\";s:3:\"all\";s:10:\"last_check\";i:1460405134;s:12:\"suppliers_id\";s:1:\"0\";s:9:\"user_list\";a:1:{i:0;a:12:{s:7:\"user_id\";s:1:\"1\";s:9:\"user_name\";s:4:\"test\";s:3:\"sex\";s:1:\"0\";s:8:\"birthday\";s:10:\"0000-00-00\";s:12:\"mobile_phone\";s:0:\"\";s:5:\"email\";s:20:\"0981460279473@qq.com\";s:12:\"is_validated\";s:1:\"0\";s:10:\"user_money\";s:4:\"0.00\";s:12:\"frozen_money\";s:4:\"0.00\";s:11:\"rank_points\";s:1:\"0\";s:10:\"pay_points\";s:1:\"0\";s:8:\"reg_time\";s:10:\"2016-04-10\";}}}')ON DUPLICATE KEY UPDATE expiry = expiry + 1460433934, data = 'a:5:{s:10:\"admin_name\";s:5:\"admin\";s:11:\"action_list\";s:3:\"all\";s:10:\"last_check\";i:1460405134;s:12:\"suppliers_id\";s:1:\"0\";s:9:\"user_list\";a:1:{i:0;a:12:{s:7:\"user_id\";s:1:\"1\";s:9:\"user_name\";s:4:\"test\";s:3:\"sex\";s:1:\"0\";s:8:\"birthday\";s:10:\"0000-00-00\";s:12:\"mobile_phone\";s:0:\"\";s:5:\"email\";s:20:\"0981460279473@qq.com\";s:12:\"is_validated\";s:1:\"0\";s:10:\"user_money\";s:4:\"0.00\";s:12:\"frozen_money\";s:4:\"0.00\";s:11:\"rank_points\";s:1:\"0\";s:10:\"pay_points\";s:1:\"0\";s:8:\"reg_time\";s:10:\"2016-04-10\";}}}'

UPDATE `weishangcheng`.`ecs_sessions` SET expiry = '1460433934', ip = '192.168.1.18', userid = '0', adminid = '1', user_name='0', user_rank='0', discount='0', email='0', data = '' WHERE sesskey = '20bc0c1069e062cad68a00854d2a29e7' LIMIT 1

DELETE FROM `weishangcheng`.`ecs_sessions_data` WHERE expiry < 1460432134

DELETE FROM `weishangcheng`.`ecs_sessions` WHERE expiry < 1460432134

SELECT userid, adminid, user_name, user_rank, discount, email, data, expiry FROM `weishangcheng`.`ecs_sessions` WHERE sesskey = '20bc0c1069e062cad68a00854d2a29e7'

SELECT data, expiry FROM `weishangcheng`.`ecs_sessions_data` WHERE sesskey = '20bc0c1069e062cad68a00854d2a29e7'

SELECT code, value FROM `weishangcheng`.`ecs_shop_config` WHERE parent_id > 0

SELECT COUNT(*) FROM `weishangcheng`.`ecs_order_info` WHERE add_time >= '1460405134'

SELECT COUNT(*) FROM `weishangcheng`.`ecs_order_info` WHERE pay_time >= 1460405134

DESC `weishangcheng`.`ecs_sessions_data`

INSERT INTO `weishangcheng`.`ecs_sessions_data` (sesskey, expiry, data) VALUES ('20bc0c1069e062cad68a00854d2a29e7', '1460434114', 'a:5:{s:10:\"admin_name\";s:5:\"admin\";s:11:\"action_list\";s:3:\"all\";s:10:\"last_check\";i:1460405314;s:12:\"suppliers_id\";s:1:\"0\";s:9:\"user_list\";a:1:{i:0;a:12:{s:7:\"user_id\";s:1:\"1\";s:9:\"user_name\";s:4:\"test\";s:3:\"sex\";s:1:\"0\";s:8:\"birthday\";s:10:\"0000-00-00\";s:12:\"mobile_phone\";s:0:\"\";s:5:\"email\";s:20:\"0981460279473@qq.com\";s:12:\"is_validated\";s:1:\"0\";s:10:\"user_money\";s:4:\"0.00\";s:12:\"frozen_money\";s:4:\"0.00\";s:11:\"rank_points\";s:1:\"0\";s:10:\"pay_points\";s:1:\"0\";s:8:\"reg_time\";s:10:\"2016-04-10\";}}}')ON DUPLICATE KEY UPDATE expiry = expiry + 1460434114, data = 'a:5:{s:10:\"admin_name\";s:5:\"admin\";s:11:\"action_list\";s:3:\"all\";s:10:\"last_check\";i:1460405314;s:12:\"suppliers_id\";s:1:\"0\";s:9:\"user_list\";a:1:{i:0;a:12:{s:7:\"user_id\";s:1:\"1\";s:9:\"user_name\";s:4:\"test\";s:3:\"sex\";s:1:\"0\";s:8:\"birthday\";s:10:\"0000-00-00\";s:12:\"mobile_phone\";s:0:\"\";s:5:\"email\";s:20:\"0981460279473@qq.com\";s:12:\"is_validated\";s:1:\"0\";s:10:\"user_money\";s:4:\"0.00\";s:12:\"frozen_money\";s:4:\"0.00\";s:11:\"rank_points\";s:1:\"0\";s:10:\"pay_points\";s:1:\"0\";s:8:\"reg_time\";s:10:\"2016-04-10\";}}}'

UPDATE `weishangcheng`.`ecs_sessions` SET expiry = '1460434114', ip = '192.168.1.18', userid = '0', adminid = '1', user_name='0', user_rank='0', discount='0', email='0', data = '' WHERE sesskey = '20bc0c1069e062cad68a00854d2a29e7' LIMIT 1

DELETE FROM `weishangcheng`.`ecs_sessions` WHERE expiry < 1460432314

SELECT userid, adminid, user_name, user_rank, discount, email, data, expiry FROM `weishangcheng`.`ecs_sessions` WHERE sesskey = '20bc0c1069e062cad68a00854d2a29e7'

SELECT data, expiry FROM `weishangcheng`.`ecs_sessions_data` WHERE sesskey = '20bc0c1069e062cad68a00854d2a29e7'

SELECT code, value FROM `weishangcheng`.`ecs_shop_config` WHERE parent_id > 0

SELECT COUNT(*) FROM `weishangcheng`.`ecs_order_info` WHERE add_time >= '1460405314'

SELECT COUNT(*) FROM `weishangcheng`.`ecs_order_info` WHERE pay_time >= 1460405314

DESC `weishangcheng`.`ecs_sessions_data`

INSERT INTO `weishangcheng`.`ecs_sessions_data` (sesskey, expiry, data) VALUES ('20bc0c1069e062cad68a00854d2a29e7', '1460434294', 'a:5:{s:10:\"admin_name\";s:5:\"admin\";s:11:\"action_list\";s:3:\"all\";s:10:\"last_check\";i:1460405494;s:12:\"suppliers_id\";s:1:\"0\";s:9:\"user_list\";a:1:{i:0;a:12:{s:7:\"user_id\";s:1:\"1\";s:9:\"user_name\";s:4:\"test\";s:3:\"sex\";s:1:\"0\";s:8:\"birthday\";s:10:\"0000-00-00\";s:12:\"mobile_phone\";s:0:\"\";s:5:\"email\";s:20:\"0981460279473@qq.com\";s:12:\"is_validated\";s:1:\"0\";s:10:\"user_money\";s:4:\"0.00\";s:12:\"frozen_money\";s:4:\"0.00\";s:11:\"rank_points\";s:1:\"0\";s:10:\"pay_points\";s:1:\"0\";s:8:\"reg_time\";s:10:\"2016-04-10\";}}}')ON DUPLICATE KEY UPDATE expiry = expiry + 1460434294, data = 'a:5:{s:10:\"admin_name\";s:5:\"admin\";s:11:\"action_list\";s:3:\"all\";s:10:\"last_check\";i:1460405494;s:12:\"suppliers_id\";s:1:\"0\";s:9:\"user_list\";a:1:{i:0;a:12:{s:7:\"user_id\";s:1:\"1\";s:9:\"user_name\";s:4:\"test\";s:3:\"sex\";s:1:\"0\";s:8:\"birthday\";s:10:\"0000-00-00\";s:12:\"mobile_phone\";s:0:\"\";s:5:\"email\";s:20:\"0981460279473@qq.com\";s:12:\"is_validated\";s:1:\"0\";s:10:\"user_money\";s:4:\"0.00\";s:12:\"frozen_money\";s:4:\"0.00\";s:11:\"rank_points\";s:1:\"0\";s:10:\"pay_points\";s:1:\"0\";s:8:\"reg_time\";s:10:\"2016-04-10\";}}}'

UPDATE `weishangcheng`.`ecs_sessions` SET expiry = '1460434294', ip = '192.168.1.18', userid = '0', adminid = '1', user_name='0', user_rank='0', discount='0', email='0', data = '' WHERE sesskey = '20bc0c1069e062cad68a00854d2a29e7' LIMIT 1

DELETE FROM `weishangcheng`.`ecs_sessions` WHERE expiry < 1460432494

SELECT userid, adminid, user_name, user_rank, discount, email, data, expiry FROM `weishangcheng`.`ecs_sessions` WHERE sesskey = '20bc0c1069e062cad68a00854d2a29e7'

SELECT data, expiry FROM `weishangcheng`.`ecs_sessions_data` WHERE sesskey = '20bc0c1069e062cad68a00854d2a29e7'

SELECT code, value FROM `weishangcheng`.`ecs_shop_config` WHERE parent_id > 0

SELECT COUNT(*) FROM `weishangcheng`.`ecs_order_info` WHERE add_time >= '1460405494'

SELECT COUNT(*) FROM `weishangcheng`.`ecs_order_info` WHERE pay_time >= 1460405494

DESC `weishangcheng`.`ecs_sessions_data`

INSERT INTO `weishangcheng`.`ecs_sessions_data` (sesskey, expiry, data) VALUES ('20bc0c1069e062cad68a00854d2a29e7', '1460434474', 'a:5:{s:10:\"admin_name\";s:5:\"admin\";s:11:\"action_list\";s:3:\"all\";s:10:\"last_check\";i:1460405674;s:12:\"suppliers_id\";s:1:\"0\";s:9:\"user_list\";a:1:{i:0;a:12:{s:7:\"user_id\";s:1:\"1\";s:9:\"user_name\";s:4:\"test\";s:3:\"sex\";s:1:\"0\";s:8:\"birthday\";s:10:\"0000-00-00\";s:12:\"mobile_phone\";s:0:\"\";s:5:\"email\";s:20:\"0981460279473@qq.com\";s:12:\"is_validated\";s:1:\"0\";s:10:\"user_money\";s:4:\"0.00\";s:12:\"frozen_money\";s:4:\"0.00\";s:11:\"rank_points\";s:1:\"0\";s:10:\"pay_points\";s:1:\"0\";s:8:\"reg_time\";s:10:\"2016-04-10\";}}}')ON DUPLICATE KEY UPDATE expiry = expiry + 1460434474, data = 'a:5:{s:10:\"admin_name\";s:5:\"admin\";s:11:\"action_list\";s:3:\"all\";s:10:\"last_check\";i:1460405674;s:12:\"suppliers_id\";s:1:\"0\";s:9:\"user_list\";a:1:{i:0;a:12:{s:7:\"user_id\";s:1:\"1\";s:9:\"user_name\";s:4:\"test\";s:3:\"sex\";s:1:\"0\";s:8:\"birthday\";s:10:\"0000-00-00\";s:12:\"mobile_phone\";s:0:\"\";s:5:\"email\";s:20:\"0981460279473@qq.com\";s:12:\"is_validated\";s:1:\"0\";s:10:\"user_money\";s:4:\"0.00\";s:12:\"frozen_money\";s:4:\"0.00\";s:11:\"rank_points\";s:1:\"0\";s:10:\"pay_points\";s:1:\"0\";s:8:\"reg_time\";s:10:\"2016-04-10\";}}}'

UPDATE `weishangcheng`.`ecs_sessions` SET expiry = '1460434474', ip = '192.168.1.18', userid = '0', adminid = '1', user_name='0', user_rank='0', discount='0', email='0', data = '' WHERE sesskey = '20bc0c1069e062cad68a00854d2a29e7' LIMIT 1

DELETE FROM `weishangcheng`.`ecs_sessions_data` WHERE expiry < 1460432674

DELETE FROM `weishangcheng`.`ecs_sessions` WHERE expiry < 1460432674

SELECT userid, adminid, user_name, user_rank, discount, email, data, expiry FROM `weishangcheng`.`ecs_sessions` WHERE sesskey = '20bc0c1069e062cad68a00854d2a29e7'

SELECT data, expiry FROM `weishangcheng`.`ecs_sessions_data` WHERE sesskey = '20bc0c1069e062cad68a00854d2a29e7'

SELECT code, value FROM `weishangcheng`.`ecs_shop_config` WHERE parent_id > 0

SELECT COUNT(*) FROM `weishangcheng`.`ecs_order_info` WHERE add_time >= '1460405674'

SELECT COUNT(*) FROM `weishangcheng`.`ecs_order_info` WHERE pay_time >= 1460405674

DESC `weishangcheng`.`ecs_sessions_data`

INSERT INTO `weishangcheng`.`ecs_sessions_data` (sesskey, expiry, data) VALUES ('20bc0c1069e062cad68a00854d2a29e7', '1460434654', 'a:5:{s:10:\"admin_name\";s:5:\"admin\";s:11:\"action_list\";s:3:\"all\";s:10:\"last_check\";i:1460405854;s:12:\"suppliers_id\";s:1:\"0\";s:9:\"user_list\";a:1:{i:0;a:12:{s:7:\"user_id\";s:1:\"1\";s:9:\"user_name\";s:4:\"test\";s:3:\"sex\";s:1:\"0\";s:8:\"birthday\";s:10:\"0000-00-00\";s:12:\"mobile_phone\";s:0:\"\";s:5:\"email\";s:20:\"0981460279473@qq.com\";s:12:\"is_validated\";s:1:\"0\";s:10:\"user_money\";s:4:\"0.00\";s:12:\"frozen_money\";s:4:\"0.00\";s:11:\"rank_points\";s:1:\"0\";s:10:\"pay_points\";s:1:\"0\";s:8:\"reg_time\";s:10:\"2016-04-10\";}}}')ON DUPLICATE KEY UPDATE expiry = expiry + 1460434654, data = 'a:5:{s:10:\"admin_name\";s:5:\"admin\";s:11:\"action_list\";s:3:\"all\";s:10:\"last_check\";i:1460405854;s:12:\"suppliers_id\";s:1:\"0\";s:9:\"user_list\";a:1:{i:0;a:12:{s:7:\"user_id\";s:1:\"1\";s:9:\"user_name\";s:4:\"test\";s:3:\"sex\";s:1:\"0\";s:8:\"birthday\";s:10:\"0000-00-00\";s:12:\"mobile_phone\";s:0:\"\";s:5:\"email\";s:20:\"0981460279473@qq.com\";s:12:\"is_validated\";s:1:\"0\";s:10:\"user_money\";s:4:\"0.00\";s:12:\"frozen_money\";s:4:\"0.00\";s:11:\"rank_points\";s:1:\"0\";s:10:\"pay_points\";s:1:\"0\";s:8:\"reg_time\";s:10:\"2016-04-10\";}}}'

UPDATE `weishangcheng`.`ecs_sessions` SET expiry = '1460434654', ip = '192.168.1.18', userid = '0', adminid = '1', user_name='0', user_rank='0', discount='0', email='0', data = '' WHERE sesskey = '20bc0c1069e062cad68a00854d2a29e7' LIMIT 1

DELETE FROM `weishangcheng`.`ecs_sessions` WHERE expiry < 1460432854

SELECT userid, adminid, user_name, user_rank, discount, email, data, expiry FROM `weishangcheng`.`ecs_sessions` WHERE sesskey = '20bc0c1069e062cad68a00854d2a29e7'

SELECT data, expiry FROM `weishangcheng`.`ecs_sessions_data` WHERE sesskey = '20bc0c1069e062cad68a00854d2a29e7'

SELECT code, value FROM `weishangcheng`.`ecs_shop_config` WHERE parent_id > 0

SELECT COUNT(*) FROM `weishangcheng`.`ecs_order_info` WHERE add_time >= '1460405854'

SELECT COUNT(*) FROM `weishangcheng`.`ecs_order_info` WHERE pay_time >= 1460405854

DESC `weishangcheng`.`ecs_sessions_data`

INSERT INTO `weishangcheng`.`ecs_sessions_data` (sesskey, expiry, data) VALUES ('20bc0c1069e062cad68a00854d2a29e7', '1460434834', 'a:5:{s:10:\"admin_name\";s:5:\"admin\";s:11:\"action_list\";s:3:\"all\";s:10:\"last_check\";i:1460406034;s:12:\"suppliers_id\";s:1:\"0\";s:9:\"user_list\";a:1:{i:0;a:12:{s:7:\"user_id\";s:1:\"1\";s:9:\"user_name\";s:4:\"test\";s:3:\"sex\";s:1:\"0\";s:8:\"birthday\";s:10:\"0000-00-00\";s:12:\"mobile_phone\";s:0:\"\";s:5:\"email\";s:20:\"0981460279473@qq.com\";s:12:\"is_validated\";s:1:\"0\";s:10:\"user_money\";s:4:\"0.00\";s:12:\"frozen_money\";s:4:\"0.00\";s:11:\"rank_points\";s:1:\"0\";s:10:\"pay_points\";s:1:\"0\";s:8:\"reg_time\";s:10:\"2016-04-10\";}}}')ON DUPLICATE KEY UPDATE expiry = expiry + 1460434834, data = 'a:5:{s:10:\"admin_name\";s:5:\"admin\";s:11:\"action_list\";s:3:\"all\";s:10:\"last_check\";i:1460406034;s:12:\"suppliers_id\";s:1:\"0\";s:9:\"user_list\";a:1:{i:0;a:12:{s:7:\"user_id\";s:1:\"1\";s:9:\"user_name\";s:4:\"test\";s:3:\"sex\";s:1:\"0\";s:8:\"birthday\";s:10:\"0000-00-00\";s:12:\"mobile_phone\";s:0:\"\";s:5:\"email\";s:20:\"0981460279473@qq.com\";s:12:\"is_validated\";s:1:\"0\";s:10:\"user_money\";s:4:\"0.00\";s:12:\"frozen_money\";s:4:\"0.00\";s:11:\"rank_points\";s:1:\"0\";s:10:\"pay_points\";s:1:\"0\";s:8:\"reg_time\";s:10:\"2016-04-10\";}}}'

UPDATE `weishangcheng`.`ecs_sessions` SET expiry = '1460434834', ip = '192.168.1.18', userid = '0', adminid = '1', user_name='0', user_rank='0', discount='0', email='0', data = '' WHERE sesskey = '20bc0c1069e062cad68a00854d2a29e7' LIMIT 1

DELETE FROM `weishangcheng`.`ecs_sessions` WHERE expiry < 1460433034

SELECT userid, adminid, user_name, user_rank, discount, email, data, expiry FROM `weishangcheng`.`ecs_sessions` WHERE sesskey = '20bc0c1069e062cad68a00854d2a29e7'

SELECT data, expiry FROM `weishangcheng`.`ecs_sessions_data` WHERE sesskey = '20bc0c1069e062cad68a00854d2a29e7'

SELECT code, value FROM `weishangcheng`.`ecs_shop_config` WHERE parent_id > 0

SELECT COUNT(*) FROM `weishangcheng`.`ecs_order_info` WHERE add_time >= '1460406034'

SELECT COUNT(*) FROM `weishangcheng`.`ecs_order_info` WHERE pay_time >= 1460406034

DESC `weishangcheng`.`ecs_sessions_data`

INSERT INTO `weishangcheng`.`ecs_sessions_data` (sesskey, expiry, data) VALUES ('20bc0c1069e062cad68a00854d2a29e7', '1460435015', 'a:5:{s:10:\"admin_name\";s:5:\"admin\";s:11:\"action_list\";s:3:\"all\";s:10:\"last_check\";i:1460406215;s:12:\"suppliers_id\";s:1:\"0\";s:9:\"user_list\";a:1:{i:0;a:12:{s:7:\"user_id\";s:1:\"1\";s:9:\"user_name\";s:4:\"test\";s:3:\"sex\";s:1:\"0\";s:8:\"birthday\";s:10:\"0000-00-00\";s:12:\"mobile_phone\";s:0:\"\";s:5:\"email\";s:20:\"0981460279473@qq.com\";s:12:\"is_validated\";s:1:\"0\";s:10:\"user_money\";s:4:\"0.00\";s:12:\"frozen_money\";s:4:\"0.00\";s:11:\"rank_points\";s:1:\"0\";s:10:\"pay_points\";s:1:\"0\";s:8:\"reg_time\";s:10:\"2016-04-10\";}}}')ON DUPLICATE KEY UPDATE expiry = expiry + 1460435015, data = 'a:5:{s:10:\"admin_name\";s:5:\"admin\";s:11:\"action_list\";s:3:\"all\";s:10:\"last_check\";i:1460406215;s:12:\"suppliers_id\";s:1:\"0\";s:9:\"user_list\";a:1:{i:0;a:12:{s:7:\"user_id\";s:1:\"1\";s:9:\"user_name\";s:4:\"test\";s:3:\"sex\";s:1:\"0\";s:8:\"birthday\";s:10:\"0000-00-00\";s:12:\"mobile_phone\";s:0:\"\";s:5:\"email\";s:20:\"0981460279473@qq.com\";s:12:\"is_validated\";s:1:\"0\";s:10:\"user_money\";s:4:\"0.00\";s:12:\"frozen_money\";s:4:\"0.00\";s:11:\"rank_points\";s:1:\"0\";s:10:\"pay_points\";s:1:\"0\";s:8:\"reg_time\";s:10:\"2016-04-10\";}}}'

UPDATE `weishangcheng`.`ecs_sessions` SET expiry = '1460435015', ip = '192.168.1.18', userid = '0', adminid = '1', user_name='0', user_rank='0', discount='0', email='0', data = '' WHERE sesskey = '20bc0c1069e062cad68a00854d2a29e7' LIMIT 1

SELECT userid, adminid, user_name, user_rank, discount, email, data, expiry FROM `weishangcheng`.`ecs_sessions` WHERE sesskey = '20bc0c1069e062cad68a00854d2a29e7'

SELECT data, expiry FROM `weishangcheng`.`ecs_sessions_data` WHERE sesskey = '20bc0c1069e062cad68a00854d2a29e7'

SELECT code, value FROM `weishangcheng`.`ecs_shop_config` WHERE parent_id > 0

SELECT COUNT(*) FROM `weishangcheng`.`ecs_order_info` WHERE add_time >= '1460406215'

SELECT COUNT(*) FROM `weishangcheng`.`ecs_order_info` WHERE pay_time >= 1460406215

DESC `weishangcheng`.`ecs_sessions_data`

INSERT INTO `weishangcheng`.`ecs_sessions_data` (sesskey, expiry, data) VALUES ('20bc0c1069e062cad68a00854d2a29e7', '1460435195', 'a:5:{s:10:\"admin_name\";s:5:\"admin\";s:11:\"action_list\";s:3:\"all\";s:10:\"last_check\";i:1460406395;s:12:\"suppliers_id\";s:1:\"0\";s:9:\"user_list\";a:1:{i:0;a:12:{s:7:\"user_id\";s:1:\"1\";s:9:\"user_name\";s:4:\"test\";s:3:\"sex\";s:1:\"0\";s:8:\"birthday\";s:10:\"0000-00-00\";s:12:\"mobile_phone\";s:0:\"\";s:5:\"email\";s:20:\"0981460279473@qq.com\";s:12:\"is_validated\";s:1:\"0\";s:10:\"user_money\";s:4:\"0.00\";s:12:\"frozen_money\";s:4:\"0.00\";s:11:\"rank_points\";s:1:\"0\";s:10:\"pay_points\";s:1:\"0\";s:8:\"reg_time\";s:10:\"2016-04-10\";}}}')ON DUPLICATE KEY UPDATE expiry = expiry + 1460435195, data = 'a:5:{s:10:\"admin_name\";s:5:\"admin\";s:11:\"action_list\";s:3:\"all\";s:10:\"last_check\";i:1460406395;s:12:\"suppliers_id\";s:1:\"0\";s:9:\"user_list\";a:1:{i:0;a:12:{s:7:\"user_id\";s:1:\"1\";s:9:\"user_name\";s:4:\"test\";s:3:\"sex\";s:1:\"0\";s:8:\"birthday\";s:10:\"0000-00-00\";s:12:\"mobile_phone\";s:0:\"\";s:5:\"email\";s:20:\"0981460279473@qq.com\";s:12:\"is_validated\";s:1:\"0\";s:10:\"user_money\";s:4:\"0.00\";s:12:\"frozen_money\";s:4:\"0.00\";s:11:\"rank_points\";s:1:\"0\";s:10:\"pay_points\";s:1:\"0\";s:8:\"reg_time\";s:10:\"2016-04-10\";}}}'

UPDATE `weishangcheng`.`ecs_sessions` SET expiry = '1460435195', ip = '192.168.1.18', userid = '0', adminid = '1', user_name='0', user_rank='0', discount='0', email='0', data = '' WHERE sesskey = '20bc0c1069e062cad68a00854d2a29e7' LIMIT 1

