SELECT userid, adminid, user_name, user_rank, discount, email, data, expiry FROM `weishangcheng`.`ecs_sessions` WHERE sesskey = '2dcfa9e416890e23548f7966a2c1921b'

INSERT INTO `weishangcheng`.`ecs_sessions` (sesskey, expiry, ip, data) VALUES ('2dcfa9e416890e23548f7966a2c1921b', '1460692335', '192.168.1.18', 'a:0:{}')

SELECT code, value FROM `weishangcheng`.`ecs_shop_config` WHERE parent_id > 0

UPDATE `weishangcheng`.`ecs_sessions` SET expiry = '1460692335', ip = '192.168.1.18', userid = '0', adminid = '0', user_name='0', user_rank='0', discount='0', email='0', data = 'a:0:{}' WHERE sesskey = '2dcfa9e416890e23548f7966a2c1921b' LIMIT 1

SELECT userid, adminid, user_name, user_rank, discount, email, data, expiry FROM `weishangcheng`.`ecs_sessions` WHERE sesskey = '2dcfa9e416890e23548f7966a2c1921b'

SELECT code, value FROM `weishangcheng`.`ecs_shop_config` WHERE parent_id > 0

SELECT `ec_salt` FROM `weishangcheng`.`ecs_admin_user`WHERE user_name = 'admin'

SELECT user_id, user_name, password, last_login, action_list, last_login,suppliers_id,ec_salt FROM `weishangcheng`.`ecs_admin_user` WHERE user_name = 'admin' AND password = 'c9f41843a2652fc42c9f42883f91185c'

UPDATE `weishangcheng`.`ecs_admin_user` SET last_login='1460663539', last_ip='192.168.1.18' WHERE user_id='1'

SELECT DISTINCT session_id FROM `weishangcheng`.`ecs_cart` AS c, `weishangcheng`.`ecs_sessions` AS s WHERE c.session_id = s.sesskey 

DELETE FROM `weishangcheng`.`ecs_cart` WHERE session_id NOT  IN ('') 

UPDATE `weishangcheng`.`ecs_sessions` SET expiry = '1460692339', ip = '192.168.1.18', userid = '0', adminid = '1', user_name='0', user_rank='0', discount='0', email='0', data = 'a:4:{s:10:\"admin_name\";s:5:\"admin\";s:11:\"action_list\";s:3:\"all\";s:10:\"last_check\";s:10:\"1460404950\";s:12:\"suppliers_id\";s:1:\"0\";}' WHERE sesskey = '2dcfa9e416890e23548f7966a2c1921b' LIMIT 1

DELETE FROM `weishangcheng`.`ecs_sessions_data` WHERE expiry < 1460690539

SELECT userid, adminid, user_name, user_rank, discount, email, data, expiry FROM `weishangcheng`.`ecs_sessions` WHERE sesskey = '2dcfa9e416890e23548f7966a2c1921b'

SELECT code, value FROM `weishangcheng`.`ecs_shop_config` WHERE parent_id > 0

SELECT userid, adminid, user_name, user_rank, discount, email, data, expiry FROM `weishangcheng`.`ecs_sessions` WHERE sesskey = '2dcfa9e416890e23548f7966a2c1921b'

SELECT code, value FROM `weishangcheng`.`ecs_shop_config` WHERE parent_id > 0

SELECT message_id, sender_id, receiver_id, sent_time, readed, deleted, title, message, user_name FROM `weishangcheng`.`ecs_admin_message` AS a, `weishangcheng`.`ecs_admin_user` AS b WHERE a.sender_id = b.user_id AND a.receiver_id = '1' AND a.readed = 0 AND deleted = 0 ORDER BY a.sent_time DESC

SELECT pay_id, is_cod FROM `weishangcheng`.`ecs_payment` WHERE enabled = 1

SELECT COUNT(*) FROM `weishangcheng`.`ecs_order_info` WHERE 1  AND order_status  IN ('1','5')  AND shipping_status  IN ('1','2')  AND pay_status  IN ('2','1')  

SELECT pay_id FROM `weishangcheng`.`ecs_payment` WHERE is_cod = 1

SELECT COUNT(*) FROM `weishangcheng`.`ecs_order_info` WHERE 1  AND   order_status  IN ('1','5','6')  AND   shipping_status  IN ('0','3','5')  AND ( pay_status  IN ('2','1')  OR pay_id  IN ('') ) 

SELECT pay_id FROM `weishangcheng`.`ecs_payment` WHERE is_cod = 0

SELECT COUNT(*) FROM `weishangcheng`.`ecs_order_info` WHERE 1  AND   order_status  IN ('1','5')  AND   pay_status = '0' AND ( shipping_status  IN ('1','2')  OR pay_id  IN ('') ) 

SELECT COUNT(*) FROM `weishangcheng`.`ecs_order_info` WHERE 1  AND order_status = '0' 

SELECT COUNT(*) FROM `weishangcheng`.`ecs_order_info` WHERE  shipping_status=4

SELECT COUNT(*) AS oCount, IFNULL(SUM(order_amount), 0) AS oAmount FROM `weishangcheng`.`ecs_order_info`

SELECT COUNT(*) FROM `weishangcheng`.`ecs_goods` WHERE is_delete = 0 AND is_alone_sale = 1 AND is_real = 1

SELECT COUNT(*) FROM `weishangcheng`.`ecs_goods` WHERE is_delete = 0 AND is_alone_sale = 1 AND is_real=0 AND extension_code='virtual_card'

SELECT COUNT(*) FROM `weishangcheng`.`ecs_goods` WHERE is_delete = 0 AND is_new = 1 AND is_real = 1

SELECT COUNT(*) FROM `weishangcheng`.`ecs_goods` WHERE is_delete = 0 AND is_new = 1 AND is_real=0 AND extension_code='virtual_card'

SELECT COUNT(*) FROM `weishangcheng`.`ecs_goods` WHERE is_delete = 0 AND is_best = 1 AND is_real = 1

SELECT COUNT(*) FROM `weishangcheng`.`ecs_goods` WHERE is_delete = 0 AND is_best = 1 AND is_real=0 AND extension_code='virtual_card'

SELECT COUNT(*) FROM `weishangcheng`.`ecs_goods` WHERE is_delete = 0 AND is_hot = 1 AND is_real = 1

SELECT COUNT(*) FROM `weishangcheng`.`ecs_goods` WHERE is_delete = 0 AND is_hot = 1 AND is_real=0 AND extension_code='virtual_card'

SELECT COUNT(*) FROM `weishangcheng`.`ecs_goods` WHERE is_delete = 0 AND promote_price>0 AND promote_start_date <= '1460663539' AND promote_end_date >= '1460663539' AND is_real = 1

SELECT COUNT(*) FROM `weishangcheng`.`ecs_goods` WHERE is_delete = 0 AND promote_price>0 AND promote_start_date <= '1460663539' AND promote_end_date >= '1460663539' AND is_real=0 AND extension_code='virtual_card'

SELECT COUNT(*) FROM `weishangcheng`.`ecs_goods` WHERE is_delete = 0 AND goods_number <= warn_number AND is_real = 1

SELECT COUNT(*) FROM `weishangcheng`.`ecs_goods` WHERE is_delete = 0 AND goods_number <= warn_number AND is_real=0 AND extension_code='virtual_card'

SELECT COUNT(*) FROM `weishangcheng`.`ecs_stats` WHERE access_time > 1460620800

SELECT count(*) FROM `weishangcheng`.`ecs_sessions`

SELECT COUNT(f.msg_id) FROM `weishangcheng`.`ecs_feedback` AS f LEFT JOIN `weishangcheng`.`ecs_feedback` AS r ON r.parent_id=f.msg_id WHERE f.parent_id=0 AND ISNULL(r.msg_id) 

SELECT COUNT(*) FROM `weishangcheng`.`ecs_comment` WHERE status = 0 AND parent_id = 0

SELECT COUNT(*) FROM `weishangcheng`.`ecs_booking_goods` WHERE is_dispose = 0

SELECT COUNT(*) FROM `weishangcheng`.`ecs_user_account` WHERE process_type = 1 AND is_paid = 0 

SELECT userid, adminid, user_name, user_rank, discount, email, data, expiry FROM `weishangcheng`.`ecs_sessions` WHERE sesskey = '2dcfa9e416890e23548f7966a2c1921b'

SELECT code, value FROM `weishangcheng`.`ecs_shop_config` WHERE parent_id > 0

SELECT userid, adminid, user_name, user_rank, discount, email, data, expiry FROM `weishangcheng`.`ecs_sessions` WHERE sesskey = '2dcfa9e416890e23548f7966a2c1921b'

SELECT userid, adminid, user_name, user_rank, discount, email, data, expiry FROM `weishangcheng`.`ecs_sessions` WHERE sesskey = '2dcfa9e416890e23548f7966a2c1921b'

SELECT code, value FROM `weishangcheng`.`ecs_shop_config` WHERE parent_id > 0

SELECT code, value FROM `weishangcheng`.`ecs_shop_config` WHERE parent_id > 0

SELECT COUNT(*) FROM `weishangcheng`.`ecs_order_info` WHERE add_time >= '1460404950'

SELECT COUNT(*) FROM `weishangcheng`.`ecs_order_info` WHERE pay_time >= 1460404950

SELECT COUNT(*) AS oCount, IFNULL(SUM(order_amount), 0) AS oAmount FROM `weishangcheng`.`ecs_order_info`

SELECT COUNT(*) FROM `weishangcheng`.`ecs_goods` WHERE is_delete = 0 AND is_alone_sale = 1 AND is_real = 1

UPDATE `weishangcheng`.`ecs_sessions` SET expiry = '1460692340', ip = '192.168.1.18', userid = '0', adminid = '1', user_name='0', user_rank='0', discount='0', email='0', data = 'a:4:{s:10:\"admin_name\";s:5:\"admin\";s:11:\"action_list\";s:3:\"all\";s:10:\"last_check\";i:1460663540;s:12:\"suppliers_id\";s:1:\"0\";}' WHERE sesskey = '2dcfa9e416890e23548f7966a2c1921b' LIMIT 1

DELETE FROM `weishangcheng`.`ecs_sessions` WHERE expiry < 1460690540

SELECT COUNT(*) FROM `weishangcheng`.`ecs_users`

SELECT value FROM `weishangcheng`.`ecs_shop_config` WHERE code = 'template'

SELECT value FROM `weishangcheng`.`ecs_shop_config` WHERE code = 'stylename'

DELETE FROM `weishangcheng`.`ecs_sessions_data` WHERE expiry < 1460690540

DELETE FROM `weishangcheng`.`ecs_sessions` WHERE expiry < 1460690540

DELETE FROM `weishangcheng`.`ecs_sessions` WHERE expiry < 1460690542

